[5.065s] DEBUG:colcon:Command line arguments: ['/usr/bin/colcon', 'build', '--symlink-install']
[5.065s] DEBUG:colcon:Parsed command line arguments: Namespace(log_base=None, log_level=None, verb_name='build', build_base='build', install_base='install', merge_install=False, symlink_install=True, test_result_base=None, continue_on_error=False, executor='parallel', parallel_workers=4, event_handlers=None, ignore_user_meta=False, metas=['./colcon.meta'], base_paths=['.'], packages_ignore=None, packages_ignore_regex=None, paths=None, packages_up_to=None, packages_up_to_regex=None, packages_above=None, packages_above_and_dependencies=None, packages_above_depth=None, packages_select_by_dep=None, packages_skip_by_dep=None, packages_skip_up_to=None, packages_select_build_failed=False, packages_skip_build_finished=False, packages_select_test_failures=False, packages_skip_test_passed=False, packages_select=None, packages_skip=None, packages_select_regex=None, packages_skip_regex=None, packages_start=None, packages_end=None, allow_overriding=[], cmake_args=None, cmake_target=None, cmake_target_skip_unavailable=False, cmake_clean_cache=False, cmake_clean_first=False, cmake_force_configure=False, ament_cmake_args=None, catkin_cmake_args=None, catkin_skip_building_tests=False, verb_parser=<colcon_defaults.argument_parser.defaults.DefaultArgumentsDecorator object at 0xffffaa3a7430>, verb_extension=<colcon_core.verb.build.BuildVerb object at 0xffffaa62ed70>, main=<bound method BuildVerb.main of <colcon_core.verb.build.BuildVerb object at 0xffffaa62ed70>>)
[5.292s] Level 1:colcon.colcon_core.package_discovery:discover_packages(colcon_meta) check parameters
[5.293s] Level 1:colcon.colcon_core.package_discovery:discover_packages(recursive) check parameters
[5.293s] Level 1:colcon.colcon_core.package_discovery:discover_packages(ignore) check parameters
[5.293s] Level 1:colcon.colcon_core.package_discovery:discover_packages(path) check parameters
[5.293s] Level 1:colcon.colcon_core.package_discovery:discover_packages(colcon_meta) discover
[5.293s] Level 1:colcon.colcon_core.package_discovery:discover_packages(recursive) discover
[5.293s] INFO:colcon.colcon_core.package_discovery:Crawling recursively for packages in '/home/ed/ros2_ws'
[5.294s] Level 1:colcon.colcon_core.package_identification:_identify(.) by extensions ['ignore', 'ignore_ament_install']
[5.295s] Level 1:colcon.colcon_core.package_identification:_identify(.) by extension 'ignore'
[5.295s] Level 1:colcon.colcon_core.package_identification:_identify(.) by extension 'ignore_ament_install'
[5.295s] Level 1:colcon.colcon_core.package_identification:_identify(.) by extensions ['colcon_pkg']
[5.296s] Level 1:colcon.colcon_core.package_identification:_identify(.) by extension 'colcon_pkg'
[5.296s] Level 1:colcon.colcon_core.package_identification:_identify(.) by extensions ['colcon_meta']
[5.296s] Level 1:colcon.colcon_core.package_identification:_identify(.) by extension 'colcon_meta'
[5.296s] Level 1:colcon.colcon_core.package_identification:_identify(.) by extensions ['ros']
[5.297s] Level 1:colcon.colcon_core.package_identification:_identify(.) by extension 'ros'
[5.343s] Level 1:colcon.colcon_core.package_identification:_identify(.) by extensions ['cmake', 'python']
[5.343s] Level 1:colcon.colcon_core.package_identification:_identify(.) by extension 'cmake'
[5.344s] Level 1:colcon.colcon_core.package_identification:_identify(.) by extension 'python'
[5.344s] Level 1:colcon.colcon_core.package_identification:_identify(.) by extensions ['python_setup_py']
[5.344s] Level 1:colcon.colcon_core.package_identification:_identify(.) by extension 'python_setup_py'
[5.345s] Level 1:colcon.colcon_core.package_identification:_identify(Sample_TFLite_model) by extensions ['ignore', 'ignore_ament_install']
[5.345s] Level 1:colcon.colcon_core.package_identification:_identify(Sample_TFLite_model) by extension 'ignore'
[5.345s] Level 1:colcon.colcon_core.package_identification:_identify(Sample_TFLite_model) by extension 'ignore_ament_install'
[5.345s] Level 1:colcon.colcon_core.package_identification:_identify(Sample_TFLite_model) by extensions ['colcon_pkg']
[5.345s] Level 1:colcon.colcon_core.package_identification:_identify(Sample_TFLite_model) by extension 'colcon_pkg'
[5.346s] Level 1:colcon.colcon_core.package_identification:_identify(Sample_TFLite_model) by extensions ['colcon_meta']
[5.346s] Level 1:colcon.colcon_core.package_identification:_identify(Sample_TFLite_model) by extension 'colcon_meta'
[5.346s] Level 1:colcon.colcon_core.package_identification:_identify(Sample_TFLite_model) by extensions ['ros']
[5.346s] Level 1:colcon.colcon_core.package_identification:_identify(Sample_TFLite_model) by extension 'ros'
[5.346s] Level 1:colcon.colcon_core.package_identification:_identify(Sample_TFLite_model) by extensions ['cmake', 'python']
[5.347s] Level 1:colcon.colcon_core.package_identification:_identify(Sample_TFLite_model) by extension 'cmake'
[5.347s] Level 1:colcon.colcon_core.package_identification:_identify(Sample_TFLite_model) by extension 'python'
[5.347s] Level 1:colcon.colcon_core.package_identification:_identify(Sample_TFLite_model) by extensions ['python_setup_py']
[5.347s] Level 1:colcon.colcon_core.package_identification:_identify(Sample_TFLite_model) by extension 'python_setup_py'
[5.348s] Level 1:colcon.colcon_core.package_identification:_identify(build) by extensions ['ignore', 'ignore_ament_install']
[5.348s] Level 1:colcon.colcon_core.package_identification:_identify(build) by extension 'ignore'
[5.348s] Level 1:colcon.colcon_core.package_identification:_identify(build) ignored
[5.349s] Level 1:colcon.colcon_core.package_identification:_identify(install) by extensions ['ignore', 'ignore_ament_install']
[5.349s] Level 1:colcon.colcon_core.package_identification:_identify(install) by extension 'ignore'
[5.349s] Level 1:colcon.colcon_core.package_identification:_identify(install) ignored
[5.350s] Level 1:colcon.colcon_core.package_identification:_identify(log) by extensions ['ignore', 'ignore_ament_install']
[5.351s] Level 1:colcon.colcon_core.package_identification:_identify(log) by extension 'ignore'
[5.351s] Level 1:colcon.colcon_core.package_identification:_identify(log) ignored
[5.351s] Level 1:colcon.colcon_core.package_identification:_identify(src) by extensions ['ignore', 'ignore_ament_install']
[5.351s] Level 1:colcon.colcon_core.package_identification:_identify(src) by extension 'ignore'
[5.352s] Level 1:colcon.colcon_core.package_identification:_identify(src) by extension 'ignore_ament_install'
[5.352s] Level 1:colcon.colcon_core.package_identification:_identify(src) by extensions ['colcon_pkg']
[5.352s] Level 1:colcon.colcon_core.package_identification:_identify(src) by extension 'colcon_pkg'
[5.352s] Level 1:colcon.colcon_core.package_identification:_identify(src) by extensions ['colcon_meta']
[5.352s] Level 1:colcon.colcon_core.package_identification:_identify(src) by extension 'colcon_meta'
[5.352s] Level 1:colcon.colcon_core.package_identification:_identify(src) by extensions ['ros']
[5.353s] Level 1:colcon.colcon_core.package_identification:_identify(src) by extension 'ros'
[5.353s] Level 1:colcon.colcon_core.package_identification:_identify(src) by extensions ['cmake', 'python']
[5.353s] Level 1:colcon.colcon_core.package_identification:_identify(src) by extension 'cmake'
[5.353s] Level 1:colcon.colcon_core.package_identification:_identify(src) by extension 'python'
[5.353s] Level 1:colcon.colcon_core.package_identification:_identify(src) by extensions ['python_setup_py']
[5.353s] Level 1:colcon.colcon_core.package_identification:_identify(src) by extension 'python_setup_py'
[5.354s] Level 1:colcon.colcon_core.package_identification:_identify(src/build) by extensions ['ignore', 'ignore_ament_install']
[5.354s] Level 1:colcon.colcon_core.package_identification:_identify(src/build) by extension 'ignore'
[5.354s] Level 1:colcon.colcon_core.package_identification:_identify(src/build) ignored
[5.355s] Level 1:colcon.colcon_core.package_identification:_identify(src/install) by extensions ['ignore', 'ignore_ament_install']
[5.355s] Level 1:colcon.colcon_core.package_identification:_identify(src/install) by extension 'ignore'
[5.355s] Level 1:colcon.colcon_core.package_identification:_identify(src/install) ignored
[5.356s] Level 1:colcon.colcon_core.package_identification:_identify(src/log) by extensions ['ignore', 'ignore_ament_install']
[5.356s] Level 1:colcon.colcon_core.package_identification:_identify(src/log) by extension 'ignore'
[5.356s] Level 1:colcon.colcon_core.package_identification:_identify(src/log) ignored
[5.357s] Level 1:colcon.colcon_core.package_identification:_identify(src/opencv_tools) by extensions ['ignore', 'ignore_ament_install']
[5.357s] Level 1:colcon.colcon_core.package_identification:_identify(src/opencv_tools) by extension 'ignore'
[5.357s] Level 1:colcon.colcon_core.package_identification:_identify(src/opencv_tools) by extension 'ignore_ament_install'
[5.358s] Level 1:colcon.colcon_core.package_identification:_identify(src/opencv_tools) by extensions ['colcon_pkg']
[5.358s] Level 1:colcon.colcon_core.package_identification:_identify(src/opencv_tools) by extension 'colcon_pkg'
[5.358s] Level 1:colcon.colcon_core.package_identification:_identify(src/opencv_tools) by extensions ['colcon_meta']
[5.358s] Level 1:colcon.colcon_core.package_identification:_identify(src/opencv_tools) by extension 'colcon_meta'
[5.358s] Level 1:colcon.colcon_core.package_identification:_identify(src/opencv_tools) by extensions ['ros']
[5.358s] Level 1:colcon.colcon_core.package_identification:_identify(src/opencv_tools) by extension 'ros'
[5.372s] DEBUG:colcon.colcon_core.package_identification:Package 'src/opencv_tools' with type 'ros.ament_python' and name 'opencv_tools'
[5.373s] Level 1:colcon.colcon_core.package_identification:_identify(src/smartcart_controller) by extensions ['ignore', 'ignore_ament_install']
[5.373s] Level 1:colcon.colcon_core.package_identification:_identify(src/smartcart_controller) by extension 'ignore'
[5.374s] Level 1:colcon.colcon_core.package_identification:_identify(src/smartcart_controller) by extension 'ignore_ament_install'
[5.374s] Level 1:colcon.colcon_core.package_identification:_identify(src/smartcart_controller) by extensions ['colcon_pkg']
[5.374s] Level 1:colcon.colcon_core.package_identification:_identify(src/smartcart_controller) by extension 'colcon_pkg'
[5.374s] Level 1:colcon.colcon_core.package_identification:_identify(src/smartcart_controller) by extensions ['colcon_meta']
[5.374s] Level 1:colcon.colcon_core.package_identification:_identify(src/smartcart_controller) by extension 'colcon_meta'
[5.374s] Level 1:colcon.colcon_core.package_identification:_identify(src/smartcart_controller) by extensions ['ros']
[5.375s] Level 1:colcon.colcon_core.package_identification:_identify(src/smartcart_controller) by extension 'ros'
[5.377s] DEBUG:colcon.colcon_core.package_identification:Package 'src/smartcart_controller' with type 'ros.ament_python' and name 'smartcart_controller'
[5.377s] Level 1:colcon.colcon_core.package_identification:_identify(src/test) by extensions ['ignore', 'ignore_ament_install']
[5.378s] Level 1:colcon.colcon_core.package_identification:_identify(src/test) by extension 'ignore'
[5.378s] Level 1:colcon.colcon_core.package_identification:_identify(src/test) by extension 'ignore_ament_install'
[5.378s] Level 1:colcon.colcon_core.package_identification:_identify(src/test) by extensions ['colcon_pkg']
[5.378s] Level 1:colcon.colcon_core.package_identification:_identify(src/test) by extension 'colcon_pkg'
[5.378s] Level 1:colcon.colcon_core.package_identification:_identify(src/test) by extensions ['colcon_meta']
[5.379s] Level 1:colcon.colcon_core.package_identification:_identify(src/test) by extension 'colcon_meta'
[5.379s] Level 1:colcon.colcon_core.package_identification:_identify(src/test) by extensions ['ros']
[5.379s] Level 1:colcon.colcon_core.package_identification:_identify(src/test) by extension 'ros'
[5.379s] Level 1:colcon.colcon_core.package_identification:_identify(src/test) by extensions ['cmake', 'python']
[5.379s] Level 1:colcon.colcon_core.package_identification:_identify(src/test) by extension 'cmake'
[5.379s] Level 1:colcon.colcon_core.package_identification:_identify(src/test) by extension 'python'
[5.380s] Level 1:colcon.colcon_core.package_identification:_identify(src/test) by extensions ['python_setup_py']
[5.380s] Level 1:colcon.colcon_core.package_identification:_identify(src/test) by extension 'python_setup_py'
[5.380s] Level 1:colcon.colcon_core.package_discovery:discover_packages(recursive) using defaults
[5.380s] Level 1:colcon.colcon_core.package_discovery:discover_packages(ignore) discover
[5.380s] Level 1:colcon.colcon_core.package_discovery:discover_packages(ignore) using defaults
[5.380s] Level 1:colcon.colcon_core.package_discovery:discover_packages(path) discover
[5.381s] Level 1:colcon.colcon_core.package_discovery:discover_packages(path) using defaults
[5.813s] Level 1:colcon.colcon_core.package_discovery:discover_packages(prefix_path) check parameters
[5.814s] Level 1:colcon.colcon_core.package_discovery:discover_packages(prefix_path) discover
[5.972s] DEBUG:colcon.colcon_installed_package_information.package_discovery:Found 2 installed packages in /home/ed/ros2_workspace/install
[6.043s] DEBUG:colcon.colcon_installed_package_information.package_discovery:Found 2 installed packages in /home/ed/ros2_ws/install
[6.153s] DEBUG:colcon.colcon_installed_package_information.package_discovery:Found 2 installed packages in /home/ed/ros2_ws/src/install
[6.231s] DEBUG:colcon.colcon_installed_package_information.package_discovery:Found 270 installed packages in /opt/ros/humble
[6.237s] Level 1:colcon.colcon_core.package_discovery:discover_packages(prefix_path) using defaults
[6.673s] Level 5:colcon.colcon_core.verb:set package 'opencv_tools' build argument 'cmake_args' from command line to 'None'
[6.673s] Level 5:colcon.colcon_core.verb:set package 'opencv_tools' build argument 'cmake_target' from command line to 'None'
[6.673s] Level 5:colcon.colcon_core.verb:set package 'opencv_tools' build argument 'cmake_target_skip_unavailable' from command line to 'False'
[6.673s] Level 5:colcon.colcon_core.verb:set package 'opencv_tools' build argument 'cmake_clean_cache' from command line to 'False'
[6.673s] Level 5:colcon.colcon_core.verb:set package 'opencv_tools' build argument 'cmake_clean_first' from command line to 'False'
[6.673s] Level 5:colcon.colcon_core.verb:set package 'opencv_tools' build argument 'cmake_force_configure' from command line to 'False'
[6.674s] Level 5:colcon.colcon_core.verb:set package 'opencv_tools' build argument 'ament_cmake_args' from command line to 'None'
[6.674s] Level 5:colcon.colcon_core.verb:set package 'opencv_tools' build argument 'catkin_cmake_args' from command line to 'None'
[6.674s] Level 5:colcon.colcon_core.verb:set package 'opencv_tools' build argument 'catkin_skip_building_tests' from command line to 'False'
[6.674s] DEBUG:colcon.colcon_core.verb:Building package 'opencv_tools' with the following arguments: {'ament_cmake_args': None, 'build_base': '/home/ed/ros2_ws/build/opencv_tools', 'catkin_cmake_args': None, 'catkin_skip_building_tests': False, 'cmake_args': None, 'cmake_clean_cache': False, 'cmake_clean_first': False, 'cmake_force_configure': False, 'cmake_target': None, 'cmake_target_skip_unavailable': False, 'install_base': '/home/ed/ros2_ws/install/opencv_tools', 'merge_install': False, 'path': '/home/ed/ros2_ws/src/opencv_tools', 'symlink_install': True, 'test_result_base': None}
[6.747s] Level 5:colcon.colcon_core.verb:set package 'smartcart_controller' build argument 'cmake_args' from command line to 'None'
[6.747s] Level 5:colcon.colcon_core.verb:set package 'smartcart_controller' build argument 'cmake_target' from command line to 'None'
[6.747s] Level 5:colcon.colcon_core.verb:set package 'smartcart_controller' build argument 'cmake_target_skip_unavailable' from command line to 'False'
[6.747s] Level 5:colcon.colcon_core.verb:set package 'smartcart_controller' build argument 'cmake_clean_cache' from command line to 'False'
[6.747s] Level 5:colcon.colcon_core.verb:set package 'smartcart_controller' build argument 'cmake_clean_first' from command line to 'False'
[6.747s] Level 5:colcon.colcon_core.verb:set package 'smartcart_controller' build argument 'cmake_force_configure' from command line to 'False'
[6.747s] Level 5:colcon.colcon_core.verb:set package 'smartcart_controller' build argument 'ament_cmake_args' from command line to 'None'
[6.748s] Level 5:colcon.colcon_core.verb:set package 'smartcart_controller' build argument 'catkin_cmake_args' from command line to 'None'
[6.748s] Level 5:colcon.colcon_core.verb:set package 'smartcart_controller' build argument 'catkin_skip_building_tests' from command line to 'False'
[6.748s] DEBUG:colcon.colcon_core.verb:Building package 'smartcart_controller' with the following arguments: {'ament_cmake_args': None, 'build_base': '/home/ed/ros2_ws/build/smartcart_controller', 'catkin_cmake_args': None, 'catkin_skip_building_tests': False, 'cmake_args': None, 'cmake_clean_cache': False, 'cmake_clean_first': False, 'cmake_force_configure': False, 'cmake_target': None, 'cmake_target_skip_unavailable': False, 'install_base': '/home/ed/ros2_ws/install/smartcart_controller', 'merge_install': False, 'path': '/home/ed/ros2_ws/src/smartcart_controller', 'symlink_install': True, 'test_result_base': None}
[6.817s] INFO:colcon.colcon_core.executor:Executing jobs using 'parallel' executor
[6.889s] DEBUG:colcon.colcon_parallel_executor.executor.parallel:run_until_complete
[6.889s] INFO:colcon.colcon_ros.task.ament_python.build:Building ROS package in '/home/ed/ros2_ws/src/opencv_tools' with build type 'ament_python'
[6.890s] Level 1:colcon.colcon_core.shell:create_environment_hook('opencv_tools', 'ament_prefix_path')
[7.057s] INFO:colcon.colcon_core.plugin_system:Skipping extension 'colcon_core.shell.bat': Not used on non-Windows systems
[7.059s] INFO:colcon.colcon_core.shell:Creating environment hook '/home/ed/ros2_ws/install/opencv_tools/share/opencv_tools/hook/ament_prefix_path.ps1'
[7.064s] INFO:colcon.colcon_core.shell:Creating environment descriptor '/home/ed/ros2_ws/install/opencv_tools/share/opencv_tools/hook/ament_prefix_path.dsv'
[7.070s] INFO:colcon.colcon_core.shell:Creating environment hook '/home/ed/ros2_ws/install/opencv_tools/share/opencv_tools/hook/ament_prefix_path.sh'
[7.294s] INFO:colcon.colcon_core.shell:Skip shell extension 'powershell' for command environment: Not usable outside of PowerShell
[7.295s] DEBUG:colcon.colcon_core.shell:Skip shell extension 'dsv' for command environment
[7.912s] INFO:colcon.colcon_ros.task.ament_python.build:Building ROS package in '/home/ed/ros2_ws/src/smartcart_controller' with build type 'ament_python'
[7.913s] Level 1:colcon.colcon_core.shell:create_environment_hook('smartcart_controller', 'ament_prefix_path')
[8.198s] INFO:colcon.colcon_core.shell:Creating environment hook '/home/ed/ros2_ws/install/smartcart_controller/share/smartcart_controller/hook/ament_prefix_path.ps1'
[8.205s] INFO:colcon.colcon_core.shell:Creating environment descriptor '/home/ed/ros2_ws/install/smartcart_controller/share/smartcart_controller/hook/ament_prefix_path.dsv'
[8.211s] INFO:colcon.colcon_core.shell:Creating environment hook '/home/ed/ros2_ws/install/smartcart_controller/share/smartcart_controller/hook/ament_prefix_path.sh'
[8.377s] INFO:colcon.colcon_core.shell:Skip shell extension 'powershell' for command environment: Not usable outside of PowerShell
[8.377s] DEBUG:colcon.colcon_core.shell:Skip shell extension 'dsv' for command environment
[10.928s] INFO:colcon.colcon_core.task.python.build:Building Python package in '/home/ed/ros2_ws/src/opencv_tools'
[11.040s] INFO:colcon.colcon_core.shell:Skip shell extension 'powershell' for command environment: Not usable outside of PowerShell
[11.040s] DEBUG:colcon.colcon_core.shell:Skip shell extension 'dsv' for command environment
[13.658s] INFO:colcon.colcon_core.task.python.build:Building Python package in '/home/ed/ros2_ws/src/smartcart_controller'
[13.765s] INFO:colcon.colcon_core.shell:Skip shell extension 'powershell' for command environment: Not usable outside of PowerShell
[13.766s] DEBUG:colcon.colcon_core.shell:Skip shell extension 'dsv' for command environment
[17.575s] DEBUG:colcon.colcon_core.task.python.build:While undoing a previous installation files outside the Python library path are being ignored: /home/ed/ros2_ws/install/smartcart_controller/share/ament_index/resource_index/packages/smartcart_controller
[17.577s] DEBUG:colcon.colcon_core.task.python.build:While undoing a previous installation files outside the Python library path are being ignored: /home/ed/ros2_ws/install/smartcart_controller/share/smartcart_controller/package.xml
[17.583s] DEBUG:colcon.colcon_core.task.python.build:While undoing a previous installation files outside the Python library path are being ignored: /home/ed/ros2_ws/install/smartcart_controller/lib/smartcart_controller/img_subscriber
[17.584s] DEBUG:colcon.colcon_core.task.python.build:While undoing a previous installation files outside the Python library path are being ignored: /home/ed/ros2_ws/install/smartcart_controller/lib/smartcart_controller/motor_subscriber
[17.584s] DEBUG:colcon.colcon_core.task.python.build:While undoing a previous installation files outside the Python library path are being ignored: /home/ed/ros2_ws/install/smartcart_controller/lib/smartcart_controller/tensor_img_publisher
[17.585s] DEBUG:colcon.colcon_core.task.python.build:While undoing a previous installation files outside the Python library path are being ignored: /home/ed/ros2_ws/install/smartcart_controller/lib/smartcart_controller/test_node
[17.604s] DEBUG:colcon.colcon_core.event_handler.log_command:Invoking command in '/home/ed/ros2_ws/build/smartcart_controller': PYTHONPATH=/home/ed/ros2_ws/build/smartcart_controller/prefix_override:/home/ed/ros2_ws/install/smartcart_controller/lib/python3.10/site-packages:${PYTHONPATH} /usr/bin/python3 setup.py develop --editable --build-directory /home/ed/ros2_ws/build/smartcart_controller/build --no-deps install_data
[17.643s] DEBUG:colcon.colcon_core.task.python.build:While undoing a previous installation files outside the Python library path are being ignored: /home/ed/ros2_ws/install/opencv_tools/share/ament_index/resource_index/packages/opencv_tools
[17.643s] DEBUG:colcon.colcon_core.task.python.build:While undoing a previous installation files outside the Python library path are being ignored: /home/ed/ros2_ws/install/opencv_tools/share/opencv_tools/package.xml
[17.646s] DEBUG:colcon.colcon_core.task.python.build:While undoing a previous installation files outside the Python library path are being ignored: /home/ed/ros2_ws/install/opencv_tools/lib/opencv_tools/img_publisher
[17.647s] DEBUG:colcon.colcon_core.task.python.build:While undoing a previous installation files outside the Python library path are being ignored: /home/ed/ros2_ws/install/opencv_tools/lib/opencv_tools/img_subscriber
[17.647s] DEBUG:colcon.colcon_core.task.python.build:While undoing a previous installation files outside the Python library path are being ignored: /home/ed/ros2_ws/install/opencv_tools/lib/opencv_tools/tensor_img_publisher
[17.666s] DEBUG:colcon.colcon_core.event_handler.log_command:Invoking command in '/home/ed/ros2_ws/build/opencv_tools': PYTHONPATH=/home/ed/ros2_ws/build/opencv_tools/prefix_override:/home/ed/ros2_ws/install/opencv_tools/lib/python3.10/site-packages:${PYTHONPATH} /usr/bin/python3 setup.py develop --editable --build-directory /home/ed/ros2_ws/build/opencv_tools/build --no-deps install_data
[22.210s] Level 1:colcon.colcon_core.shell:create_environment_hook('smartcart_controller', 'pythonpath_develop')
[22.227s] DEBUG:colcon.colcon_core.event_handler.log_command:Invoked command in '/home/ed/ros2_ws/build/smartcart_controller' returned '0': PYTHONPATH=/home/ed/ros2_ws/build/smartcart_controller/prefix_override:/home/ed/ros2_ws/install/smartcart_controller/lib/python3.10/site-packages:${PYTHONPATH} /usr/bin/python3 setup.py develop --editable --build-directory /home/ed/ros2_ws/build/smartcart_controller/build --no-deps install_data
[22.435s] INFO:colcon.colcon_core.shell:Creating environment hook '/home/ed/ros2_ws/build/smartcart_controller/share/smartcart_controller/hook/pythonpath_develop.ps1'
[22.439s] INFO:colcon.colcon_core.shell:Creating environment descriptor '/home/ed/ros2_ws/build/smartcart_controller/share/smartcart_controller/hook/pythonpath_develop.dsv'
[22.441s] INFO:colcon.colcon_core.shell:Creating environment hook '/home/ed/ros2_ws/build/smartcart_controller/share/smartcart_controller/hook/pythonpath_develop.sh'
[22.569s] Level 1:colcon.colcon_core.environment:checking '/home/ed/ros2_ws/install/smartcart_controller' for CMake module files
[22.573s] Level 1:colcon.colcon_core.environment:checking '/home/ed/ros2_ws/install/smartcart_controller' for CMake config files
[22.578s] Level 1:colcon.colcon_core.environment:checking '/home/ed/ros2_ws/install/smartcart_controller/lib'
[22.580s] Level 1:colcon.colcon_core.environment:checking '/home/ed/ros2_ws/install/smartcart_controller/bin'
[22.581s] Level 1:colcon.colcon_core.environment:checking '/home/ed/ros2_ws/install/smartcart_controller/lib/pkgconfig/smartcart_controller.pc'
[22.583s] Level 1:colcon.colcon_core.environment:checking '/home/ed/ros2_ws/install/smartcart_controller/lib/python3.10/site-packages'
[22.584s] Level 1:colcon.colcon_core.shell:create_environment_hook('smartcart_controller', 'pythonpath')
[22.724s] INFO:colcon.colcon_core.shell:Creating environment hook '/home/ed/ros2_ws/install/smartcart_controller/share/smartcart_controller/hook/pythonpath.ps1'
[22.727s] INFO:colcon.colcon_core.shell:Creating environment descriptor '/home/ed/ros2_ws/install/smartcart_controller/share/smartcart_controller/hook/pythonpath.dsv'
[22.730s] INFO:colcon.colcon_core.shell:Creating environment hook '/home/ed/ros2_ws/install/smartcart_controller/share/smartcart_controller/hook/pythonpath.sh'
[22.734s] Level 1:colcon.colcon_core.environment:checking '/home/ed/ros2_ws/install/smartcart_controller/bin'
[22.735s] Level 1:colcon.colcon_core.environment:create_environment_scripts_only(smartcart_controller)
[22.846s] INFO:colcon.colcon_core.shell:Creating package script '/home/ed/ros2_ws/install/smartcart_controller/share/smartcart_controller/package.ps1'
[22.850s] INFO:colcon.colcon_core.shell:Creating package descriptor '/home/ed/ros2_ws/install/smartcart_controller/share/smartcart_controller/package.dsv'
[22.856s] INFO:colcon.colcon_core.shell:Creating package script '/home/ed/ros2_ws/install/smartcart_controller/share/smartcart_controller/package.sh'
[22.861s] INFO:colcon.colcon_core.shell:Creating package script '/home/ed/ros2_ws/install/smartcart_controller/share/smartcart_controller/package.bash'
[22.867s] INFO:colcon.colcon_core.shell:Creating package script '/home/ed/ros2_ws/install/smartcart_controller/share/smartcart_controller/package.zsh'
[22.872s] Level 1:colcon.colcon_core.environment:create_file_with_runtime_dependencies(/home/ed/ros2_ws/install/smartcart_controller/share/colcon-core/packages/smartcart_controller)
[22.879s] Level 1:colcon.colcon_core.shell:create_environment_hook('opencv_tools', 'pythonpath_develop')
[22.887s] DEBUG:colcon.colcon_core.event_handler.log_command:Invoked command in '/home/ed/ros2_ws/build/opencv_tools' returned '0': PYTHONPATH=/home/ed/ros2_ws/build/opencv_tools/prefix_override:/home/ed/ros2_ws/install/opencv_tools/lib/python3.10/site-packages:${PYTHONPATH} /usr/bin/python3 setup.py develop --editable --build-directory /home/ed/ros2_ws/build/opencv_tools/build --no-deps install_data
[23.132s] INFO:colcon.colcon_core.shell:Creating environment hook '/home/ed/ros2_ws/build/opencv_tools/share/opencv_tools/hook/pythonpath_develop.ps1'
[23.139s] INFO:colcon.colcon_core.shell:Creating environment descriptor '/home/ed/ros2_ws/build/opencv_tools/share/opencv_tools/hook/pythonpath_develop.dsv'
[23.144s] INFO:colcon.colcon_core.shell:Creating environment hook '/home/ed/ros2_ws/build/opencv_tools/share/opencv_tools/hook/pythonpath_develop.sh'
[23.280s] Level 1:colcon.colcon_core.environment:checking '/home/ed/ros2_ws/install/opencv_tools' for CMake module files
[23.283s] Level 1:colcon.colcon_core.environment:checking '/home/ed/ros2_ws/install/opencv_tools' for CMake config files
[23.286s] Level 1:colcon.colcon_core.environment:checking '/home/ed/ros2_ws/install/opencv_tools/lib'
[23.287s] Level 1:colcon.colcon_core.environment:checking '/home/ed/ros2_ws/install/opencv_tools/bin'
[23.288s] Level 1:colcon.colcon_core.environment:checking '/home/ed/ros2_ws/install/opencv_tools/lib/pkgconfig/opencv_tools.pc'
[23.291s] Level 1:colcon.colcon_core.environment:checking '/home/ed/ros2_ws/install/opencv_tools/lib/python3.10/site-packages'
[23.291s] Level 1:colcon.colcon_core.shell:create_environment_hook('opencv_tools', 'pythonpath')
[23.407s] INFO:colcon.colcon_core.shell:Creating environment hook '/home/ed/ros2_ws/install/opencv_tools/share/opencv_tools/hook/pythonpath.ps1'
[23.411s] INFO:colcon.colcon_core.shell:Creating environment descriptor '/home/ed/ros2_ws/install/opencv_tools/share/opencv_tools/hook/pythonpath.dsv'
[23.417s] INFO:colcon.colcon_core.shell:Creating environment hook '/home/ed/ros2_ws/install/opencv_tools/share/opencv_tools/hook/pythonpath.sh'
[23.424s] Level 1:colcon.colcon_core.environment:checking '/home/ed/ros2_ws/install/opencv_tools/bin'
[23.424s] Level 1:colcon.colcon_core.environment:create_environment_scripts_only(opencv_tools)
[23.544s] INFO:colcon.colcon_core.shell:Creating package script '/home/ed/ros2_ws/install/opencv_tools/share/opencv_tools/package.ps1'
[23.547s] INFO:colcon.colcon_core.shell:Creating package descriptor '/home/ed/ros2_ws/install/opencv_tools/share/opencv_tools/package.dsv'
[23.550s] INFO:colcon.colcon_core.shell:Creating package script '/home/ed/ros2_ws/install/opencv_tools/share/opencv_tools/package.sh'
[23.552s] INFO:colcon.colcon_core.shell:Creating package script '/home/ed/ros2_ws/install/opencv_tools/share/opencv_tools/package.bash'
[23.553s] INFO:colcon.colcon_core.shell:Creating package script '/home/ed/ros2_ws/install/opencv_tools/share/opencv_tools/package.zsh'
[23.555s] Level 1:colcon.colcon_core.environment:create_file_with_runtime_dependencies(/home/ed/ros2_ws/install/opencv_tools/share/colcon-core/packages/opencv_tools)
[23.557s] DEBUG:colcon.colcon_parallel_executor.executor.parallel:closing loop
[23.558s] DEBUG:colcon.colcon_parallel_executor.executor.parallel:loop closed
[23.559s] DEBUG:colcon.colcon_parallel_executor.executor.parallel:run_until_complete finished with '0'
[23.559s] DEBUG:colcon.colcon_core.event_reactor:joining thread
[23.730s] INFO:colcon.colcon_core.plugin_system:Skipping extension 'colcon_notification.desktop_notification.terminal_notifier': Not used on non-Darwin systems
[23.731s] INFO:colcon.colcon_core.plugin_system:Skipping extension 'colcon_notification.desktop_notification.win32': Not used on non-Windows systems
[23.731s] INFO:colcon.colcon_notification.desktop_notification:Sending desktop notification using 'notify2'
[23.848s] DEBUG:colcon.colcon_core.event_reactor:joined thread
[24.018s] INFO:colcon.colcon_core.shell:Creating prefix script '/home/ed/ros2_ws/install/local_setup.ps1'
[24.024s] INFO:colcon.colcon_core.shell:Creating prefix util module '/home/ed/ros2_ws/install/_local_setup_util_ps1.py'
[24.032s] INFO:colcon.colcon_core.shell:Creating prefix chain script '/home/ed/ros2_ws/install/setup.ps1'
[24.134s] INFO:colcon.colcon_core.shell:Creating prefix script '/home/ed/ros2_ws/install/local_setup.sh'
[24.139s] INFO:colcon.colcon_core.shell:Creating prefix util module '/home/ed/ros2_ws/install/_local_setup_util_sh.py'
[24.142s] INFO:colcon.colcon_core.shell:Creating prefix chain script '/home/ed/ros2_ws/install/setup.sh'
[24.226s] INFO:colcon.colcon_core.shell:Creating prefix script '/home/ed/ros2_ws/install/local_setup.bash'
[24.229s] INFO:colcon.colcon_core.shell:Creating prefix chain script '/home/ed/ros2_ws/install/setup.bash'
[24.308s] INFO:colcon.colcon_core.shell:Creating prefix script '/home/ed/ros2_ws/install/local_setup.zsh'
[24.312s] INFO:colcon.colcon_core.shell:Creating prefix chain script '/home/ed/ros2_ws/install/setup.zsh'
