[5.444s] Invoking command in '/home/ed/ros2_ws/src/smartcart_controller': PYTHONPATH=/home/ed/ros2_ws/src/build/smartcart_controller/prefix_override:/home/ed/ros2_ws/src/install/smartcart_controller/lib/python3.10/site-packages:${PYTHONPATH} /usr/bin/python3 setup.py egg_info --egg-base ../build/smartcart_controller build --build-base /home/ed/ros2_ws/src/build/smartcart_controller/build install --record /home/ed/ros2_ws/src/build/smartcart_controller/install.log --single-version-externally-managed
[7.014s] running egg_info
[7.017s] creating ../build/smartcart_controller/smartcart_controller.egg-info
[7.017s] writing ../build/smartcart_controller/smartcart_controller.egg-info/PKG-INFO
[7.019s] writing dependency_links to ../build/smartcart_controller/smartcart_controller.egg-info/dependency_links.txt
[7.019s] writing entry points to ../build/smartcart_controller/smartcart_controller.egg-info/entry_points.txt
[7.020s] writing requirements to ../build/smartcart_controller/smartcart_controller.egg-info/requires.txt
[7.020s] writing top-level names to ../build/smartcart_controller/smartcart_controller.egg-info/top_level.txt
[7.021s] writing manifest file '../build/smartcart_controller/smartcart_controller.egg-info/SOURCES.txt'
[7.030s] reading manifest file '../build/smartcart_controller/smartcart_controller.egg-info/SOURCES.txt'
[7.034s] writing manifest file '../build/smartcart_controller/smartcart_controller.egg-info/SOURCES.txt'
[7.034s] running build
[7.035s] running build_py
[7.036s] creating /home/ed/ros2_ws/src/build/smartcart_controller/build
[7.036s] creating /home/ed/ros2_ws/src/build/smartcart_controller/build/lib
[7.036s] creating /home/ed/ros2_ws/src/build/smartcart_controller/build/lib/smartcart_controller
[7.037s] copying smartcart_controller/__init__.py -> /home/ed/ros2_ws/src/build/smartcart_controller/build/lib/smartcart_controller
[7.037s] copying smartcart_controller/my_first_node.py -> /home/ed/ros2_ws/src/build/smartcart_controller/build/lib/smartcart_controller
[7.039s] running install
[7.041s] running install_lib
[7.045s] creating /home/ed/ros2_ws/src/install/smartcart_controller/lib/python3.10/site-packages/smartcart_controller
[7.046s] copying /home/ed/ros2_ws/src/build/smartcart_controller/build/lib/smartcart_controller/__init__.py -> /home/ed/ros2_ws/src/install/smartcart_controller/lib/python3.10/site-packages/smartcart_controller
[7.046s] copying /home/ed/ros2_ws/src/build/smartcart_controller/build/lib/smartcart_controller/my_first_node.py -> /home/ed/ros2_ws/src/install/smartcart_controller/lib/python3.10/site-packages/smartcart_controller
[7.049s] byte-compiling /home/ed/ros2_ws/src/install/smartcart_controller/lib/python3.10/site-packages/smartcart_controller/__init__.py to __init__.cpython-310.pyc
[7.051s] byte-compiling /home/ed/ros2_ws/src/install/smartcart_controller/lib/python3.10/site-packages/smartcart_controller/my_first_node.py to my_first_node.cpython-310.pyc
[7.053s] running install_data
[7.056s] creating /home/ed/ros2_ws/src/install/smartcart_controller/share/ament_index
[7.056s] creating /home/ed/ros2_ws/src/install/smartcart_controller/share/ament_index/resource_index
[7.057s] creating /home/ed/ros2_ws/src/install/smartcart_controller/share/ament_index/resource_index/packages
[7.058s] copying resource/smartcart_controller -> /home/ed/ros2_ws/src/install/smartcart_controller/share/ament_index/resource_index/packages
[7.058s] copying package.xml -> /home/ed/ros2_ws/src/install/smartcart_controller/share/smartcart_controller
[7.062s] running install_egg_info
[7.068s] Copying ../build/smartcart_controller/smartcart_controller.egg-info to /home/ed/ros2_ws/src/install/smartcart_controller/lib/python3.10/site-packages/smartcart_controller-0.0.0-py3.10.egg-info
[7.073s] running install_scripts
[7.156s] Installing test_node script to /home/ed/ros2_ws/src/install/smartcart_controller/lib/smartcart_controller
[7.158s] writing list of installed files to '/home/ed/ros2_ws/src/build/smartcart_controller/install.log'
[7.294s] Invoked command in '/home/ed/ros2_ws/src/smartcart_controller' returned '0': PYTHONPATH=/home/ed/ros2_ws/src/build/smartcart_controller/prefix_override:/home/ed/ros2_ws/src/install/smartcart_controller/lib/python3.10/site-packages:${PYTHONPATH} /usr/bin/python3 setup.py egg_info --egg-base ../build/smartcart_controller build --build-base /home/ed/ros2_ws/src/build/smartcart_controller/build install --record /home/ed/ros2_ws/src/build/smartcart_controller/install.log --single-version-externally-managed
