[11.916s] Invoking command in '/home/ed/ros2_ws/src/smartcart_controller': PYTHONPATH=/home/ed/ros2_ws/src/build/smartcart_controller/prefix_override:/home/ed/ros2_ws/src/install/smartcart_controller/lib/python3.10/site-packages:${PYTHONPATH} /usr/bin/python3 setup.py egg_info --egg-base ../build/smartcart_controller build --build-base /home/ed/ros2_ws/src/build/smartcart_controller/build install --record /home/ed/ros2_ws/src/build/smartcart_controller/install.log --single-version-externally-managed
[13.650s] running egg_info
[13.655s] writing ../build/smartcart_controller/smartcart_controller.egg-info/PKG-INFO
[13.657s] writing dependency_links to ../build/smartcart_controller/smartcart_controller.egg-info/dependency_links.txt
[13.661s] writing entry points to ../build/smartcart_controller/smartcart_controller.egg-info/entry_points.txt
[13.663s] writing requirements to ../build/smartcart_controller/smartcart_controller.egg-info/requires.txt
[13.665s] writing top-level names to ../build/smartcart_controller/smartcart_controller.egg-info/top_level.txt
[13.671s] reading manifest file '../build/smartcart_controller/smartcart_controller.egg-info/SOURCES.txt'
[13.675s] writing manifest file '../build/smartcart_controller/smartcart_controller.egg-info/SOURCES.txt'
[13.677s] running build
[13.677s] running build_py
[13.679s] running install
[13.680s] running install_lib
[13.686s] running install_data
[13.689s] running install_egg_info
[13.698s] removing '/home/ed/ros2_ws/src/install/smartcart_controller/lib/python3.10/site-packages/smartcart_controller-0.0.0-py3.10.egg-info' (and everything under it)
[13.700s] Copying ../build/smartcart_controller/smartcart_controller.egg-info to /home/ed/ros2_ws/src/install/smartcart_controller/lib/python3.10/site-packages/smartcart_controller-0.0.0-py3.10.egg-info
[13.710s] running install_scripts
[13.826s] Installing test_node script to /home/ed/ros2_ws/src/install/smartcart_controller/lib/smartcart_controller
[13.829s] writing list of installed files to '/home/ed/ros2_ws/src/build/smartcart_controller/install.log'
[14.196s] Invoked command in '/home/ed/ros2_ws/src/smartcart_controller' returned '0': PYTHONPATH=/home/ed/ros2_ws/src/build/smartcart_controller/prefix_override:/home/ed/ros2_ws/src/install/smartcart_controller/lib/python3.10/site-packages:${PYTHONPATH} /usr/bin/python3 setup.py egg_info --egg-base ../build/smartcart_controller build --build-base /home/ed/ros2_ws/src/build/smartcart_controller/build install --record /home/ed/ros2_ws/src/build/smartcart_controller/install.log --single-version-externally-managed
