[7.392s] Invoking command in '/home/ed/ros2_ws/src/smartcart_controller': PYTHONPATH=/home/ed/ros2_ws/src/build/smartcart_controller/prefix_override:/home/ed/ros2_ws/src/install/smartcart_controller/lib/python3.10/site-packages:${PYTHONPATH} /usr/bin/python3 setup.py egg_info --egg-base ../build/smartcart_controller build --build-base /home/ed/ros2_ws/src/build/smartcart_controller/build install --record /home/ed/ros2_ws/src/build/smartcart_controller/install.log --single-version-externally-managed
[8.859s] running egg_info
[8.862s] writing ../build/smartcart_controller/smartcart_controller.egg-info/PKG-INFO
[8.864s] writing dependency_links to ../build/smartcart_controller/smartcart_controller.egg-info/dependency_links.txt
[8.865s] writing entry points to ../build/smartcart_controller/smartcart_controller.egg-info/entry_points.txt
[8.866s] writing requirements to ../build/smartcart_controller/smartcart_controller.egg-info/requires.txt
[8.867s] writing top-level names to ../build/smartcart_controller/smartcart_controller.egg-info/top_level.txt
[8.876s] reading manifest file '../build/smartcart_controller/smartcart_controller.egg-info/SOURCES.txt'
[8.882s] writing manifest file '../build/smartcart_controller/smartcart_controller.egg-info/SOURCES.txt'
[8.883s] running build
[8.884s] running build_py
[8.888s] running install
[8.889s] running install_lib
[8.896s] running install_data
[8.900s] running install_egg_info
[8.908s] removing '/home/ed/ros2_ws/src/install/smartcart_controller/lib/python3.10/site-packages/smartcart_controller-0.0.0-py3.10.egg-info' (and everything under it)
[8.910s] Copying ../build/smartcart_controller/smartcart_controller.egg-info to /home/ed/ros2_ws/src/install/smartcart_controller/lib/python3.10/site-packages/smartcart_controller-0.0.0-py3.10.egg-info
[8.921s] running install_scripts
[9.017s] Installing test_node script to /home/ed/ros2_ws/src/install/smartcart_controller/lib/smartcart_controller
[9.020s] writing list of installed files to '/home/ed/ros2_ws/src/build/smartcart_controller/install.log'
[9.191s] Invoked command in '/home/ed/ros2_ws/src/smartcart_controller' returned '0': PYTHONPATH=/home/ed/ros2_ws/src/build/smartcart_controller/prefix_override:/home/ed/ros2_ws/src/install/smartcart_controller/lib/python3.10/site-packages:${PYTHONPATH} /usr/bin/python3 setup.py egg_info --egg-base ../build/smartcart_controller build --build-base /home/ed/ros2_ws/src/build/smartcart_controller/build install --record /home/ed/ros2_ws/src/build/smartcart_controller/install.log --single-version-externally-managed
