[18.150s] Invoking command in '/home/ed/ros2_ws/src/smartcart_controller': PYTHONPATH=/home/ed/ros2_ws/src/build/smartcart_controller/prefix_override:/home/ed/ros2_ws/src/install/smartcart_controller/lib/python3.10/site-packages:${PYTHONPATH} /usr/bin/python3 setup.py egg_info --egg-base ../build/smartcart_controller build --build-base /home/ed/ros2_ws/src/build/smartcart_controller/build install --record /home/ed/ros2_ws/src/build/smartcart_controller/install.log --single-version-externally-managed
[21.871s] running egg_info
[21.874s] writing ../build/smartcart_controller/smartcart_controller.egg-info/PKG-INFO
[21.876s] writing dependency_links to ../build/smartcart_controller/smartcart_controller.egg-info/dependency_links.txt
[21.877s] writing entry points to ../build/smartcart_controller/smartcart_controller.egg-info/entry_points.txt
[21.878s] writing requirements to ../build/smartcart_controller/smartcart_controller.egg-info/requires.txt
[21.879s] writing top-level names to ../build/smartcart_controller/smartcart_controller.egg-info/top_level.txt
[21.892s] reading manifest file '../build/smartcart_controller/smartcart_controller.egg-info/SOURCES.txt'
[21.899s] writing manifest file '../build/smartcart_controller/smartcart_controller.egg-info/SOURCES.txt'
[21.900s] running build
[21.900s] running build_py
[21.906s] running install
[21.907s] running install_lib
[21.914s] running install_data
[21.924s] running install_egg_info
[21.940s] removing '/home/ed/ros2_ws/src/install/smartcart_controller/lib/python3.10/site-packages/smartcart_controller-0.0.0-py3.10.egg-info' (and everything under it)
[21.942s] Copying ../build/smartcart_controller/smartcart_controller.egg-info to /home/ed/ros2_ws/src/install/smartcart_controller/lib/python3.10/site-packages/smartcart_controller-0.0.0-py3.10.egg-info
[21.950s] running install_scripts
[22.076s] Installing test_node script to /home/ed/ros2_ws/src/install/smartcart_controller/lib/smartcart_controller
[22.082s] writing list of installed files to '/home/ed/ros2_ws/src/build/smartcart_controller/install.log'
[22.296s] Invoked command in '/home/ed/ros2_ws/src/smartcart_controller' returned '0': PYTHONPATH=/home/ed/ros2_ws/src/build/smartcart_controller/prefix_override:/home/ed/ros2_ws/src/install/smartcart_controller/lib/python3.10/site-packages:${PYTHONPATH} /usr/bin/python3 setup.py egg_info --egg-base ../build/smartcart_controller build --build-base /home/ed/ros2_ws/src/build/smartcart_controller/build install --record /home/ed/ros2_ws/src/build/smartcart_controller/install.log --single-version-externally-managed
