[13.124s] Invoking command in '/home/ed/ros2_ws/src/smartcart_controller': PYTHONPATH=/home/ed/ros2_ws/src/build/smartcart_controller/prefix_override:/home/ed/ros2_ws/src/install/smartcart_controller/lib/python3.10/site-packages:${PYTHONPATH} /usr/bin/python3 setup.py egg_info --egg-base ../build/smartcart_controller build --build-base /home/ed/ros2_ws/src/build/smartcart_controller/build install --record /home/ed/ros2_ws/src/build/smartcart_controller/install.log --single-version-externally-managed
[16.353s] running egg_info
[16.354s] writing ../build/smartcart_controller/smartcart_controller.egg-info/PKG-INFO
[16.367s] writing dependency_links to ../build/smartcart_controller/smartcart_controller.egg-info/dependency_links.txt
[16.369s] writing entry points to ../build/smartcart_controller/smartcart_controller.egg-info/entry_points.txt
[16.370s] writing requirements to ../build/smartcart_controller/smartcart_controller.egg-info/requires.txt
[16.398s] writing top-level names to ../build/smartcart_controller/smartcart_controller.egg-info/top_level.txt
[16.417s] reading manifest file '../build/smartcart_controller/smartcart_controller.egg-info/SOURCES.txt'
[16.469s] writing manifest file '../build/smartcart_controller/smartcart_controller.egg-info/SOURCES.txt'
[16.470s] running build
[16.479s] running build_py
[16.482s] running install
[16.492s] running install_lib
[16.509s] running install_data
[16.557s] running install_egg_info
[16.598s] removing '/home/ed/ros2_ws/src/install/smartcart_controller/lib/python3.10/site-packages/smartcart_controller-0.0.0-py3.10.egg-info' (and everything under it)
[16.608s] Copying ../build/smartcart_controller/smartcart_controller.egg-info to /home/ed/ros2_ws/src/install/smartcart_controller/lib/python3.10/site-packages/smartcart_controller-0.0.0-py3.10.egg-info
[16.668s] running install_scripts
[16.828s] Installing test_node script to /home/ed/ros2_ws/src/install/smartcart_controller/lib/smartcart_controller
[16.841s] writing list of installed files to '/home/ed/ros2_ws/src/build/smartcart_controller/install.log'
[17.180s] Invoked command in '/home/ed/ros2_ws/src/smartcart_controller' returned '0': PYTHONPATH=/home/ed/ros2_ws/src/build/smartcart_controller/prefix_override:/home/ed/ros2_ws/src/install/smartcart_controller/lib/python3.10/site-packages:${PYTHONPATH} /usr/bin/python3 setup.py egg_info --egg-base ../build/smartcart_controller build --build-base /home/ed/ros2_ws/src/build/smartcart_controller/build install --record /home/ed/ros2_ws/src/build/smartcart_controller/install.log --single-version-externally-managed
