[6.472s] Invoking command in '/home/ed/ros2_ws/build/smartcart_controller': PYTHONPATH=/home/ed/ros2_ws/build/smartcart_controller/prefix_override:/home/ed/ros2_ws/install/smartcart_controller/lib/python3.10/site-packages:${PYTHONPATH} /usr/bin/python3 setup.py develop --editable --build-directory /home/ed/ros2_ws/build/smartcart_controller/build --no-deps install_data
[8.036s] running develop
[9.629s] running egg_info
[9.633s] writing smartcart_controller.egg-info/PKG-INFO
[9.638s] writing dependency_links to smartcart_controller.egg-info/dependency_links.txt
[9.640s] writing entry points to smartcart_controller.egg-info/entry_points.txt
[9.641s] writing requirements to smartcart_controller.egg-info/requires.txt
[9.669s] writing top-level names to smartcart_controller.egg-info/top_level.txt
[9.673s] reading manifest file 'smartcart_controller.egg-info/SOURCES.txt'
[9.674s] writing manifest file 'smartcart_controller.egg-info/SOURCES.txt'
[9.685s] running build_ext
[9.686s] Creating /home/ed/ros2_ws/install/smartcart_controller/lib/python3.10/site-packages/smartcart-controller.egg-link (link to .)
[9.698s] Installing img_subscriber script to /home/ed/ros2_ws/install/smartcart_controller/lib/smartcart_controller
[9.707s] Installing motor_subscriber script to /home/ed/ros2_ws/install/smartcart_controller/lib/smartcart_controller
[9.710s] Installing tensor_img_publisher script to /home/ed/ros2_ws/install/smartcart_controller/lib/smartcart_controller
[9.729s] Installing test_node script to /home/ed/ros2_ws/install/smartcart_controller/lib/smartcart_controller
[9.733s] 
[9.735s] Installed /home/ed/ros2_ws/build/smartcart_controller
[9.744s] running install_data
[10.112s] Invoked command in '/home/ed/ros2_ws/build/smartcart_controller' returned '0': PYTHONPATH=/home/ed/ros2_ws/build/smartcart_controller/prefix_override:/home/ed/ros2_ws/install/smartcart_controller/lib/python3.10/site-packages:${PYTHONPATH} /usr/bin/python3 setup.py develop --editable --build-directory /home/ed/ros2_ws/build/smartcart_controller/build --no-deps install_data
