[6.745s] Invoking command in '/home/ed/ros2_ws/src/smartcart_controller': PYTHONPATH=/home/ed/ros2_ws/src/build/smartcart_controller/prefix_override:/home/ed/ros2_ws/src/install/smartcart_controller/lib/python3.10/site-packages:${PYTHONPATH} /usr/bin/python3 setup.py egg_info --egg-base ../build/smartcart_controller build --build-base /home/ed/ros2_ws/src/build/smartcart_controller/build install --record /home/ed/ros2_ws/src/build/smartcart_controller/install.log --single-version-externally-managed
[8.246s] running egg_info
[8.248s] writing ../build/smartcart_controller/smartcart_controller.egg-info/PKG-INFO
[8.249s] writing dependency_links to ../build/smartcart_controller/smartcart_controller.egg-info/dependency_links.txt
[8.250s] writing entry points to ../build/smartcart_controller/smartcart_controller.egg-info/entry_points.txt
[8.252s] writing requirements to ../build/smartcart_controller/smartcart_controller.egg-info/requires.txt
[8.253s] writing top-level names to ../build/smartcart_controller/smartcart_controller.egg-info/top_level.txt
[8.262s] reading manifest file '../build/smartcart_controller/smartcart_controller.egg-info/SOURCES.txt'
[8.271s] writing manifest file '../build/smartcart_controller/smartcart_controller.egg-info/SOURCES.txt'
[8.271s] running build
[8.272s] running build_py
[8.273s] running install
[8.274s] running install_lib
[8.283s] running install_data
[8.283s] running install_egg_info
[8.290s] removing '/home/ed/ros2_ws/src/install/smartcart_controller/lib/python3.10/site-packages/smartcart_controller-0.0.0-py3.10.egg-info' (and everything under it)
[8.301s] Copying ../build/smartcart_controller/smartcart_controller.egg-info to /home/ed/ros2_ws/src/install/smartcart_controller/lib/python3.10/site-packages/smartcart_controller-0.0.0-py3.10.egg-info
[8.302s] running install_scripts
[8.399s] Installing test_node script to /home/ed/ros2_ws/src/install/smartcart_controller/lib/smartcart_controller
[8.401s] writing list of installed files to '/home/ed/ros2_ws/src/build/smartcart_controller/install.log'
[8.979s] Invoked command in '/home/ed/ros2_ws/src/smartcart_controller' returned '0': PYTHONPATH=/home/ed/ros2_ws/src/build/smartcart_controller/prefix_override:/home/ed/ros2_ws/src/install/smartcart_controller/lib/python3.10/site-packages:${PYTHONPATH} /usr/bin/python3 setup.py egg_info --egg-base ../build/smartcart_controller build --build-base /home/ed/ros2_ws/src/build/smartcart_controller/build install --record /home/ed/ros2_ws/src/build/smartcart_controller/install.log --single-version-externally-managed
