[5.247s] DEBUG:colcon:Command line arguments: ['/usr/bin/colcon', 'build']
[5.248s] DEBUG:colcon:Parsed command line arguments: Namespace(log_base=None, log_level=None, verb_name='build', build_base='build', install_base='install', merge_install=False, symlink_install=False, test_result_base=None, continue_on_error=False, executor='parallel', parallel_workers=4, event_handlers=None, ignore_user_meta=False, metas=['./colcon.meta'], base_paths=['.'], packages_ignore=None, packages_ignore_regex=None, paths=None, packages_up_to=None, packages_up_to_regex=None, packages_above=None, packages_above_and_dependencies=None, packages_above_depth=None, packages_select_by_dep=None, packages_skip_by_dep=None, packages_skip_up_to=None, packages_select_build_failed=False, packages_skip_build_finished=False, packages_select_test_failures=False, packages_skip_test_passed=False, packages_select=None, packages_skip=None, packages_select_regex=None, packages_skip_regex=None, packages_start=None, packages_end=None, allow_overriding=[], cmake_args=None, cmake_target=None, cmake_target_skip_unavailable=False, cmake_clean_cache=False, cmake_clean_first=False, cmake_force_configure=False, ament_cmake_args=None, catkin_cmake_args=None, catkin_skip_building_tests=False, verb_parser=<colcon_defaults.argument_parser.defaults.DefaultArgumentsDecorator object at 0xffff857dcd60>, verb_extension=<colcon_core.verb.build.BuildVerb object at 0xffff85ae81c0>, main=<bound method BuildVerb.main of <colcon_core.verb.build.BuildVerb object at 0xffff85ae81c0>>)
[5.484s] Level 1:colcon.colcon_core.package_discovery:discover_packages(colcon_meta) check parameters
[5.484s] Level 1:colcon.colcon_core.package_discovery:discover_packages(recursive) check parameters
[5.485s] Level 1:colcon.colcon_core.package_discovery:discover_packages(ignore) check parameters
[5.485s] Level 1:colcon.colcon_core.package_discovery:discover_packages(path) check parameters
[5.485s] Level 1:colcon.colcon_core.package_discovery:discover_packages(colcon_meta) discover
[5.485s] Level 1:colcon.colcon_core.package_discovery:discover_packages(recursive) discover
[5.485s] INFO:colcon.colcon_core.package_discovery:Crawling recursively for packages in '/home/ed/ros2_ws'
[5.486s] Level 1:colcon.colcon_core.package_identification:_identify(.) by extensions ['ignore', 'ignore_ament_install']
[5.486s] Level 1:colcon.colcon_core.package_identification:_identify(.) by extension 'ignore'
[5.487s] Level 1:colcon.colcon_core.package_identification:_identify(.) by extension 'ignore_ament_install'
[5.487s] Level 1:colcon.colcon_core.package_identification:_identify(.) by extensions ['colcon_pkg']
[5.487s] Level 1:colcon.colcon_core.package_identification:_identify(.) by extension 'colcon_pkg'
[5.487s] Level 1:colcon.colcon_core.package_identification:_identify(.) by extensions ['colcon_meta']
[5.487s] Level 1:colcon.colcon_core.package_identification:_identify(.) by extension 'colcon_meta'
[5.487s] Level 1:colcon.colcon_core.package_identification:_identify(.) by extensions ['ros']
[5.488s] Level 1:colcon.colcon_core.package_identification:_identify(.) by extension 'ros'
[5.541s] Level 1:colcon.colcon_core.package_identification:_identify(.) by extensions ['cmake', 'python']
[5.541s] Level 1:colcon.colcon_core.package_identification:_identify(.) by extension 'cmake'
[5.541s] Level 1:colcon.colcon_core.package_identification:_identify(.) by extension 'python'
[5.542s] Level 1:colcon.colcon_core.package_identification:_identify(.) by extensions ['python_setup_py']
[5.542s] Level 1:colcon.colcon_core.package_identification:_identify(.) by extension 'python_setup_py'
[5.542s] Level 1:colcon.colcon_core.package_identification:_identify(build) by extensions ['ignore', 'ignore_ament_install']
[5.543s] Level 1:colcon.colcon_core.package_identification:_identify(build) by extension 'ignore'
[5.543s] Level 1:colcon.colcon_core.package_identification:_identify(build) ignored
[5.544s] Level 1:colcon.colcon_core.package_identification:_identify(install) by extensions ['ignore', 'ignore_ament_install']
[5.544s] Level 1:colcon.colcon_core.package_identification:_identify(install) by extension 'ignore'
[5.544s] Level 1:colcon.colcon_core.package_identification:_identify(install) ignored
[5.545s] Level 1:colcon.colcon_core.package_identification:_identify(log) by extensions ['ignore', 'ignore_ament_install']
[5.545s] Level 1:colcon.colcon_core.package_identification:_identify(log) by extension 'ignore'
[5.545s] Level 1:colcon.colcon_core.package_identification:_identify(log) ignored
[5.546s] Level 1:colcon.colcon_core.package_identification:_identify(src) by extensions ['ignore', 'ignore_ament_install']
[5.546s] Level 1:colcon.colcon_core.package_identification:_identify(src) by extension 'ignore'
[5.546s] Level 1:colcon.colcon_core.package_identification:_identify(src) by extension 'ignore_ament_install'
[5.546s] Level 1:colcon.colcon_core.package_identification:_identify(src) by extensions ['colcon_pkg']
[5.547s] Level 1:colcon.colcon_core.package_identification:_identify(src) by extension 'colcon_pkg'
[5.547s] Level 1:colcon.colcon_core.package_identification:_identify(src) by extensions ['colcon_meta']
[5.547s] Level 1:colcon.colcon_core.package_identification:_identify(src) by extension 'colcon_meta'
[5.547s] Level 1:colcon.colcon_core.package_identification:_identify(src) by extensions ['ros']
[5.547s] Level 1:colcon.colcon_core.package_identification:_identify(src) by extension 'ros'
[5.548s] Level 1:colcon.colcon_core.package_identification:_identify(src) by extensions ['cmake', 'python']
[5.548s] Level 1:colcon.colcon_core.package_identification:_identify(src) by extension 'cmake'
[5.548s] Level 1:colcon.colcon_core.package_identification:_identify(src) by extension 'python'
[5.548s] Level 1:colcon.colcon_core.package_identification:_identify(src) by extensions ['python_setup_py']
[5.548s] Level 1:colcon.colcon_core.package_identification:_identify(src) by extension 'python_setup_py'
[5.549s] Level 1:colcon.colcon_core.package_identification:_identify(src/smartcart_controller) by extensions ['ignore', 'ignore_ament_install']
[5.549s] Level 1:colcon.colcon_core.package_identification:_identify(src/smartcart_controller) by extension 'ignore'
[5.549s] Level 1:colcon.colcon_core.package_identification:_identify(src/smartcart_controller) by extension 'ignore_ament_install'
[5.550s] Level 1:colcon.colcon_core.package_identification:_identify(src/smartcart_controller) by extensions ['colcon_pkg']
[5.550s] Level 1:colcon.colcon_core.package_identification:_identify(src/smartcart_controller) by extension 'colcon_pkg'
[5.550s] Level 1:colcon.colcon_core.package_identification:_identify(src/smartcart_controller) by extensions ['colcon_meta']
[5.550s] Level 1:colcon.colcon_core.package_identification:_identify(src/smartcart_controller) by extension 'colcon_meta'
[5.550s] Level 1:colcon.colcon_core.package_identification:_identify(src/smartcart_controller) by extensions ['ros']
[5.551s] Level 1:colcon.colcon_core.package_identification:_identify(src/smartcart_controller) by extension 'ros'
[5.561s] DEBUG:colcon.colcon_core.package_identification:Package 'src/smartcart_controller' with type 'ros.ament_python' and name 'smartcart_controller'
[5.561s] Level 1:colcon.colcon_core.package_discovery:discover_packages(recursive) using defaults
[5.561s] Level 1:colcon.colcon_core.package_discovery:discover_packages(ignore) discover
[5.562s] Level 1:colcon.colcon_core.package_discovery:discover_packages(ignore) using defaults
[5.562s] Level 1:colcon.colcon_core.package_discovery:discover_packages(path) discover
[5.562s] Level 1:colcon.colcon_core.package_discovery:discover_packages(path) using defaults
[6.017s] Level 1:colcon.colcon_core.package_discovery:discover_packages(prefix_path) check parameters
[6.017s] Level 1:colcon.colcon_core.package_discovery:discover_packages(prefix_path) discover
[6.172s] DEBUG:colcon.colcon_installed_package_information.package_discovery:Found 1 installed packages in /home/ed/ros2_ws/install
[6.254s] DEBUG:colcon.colcon_installed_package_information.package_discovery:Found 270 installed packages in /opt/ros/humble
[6.261s] Level 1:colcon.colcon_core.package_discovery:discover_packages(prefix_path) using defaults
[6.729s] Level 5:colcon.colcon_core.verb:set package 'smartcart_controller' build argument 'cmake_args' from command line to 'None'
[6.730s] Level 5:colcon.colcon_core.verb:set package 'smartcart_controller' build argument 'cmake_target' from command line to 'None'
[6.730s] Level 5:colcon.colcon_core.verb:set package 'smartcart_controller' build argument 'cmake_target_skip_unavailable' from command line to 'False'
[6.730s] Level 5:colcon.colcon_core.verb:set package 'smartcart_controller' build argument 'cmake_clean_cache' from command line to 'False'
[6.730s] Level 5:colcon.colcon_core.verb:set package 'smartcart_controller' build argument 'cmake_clean_first' from command line to 'False'
[6.730s] Level 5:colcon.colcon_core.verb:set package 'smartcart_controller' build argument 'cmake_force_configure' from command line to 'False'
[6.730s] Level 5:colcon.colcon_core.verb:set package 'smartcart_controller' build argument 'ament_cmake_args' from command line to 'None'
[6.730s] Level 5:colcon.colcon_core.verb:set package 'smartcart_controller' build argument 'catkin_cmake_args' from command line to 'None'
[6.731s] Level 5:colcon.colcon_core.verb:set package 'smartcart_controller' build argument 'catkin_skip_building_tests' from command line to 'False'
[6.731s] DEBUG:colcon.colcon_core.verb:Building package 'smartcart_controller' with the following arguments: {'ament_cmake_args': None, 'build_base': '/home/ed/ros2_ws/build/smartcart_controller', 'catkin_cmake_args': None, 'catkin_skip_building_tests': False, 'cmake_args': None, 'cmake_clean_cache': False, 'cmake_clean_first': False, 'cmake_force_configure': False, 'cmake_target': None, 'cmake_target_skip_unavailable': False, 'install_base': '/home/ed/ros2_ws/install/smartcart_controller', 'merge_install': False, 'path': '/home/ed/ros2_ws/src/smartcart_controller', 'symlink_install': False, 'test_result_base': None}
[6.804s] INFO:colcon.colcon_core.executor:Executing jobs using 'parallel' executor
[6.880s] DEBUG:colcon.colcon_parallel_executor.executor.parallel:run_until_complete
[6.881s] INFO:colcon.colcon_ros.task.ament_python.build:Building ROS package in '/home/ed/ros2_ws/src/smartcart_controller' with build type 'ament_python'
[6.882s] Level 1:colcon.colcon_core.shell:create_environment_hook('smartcart_controller', 'ament_prefix_path')
[6.971s] INFO:colcon.colcon_core.plugin_system:Skipping extension 'colcon_core.shell.bat': Not used on non-Windows systems
[6.972s] INFO:colcon.colcon_core.shell:Creating environment hook '/home/ed/ros2_ws/install/smartcart_controller/share/smartcart_controller/hook/ament_prefix_path.ps1'
[6.975s] INFO:colcon.colcon_core.shell:Creating environment descriptor '/home/ed/ros2_ws/install/smartcart_controller/share/smartcart_controller/hook/ament_prefix_path.dsv'
[6.977s] INFO:colcon.colcon_core.shell:Creating environment hook '/home/ed/ros2_ws/install/smartcart_controller/share/smartcart_controller/hook/ament_prefix_path.sh'
[7.067s] INFO:colcon.colcon_core.shell:Skip shell extension 'powershell' for command environment: Not usable outside of PowerShell
[7.067s] DEBUG:colcon.colcon_core.shell:Skip shell extension 'dsv' for command environment
[8.779s] INFO:colcon.colcon_core.task.python.build:Building Python package in '/home/ed/ros2_ws/src/smartcart_controller'
[8.860s] INFO:colcon.colcon_core.shell:Skip shell extension 'powershell' for command environment: Not usable outside of PowerShell
[8.860s] DEBUG:colcon.colcon_core.shell:Skip shell extension 'dsv' for command environment
[10.905s] DEBUG:colcon.colcon_core.event_handler.log_command:Invoking command in '/home/ed/ros2_ws/src/smartcart_controller': PYTHONPATH=/home/ed/ros2_ws/build/smartcart_controller/prefix_override:/home/ed/ros2_ws/install/smartcart_controller/lib/python3.10/site-packages:${PYTHONPATH} /usr/bin/python3 setup.py egg_info --egg-base ../../build/smartcart_controller build --build-base /home/ed/ros2_ws/build/smartcart_controller/build install --record /home/ed/ros2_ws/build/smartcart_controller/install.log --single-version-externally-managed
[12.513s] DEBUG:colcon.colcon_core.event_handler.log_command:Invoked command in '/home/ed/ros2_ws/src/smartcart_controller' returned '0': PYTHONPATH=/home/ed/ros2_ws/build/smartcart_controller/prefix_override:/home/ed/ros2_ws/install/smartcart_controller/lib/python3.10/site-packages:${PYTHONPATH} /usr/bin/python3 setup.py egg_info --egg-base ../../build/smartcart_controller build --build-base /home/ed/ros2_ws/build/smartcart_controller/build install --record /home/ed/ros2_ws/build/smartcart_controller/install.log --single-version-externally-managed
[12.603s] Level 1:colcon.colcon_core.environment:checking '/home/ed/ros2_ws/install/smartcart_controller' for CMake module files
[12.605s] Level 1:colcon.colcon_core.environment:checking '/home/ed/ros2_ws/install/smartcart_controller' for CMake config files
[12.609s] Level 1:colcon.colcon_core.environment:checking '/home/ed/ros2_ws/install/smartcart_controller/lib'
[12.610s] Level 1:colcon.colcon_core.environment:checking '/home/ed/ros2_ws/install/smartcart_controller/bin'
[12.611s] Level 1:colcon.colcon_core.environment:checking '/home/ed/ros2_ws/install/smartcart_controller/lib/pkgconfig/smartcart_controller.pc'
[12.612s] Level 1:colcon.colcon_core.environment:checking '/home/ed/ros2_ws/install/smartcart_controller/lib/python3.10/site-packages'
[12.612s] Level 1:colcon.colcon_core.shell:create_environment_hook('smartcart_controller', 'pythonpath')
[12.690s] INFO:colcon.colcon_core.shell:Creating environment hook '/home/ed/ros2_ws/install/smartcart_controller/share/smartcart_controller/hook/pythonpath.ps1'
[12.692s] INFO:colcon.colcon_core.shell:Creating environment descriptor '/home/ed/ros2_ws/install/smartcart_controller/share/smartcart_controller/hook/pythonpath.dsv'
[12.694s] INFO:colcon.colcon_core.shell:Creating environment hook '/home/ed/ros2_ws/install/smartcart_controller/share/smartcart_controller/hook/pythonpath.sh'
[12.697s] Level 1:colcon.colcon_core.environment:checking '/home/ed/ros2_ws/install/smartcart_controller/bin'
[12.697s] Level 1:colcon.colcon_core.environment:create_environment_scripts_only(smartcart_controller)
[12.776s] INFO:colcon.colcon_core.shell:Creating package script '/home/ed/ros2_ws/install/smartcart_controller/share/smartcart_controller/package.ps1'
[12.780s] INFO:colcon.colcon_core.shell:Creating package descriptor '/home/ed/ros2_ws/install/smartcart_controller/share/smartcart_controller/package.dsv'
[12.783s] INFO:colcon.colcon_core.shell:Creating package script '/home/ed/ros2_ws/install/smartcart_controller/share/smartcart_controller/package.sh'
[12.787s] INFO:colcon.colcon_core.shell:Creating package script '/home/ed/ros2_ws/install/smartcart_controller/share/smartcart_controller/package.bash'
[12.791s] INFO:colcon.colcon_core.shell:Creating package script '/home/ed/ros2_ws/install/smartcart_controller/share/smartcart_controller/package.zsh'
[12.794s] Level 1:colcon.colcon_core.environment:create_file_with_runtime_dependencies(/home/ed/ros2_ws/install/smartcart_controller/share/colcon-core/packages/smartcart_controller)
[12.795s] DEBUG:colcon.colcon_parallel_executor.executor.parallel:closing loop
[12.797s] DEBUG:colcon.colcon_parallel_executor.executor.parallel:loop closed
[12.797s] DEBUG:colcon.colcon_parallel_executor.executor.parallel:run_until_complete finished with '0'
[12.798s] DEBUG:colcon.colcon_core.event_reactor:joining thread
[12.902s] INFO:colcon.colcon_core.plugin_system:Skipping extension 'colcon_notification.desktop_notification.terminal_notifier': Not used on non-Darwin systems
[12.902s] INFO:colcon.colcon_core.plugin_system:Skipping extension 'colcon_notification.desktop_notification.win32': Not used on non-Windows systems
[12.902s] INFO:colcon.colcon_notification.desktop_notification:Sending desktop notification using 'notify2'
[12.960s] DEBUG:colcon.colcon_core.event_reactor:joined thread
[13.060s] INFO:colcon.colcon_core.shell:Creating prefix script '/home/ed/ros2_ws/install/local_setup.ps1'
[13.065s] INFO:colcon.colcon_core.shell:Creating prefix util module '/home/ed/ros2_ws/install/_local_setup_util_ps1.py'
[13.072s] INFO:colcon.colcon_core.shell:Creating prefix chain script '/home/ed/ros2_ws/install/setup.ps1'
[13.162s] INFO:colcon.colcon_core.shell:Creating prefix script '/home/ed/ros2_ws/install/local_setup.sh'
[13.166s] INFO:colcon.colcon_core.shell:Creating prefix util module '/home/ed/ros2_ws/install/_local_setup_util_sh.py'
[13.169s] INFO:colcon.colcon_core.shell:Creating prefix chain script '/home/ed/ros2_ws/install/setup.sh'
[13.249s] INFO:colcon.colcon_core.shell:Creating prefix script '/home/ed/ros2_ws/install/local_setup.bash'
[13.252s] INFO:colcon.colcon_core.shell:Creating prefix chain script '/home/ed/ros2_ws/install/setup.bash'
[13.329s] INFO:colcon.colcon_core.shell:Creating prefix script '/home/ed/ros2_ws/install/local_setup.zsh'
[13.331s] INFO:colcon.colcon_core.shell:Creating prefix chain script '/home/ed/ros2_ws/install/setup.zsh'
