[11.359s] Invoking command in '/home/ed/ros2_ws/src/opencv_tools': PYTHONPATH=/home/ed/ros2_ws/build/opencv_tools/prefix_override:/home/ed/ros2_ws/install/opencv_tools/lib/python3.10/site-packages:${PYTHONPATH} /usr/bin/python3 setup.py egg_info --egg-base ../../build/opencv_tools build --build-base /home/ed/ros2_ws/build/opencv_tools/build install --record /home/ed/ros2_ws/build/opencv_tools/install.log --single-version-externally-managed
[13.762s] running egg_info
[13.763s] writing ../../build/opencv_tools/opencv_tools.egg-info/PKG-INFO
[13.768s] writing dependency_links to ../../build/opencv_tools/opencv_tools.egg-info/dependency_links.txt
[13.768s] writing entry points to ../../build/opencv_tools/opencv_tools.egg-info/entry_points.txt
[13.770s] writing requirements to ../../build/opencv_tools/opencv_tools.egg-info/requires.txt
[13.770s] writing top-level names to ../../build/opencv_tools/opencv_tools.egg-info/top_level.txt
[13.784s] reading manifest file '../../build/opencv_tools/opencv_tools.egg-info/SOURCES.txt'
[13.792s] writing manifest file '../../build/opencv_tools/opencv_tools.egg-info/SOURCES.txt'
[13.793s] running build
[13.794s] running build_py
[13.799s] copying opencv_tools/motor_controller.py -> /home/ed/ros2_ws/build/opencv_tools/build/lib/opencv_tools
[13.806s] running install
[13.809s] running install_lib
[13.822s] copying /home/ed/ros2_ws/build/opencv_tools/build/lib/opencv_tools/motor_controller.py -> /home/ed/ros2_ws/install/opencv_tools/lib/python3.10/site-packages/opencv_tools
[13.831s] byte-compiling /home/ed/ros2_ws/install/opencv_tools/lib/python3.10/site-packages/opencv_tools/motor_controller.py to motor_controller.cpython-310.pyc
[13.836s] running install_data
[13.842s] running install_egg_info
[13.852s] removing '/home/ed/ros2_ws/install/opencv_tools/lib/python3.10/site-packages/opencv_tools-0.0.0-py3.10.egg-info' (and everything under it)
[13.854s] Copying ../../build/opencv_tools/opencv_tools.egg-info to /home/ed/ros2_ws/install/opencv_tools/lib/python3.10/site-packages/opencv_tools-0.0.0-py3.10.egg-info
[13.862s] running install_scripts
[14.065s] Installing img_publisher script to /home/ed/ros2_ws/install/opencv_tools/lib/opencv_tools
[14.068s] Installing img_subscriber script to /home/ed/ros2_ws/install/opencv_tools/lib/opencv_tools
[14.071s] Installing tensor_img_publisher script to /home/ed/ros2_ws/install/opencv_tools/lib/opencv_tools
[14.076s] writing list of installed files to '/home/ed/ros2_ws/build/opencv_tools/install.log'
[14.858s] Invoked command in '/home/ed/ros2_ws/src/opencv_tools' returned '0': PYTHONPATH=/home/ed/ros2_ws/build/opencv_tools/prefix_override:/home/ed/ros2_ws/install/opencv_tools/lib/python3.10/site-packages:${PYTHONPATH} /usr/bin/python3 setup.py egg_info --egg-base ../../build/opencv_tools build --build-base /home/ed/ros2_ws/build/opencv_tools/build install --record /home/ed/ros2_ws/build/opencv_tools/install.log --single-version-externally-managed
