[5.129s] DEBUG:colcon:Command line arguments: ['/usr/bin/colcon', 'build']
[5.130s] DEBUG:colcon:Parsed command line arguments: Namespace(log_base=None, log_level=None, verb_name='build', build_base='build', install_base='install', merge_install=False, symlink_install=False, test_result_base=None, continue_on_error=False, executor='parallel', parallel_workers=4, event_handlers=None, ignore_user_meta=False, metas=['./colcon.meta'], base_paths=['.'], packages_ignore=None, packages_ignore_regex=None, paths=None, packages_up_to=None, packages_up_to_regex=None, packages_above=None, packages_above_and_dependencies=None, packages_above_depth=None, packages_select_by_dep=None, packages_skip_by_dep=None, packages_skip_up_to=None, packages_select_build_failed=False, packages_skip_build_finished=False, packages_select_test_failures=False, packages_skip_test_passed=False, packages_select=None, packages_skip=None, packages_select_regex=None, packages_skip_regex=None, packages_start=None, packages_end=None, allow_overriding=[], cmake_args=None, cmake_target=None, cmake_target_skip_unavailable=False, cmake_clean_cache=False, cmake_clean_first=False, cmake_force_configure=False, ament_cmake_args=None, catkin_cmake_args=None, catkin_skip_building_tests=False, verb_parser=<colcon_defaults.argument_parser.defaults.DefaultArgumentsDecorator object at 0xffff9d67ed10>, verb_extension=<colcon_core.verb.build.BuildVerb object at 0xffff9d8ce6e0>, main=<bound method BuildVerb.main of <colcon_core.verb.build.BuildVerb object at 0xffff9d8ce6e0>>)
[5.365s] Level 1:colcon.colcon_core.package_discovery:discover_packages(colcon_meta) check parameters
[5.366s] Level 1:colcon.colcon_core.package_discovery:discover_packages(recursive) check parameters
[5.366s] Level 1:colcon.colcon_core.package_discovery:discover_packages(ignore) check parameters
[5.366s] Level 1:colcon.colcon_core.package_discovery:discover_packages(path) check parameters
[5.366s] Level 1:colcon.colcon_core.package_discovery:discover_packages(colcon_meta) discover
[5.366s] Level 1:colcon.colcon_core.package_discovery:discover_packages(recursive) discover
[5.367s] INFO:colcon.colcon_core.package_discovery:Crawling recursively for packages in '/home/ed/ros2_ws'
[5.367s] Level 1:colcon.colcon_core.package_identification:_identify(.) by extensions ['ignore', 'ignore_ament_install']
[5.368s] Level 1:colcon.colcon_core.package_identification:_identify(.) by extension 'ignore'
[5.368s] Level 1:colcon.colcon_core.package_identification:_identify(.) by extension 'ignore_ament_install'
[5.368s] Level 1:colcon.colcon_core.package_identification:_identify(.) by extensions ['colcon_pkg']
[5.368s] Level 1:colcon.colcon_core.package_identification:_identify(.) by extension 'colcon_pkg'
[5.368s] Level 1:colcon.colcon_core.package_identification:_identify(.) by extensions ['colcon_meta']
[5.369s] Level 1:colcon.colcon_core.package_identification:_identify(.) by extension 'colcon_meta'
[5.369s] Level 1:colcon.colcon_core.package_identification:_identify(.) by extensions ['ros']
[5.369s] Level 1:colcon.colcon_core.package_identification:_identify(.) by extension 'ros'
[5.413s] Level 1:colcon.colcon_core.package_identification:_identify(.) by extensions ['cmake', 'python']
[5.414s] Level 1:colcon.colcon_core.package_identification:_identify(.) by extension 'cmake'
[5.414s] Level 1:colcon.colcon_core.package_identification:_identify(.) by extension 'python'
[5.414s] Level 1:colcon.colcon_core.package_identification:_identify(.) by extensions ['python_setup_py']
[5.414s] Level 1:colcon.colcon_core.package_identification:_identify(.) by extension 'python_setup_py'
[5.415s] Level 1:colcon.colcon_core.package_identification:_identify(Sample_TFLite_model) by extensions ['ignore', 'ignore_ament_install']
[5.415s] Level 1:colcon.colcon_core.package_identification:_identify(Sample_TFLite_model) by extension 'ignore'
[5.415s] Level 1:colcon.colcon_core.package_identification:_identify(Sample_TFLite_model) by extension 'ignore_ament_install'
[5.416s] Level 1:colcon.colcon_core.package_identification:_identify(Sample_TFLite_model) by extensions ['colcon_pkg']
[5.416s] Level 1:colcon.colcon_core.package_identification:_identify(Sample_TFLite_model) by extension 'colcon_pkg'
[5.416s] Level 1:colcon.colcon_core.package_identification:_identify(Sample_TFLite_model) by extensions ['colcon_meta']
[5.416s] Level 1:colcon.colcon_core.package_identification:_identify(Sample_TFLite_model) by extension 'colcon_meta'
[5.416s] Level 1:colcon.colcon_core.package_identification:_identify(Sample_TFLite_model) by extensions ['ros']
[5.416s] Level 1:colcon.colcon_core.package_identification:_identify(Sample_TFLite_model) by extension 'ros'
[5.417s] Level 1:colcon.colcon_core.package_identification:_identify(Sample_TFLite_model) by extensions ['cmake', 'python']
[5.417s] Level 1:colcon.colcon_core.package_identification:_identify(Sample_TFLite_model) by extension 'cmake'
[5.417s] Level 1:colcon.colcon_core.package_identification:_identify(Sample_TFLite_model) by extension 'python'
[5.417s] Level 1:colcon.colcon_core.package_identification:_identify(Sample_TFLite_model) by extensions ['python_setup_py']
[5.417s] Level 1:colcon.colcon_core.package_identification:_identify(Sample_TFLite_model) by extension 'python_setup_py'
[5.418s] Level 1:colcon.colcon_core.package_identification:_identify(build) by extensions ['ignore', 'ignore_ament_install']
[5.418s] Level 1:colcon.colcon_core.package_identification:_identify(build) by extension 'ignore'
[5.418s] Level 1:colcon.colcon_core.package_identification:_identify(build) ignored
[5.419s] Level 1:colcon.colcon_core.package_identification:_identify(install) by extensions ['ignore', 'ignore_ament_install']
[5.419s] Level 1:colcon.colcon_core.package_identification:_identify(install) by extension 'ignore'
[5.420s] Level 1:colcon.colcon_core.package_identification:_identify(install) ignored
[5.420s] Level 1:colcon.colcon_core.package_identification:_identify(log) by extensions ['ignore', 'ignore_ament_install']
[5.421s] Level 1:colcon.colcon_core.package_identification:_identify(log) by extension 'ignore'
[5.421s] Level 1:colcon.colcon_core.package_identification:_identify(log) ignored
[5.421s] Level 1:colcon.colcon_core.package_identification:_identify(src) by extensions ['ignore', 'ignore_ament_install']
[5.421s] Level 1:colcon.colcon_core.package_identification:_identify(src) by extension 'ignore'
[5.422s] Level 1:colcon.colcon_core.package_identification:_identify(src) by extension 'ignore_ament_install'
[5.422s] Level 1:colcon.colcon_core.package_identification:_identify(src) by extensions ['colcon_pkg']
[5.422s] Level 1:colcon.colcon_core.package_identification:_identify(src) by extension 'colcon_pkg'
[5.422s] Level 1:colcon.colcon_core.package_identification:_identify(src) by extensions ['colcon_meta']
[5.422s] Level 1:colcon.colcon_core.package_identification:_identify(src) by extension 'colcon_meta'
[5.422s] Level 1:colcon.colcon_core.package_identification:_identify(src) by extensions ['ros']
[5.423s] Level 1:colcon.colcon_core.package_identification:_identify(src) by extension 'ros'
[5.423s] Level 1:colcon.colcon_core.package_identification:_identify(src) by extensions ['cmake', 'python']
[5.423s] Level 1:colcon.colcon_core.package_identification:_identify(src) by extension 'cmake'
[5.423s] Level 1:colcon.colcon_core.package_identification:_identify(src) by extension 'python'
[5.423s] Level 1:colcon.colcon_core.package_identification:_identify(src) by extensions ['python_setup_py']
[5.423s] Level 1:colcon.colcon_core.package_identification:_identify(src) by extension 'python_setup_py'
[5.424s] Level 1:colcon.colcon_core.package_identification:_identify(src/build) by extensions ['ignore', 'ignore_ament_install']
[5.424s] Level 1:colcon.colcon_core.package_identification:_identify(src/build) by extension 'ignore'
[5.425s] Level 1:colcon.colcon_core.package_identification:_identify(src/build) ignored
[5.425s] Level 1:colcon.colcon_core.package_identification:_identify(src/install) by extensions ['ignore', 'ignore_ament_install']
[5.426s] Level 1:colcon.colcon_core.package_identification:_identify(src/install) by extension 'ignore'
[5.426s] Level 1:colcon.colcon_core.package_identification:_identify(src/install) ignored
[5.426s] Level 1:colcon.colcon_core.package_identification:_identify(src/log) by extensions ['ignore', 'ignore_ament_install']
[5.427s] Level 1:colcon.colcon_core.package_identification:_identify(src/log) by extension 'ignore'
[5.427s] Level 1:colcon.colcon_core.package_identification:_identify(src/log) ignored
[5.427s] Level 1:colcon.colcon_core.package_identification:_identify(src/opencv_tools) by extensions ['ignore', 'ignore_ament_install']
[5.428s] Level 1:colcon.colcon_core.package_identification:_identify(src/opencv_tools) by extension 'ignore'
[5.428s] Level 1:colcon.colcon_core.package_identification:_identify(src/opencv_tools) by extension 'ignore_ament_install'
[5.428s] Level 1:colcon.colcon_core.package_identification:_identify(src/opencv_tools) by extensions ['colcon_pkg']
[5.428s] Level 1:colcon.colcon_core.package_identification:_identify(src/opencv_tools) by extension 'colcon_pkg'
[5.428s] Level 1:colcon.colcon_core.package_identification:_identify(src/opencv_tools) by extensions ['colcon_meta']
[5.428s] Level 1:colcon.colcon_core.package_identification:_identify(src/opencv_tools) by extension 'colcon_meta'
[5.428s] Level 1:colcon.colcon_core.package_identification:_identify(src/opencv_tools) by extensions ['ros']
[5.429s] Level 1:colcon.colcon_core.package_identification:_identify(src/opencv_tools) by extension 'ros'
[5.443s] DEBUG:colcon.colcon_core.package_identification:Package 'src/opencv_tools' with type 'ros.ament_python' and name 'opencv_tools'
[5.443s] Level 1:colcon.colcon_core.package_identification:_identify(src/smartcart_controller) by extensions ['ignore', 'ignore_ament_install']
[5.444s] Level 1:colcon.colcon_core.package_identification:_identify(src/smartcart_controller) by extension 'ignore'
[5.444s] Level 1:colcon.colcon_core.package_identification:_identify(src/smartcart_controller) by extension 'ignore_ament_install'
[5.444s] Level 1:colcon.colcon_core.package_identification:_identify(src/smartcart_controller) by extensions ['colcon_pkg']
[5.444s] Level 1:colcon.colcon_core.package_identification:_identify(src/smartcart_controller) by extension 'colcon_pkg'
[5.445s] Level 1:colcon.colcon_core.package_identification:_identify(src/smartcart_controller) by extensions ['colcon_meta']
[5.445s] Level 1:colcon.colcon_core.package_identification:_identify(src/smartcart_controller) by extension 'colcon_meta'
[5.445s] Level 1:colcon.colcon_core.package_identification:_identify(src/smartcart_controller) by extensions ['ros']
[5.445s] Level 1:colcon.colcon_core.package_identification:_identify(src/smartcart_controller) by extension 'ros'
[5.447s] DEBUG:colcon.colcon_core.package_identification:Package 'src/smartcart_controller' with type 'ros.ament_python' and name 'smartcart_controller'
[5.448s] Level 1:colcon.colcon_core.package_identification:_identify(src/test) by extensions ['ignore', 'ignore_ament_install']
[5.448s] Level 1:colcon.colcon_core.package_identification:_identify(src/test) by extension 'ignore'
[5.448s] Level 1:colcon.colcon_core.package_identification:_identify(src/test) by extension 'ignore_ament_install'
[5.448s] Level 1:colcon.colcon_core.package_identification:_identify(src/test) by extensions ['colcon_pkg']
[5.449s] Level 1:colcon.colcon_core.package_identification:_identify(src/test) by extension 'colcon_pkg'
[5.449s] Level 1:colcon.colcon_core.package_identification:_identify(src/test) by extensions ['colcon_meta']
[5.449s] Level 1:colcon.colcon_core.package_identification:_identify(src/test) by extension 'colcon_meta'
[5.449s] Level 1:colcon.colcon_core.package_identification:_identify(src/test) by extensions ['ros']
[5.449s] Level 1:colcon.colcon_core.package_identification:_identify(src/test) by extension 'ros'
[5.449s] Level 1:colcon.colcon_core.package_identification:_identify(src/test) by extensions ['cmake', 'python']
[5.450s] Level 1:colcon.colcon_core.package_identification:_identify(src/test) by extension 'cmake'
[5.450s] Level 1:colcon.colcon_core.package_identification:_identify(src/test) by extension 'python'
[5.450s] Level 1:colcon.colcon_core.package_identification:_identify(src/test) by extensions ['python_setup_py']
[5.450s] Level 1:colcon.colcon_core.package_identification:_identify(src/test) by extension 'python_setup_py'
[5.450s] Level 1:colcon.colcon_core.package_discovery:discover_packages(recursive) using defaults
[5.450s] Level 1:colcon.colcon_core.package_discovery:discover_packages(ignore) discover
[5.451s] Level 1:colcon.colcon_core.package_discovery:discover_packages(ignore) using defaults
[5.451s] Level 1:colcon.colcon_core.package_discovery:discover_packages(path) discover
[5.451s] Level 1:colcon.colcon_core.package_discovery:discover_packages(path) using defaults
[5.887s] Level 1:colcon.colcon_core.package_discovery:discover_packages(prefix_path) check parameters
[5.887s] Level 1:colcon.colcon_core.package_discovery:discover_packages(prefix_path) discover
[6.036s] DEBUG:colcon.colcon_installed_package_information.package_discovery:Found 2 installed packages in /home/ed/ros2_workspace/install
[6.107s] DEBUG:colcon.colcon_installed_package_information.package_discovery:Found 3 installed packages in /home/ed/ros2_ws/install
[6.298s] DEBUG:colcon.colcon_installed_package_information.package_discovery:Found 3 installed packages in /home/ed/ros2_ws/src/install
[6.464s] DEBUG:colcon.colcon_installed_package_information.package_discovery:Found 277 installed packages in /opt/ros/humble
[6.470s] Level 1:colcon.colcon_core.package_discovery:discover_packages(prefix_path) using defaults
[6.886s] Level 5:colcon.colcon_core.verb:set package 'opencv_tools' build argument 'cmake_args' from command line to 'None'
[6.886s] Level 5:colcon.colcon_core.verb:set package 'opencv_tools' build argument 'cmake_target' from command line to 'None'
[6.886s] Level 5:colcon.colcon_core.verb:set package 'opencv_tools' build argument 'cmake_target_skip_unavailable' from command line to 'False'
[6.886s] Level 5:colcon.colcon_core.verb:set package 'opencv_tools' build argument 'cmake_clean_cache' from command line to 'False'
[6.887s] Level 5:colcon.colcon_core.verb:set package 'opencv_tools' build argument 'cmake_clean_first' from command line to 'False'
[6.887s] Level 5:colcon.colcon_core.verb:set package 'opencv_tools' build argument 'cmake_force_configure' from command line to 'False'
[6.887s] Level 5:colcon.colcon_core.verb:set package 'opencv_tools' build argument 'ament_cmake_args' from command line to 'None'
[6.887s] Level 5:colcon.colcon_core.verb:set package 'opencv_tools' build argument 'catkin_cmake_args' from command line to 'None'
[6.887s] Level 5:colcon.colcon_core.verb:set package 'opencv_tools' build argument 'catkin_skip_building_tests' from command line to 'False'
[6.887s] DEBUG:colcon.colcon_core.verb:Building package 'opencv_tools' with the following arguments: {'ament_cmake_args': None, 'build_base': '/home/ed/ros2_ws/build/opencv_tools', 'catkin_cmake_args': None, 'catkin_skip_building_tests': False, 'cmake_args': None, 'cmake_clean_cache': False, 'cmake_clean_first': False, 'cmake_force_configure': False, 'cmake_target': None, 'cmake_target_skip_unavailable': False, 'install_base': '/home/ed/ros2_ws/install/opencv_tools', 'merge_install': False, 'path': '/home/ed/ros2_ws/src/opencv_tools', 'symlink_install': False, 'test_result_base': None}
[6.960s] Level 5:colcon.colcon_core.verb:set package 'smartcart_controller' build argument 'cmake_args' from command line to 'None'
[6.961s] Level 5:colcon.colcon_core.verb:set package 'smartcart_controller' build argument 'cmake_target' from command line to 'None'
[6.961s] Level 5:colcon.colcon_core.verb:set package 'smartcart_controller' build argument 'cmake_target_skip_unavailable' from command line to 'False'
[6.961s] Level 5:colcon.colcon_core.verb:set package 'smartcart_controller' build argument 'cmake_clean_cache' from command line to 'False'
[6.961s] Level 5:colcon.colcon_core.verb:set package 'smartcart_controller' build argument 'cmake_clean_first' from command line to 'False'
[6.961s] Level 5:colcon.colcon_core.verb:set package 'smartcart_controller' build argument 'cmake_force_configure' from command line to 'False'
[6.961s] Level 5:colcon.colcon_core.verb:set package 'smartcart_controller' build argument 'ament_cmake_args' from command line to 'None'
[6.961s] Level 5:colcon.colcon_core.verb:set package 'smartcart_controller' build argument 'catkin_cmake_args' from command line to 'None'
[6.961s] Level 5:colcon.colcon_core.verb:set package 'smartcart_controller' build argument 'catkin_skip_building_tests' from command line to 'False'
[6.962s] DEBUG:colcon.colcon_core.verb:Building package 'smartcart_controller' with the following arguments: {'ament_cmake_args': None, 'build_base': '/home/ed/ros2_ws/build/smartcart_controller', 'catkin_cmake_args': None, 'catkin_skip_building_tests': False, 'cmake_args': None, 'cmake_clean_cache': False, 'cmake_clean_first': False, 'cmake_force_configure': False, 'cmake_target': None, 'cmake_target_skip_unavailable': False, 'install_base': '/home/ed/ros2_ws/install/smartcart_controller', 'merge_install': False, 'path': '/home/ed/ros2_ws/src/smartcart_controller', 'symlink_install': False, 'test_result_base': None}
[7.034s] INFO:colcon.colcon_core.executor:Executing jobs using 'parallel' executor
[7.108s] DEBUG:colcon.colcon_parallel_executor.executor.parallel:run_until_complete
[7.109s] INFO:colcon.colcon_ros.task.ament_python.build:Building ROS package in '/home/ed/ros2_ws/src/opencv_tools' with build type 'ament_python'
[7.109s] Level 1:colcon.colcon_core.shell:create_environment_hook('opencv_tools', 'ament_prefix_path')
[7.196s] INFO:colcon.colcon_core.plugin_system:Skipping extension 'colcon_core.shell.bat': Not used on non-Windows systems
[7.197s] INFO:colcon.colcon_core.shell:Creating environment hook '/home/ed/ros2_ws/install/opencv_tools/share/opencv_tools/hook/ament_prefix_path.ps1'
[7.200s] INFO:colcon.colcon_core.shell:Creating environment descriptor '/home/ed/ros2_ws/install/opencv_tools/share/opencv_tools/hook/ament_prefix_path.dsv'
[7.202s] INFO:colcon.colcon_core.shell:Creating environment hook '/home/ed/ros2_ws/install/opencv_tools/share/opencv_tools/hook/ament_prefix_path.sh'
[7.292s] INFO:colcon.colcon_core.shell:Skip shell extension 'powershell' for command environment: Not usable outside of PowerShell
[7.293s] DEBUG:colcon.colcon_core.shell:Skip shell extension 'dsv' for command environment
[7.701s] INFO:colcon.colcon_ros.task.ament_python.build:Building ROS package in '/home/ed/ros2_ws/src/smartcart_controller' with build type 'ament_python'
[7.701s] Level 1:colcon.colcon_core.shell:create_environment_hook('smartcart_controller', 'ament_prefix_path')
[7.794s] INFO:colcon.colcon_core.shell:Creating environment hook '/home/ed/ros2_ws/install/smartcart_controller/share/smartcart_controller/hook/ament_prefix_path.ps1'
[7.797s] INFO:colcon.colcon_core.shell:Creating environment descriptor '/home/ed/ros2_ws/install/smartcart_controller/share/smartcart_controller/hook/ament_prefix_path.dsv'
[7.798s] INFO:colcon.colcon_core.shell:Creating environment hook '/home/ed/ros2_ws/install/smartcart_controller/share/smartcart_controller/hook/ament_prefix_path.sh'
[7.883s] INFO:colcon.colcon_core.shell:Skip shell extension 'powershell' for command environment: Not usable outside of PowerShell
[7.883s] DEBUG:colcon.colcon_core.shell:Skip shell extension 'dsv' for command environment
[9.682s] INFO:colcon.colcon_core.task.python.build:Building Python package in '/home/ed/ros2_ws/src/opencv_tools'
[9.758s] INFO:colcon.colcon_core.shell:Skip shell extension 'powershell' for command environment: Not usable outside of PowerShell
[9.758s] DEBUG:colcon.colcon_core.shell:Skip shell extension 'dsv' for command environment
[11.543s] INFO:colcon.colcon_core.task.python.build:Building Python package in '/home/ed/ros2_ws/src/smartcart_controller'
[11.620s] INFO:colcon.colcon_core.shell:Skip shell extension 'powershell' for command environment: Not usable outside of PowerShell
[11.620s] DEBUG:colcon.colcon_core.shell:Skip shell extension 'dsv' for command environment
[14.227s] DEBUG:colcon.colcon_core.event_handler.log_command:Invoking command in '/home/ed/ros2_ws/build/opencv_tools': PYTHONPATH=/home/ed/ros2_ws/build/opencv_tools/prefix_override:/home/ed/ros2_ws/install/opencv_tools/lib/python3.10/site-packages:${PYTHONPATH} /usr/bin/python3 setup.py develop --uninstall --editable --build-directory /home/ed/ros2_ws/build/opencv_tools/build
[14.233s] DEBUG:colcon.colcon_core.event_handler.log_command:Invoking command in '/home/ed/ros2_ws/build/smartcart_controller': PYTHONPATH=/home/ed/ros2_ws/build/smartcart_controller/prefix_override:/home/ed/ros2_ws/install/smartcart_controller/lib/python3.10/site-packages:${PYTHONPATH} /usr/bin/python3 setup.py develop --uninstall --editable --build-directory /home/ed/ros2_ws/build/smartcart_controller/build
[17.619s] DEBUG:colcon.colcon_core.event_handler.log_command:Invoked command in '/home/ed/ros2_ws/build/opencv_tools' returned '0': PYTHONPATH=/home/ed/ros2_ws/build/opencv_tools/prefix_override:/home/ed/ros2_ws/install/opencv_tools/lib/python3.10/site-packages:${PYTHONPATH} /usr/bin/python3 setup.py develop --uninstall --editable --build-directory /home/ed/ros2_ws/build/opencv_tools/build
[17.621s] DEBUG:colcon.colcon_core.event_handler.log_command:Invoking command in '/home/ed/ros2_ws/src/opencv_tools': PYTHONPATH=/home/ed/ros2_ws/build/opencv_tools/prefix_override:/home/ed/ros2_ws/install/opencv_tools/lib/python3.10/site-packages:${PYTHONPATH} /usr/bin/python3 setup.py egg_info --egg-base ../../build/opencv_tools build --build-base /home/ed/ros2_ws/build/opencv_tools/build install --record /home/ed/ros2_ws/build/opencv_tools/install.log --single-version-externally-managed
[17.628s] DEBUG:colcon.colcon_core.event_handler.log_command:Invoked command in '/home/ed/ros2_ws/build/smartcart_controller' returned '0': PYTHONPATH=/home/ed/ros2_ws/build/smartcart_controller/prefix_override:/home/ed/ros2_ws/install/smartcart_controller/lib/python3.10/site-packages:${PYTHONPATH} /usr/bin/python3 setup.py develop --uninstall --editable --build-directory /home/ed/ros2_ws/build/smartcart_controller/build
[17.635s] DEBUG:colcon.colcon_core.event_handler.log_command:Invoking command in '/home/ed/ros2_ws/src/smartcart_controller': PYTHONPATH=/home/ed/ros2_ws/build/smartcart_controller/prefix_override:/home/ed/ros2_ws/install/smartcart_controller/lib/python3.10/site-packages:${PYTHONPATH} /usr/bin/python3 setup.py egg_info --egg-base ../../build/smartcart_controller build --build-base /home/ed/ros2_ws/build/smartcart_controller/build install --record /home/ed/ros2_ws/build/smartcart_controller/install.log --single-version-externally-managed
[19.783s] DEBUG:colcon.colcon_core.event_handler.log_command:Invoked command in '/home/ed/ros2_ws/src/smartcart_controller' returned '0': PYTHONPATH=/home/ed/ros2_ws/build/smartcart_controller/prefix_override:/home/ed/ros2_ws/install/smartcart_controller/lib/python3.10/site-packages:${PYTHONPATH} /usr/bin/python3 setup.py egg_info --egg-base ../../build/smartcart_controller build --build-base /home/ed/ros2_ws/build/smartcart_controller/build install --record /home/ed/ros2_ws/build/smartcart_controller/install.log --single-version-externally-managed
[19.907s] Level 1:colcon.colcon_core.environment:checking '/home/ed/ros2_ws/install/smartcart_controller' for CMake module files
[19.910s] Level 1:colcon.colcon_core.environment:checking '/home/ed/ros2_ws/install/smartcart_controller' for CMake config files
[19.913s] Level 1:colcon.colcon_core.environment:checking '/home/ed/ros2_ws/install/smartcart_controller/lib'
[19.914s] Level 1:colcon.colcon_core.environment:checking '/home/ed/ros2_ws/install/smartcart_controller/bin'
[19.914s] Level 1:colcon.colcon_core.environment:checking '/home/ed/ros2_ws/install/smartcart_controller/lib/pkgconfig/smartcart_controller.pc'
[19.915s] Level 1:colcon.colcon_core.environment:checking '/home/ed/ros2_ws/install/smartcart_controller/lib/python3.10/site-packages'
[19.915s] Level 1:colcon.colcon_core.shell:create_environment_hook('smartcart_controller', 'pythonpath')
[20.002s] INFO:colcon.colcon_core.shell:Creating environment hook '/home/ed/ros2_ws/install/smartcart_controller/share/smartcart_controller/hook/pythonpath.ps1'
[20.008s] INFO:colcon.colcon_core.shell:Creating environment descriptor '/home/ed/ros2_ws/install/smartcart_controller/share/smartcart_controller/hook/pythonpath.dsv'
[20.010s] INFO:colcon.colcon_core.shell:Creating environment hook '/home/ed/ros2_ws/install/smartcart_controller/share/smartcart_controller/hook/pythonpath.sh'
[20.013s] Level 1:colcon.colcon_core.environment:checking '/home/ed/ros2_ws/install/smartcart_controller/bin'
[20.013s] Level 1:colcon.colcon_core.environment:create_environment_scripts_only(smartcart_controller)
[20.100s] INFO:colcon.colcon_core.shell:Creating package script '/home/ed/ros2_ws/install/smartcart_controller/share/smartcart_controller/package.ps1'
[20.116s] INFO:colcon.colcon_core.shell:Creating package descriptor '/home/ed/ros2_ws/install/smartcart_controller/share/smartcart_controller/package.dsv'
[20.122s] INFO:colcon.colcon_core.shell:Creating package script '/home/ed/ros2_ws/install/smartcart_controller/share/smartcart_controller/package.sh'
[20.127s] INFO:colcon.colcon_core.shell:Creating package script '/home/ed/ros2_ws/install/smartcart_controller/share/smartcart_controller/package.bash'
[20.131s] INFO:colcon.colcon_core.shell:Creating package script '/home/ed/ros2_ws/install/smartcart_controller/share/smartcart_controller/package.zsh'
[20.135s] Level 1:colcon.colcon_core.environment:create_file_with_runtime_dependencies(/home/ed/ros2_ws/install/smartcart_controller/share/colcon-core/packages/smartcart_controller)
[20.143s] DEBUG:colcon.colcon_core.event_handler.log_command:Invoked command in '/home/ed/ros2_ws/src/opencv_tools' returned '0': PYTHONPATH=/home/ed/ros2_ws/build/opencv_tools/prefix_override:/home/ed/ros2_ws/install/opencv_tools/lib/python3.10/site-packages:${PYTHONPATH} /usr/bin/python3 setup.py egg_info --egg-base ../../build/opencv_tools build --build-base /home/ed/ros2_ws/build/opencv_tools/build install --record /home/ed/ros2_ws/build/opencv_tools/install.log --single-version-externally-managed
[20.239s] Level 1:colcon.colcon_core.environment:checking '/home/ed/ros2_ws/install/opencv_tools' for CMake module files
[20.241s] Level 1:colcon.colcon_core.environment:checking '/home/ed/ros2_ws/install/opencv_tools' for CMake config files
[20.247s] Level 1:colcon.colcon_core.environment:checking '/home/ed/ros2_ws/install/opencv_tools/lib'
[20.247s] Level 1:colcon.colcon_core.environment:checking '/home/ed/ros2_ws/install/opencv_tools/bin'
[20.248s] Level 1:colcon.colcon_core.environment:checking '/home/ed/ros2_ws/install/opencv_tools/lib/pkgconfig/opencv_tools.pc'
[20.249s] Level 1:colcon.colcon_core.environment:checking '/home/ed/ros2_ws/install/opencv_tools/lib/python3.10/site-packages'
[20.249s] Level 1:colcon.colcon_core.shell:create_environment_hook('opencv_tools', 'pythonpath')
[20.330s] INFO:colcon.colcon_core.shell:Creating environment hook '/home/ed/ros2_ws/install/opencv_tools/share/opencv_tools/hook/pythonpath.ps1'
[20.332s] INFO:colcon.colcon_core.shell:Creating environment descriptor '/home/ed/ros2_ws/install/opencv_tools/share/opencv_tools/hook/pythonpath.dsv'
[20.333s] INFO:colcon.colcon_core.shell:Creating environment hook '/home/ed/ros2_ws/install/opencv_tools/share/opencv_tools/hook/pythonpath.sh'
[20.336s] Level 1:colcon.colcon_core.environment:checking '/home/ed/ros2_ws/install/opencv_tools/bin'
[20.337s] Level 1:colcon.colcon_core.environment:create_environment_scripts_only(opencv_tools)
[20.416s] INFO:colcon.colcon_core.shell:Creating package script '/home/ed/ros2_ws/install/opencv_tools/share/opencv_tools/package.ps1'
[20.419s] INFO:colcon.colcon_core.shell:Creating package descriptor '/home/ed/ros2_ws/install/opencv_tools/share/opencv_tools/package.dsv'
[20.421s] INFO:colcon.colcon_core.shell:Creating package script '/home/ed/ros2_ws/install/opencv_tools/share/opencv_tools/package.sh'
[20.423s] INFO:colcon.colcon_core.shell:Creating package script '/home/ed/ros2_ws/install/opencv_tools/share/opencv_tools/package.bash'
[20.425s] INFO:colcon.colcon_core.shell:Creating package script '/home/ed/ros2_ws/install/opencv_tools/share/opencv_tools/package.zsh'
[20.426s] Level 1:colcon.colcon_core.environment:create_file_with_runtime_dependencies(/home/ed/ros2_ws/install/opencv_tools/share/colcon-core/packages/opencv_tools)
[20.428s] DEBUG:colcon.colcon_parallel_executor.executor.parallel:closing loop
[20.429s] DEBUG:colcon.colcon_parallel_executor.executor.parallel:loop closed
[20.430s] DEBUG:colcon.colcon_parallel_executor.executor.parallel:run_until_complete finished with '0'
[20.430s] DEBUG:colcon.colcon_core.event_reactor:joining thread
[20.550s] INFO:colcon.colcon_core.plugin_system:Skipping extension 'colcon_notification.desktop_notification.terminal_notifier': Not used on non-Darwin systems
[20.550s] INFO:colcon.colcon_core.plugin_system:Skipping extension 'colcon_notification.desktop_notification.win32': Not used on non-Windows systems
[20.550s] INFO:colcon.colcon_notification.desktop_notification:Sending desktop notification using 'notify2'
[20.605s] DEBUG:colcon.colcon_core.event_reactor:joined thread
[20.717s] INFO:colcon.colcon_core.shell:Creating prefix script '/home/ed/ros2_ws/install/local_setup.ps1'
[20.722s] INFO:colcon.colcon_core.shell:Creating prefix util module '/home/ed/ros2_ws/install/_local_setup_util_ps1.py'
[20.729s] INFO:colcon.colcon_core.shell:Creating prefix chain script '/home/ed/ros2_ws/install/setup.ps1'
[20.836s] INFO:colcon.colcon_core.shell:Creating prefix script '/home/ed/ros2_ws/install/local_setup.sh'
[20.839s] INFO:colcon.colcon_core.shell:Creating prefix util module '/home/ed/ros2_ws/install/_local_setup_util_sh.py'
[20.841s] INFO:colcon.colcon_core.shell:Creating prefix chain script '/home/ed/ros2_ws/install/setup.sh'
[20.919s] INFO:colcon.colcon_core.shell:Creating prefix script '/home/ed/ros2_ws/install/local_setup.bash'
[20.922s] INFO:colcon.colcon_core.shell:Creating prefix chain script '/home/ed/ros2_ws/install/setup.bash'
[20.996s] INFO:colcon.colcon_core.shell:Creating prefix script '/home/ed/ros2_ws/install/local_setup.zsh'
[20.999s] INFO:colcon.colcon_core.shell:Creating prefix chain script '/home/ed/ros2_ws/install/setup.zsh'
