[5.538s] DEBUG:colcon:Command line arguments: ['/usr/bin/colcon', 'build']
[5.538s] DEBUG:colcon:Parsed command line arguments: Namespace(log_base=None, log_level=None, verb_name='build', build_base='build', install_base='install', merge_install=False, symlink_install=False, test_result_base=None, continue_on_error=False, executor='parallel', parallel_workers=4, event_handlers=None, ignore_user_meta=False, metas=['./colcon.meta'], base_paths=['.'], packages_ignore=None, packages_ignore_regex=None, paths=None, packages_up_to=None, packages_up_to_regex=None, packages_above=None, packages_above_and_dependencies=None, packages_above_depth=None, packages_select_by_dep=None, packages_skip_by_dep=None, packages_skip_up_to=None, packages_select_build_failed=False, packages_skip_build_finished=False, packages_select_test_failures=False, packages_skip_test_passed=False, packages_select=None, packages_skip=None, packages_select_regex=None, packages_skip_regex=None, packages_start=None, packages_end=None, allow_overriding=[], cmake_args=None, cmake_target=None, cmake_target_skip_unavailable=False, cmake_clean_cache=False, cmake_clean_first=False, cmake_force_configure=False, ament_cmake_args=None, catkin_cmake_args=None, catkin_skip_building_tests=False, verb_parser=<colcon_defaults.argument_parser.defaults.DefaultArgumentsDecorator object at 0xffffb1f63fa0>, verb_extension=<colcon_core.verb.build.BuildVerb object at 0xffffb23ad5d0>, main=<bound method BuildVerb.main of <colcon_core.verb.build.BuildVerb object at 0xffffb23ad5d0>>)
[5.767s] Level 1:colcon.colcon_core.package_discovery:discover_packages(colcon_meta) check parameters
[5.768s] Level 1:colcon.colcon_core.package_discovery:discover_packages(recursive) check parameters
[5.768s] Level 1:colcon.colcon_core.package_discovery:discover_packages(ignore) check parameters
[5.768s] Level 1:colcon.colcon_core.package_discovery:discover_packages(path) check parameters
[5.768s] Level 1:colcon.colcon_core.package_discovery:discover_packages(colcon_meta) discover
[5.768s] Level 1:colcon.colcon_core.package_discovery:discover_packages(recursive) discover
[5.768s] INFO:colcon.colcon_core.package_discovery:Crawling recursively for packages in '/home/ed/ros2_ws/src'
[5.769s] Level 1:colcon.colcon_core.package_identification:_identify(.) by extensions ['ignore', 'ignore_ament_install']
[5.769s] Level 1:colcon.colcon_core.package_identification:_identify(.) by extension 'ignore'
[5.770s] Level 1:colcon.colcon_core.package_identification:_identify(.) by extension 'ignore_ament_install'
[5.770s] Level 1:colcon.colcon_core.package_identification:_identify(.) by extensions ['colcon_pkg']
[5.770s] Level 1:colcon.colcon_core.package_identification:_identify(.) by extension 'colcon_pkg'
[5.770s] Level 1:colcon.colcon_core.package_identification:_identify(.) by extensions ['colcon_meta']
[5.771s] Level 1:colcon.colcon_core.package_identification:_identify(.) by extension 'colcon_meta'
[5.771s] Level 1:colcon.colcon_core.package_identification:_identify(.) by extensions ['ros']
[5.771s] Level 1:colcon.colcon_core.package_identification:_identify(.) by extension 'ros'
[5.818s] Level 1:colcon.colcon_core.package_identification:_identify(.) by extensions ['cmake', 'python']
[5.819s] Level 1:colcon.colcon_core.package_identification:_identify(.) by extension 'cmake'
[5.819s] Level 1:colcon.colcon_core.package_identification:_identify(.) by extension 'python'
[5.819s] Level 1:colcon.colcon_core.package_identification:_identify(.) by extensions ['python_setup_py']
[5.819s] Level 1:colcon.colcon_core.package_identification:_identify(.) by extension 'python_setup_py'
[5.820s] Level 1:colcon.colcon_core.package_identification:_identify(build) by extensions ['ignore', 'ignore_ament_install']
[5.820s] Level 1:colcon.colcon_core.package_identification:_identify(build) by extension 'ignore'
[5.820s] Level 1:colcon.colcon_core.package_identification:_identify(build) ignored
[5.821s] Level 1:colcon.colcon_core.package_identification:_identify(install) by extensions ['ignore', 'ignore_ament_install']
[5.821s] Level 1:colcon.colcon_core.package_identification:_identify(install) by extension 'ignore'
[5.821s] Level 1:colcon.colcon_core.package_identification:_identify(install) ignored
[5.822s] Level 1:colcon.colcon_core.package_identification:_identify(log) by extensions ['ignore', 'ignore_ament_install']
[5.822s] Level 1:colcon.colcon_core.package_identification:_identify(log) by extension 'ignore'
[5.822s] Level 1:colcon.colcon_core.package_identification:_identify(log) ignored
[5.823s] Level 1:colcon.colcon_core.package_identification:_identify(opencv_tools) by extensions ['ignore', 'ignore_ament_install']
[5.823s] Level 1:colcon.colcon_core.package_identification:_identify(opencv_tools) by extension 'ignore'
[5.823s] Level 1:colcon.colcon_core.package_identification:_identify(opencv_tools) by extension 'ignore_ament_install'
[5.824s] Level 1:colcon.colcon_core.package_identification:_identify(opencv_tools) by extensions ['colcon_pkg']
[5.824s] Level 1:colcon.colcon_core.package_identification:_identify(opencv_tools) by extension 'colcon_pkg'
[5.824s] Level 1:colcon.colcon_core.package_identification:_identify(opencv_tools) by extensions ['colcon_meta']
[5.824s] Level 1:colcon.colcon_core.package_identification:_identify(opencv_tools) by extension 'colcon_meta'
[5.824s] Level 1:colcon.colcon_core.package_identification:_identify(opencv_tools) by extensions ['ros']
[5.824s] Level 1:colcon.colcon_core.package_identification:_identify(opencv_tools) by extension 'ros'
[5.838s] DEBUG:colcon.colcon_core.package_identification:Package 'opencv_tools' with type 'ros.ament_python' and name 'opencv_tools'
[5.839s] Level 1:colcon.colcon_core.package_identification:_identify(smartcart_controller) by extensions ['ignore', 'ignore_ament_install']
[5.839s] Level 1:colcon.colcon_core.package_identification:_identify(smartcart_controller) by extension 'ignore'
[5.839s] Level 1:colcon.colcon_core.package_identification:_identify(smartcart_controller) by extension 'ignore_ament_install'
[5.839s] Level 1:colcon.colcon_core.package_identification:_identify(smartcart_controller) by extensions ['colcon_pkg']
[5.839s] Level 1:colcon.colcon_core.package_identification:_identify(smartcart_controller) by extension 'colcon_pkg'
[5.840s] Level 1:colcon.colcon_core.package_identification:_identify(smartcart_controller) by extensions ['colcon_meta']
[5.840s] Level 1:colcon.colcon_core.package_identification:_identify(smartcart_controller) by extension 'colcon_meta'
[5.840s] Level 1:colcon.colcon_core.package_identification:_identify(smartcart_controller) by extensions ['ros']
[5.840s] Level 1:colcon.colcon_core.package_identification:_identify(smartcart_controller) by extension 'ros'
[5.842s] DEBUG:colcon.colcon_core.package_identification:Package 'smartcart_controller' with type 'ros.ament_python' and name 'smartcart_controller'
[5.843s] Level 1:colcon.colcon_core.package_identification:_identify(test) by extensions ['ignore', 'ignore_ament_install']
[5.843s] Level 1:colcon.colcon_core.package_identification:_identify(test) by extension 'ignore'
[5.843s] Level 1:colcon.colcon_core.package_identification:_identify(test) by extension 'ignore_ament_install'
[5.843s] Level 1:colcon.colcon_core.package_identification:_identify(test) by extensions ['colcon_pkg']
[5.844s] Level 1:colcon.colcon_core.package_identification:_identify(test) by extension 'colcon_pkg'
[5.844s] Level 1:colcon.colcon_core.package_identification:_identify(test) by extensions ['colcon_meta']
[5.844s] Level 1:colcon.colcon_core.package_identification:_identify(test) by extension 'colcon_meta'
[5.844s] Level 1:colcon.colcon_core.package_identification:_identify(test) by extensions ['ros']
[5.844s] Level 1:colcon.colcon_core.package_identification:_identify(test) by extension 'ros'
[5.844s] Level 1:colcon.colcon_core.package_identification:_identify(test) by extensions ['cmake', 'python']
[5.845s] Level 1:colcon.colcon_core.package_identification:_identify(test) by extension 'cmake'
[5.845s] Level 1:colcon.colcon_core.package_identification:_identify(test) by extension 'python'
[5.845s] Level 1:colcon.colcon_core.package_identification:_identify(test) by extensions ['python_setup_py']
[5.845s] Level 1:colcon.colcon_core.package_identification:_identify(test) by extension 'python_setup_py'
[5.845s] Level 1:colcon.colcon_core.package_discovery:discover_packages(recursive) using defaults
[5.845s] Level 1:colcon.colcon_core.package_discovery:discover_packages(ignore) discover
[5.846s] Level 1:colcon.colcon_core.package_discovery:discover_packages(ignore) using defaults
[5.846s] Level 1:colcon.colcon_core.package_discovery:discover_packages(path) discover
[5.846s] Level 1:colcon.colcon_core.package_discovery:discover_packages(path) using defaults
[6.290s] Level 1:colcon.colcon_core.package_discovery:discover_packages(prefix_path) check parameters
[6.290s] Level 1:colcon.colcon_core.package_discovery:discover_packages(prefix_path) discover
[6.454s] DEBUG:colcon.colcon_installed_package_information.package_discovery:Found 3 installed packages in /home/ed/ros2_ws/src/install
[6.527s] DEBUG:colcon.colcon_installed_package_information.package_discovery:Found 2 installed packages in /home/ed/ros2_workspace/install
[6.642s] DEBUG:colcon.colcon_installed_package_information.package_discovery:Found 3 installed packages in /home/ed/ros2_ws/install
[6.725s] DEBUG:colcon.colcon_installed_package_information.package_discovery:Found 277 installed packages in /opt/ros/humble
[6.732s] Level 1:colcon.colcon_core.package_discovery:discover_packages(prefix_path) using defaults
[7.171s] Level 5:colcon.colcon_core.verb:set package 'opencv_tools' build argument 'cmake_args' from command line to 'None'
[7.171s] Level 5:colcon.colcon_core.verb:set package 'opencv_tools' build argument 'cmake_target' from command line to 'None'
[7.172s] Level 5:colcon.colcon_core.verb:set package 'opencv_tools' build argument 'cmake_target_skip_unavailable' from command line to 'False'
[7.172s] Level 5:colcon.colcon_core.verb:set package 'opencv_tools' build argument 'cmake_clean_cache' from command line to 'False'
[7.172s] Level 5:colcon.colcon_core.verb:set package 'opencv_tools' build argument 'cmake_clean_first' from command line to 'False'
[7.172s] Level 5:colcon.colcon_core.verb:set package 'opencv_tools' build argument 'cmake_force_configure' from command line to 'False'
[7.172s] Level 5:colcon.colcon_core.verb:set package 'opencv_tools' build argument 'ament_cmake_args' from command line to 'None'
[7.172s] Level 5:colcon.colcon_core.verb:set package 'opencv_tools' build argument 'catkin_cmake_args' from command line to 'None'
[7.172s] Level 5:colcon.colcon_core.verb:set package 'opencv_tools' build argument 'catkin_skip_building_tests' from command line to 'False'
[7.172s] DEBUG:colcon.colcon_core.verb:Building package 'opencv_tools' with the following arguments: {'ament_cmake_args': None, 'build_base': '/home/ed/ros2_ws/src/build/opencv_tools', 'catkin_cmake_args': None, 'catkin_skip_building_tests': False, 'cmake_args': None, 'cmake_clean_cache': False, 'cmake_clean_first': False, 'cmake_force_configure': False, 'cmake_target': None, 'cmake_target_skip_unavailable': False, 'install_base': '/home/ed/ros2_ws/src/install/opencv_tools', 'merge_install': False, 'path': '/home/ed/ros2_ws/src/opencv_tools', 'symlink_install': False, 'test_result_base': None}
[7.249s] Level 5:colcon.colcon_core.verb:set package 'smartcart_controller' build argument 'cmake_args' from command line to 'None'
[7.249s] Level 5:colcon.colcon_core.verb:set package 'smartcart_controller' build argument 'cmake_target' from command line to 'None'
[7.249s] Level 5:colcon.colcon_core.verb:set package 'smartcart_controller' build argument 'cmake_target_skip_unavailable' from command line to 'False'
[7.249s] Level 5:colcon.colcon_core.verb:set package 'smartcart_controller' build argument 'cmake_clean_cache' from command line to 'False'
[7.249s] Level 5:colcon.colcon_core.verb:set package 'smartcart_controller' build argument 'cmake_clean_first' from command line to 'False'
[7.250s] Level 5:colcon.colcon_core.verb:set package 'smartcart_controller' build argument 'cmake_force_configure' from command line to 'False'
[7.250s] Level 5:colcon.colcon_core.verb:set package 'smartcart_controller' build argument 'ament_cmake_args' from command line to 'None'
[7.250s] Level 5:colcon.colcon_core.verb:set package 'smartcart_controller' build argument 'catkin_cmake_args' from command line to 'None'
[7.250s] Level 5:colcon.colcon_core.verb:set package 'smartcart_controller' build argument 'catkin_skip_building_tests' from command line to 'False'
[7.250s] DEBUG:colcon.colcon_core.verb:Building package 'smartcart_controller' with the following arguments: {'ament_cmake_args': None, 'build_base': '/home/ed/ros2_ws/src/build/smartcart_controller', 'catkin_cmake_args': None, 'catkin_skip_building_tests': False, 'cmake_args': None, 'cmake_clean_cache': False, 'cmake_clean_first': False, 'cmake_force_configure': False, 'cmake_target': None, 'cmake_target_skip_unavailable': False, 'install_base': '/home/ed/ros2_ws/src/install/smartcart_controller', 'merge_install': False, 'path': '/home/ed/ros2_ws/src/smartcart_controller', 'symlink_install': False, 'test_result_base': None}
[7.321s] INFO:colcon.colcon_core.executor:Executing jobs using 'parallel' executor
[7.395s] DEBUG:colcon.colcon_parallel_executor.executor.parallel:run_until_complete
[7.396s] INFO:colcon.colcon_ros.task.ament_python.build:Building ROS package in '/home/ed/ros2_ws/src/opencv_tools' with build type 'ament_python'
[7.397s] Level 1:colcon.colcon_core.shell:create_environment_hook('opencv_tools', 'ament_prefix_path')
[7.499s] INFO:colcon.colcon_core.plugin_system:Skipping extension 'colcon_core.shell.bat': Not used on non-Windows systems
[7.500s] INFO:colcon.colcon_core.shell:Creating environment hook '/home/ed/ros2_ws/src/install/opencv_tools/share/opencv_tools/hook/ament_prefix_path.ps1'
[7.503s] INFO:colcon.colcon_core.shell:Creating environment descriptor '/home/ed/ros2_ws/src/install/opencv_tools/share/opencv_tools/hook/ament_prefix_path.dsv'
[7.505s] INFO:colcon.colcon_core.shell:Creating environment hook '/home/ed/ros2_ws/src/install/opencv_tools/share/opencv_tools/hook/ament_prefix_path.sh'
[7.597s] INFO:colcon.colcon_core.shell:Skip shell extension 'powershell' for command environment: Not usable outside of PowerShell
[7.597s] DEBUG:colcon.colcon_core.shell:Skip shell extension 'dsv' for command environment
[8.012s] INFO:colcon.colcon_ros.task.ament_python.build:Building ROS package in '/home/ed/ros2_ws/src/smartcart_controller' with build type 'ament_python'
[8.013s] Level 1:colcon.colcon_core.shell:create_environment_hook('smartcart_controller', 'ament_prefix_path')
[8.108s] INFO:colcon.colcon_core.shell:Creating environment hook '/home/ed/ros2_ws/src/install/smartcart_controller/share/smartcart_controller/hook/ament_prefix_path.ps1'
[8.110s] INFO:colcon.colcon_core.shell:Creating environment descriptor '/home/ed/ros2_ws/src/install/smartcart_controller/share/smartcart_controller/hook/ament_prefix_path.dsv'
[8.112s] INFO:colcon.colcon_core.shell:Creating environment hook '/home/ed/ros2_ws/src/install/smartcart_controller/share/smartcart_controller/hook/ament_prefix_path.sh'
[8.209s] INFO:colcon.colcon_core.shell:Skip shell extension 'powershell' for command environment: Not usable outside of PowerShell
[8.211s] DEBUG:colcon.colcon_core.shell:Skip shell extension 'dsv' for command environment
[10.067s] INFO:colcon.colcon_core.task.python.build:Building Python package in '/home/ed/ros2_ws/src/opencv_tools'
[10.150s] INFO:colcon.colcon_core.shell:Skip shell extension 'powershell' for command environment: Not usable outside of PowerShell
[10.150s] DEBUG:colcon.colcon_core.shell:Skip shell extension 'dsv' for command environment
[12.005s] INFO:colcon.colcon_core.task.python.build:Building Python package in '/home/ed/ros2_ws/src/smartcart_controller'
[12.082s] INFO:colcon.colcon_core.shell:Skip shell extension 'powershell' for command environment: Not usable outside of PowerShell
[12.083s] DEBUG:colcon.colcon_core.shell:Skip shell extension 'dsv' for command environment
[14.731s] DEBUG:colcon.colcon_core.event_handler.log_command:Invoking command in '/home/ed/ros2_ws/src/opencv_tools': PYTHONPATH=/home/ed/ros2_ws/src/build/opencv_tools/prefix_override:/home/ed/ros2_ws/src/install/opencv_tools/lib/python3.10/site-packages:${PYTHONPATH} /usr/bin/python3 setup.py egg_info --egg-base ../build/opencv_tools build --build-base /home/ed/ros2_ws/src/build/opencv_tools/build install --record /home/ed/ros2_ws/src/build/opencv_tools/install.log --single-version-externally-managed
[14.760s] DEBUG:colcon.colcon_core.event_handler.log_command:Invoking command in '/home/ed/ros2_ws/src/smartcart_controller': PYTHONPATH=/home/ed/ros2_ws/src/build/smartcart_controller/prefix_override:/home/ed/ros2_ws/src/install/smartcart_controller/lib/python3.10/site-packages:${PYTHONPATH} /usr/bin/python3 setup.py egg_info --egg-base ../build/smartcart_controller build --build-base /home/ed/ros2_ws/src/build/smartcart_controller/build install --record /home/ed/ros2_ws/src/build/smartcart_controller/install.log --single-version-externally-managed
[16.683s] DEBUG:colcon.colcon_core.event_handler.log_command:Invoked command in '/home/ed/ros2_ws/src/opencv_tools' returned '0': PYTHONPATH=/home/ed/ros2_ws/src/build/opencv_tools/prefix_override:/home/ed/ros2_ws/src/install/opencv_tools/lib/python3.10/site-packages:${PYTHONPATH} /usr/bin/python3 setup.py egg_info --egg-base ../build/opencv_tools build --build-base /home/ed/ros2_ws/src/build/opencv_tools/build install --record /home/ed/ros2_ws/src/build/opencv_tools/install.log --single-version-externally-managed
[16.776s] Level 1:colcon.colcon_core.environment:checking '/home/ed/ros2_ws/src/install/opencv_tools' for CMake module files
[16.779s] Level 1:colcon.colcon_core.environment:checking '/home/ed/ros2_ws/src/install/opencv_tools' for CMake config files
[16.783s] Level 1:colcon.colcon_core.environment:checking '/home/ed/ros2_ws/src/install/opencv_tools/lib'
[16.784s] Level 1:colcon.colcon_core.environment:checking '/home/ed/ros2_ws/src/install/opencv_tools/bin'
[16.784s] Level 1:colcon.colcon_core.environment:checking '/home/ed/ros2_ws/src/install/opencv_tools/lib/pkgconfig/opencv_tools.pc'
[16.785s] Level 1:colcon.colcon_core.environment:checking '/home/ed/ros2_ws/src/install/opencv_tools/lib/python3.10/site-packages'
[16.785s] Level 1:colcon.colcon_core.shell:create_environment_hook('opencv_tools', 'pythonpath')
[16.861s] INFO:colcon.colcon_core.shell:Creating environment hook '/home/ed/ros2_ws/src/install/opencv_tools/share/opencv_tools/hook/pythonpath.ps1'
[16.864s] INFO:colcon.colcon_core.shell:Creating environment descriptor '/home/ed/ros2_ws/src/install/opencv_tools/share/opencv_tools/hook/pythonpath.dsv'
[16.865s] INFO:colcon.colcon_core.shell:Creating environment hook '/home/ed/ros2_ws/src/install/opencv_tools/share/opencv_tools/hook/pythonpath.sh'
[16.868s] Level 1:colcon.colcon_core.environment:checking '/home/ed/ros2_ws/src/install/opencv_tools/bin'
[16.869s] Level 1:colcon.colcon_core.environment:create_environment_scripts_only(opencv_tools)
[16.968s] INFO:colcon.colcon_core.shell:Creating package script '/home/ed/ros2_ws/src/install/opencv_tools/share/opencv_tools/package.ps1'
[16.972s] INFO:colcon.colcon_core.shell:Creating package descriptor '/home/ed/ros2_ws/src/install/opencv_tools/share/opencv_tools/package.dsv'
[16.974s] INFO:colcon.colcon_core.shell:Creating package script '/home/ed/ros2_ws/src/install/opencv_tools/share/opencv_tools/package.sh'
[16.978s] INFO:colcon.colcon_core.shell:Creating package script '/home/ed/ros2_ws/src/install/opencv_tools/share/opencv_tools/package.bash'
[16.983s] INFO:colcon.colcon_core.shell:Creating package script '/home/ed/ros2_ws/src/install/opencv_tools/share/opencv_tools/package.zsh'
[16.986s] Level 1:colcon.colcon_core.environment:create_file_with_runtime_dependencies(/home/ed/ros2_ws/src/install/opencv_tools/share/colcon-core/packages/opencv_tools)
[16.993s] DEBUG:colcon.colcon_core.event_handler.log_command:Invoked command in '/home/ed/ros2_ws/src/smartcart_controller' returned '0': PYTHONPATH=/home/ed/ros2_ws/src/build/smartcart_controller/prefix_override:/home/ed/ros2_ws/src/install/smartcart_controller/lib/python3.10/site-packages:${PYTHONPATH} /usr/bin/python3 setup.py egg_info --egg-base ../build/smartcart_controller build --build-base /home/ed/ros2_ws/src/build/smartcart_controller/build install --record /home/ed/ros2_ws/src/build/smartcart_controller/install.log --single-version-externally-managed
[17.080s] Level 1:colcon.colcon_core.environment:checking '/home/ed/ros2_ws/src/install/smartcart_controller' for CMake module files
[17.083s] Level 1:colcon.colcon_core.environment:checking '/home/ed/ros2_ws/src/install/smartcart_controller' for CMake config files
[17.086s] Level 1:colcon.colcon_core.environment:checking '/home/ed/ros2_ws/src/install/smartcart_controller/lib'
[17.087s] Level 1:colcon.colcon_core.environment:checking '/home/ed/ros2_ws/src/install/smartcart_controller/bin'
[17.087s] Level 1:colcon.colcon_core.environment:checking '/home/ed/ros2_ws/src/install/smartcart_controller/lib/pkgconfig/smartcart_controller.pc'
[17.088s] Level 1:colcon.colcon_core.environment:checking '/home/ed/ros2_ws/src/install/smartcart_controller/lib/python3.10/site-packages'
[17.088s] Level 1:colcon.colcon_core.shell:create_environment_hook('smartcart_controller', 'pythonpath')
[17.170s] INFO:colcon.colcon_core.shell:Creating environment hook '/home/ed/ros2_ws/src/install/smartcart_controller/share/smartcart_controller/hook/pythonpath.ps1'
[17.172s] INFO:colcon.colcon_core.shell:Creating environment descriptor '/home/ed/ros2_ws/src/install/smartcart_controller/share/smartcart_controller/hook/pythonpath.dsv'
[17.174s] INFO:colcon.colcon_core.shell:Creating environment hook '/home/ed/ros2_ws/src/install/smartcart_controller/share/smartcart_controller/hook/pythonpath.sh'
[17.177s] Level 1:colcon.colcon_core.environment:checking '/home/ed/ros2_ws/src/install/smartcart_controller/bin'
[17.177s] Level 1:colcon.colcon_core.environment:create_environment_scripts_only(smartcart_controller)
[17.260s] INFO:colcon.colcon_core.shell:Creating package script '/home/ed/ros2_ws/src/install/smartcart_controller/share/smartcart_controller/package.ps1'
[17.262s] INFO:colcon.colcon_core.shell:Creating package descriptor '/home/ed/ros2_ws/src/install/smartcart_controller/share/smartcart_controller/package.dsv'
[17.264s] INFO:colcon.colcon_core.shell:Creating package script '/home/ed/ros2_ws/src/install/smartcart_controller/share/smartcart_controller/package.sh'
[17.267s] INFO:colcon.colcon_core.shell:Creating package script '/home/ed/ros2_ws/src/install/smartcart_controller/share/smartcart_controller/package.bash'
[17.268s] INFO:colcon.colcon_core.shell:Creating package script '/home/ed/ros2_ws/src/install/smartcart_controller/share/smartcart_controller/package.zsh'
[17.270s] Level 1:colcon.colcon_core.environment:create_file_with_runtime_dependencies(/home/ed/ros2_ws/src/install/smartcart_controller/share/colcon-core/packages/smartcart_controller)
[17.272s] DEBUG:colcon.colcon_parallel_executor.executor.parallel:closing loop
[17.273s] DEBUG:colcon.colcon_parallel_executor.executor.parallel:loop closed
[17.273s] DEBUG:colcon.colcon_parallel_executor.executor.parallel:run_until_complete finished with '0'
[17.274s] DEBUG:colcon.colcon_core.event_reactor:joining thread
[17.385s] INFO:colcon.colcon_core.plugin_system:Skipping extension 'colcon_notification.desktop_notification.terminal_notifier': Not used on non-Darwin systems
[17.385s] INFO:colcon.colcon_core.plugin_system:Skipping extension 'colcon_notification.desktop_notification.win32': Not used on non-Windows systems
[17.385s] INFO:colcon.colcon_notification.desktop_notification:Sending desktop notification using 'notify2'
[17.436s] DEBUG:colcon.colcon_core.event_reactor:joined thread
[17.562s] INFO:colcon.colcon_core.shell:Creating prefix script '/home/ed/ros2_ws/src/install/local_setup.ps1'
[17.567s] INFO:colcon.colcon_core.shell:Creating prefix util module '/home/ed/ros2_ws/src/install/_local_setup_util_ps1.py'
[17.575s] INFO:colcon.colcon_core.shell:Creating prefix chain script '/home/ed/ros2_ws/src/install/setup.ps1'
[17.681s] INFO:colcon.colcon_core.shell:Creating prefix script '/home/ed/ros2_ws/src/install/local_setup.sh'
[17.684s] INFO:colcon.colcon_core.shell:Creating prefix util module '/home/ed/ros2_ws/src/install/_local_setup_util_sh.py'
[17.686s] INFO:colcon.colcon_core.shell:Creating prefix chain script '/home/ed/ros2_ws/src/install/setup.sh'
[17.773s] INFO:colcon.colcon_core.shell:Creating prefix script '/home/ed/ros2_ws/src/install/local_setup.bash'
[17.775s] INFO:colcon.colcon_core.shell:Creating prefix chain script '/home/ed/ros2_ws/src/install/setup.bash'
[17.854s] INFO:colcon.colcon_core.shell:Creating prefix script '/home/ed/ros2_ws/src/install/local_setup.zsh'
[17.857s] INFO:colcon.colcon_core.shell:Creating prefix chain script '/home/ed/ros2_ws/src/install/setup.zsh'
