[22.158s] Invoking command in '/home/ed/ros2_ws/src/opencv_tools': PYTHONPATH=/home/ed/ros2_ws/build/opencv_tools/prefix_override:/home/ed/ros2_ws/install/opencv_tools/lib/python3.10/site-packages:${PYTHONPATH} /usr/bin/python3 setup.py egg_info --egg-base ../../build/opencv_tools build --build-base /home/ed/ros2_ws/build/opencv_tools/build install --record /home/ed/ros2_ws/build/opencv_tools/install.log --single-version-externally-managed
[25.657s] running egg_info
[25.660s] writing ../../build/opencv_tools/opencv_tools.egg-info/PKG-INFO
[25.667s] writing dependency_links to ../../build/opencv_tools/opencv_tools.egg-info/dependency_links.txt
[25.668s] writing entry points to ../../build/opencv_tools/opencv_tools.egg-info/entry_points.txt
[25.670s] writing requirements to ../../build/opencv_tools/opencv_tools.egg-info/requires.txt
[25.671s] writing top-level names to ../../build/opencv_tools/opencv_tools.egg-info/top_level.txt
[25.686s] reading manifest file '../../build/opencv_tools/opencv_tools.egg-info/SOURCES.txt'
[25.695s] writing manifest file '../../build/opencv_tools/opencv_tools.egg-info/SOURCES.txt'
[25.697s] running build
[25.698s] running build_py
[25.705s] copying opencv_tools/tensor_image_publisher.py -> /home/ed/ros2_ws/build/opencv_tools/build/lib/opencv_tools
[25.710s] running install
[25.717s] running install_lib
[25.724s] copying /home/ed/ros2_ws/build/opencv_tools/build/lib/opencv_tools/tensor_image_publisher.py -> /home/ed/ros2_ws/install/opencv_tools/lib/python3.10/site-packages/opencv_tools
[25.730s] byte-compiling /home/ed/ros2_ws/install/opencv_tools/lib/python3.10/site-packages/opencv_tools/tensor_image_publisher.py to tensor_image_publisher.cpython-310.pyc
[25.744s] running install_data
[25.752s] running install_egg_info
[25.771s] removing '/home/ed/ros2_ws/install/opencv_tools/lib/python3.10/site-packages/opencv_tools-0.0.0-py3.10.egg-info' (and everything under it)
[25.772s] Copying ../../build/opencv_tools/opencv_tools.egg-info to /home/ed/ros2_ws/install/opencv_tools/lib/python3.10/site-packages/opencv_tools-0.0.0-py3.10.egg-info
[25.783s] running install_scripts
[25.953s] Installing img_publisher script to /home/ed/ros2_ws/install/opencv_tools/lib/opencv_tools
[25.956s] Installing img_subscriber script to /home/ed/ros2_ws/install/opencv_tools/lib/opencv_tools
[25.963s] Installing tensor_img_publisher script to /home/ed/ros2_ws/install/opencv_tools/lib/opencv_tools
[25.966s] writing list of installed files to '/home/ed/ros2_ws/build/opencv_tools/install.log'
[26.368s] Invoked command in '/home/ed/ros2_ws/src/opencv_tools' returned '0': PYTHONPATH=/home/ed/ros2_ws/build/opencv_tools/prefix_override:/home/ed/ros2_ws/install/opencv_tools/lib/python3.10/site-packages:${PYTHONPATH} /usr/bin/python3 setup.py egg_info --egg-base ../../build/opencv_tools build --build-base /home/ed/ros2_ws/build/opencv_tools/build install --record /home/ed/ros2_ws/build/opencv_tools/install.log --single-version-externally-managed
