[6.951s] Invoking command in '/home/ed/ros2_ws/src/smartcart_controller': PYTHONPATH=/home/ed/ros2_ws/build/smartcart_controller/prefix_override:/home/ed/ros2_ws/install/smartcart_controller/lib/python3.10/site-packages:${PYTHONPATH} /usr/bin/python3 setup.py egg_info --egg-base ../../build/smartcart_controller build --build-base /home/ed/ros2_ws/build/smartcart_controller/build install --record /home/ed/ros2_ws/build/smartcart_controller/install.log --single-version-externally-managed
[9.579s] running egg_info
[9.585s] writing ../../build/smartcart_controller/smartcart_controller.egg-info/PKG-INFO
[9.587s] writing dependency_links to ../../build/smartcart_controller/smartcart_controller.egg-info/dependency_links.txt
[9.597s] writing entry points to ../../build/smartcart_controller/smartcart_controller.egg-info/entry_points.txt
[9.598s] writing requirements to ../../build/smartcart_controller/smartcart_controller.egg-info/requires.txt
[9.602s] writing top-level names to ../../build/smartcart_controller/smartcart_controller.egg-info/top_level.txt
[9.603s] reading manifest file '../../build/smartcart_controller/smartcart_controller.egg-info/SOURCES.txt'
[9.606s] writing manifest file '../../build/smartcart_controller/smartcart_controller.egg-info/SOURCES.txt'
[9.607s] running build
[9.608s] running build_py
[9.609s] running install
[9.611s] running install_lib
[9.621s] running install_data
[9.643s] running install_egg_info
[9.645s] removing '/home/ed/ros2_ws/install/smartcart_controller/lib/python3.10/site-packages/smartcart_controller-0.0.0-py3.10.egg-info' (and everything under it)
[9.654s] Copying ../../build/smartcart_controller/smartcart_controller.egg-info to /home/ed/ros2_ws/install/smartcart_controller/lib/python3.10/site-packages/smartcart_controller-0.0.0-py3.10.egg-info
[9.704s] running install_scripts
[9.853s] Installing test_node script to /home/ed/ros2_ws/install/smartcart_controller/lib/smartcart_controller
[9.869s] writing list of installed files to '/home/ed/ros2_ws/build/smartcart_controller/install.log'
[10.876s] Invoked command in '/home/ed/ros2_ws/src/smartcart_controller' returned '0': PYTHONPATH=/home/ed/ros2_ws/build/smartcart_controller/prefix_override:/home/ed/ros2_ws/install/smartcart_controller/lib/python3.10/site-packages:${PYTHONPATH} /usr/bin/python3 setup.py egg_info --egg-base ../../build/smartcart_controller build --build-base /home/ed/ros2_ws/build/smartcart_controller/build install --record /home/ed/ros2_ws/build/smartcart_controller/install.log --single-version-externally-managed
