[15.922s] DEBUG:colcon:Command line arguments: ['/usr/bin/colcon', 'build']
[15.923s] DEBUG:colcon:Parsed command line arguments: Namespace(log_base=None, log_level=None, verb_name='build', build_base='build', install_base='install', merge_install=False, symlink_install=False, test_result_base=None, continue_on_error=False, executor='parallel', parallel_workers=4, event_handlers=None, ignore_user_meta=False, metas=['./colcon.meta'], base_paths=['.'], packages_ignore=None, packages_ignore_regex=None, paths=None, packages_up_to=None, packages_up_to_regex=None, packages_above=None, packages_above_and_dependencies=None, packages_above_depth=None, packages_select_by_dep=None, packages_skip_by_dep=None, packages_skip_up_to=None, packages_select_build_failed=False, packages_skip_build_finished=False, packages_select_test_failures=False, packages_skip_test_passed=False, packages_select=None, packages_skip=None, packages_select_regex=None, packages_skip_regex=None, packages_start=None, packages_end=None, allow_overriding=[], cmake_args=None, cmake_target=None, cmake_target_skip_unavailable=False, cmake_clean_cache=False, cmake_clean_first=False, cmake_force_configure=False, ament_cmake_args=None, catkin_cmake_args=None, catkin_skip_building_tests=False, verb_parser=<colcon_defaults.argument_parser.defaults.DefaultArgumentsDecorator object at 0xffff9f4fc220>, verb_extension=<colcon_core.verb.build.BuildVerb object at 0xffff9f79d5d0>, main=<bound method BuildVerb.main of <colcon_core.verb.build.BuildVerb object at 0xffff9f79d5d0>>)
[16.765s] Level 1:colcon.colcon_core.package_discovery:discover_packages(colcon_meta) check parameters
[16.767s] Level 1:colcon.colcon_core.package_discovery:discover_packages(recursive) check parameters
[16.767s] Level 1:colcon.colcon_core.package_discovery:discover_packages(ignore) check parameters
[16.768s] Level 1:colcon.colcon_core.package_discovery:discover_packages(path) check parameters
[16.769s] Level 1:colcon.colcon_core.package_discovery:discover_packages(colcon_meta) discover
[16.770s] Level 1:colcon.colcon_core.package_discovery:discover_packages(recursive) discover
[16.771s] INFO:colcon.colcon_core.package_discovery:Crawling recursively for packages in '/home/ed/ros2_ws/src'
[16.775s] Level 1:colcon.colcon_core.package_identification:_identify(.) by extensions ['ignore', 'ignore_ament_install']
[16.776s] Level 1:colcon.colcon_core.package_identification:_identify(.) by extension 'ignore'
[16.778s] Level 1:colcon.colcon_core.package_identification:_identify(.) by extension 'ignore_ament_install'
[16.780s] Level 1:colcon.colcon_core.package_identification:_identify(.) by extensions ['colcon_pkg']
[16.782s] Level 1:colcon.colcon_core.package_identification:_identify(.) by extension 'colcon_pkg'
[16.784s] Level 1:colcon.colcon_core.package_identification:_identify(.) by extensions ['colcon_meta']
[16.786s] Level 1:colcon.colcon_core.package_identification:_identify(.) by extension 'colcon_meta'
[16.788s] Level 1:colcon.colcon_core.package_identification:_identify(.) by extensions ['ros']
[16.788s] Level 1:colcon.colcon_core.package_identification:_identify(.) by extension 'ros'
[16.898s] Level 1:colcon.colcon_core.package_identification:_identify(.) by extensions ['cmake', 'python']
[16.899s] Level 1:colcon.colcon_core.package_identification:_identify(.) by extension 'cmake'
[16.901s] Level 1:colcon.colcon_core.package_identification:_identify(.) by extension 'python'
[16.902s] Level 1:colcon.colcon_core.package_identification:_identify(.) by extensions ['python_setup_py']
[16.903s] Level 1:colcon.colcon_core.package_identification:_identify(.) by extension 'python_setup_py'
[16.904s] Level 1:colcon.colcon_core.package_identification:_identify(build) by extensions ['ignore', 'ignore_ament_install']
[16.905s] Level 1:colcon.colcon_core.package_identification:_identify(build) by extension 'ignore'
[16.905s] Level 1:colcon.colcon_core.package_identification:_identify(build) ignored
[16.907s] Level 1:colcon.colcon_core.package_identification:_identify(install) by extensions ['ignore', 'ignore_ament_install']
[16.912s] Level 1:colcon.colcon_core.package_identification:_identify(install) by extension 'ignore'
[16.913s] Level 1:colcon.colcon_core.package_identification:_identify(install) ignored
[16.915s] Level 1:colcon.colcon_core.package_identification:_identify(log) by extensions ['ignore', 'ignore_ament_install']
[16.916s] Level 1:colcon.colcon_core.package_identification:_identify(log) by extension 'ignore'
[16.918s] Level 1:colcon.colcon_core.package_identification:_identify(log) ignored
[16.921s] Level 1:colcon.colcon_core.package_identification:_identify(opencv_tools) by extensions ['ignore', 'ignore_ament_install']
[16.923s] Level 1:colcon.colcon_core.package_identification:_identify(opencv_tools) by extension 'ignore'
[16.924s] Level 1:colcon.colcon_core.package_identification:_identify(opencv_tools) by extension 'ignore_ament_install'
[16.926s] Level 1:colcon.colcon_core.package_identification:_identify(opencv_tools) by extensions ['colcon_pkg']
[16.927s] Level 1:colcon.colcon_core.package_identification:_identify(opencv_tools) by extension 'colcon_pkg'
[16.927s] Level 1:colcon.colcon_core.package_identification:_identify(opencv_tools) by extensions ['colcon_meta']
[16.928s] Level 1:colcon.colcon_core.package_identification:_identify(opencv_tools) by extension 'colcon_meta'
[16.928s] Level 1:colcon.colcon_core.package_identification:_identify(opencv_tools) by extensions ['ros']
[16.929s] Level 1:colcon.colcon_core.package_identification:_identify(opencv_tools) by extension 'ros'
[16.963s] DEBUG:colcon.colcon_core.package_identification:Found ROS schema reference in package manifest in 'opencv_tools'
[16.964s] WARNING:colcon.colcon_core.package_identification:Failed to parse ROS package manifest in 'opencv_tools': Error(s) in package 'opencv_tools/package.xml':
Error(s):
- The generic dependency on 'videostream' is redundant with: build_depend, build_export_depend, exec_depend
[16.965s] Level 1:colcon.colcon_core.package_identification:_identify(opencv_tools) by extensions ['cmake', 'python']
[16.965s] Level 1:colcon.colcon_core.package_identification:_identify(opencv_tools) by extension 'cmake'
[16.966s] Level 1:colcon.colcon_core.package_identification:_identify(opencv_tools) by extension 'python'
[16.967s] DEBUG:colcon.colcon_core.package_identification:Python package in 'opencv_tools' passes arguments to the setup() function which requires a different identification extension than 'python'
[16.967s] Level 1:colcon.colcon_core.package_identification:_identify(opencv_tools) by extensions ['python_setup_py']
[16.968s] Level 1:colcon.colcon_core.package_identification:_identify(opencv_tools) by extension 'python_setup_py'
[20.623s] DEBUG:colcon.colcon_core.package_identification:Package 'opencv_tools' with type 'python' and name 'opencv_tools'
[20.625s] Level 1:colcon.colcon_core.package_identification:_identify(smartcart_controller) by extensions ['ignore', 'ignore_ament_install']
[20.626s] Level 1:colcon.colcon_core.package_identification:_identify(smartcart_controller) by extension 'ignore'
[20.627s] Level 1:colcon.colcon_core.package_identification:_identify(smartcart_controller) by extension 'ignore_ament_install'
[20.628s] Level 1:colcon.colcon_core.package_identification:_identify(smartcart_controller) by extensions ['colcon_pkg']
[20.629s] Level 1:colcon.colcon_core.package_identification:_identify(smartcart_controller) by extension 'colcon_pkg'
[20.630s] Level 1:colcon.colcon_core.package_identification:_identify(smartcart_controller) by extensions ['colcon_meta']
[20.631s] Level 1:colcon.colcon_core.package_identification:_identify(smartcart_controller) by extension 'colcon_meta'
[20.632s] Level 1:colcon.colcon_core.package_identification:_identify(smartcart_controller) by extensions ['ros']
[20.633s] Level 1:colcon.colcon_core.package_identification:_identify(smartcart_controller) by extension 'ros'
[20.644s] DEBUG:colcon.colcon_core.package_identification:Package 'smartcart_controller' with type 'ros.ament_python' and name 'smartcart_controller'
[20.645s] Level 1:colcon.colcon_core.package_identification:_identify(test) by extensions ['ignore', 'ignore_ament_install']
[20.646s] Level 1:colcon.colcon_core.package_identification:_identify(test) by extension 'ignore'
[20.646s] Level 1:colcon.colcon_core.package_identification:_identify(test) by extension 'ignore_ament_install'
[20.647s] Level 1:colcon.colcon_core.package_identification:_identify(test) by extensions ['colcon_pkg']
[20.647s] Level 1:colcon.colcon_core.package_identification:_identify(test) by extension 'colcon_pkg'
[20.648s] Level 1:colcon.colcon_core.package_identification:_identify(test) by extensions ['colcon_meta']
[20.648s] Level 1:colcon.colcon_core.package_identification:_identify(test) by extension 'colcon_meta'
[20.649s] Level 1:colcon.colcon_core.package_identification:_identify(test) by extensions ['ros']
[20.649s] Level 1:colcon.colcon_core.package_identification:_identify(test) by extension 'ros'
[20.651s] Level 1:colcon.colcon_core.package_identification:_identify(test) by extensions ['cmake', 'python']
[20.651s] Level 1:colcon.colcon_core.package_identification:_identify(test) by extension 'cmake'
[20.652s] Level 1:colcon.colcon_core.package_identification:_identify(test) by extension 'python'
[20.652s] Level 1:colcon.colcon_core.package_identification:_identify(test) by extensions ['python_setup_py']
[20.653s] Level 1:colcon.colcon_core.package_identification:_identify(test) by extension 'python_setup_py'
[20.654s] Level 1:colcon.colcon_core.package_discovery:discover_packages(recursive) using defaults
[20.655s] Level 1:colcon.colcon_core.package_discovery:discover_packages(ignore) discover
[20.655s] Level 1:colcon.colcon_core.package_discovery:discover_packages(ignore) using defaults
[20.655s] Level 1:colcon.colcon_core.package_discovery:discover_packages(path) discover
[20.655s] Level 1:colcon.colcon_core.package_discovery:discover_packages(path) using defaults
[21.988s] Level 1:colcon.colcon_core.package_discovery:discover_packages(prefix_path) check parameters
[21.988s] Level 1:colcon.colcon_core.package_discovery:discover_packages(prefix_path) discover
[22.639s] DEBUG:colcon.colcon_installed_package_information.package_discovery:Found 2 installed packages in /home/ed/ros2_workspace/install
[22.895s] DEBUG:colcon.colcon_installed_package_information.package_discovery:Found 3 installed packages in /home/ed/ros2_ws/install
[23.237s] DEBUG:colcon.colcon_installed_package_information.package_discovery:Found 3 installed packages in /home/ed/ros2_ws/src/install
[23.544s] DEBUG:colcon.colcon_installed_package_information.package_discovery:Found 277 installed packages in /opt/ros/humble
[23.554s] Level 1:colcon.colcon_core.package_discovery:discover_packages(prefix_path) using defaults
[24.874s] Level 5:colcon.colcon_core.verb:set package 'opencv_tools' build argument 'cmake_args' from command line to 'None'
[24.875s] Level 5:colcon.colcon_core.verb:set package 'opencv_tools' build argument 'cmake_target' from command line to 'None'
[24.875s] Level 5:colcon.colcon_core.verb:set package 'opencv_tools' build argument 'cmake_target_skip_unavailable' from command line to 'False'
[24.876s] Level 5:colcon.colcon_core.verb:set package 'opencv_tools' build argument 'cmake_clean_cache' from command line to 'False'
[24.876s] Level 5:colcon.colcon_core.verb:set package 'opencv_tools' build argument 'cmake_clean_first' from command line to 'False'
[24.876s] Level 5:colcon.colcon_core.verb:set package 'opencv_tools' build argument 'cmake_force_configure' from command line to 'False'
[24.876s] Level 5:colcon.colcon_core.verb:set package 'opencv_tools' build argument 'ament_cmake_args' from command line to 'None'
[24.877s] Level 5:colcon.colcon_core.verb:set package 'opencv_tools' build argument 'catkin_cmake_args' from command line to 'None'
[24.877s] Level 5:colcon.colcon_core.verb:set package 'opencv_tools' build argument 'catkin_skip_building_tests' from command line to 'False'
[24.878s] DEBUG:colcon.colcon_core.verb:Building package 'opencv_tools' with the following arguments: {'ament_cmake_args': None, 'build_base': '/home/ed/ros2_ws/src/build/opencv_tools', 'catkin_cmake_args': None, 'catkin_skip_building_tests': False, 'cmake_args': None, 'cmake_clean_cache': False, 'cmake_clean_first': False, 'cmake_force_configure': False, 'cmake_target': None, 'cmake_target_skip_unavailable': False, 'install_base': '/home/ed/ros2_ws/src/install/opencv_tools', 'merge_install': False, 'path': '/home/ed/ros2_ws/src/opencv_tools', 'symlink_install': False, 'test_result_base': None}
[25.137s] Level 5:colcon.colcon_core.verb:set package 'smartcart_controller' build argument 'cmake_args' from command line to 'None'
[25.138s] Level 5:colcon.colcon_core.verb:set package 'smartcart_controller' build argument 'cmake_target' from command line to 'None'
[25.138s] Level 5:colcon.colcon_core.verb:set package 'smartcart_controller' build argument 'cmake_target_skip_unavailable' from command line to 'False'
[25.138s] Level 5:colcon.colcon_core.verb:set package 'smartcart_controller' build argument 'cmake_clean_cache' from command line to 'False'
[25.138s] Level 5:colcon.colcon_core.verb:set package 'smartcart_controller' build argument 'cmake_clean_first' from command line to 'False'
[25.139s] Level 5:colcon.colcon_core.verb:set package 'smartcart_controller' build argument 'cmake_force_configure' from command line to 'False'
[25.139s] Level 5:colcon.colcon_core.verb:set package 'smartcart_controller' build argument 'ament_cmake_args' from command line to 'None'
[25.139s] Level 5:colcon.colcon_core.verb:set package 'smartcart_controller' build argument 'catkin_cmake_args' from command line to 'None'
[25.139s] Level 5:colcon.colcon_core.verb:set package 'smartcart_controller' build argument 'catkin_skip_building_tests' from command line to 'False'
[25.140s] DEBUG:colcon.colcon_core.verb:Building package 'smartcart_controller' with the following arguments: {'ament_cmake_args': None, 'build_base': '/home/ed/ros2_ws/src/build/smartcart_controller', 'catkin_cmake_args': None, 'catkin_skip_building_tests': False, 'cmake_args': None, 'cmake_clean_cache': False, 'cmake_clean_first': False, 'cmake_force_configure': False, 'cmake_target': None, 'cmake_target_skip_unavailable': False, 'install_base': '/home/ed/ros2_ws/src/install/smartcart_controller', 'merge_install': False, 'path': '/home/ed/ros2_ws/src/smartcart_controller', 'symlink_install': False, 'test_result_base': None}
[25.336s] INFO:colcon.colcon_core.executor:Executing jobs using 'parallel' executor
[25.571s] DEBUG:colcon.colcon_parallel_executor.executor.parallel:run_until_complete
[25.575s] INFO:colcon.colcon_core.task.python.build:Building Python package in '/home/ed/ros2_ws/src/opencv_tools'
[25.939s] INFO:colcon.colcon_core.plugin_system:Skipping extension 'colcon_core.shell.bat': Not used on non-Windows systems
[25.940s] INFO:colcon.colcon_core.shell:Skip shell extension 'powershell' for command environment: Not usable outside of PowerShell
[25.940s] DEBUG:colcon.colcon_core.shell:Skip shell extension 'dsv' for command environment
[27.654s] INFO:colcon.colcon_ros.task.ament_python.build:Building ROS package in '/home/ed/ros2_ws/src/smartcart_controller' with build type 'ament_python'
[27.656s] Level 1:colcon.colcon_core.shell:create_environment_hook('smartcart_controller', 'ament_prefix_path')
[27.990s] INFO:colcon.colcon_core.shell:Creating environment hook '/home/ed/ros2_ws/src/install/smartcart_controller/share/smartcart_controller/hook/ament_prefix_path.ps1'
[27.999s] INFO:colcon.colcon_core.shell:Creating environment descriptor '/home/ed/ros2_ws/src/install/smartcart_controller/share/smartcart_controller/hook/ament_prefix_path.dsv'
[28.004s] INFO:colcon.colcon_core.shell:Creating environment hook '/home/ed/ros2_ws/src/install/smartcart_controller/share/smartcart_controller/hook/ament_prefix_path.sh'
[28.238s] INFO:colcon.colcon_core.shell:Skip shell extension 'powershell' for command environment: Not usable outside of PowerShell
[28.239s] DEBUG:colcon.colcon_core.shell:Skip shell extension 'dsv' for command environment
[37.462s] INFO:colcon.colcon_core.task.python.build:Building Python package in '/home/ed/ros2_ws/src/smartcart_controller'
[37.757s] INFO:colcon.colcon_core.shell:Skip shell extension 'powershell' for command environment: Not usable outside of PowerShell
[37.757s] DEBUG:colcon.colcon_core.shell:Skip shell extension 'dsv' for command environment
[40.325s] DEBUG:colcon.colcon_core.event_handler.log_command:Invoking command in '/home/ed/ros2_ws/src/opencv_tools': PYTHONPATH=/home/ed/ros2_ws/src/build/opencv_tools/prefix_override:/home/ed/ros2_ws/src/install/opencv_tools/lib/python3.10/site-packages:${PYTHONPATH} /usr/bin/python3 setup.py egg_info --egg-base ../build/opencv_tools build --build-base /home/ed/ros2_ws/src/build/opencv_tools/build install --record /home/ed/ros2_ws/src/build/opencv_tools/install.log --single-version-externally-managed
[44.604s] DEBUG:colcon.colcon_core.event_handler.log_command:Invoked command in '/home/ed/ros2_ws/src/opencv_tools' returned '0': PYTHONPATH=/home/ed/ros2_ws/src/build/opencv_tools/prefix_override:/home/ed/ros2_ws/src/install/opencv_tools/lib/python3.10/site-packages:${PYTHONPATH} /usr/bin/python3 setup.py egg_info --egg-base ../build/opencv_tools build --build-base /home/ed/ros2_ws/src/build/opencv_tools/build install --record /home/ed/ros2_ws/src/build/opencv_tools/install.log --single-version-externally-managed
[45.189s] Level 1:colcon.colcon_core.environment:checking '/home/ed/ros2_ws/src/install/opencv_tools' for CMake module files
[45.197s] Level 1:colcon.colcon_core.environment:checking '/home/ed/ros2_ws/src/install/opencv_tools' for CMake config files
[45.210s] Level 1:colcon.colcon_core.environment:checking '/home/ed/ros2_ws/src/install/opencv_tools/lib'
[45.211s] Level 1:colcon.colcon_core.environment:checking '/home/ed/ros2_ws/src/install/opencv_tools/bin'
[45.212s] Level 1:colcon.colcon_core.environment:checking '/home/ed/ros2_ws/src/install/opencv_tools/lib/pkgconfig/opencv_tools.pc'
[45.217s] Level 1:colcon.colcon_core.environment:checking '/home/ed/ros2_ws/src/install/opencv_tools/lib/python3.10/site-packages'
[45.218s] Level 1:colcon.colcon_core.shell:create_environment_hook('opencv_tools', 'pythonpath')
[45.499s] INFO:colcon.colcon_core.shell:Creating environment hook '/home/ed/ros2_ws/src/install/opencv_tools/share/opencv_tools/hook/pythonpath.ps1'
[45.502s] INFO:colcon.colcon_core.shell:Creating environment descriptor '/home/ed/ros2_ws/src/install/opencv_tools/share/opencv_tools/hook/pythonpath.dsv'
[45.505s] INFO:colcon.colcon_core.shell:Creating environment hook '/home/ed/ros2_ws/src/install/opencv_tools/share/opencv_tools/hook/pythonpath.sh'
[45.509s] Level 1:colcon.colcon_core.environment:checking '/home/ed/ros2_ws/src/install/opencv_tools/bin'
[45.509s] Level 1:colcon.colcon_core.environment:create_environment_scripts_only(opencv_tools)
[45.713s] INFO:colcon.colcon_core.shell:Creating package script '/home/ed/ros2_ws/src/install/opencv_tools/share/opencv_tools/package.ps1'
[45.722s] INFO:colcon.colcon_core.shell:Creating package descriptor '/home/ed/ros2_ws/src/install/opencv_tools/share/opencv_tools/package.dsv'
[45.738s] INFO:colcon.colcon_core.shell:Creating package script '/home/ed/ros2_ws/src/install/opencv_tools/share/opencv_tools/package.sh'
[45.752s] INFO:colcon.colcon_core.shell:Creating package script '/home/ed/ros2_ws/src/install/opencv_tools/share/opencv_tools/package.bash'
[45.764s] INFO:colcon.colcon_core.shell:Creating package script '/home/ed/ros2_ws/src/install/opencv_tools/share/opencv_tools/package.zsh'
[45.782s] Level 1:colcon.colcon_core.environment:create_file_with_runtime_dependencies(/home/ed/ros2_ws/src/install/opencv_tools/share/colcon-core/packages/opencv_tools)
[45.805s] DEBUG:colcon.colcon_core.event_handler.log_command:Invoking command in '/home/ed/ros2_ws/src/smartcart_controller': PYTHONPATH=/home/ed/ros2_ws/src/build/smartcart_controller/prefix_override:/home/ed/ros2_ws/src/install/smartcart_controller/lib/python3.10/site-packages:${PYTHONPATH} /usr/bin/python3 setup.py egg_info --egg-base ../build/smartcart_controller build --build-base /home/ed/ros2_ws/src/build/smartcart_controller/build install --record /home/ed/ros2_ws/src/build/smartcart_controller/install.log --single-version-externally-managed
[49.951s] DEBUG:colcon.colcon_core.event_handler.log_command:Invoked command in '/home/ed/ros2_ws/src/smartcart_controller' returned '0': PYTHONPATH=/home/ed/ros2_ws/src/build/smartcart_controller/prefix_override:/home/ed/ros2_ws/src/install/smartcart_controller/lib/python3.10/site-packages:${PYTHONPATH} /usr/bin/python3 setup.py egg_info --egg-base ../build/smartcart_controller build --build-base /home/ed/ros2_ws/src/build/smartcart_controller/build install --record /home/ed/ros2_ws/src/build/smartcart_controller/install.log --single-version-externally-managed
[50.159s] Level 1:colcon.colcon_core.environment:checking '/home/ed/ros2_ws/src/install/smartcart_controller' for CMake module files
[50.161s] Level 1:colcon.colcon_core.environment:checking '/home/ed/ros2_ws/src/install/smartcart_controller' for CMake config files
[50.168s] Level 1:colcon.colcon_core.environment:checking '/home/ed/ros2_ws/src/install/smartcart_controller/lib'
[50.170s] Level 1:colcon.colcon_core.environment:checking '/home/ed/ros2_ws/src/install/smartcart_controller/bin'
[50.171s] Level 1:colcon.colcon_core.environment:checking '/home/ed/ros2_ws/src/install/smartcart_controller/lib/pkgconfig/smartcart_controller.pc'
[50.173s] Level 1:colcon.colcon_core.environment:checking '/home/ed/ros2_ws/src/install/smartcart_controller/lib/python3.10/site-packages'
[50.174s] Level 1:colcon.colcon_core.shell:create_environment_hook('smartcart_controller', 'pythonpath')
[50.465s] INFO:colcon.colcon_core.shell:Creating environment hook '/home/ed/ros2_ws/src/install/smartcart_controller/share/smartcart_controller/hook/pythonpath.ps1'
[50.473s] INFO:colcon.colcon_core.shell:Creating environment descriptor '/home/ed/ros2_ws/src/install/smartcart_controller/share/smartcart_controller/hook/pythonpath.dsv'
[50.476s] INFO:colcon.colcon_core.shell:Creating environment hook '/home/ed/ros2_ws/src/install/smartcart_controller/share/smartcart_controller/hook/pythonpath.sh'
[50.481s] Level 1:colcon.colcon_core.environment:checking '/home/ed/ros2_ws/src/install/smartcart_controller/bin'
[50.483s] Level 1:colcon.colcon_core.environment:create_environment_scripts_only(smartcart_controller)
[50.678s] INFO:colcon.colcon_core.shell:Creating package script '/home/ed/ros2_ws/src/install/smartcart_controller/share/smartcart_controller/package.ps1'
[50.693s] INFO:colcon.colcon_core.shell:Creating package descriptor '/home/ed/ros2_ws/src/install/smartcart_controller/share/smartcart_controller/package.dsv'
[50.720s] INFO:colcon.colcon_core.shell:Creating package script '/home/ed/ros2_ws/src/install/smartcart_controller/share/smartcart_controller/package.sh'
[50.733s] INFO:colcon.colcon_core.shell:Creating package script '/home/ed/ros2_ws/src/install/smartcart_controller/share/smartcart_controller/package.bash'
[50.768s] INFO:colcon.colcon_core.shell:Creating package script '/home/ed/ros2_ws/src/install/smartcart_controller/share/smartcart_controller/package.zsh'
[50.771s] Level 1:colcon.colcon_core.environment:create_file_with_runtime_dependencies(/home/ed/ros2_ws/src/install/smartcart_controller/share/colcon-core/packages/smartcart_controller)
[50.773s] DEBUG:colcon.colcon_parallel_executor.executor.parallel:closing loop
[50.776s] DEBUG:colcon.colcon_parallel_executor.executor.parallel:loop closed
[50.776s] DEBUG:colcon.colcon_parallel_executor.executor.parallel:run_until_complete finished with '0'
[50.777s] DEBUG:colcon.colcon_core.event_reactor:joining thread
[51.214s] INFO:colcon.colcon_core.plugin_system:Skipping extension 'colcon_notification.desktop_notification.terminal_notifier': Not used on non-Darwin systems
[51.216s] INFO:colcon.colcon_core.plugin_system:Skipping extension 'colcon_notification.desktop_notification.win32': Not used on non-Windows systems
[51.217s] INFO:colcon.colcon_notification.desktop_notification:Sending desktop notification using 'notify2'
[52.497s] DEBUG:colcon.colcon_core.event_reactor:joined thread
[52.692s] INFO:colcon.colcon_core.shell:Creating prefix script '/home/ed/ros2_ws/src/install/local_setup.ps1'
[52.701s] INFO:colcon.colcon_core.shell:Creating prefix util module '/home/ed/ros2_ws/src/install/_local_setup_util_ps1.py'
[52.711s] INFO:colcon.colcon_core.shell:Creating prefix chain script '/home/ed/ros2_ws/src/install/setup.ps1'
[52.906s] INFO:colcon.colcon_core.shell:Creating prefix script '/home/ed/ros2_ws/src/install/local_setup.sh'
[52.915s] INFO:colcon.colcon_core.shell:Creating prefix util module '/home/ed/ros2_ws/src/install/_local_setup_util_sh.py'
[52.918s] INFO:colcon.colcon_core.shell:Creating prefix chain script '/home/ed/ros2_ws/src/install/setup.sh'
[53.077s] INFO:colcon.colcon_core.shell:Creating prefix script '/home/ed/ros2_ws/src/install/local_setup.bash'
[53.082s] INFO:colcon.colcon_core.shell:Creating prefix chain script '/home/ed/ros2_ws/src/install/setup.bash'
[53.265s] INFO:colcon.colcon_core.shell:Creating prefix script '/home/ed/ros2_ws/src/install/local_setup.zsh'
[53.270s] INFO:colcon.colcon_core.shell:Creating prefix chain script '/home/ed/ros2_ws/src/install/setup.zsh'
