[7.069s] Invoking command in '/home/ed/ros2_ws/src/opencv_tools': PYTHONPATH=/home/ed/ros2_ws/build/opencv_tools/prefix_override:/home/ed/ros2_ws/install/opencv_tools/lib/python3.10/site-packages:${PYTHONPATH} /usr/bin/python3 setup.py egg_info --egg-base ../../build/opencv_tools build --build-base /home/ed/ros2_ws/build/opencv_tools/build install --record /home/ed/ros2_ws/build/opencv_tools/install.log --single-version-externally-managed
[8.511s] running egg_info
[8.514s] writing ../../build/opencv_tools/opencv_tools.egg-info/PKG-INFO
[8.516s] writing dependency_links to ../../build/opencv_tools/opencv_tools.egg-info/dependency_links.txt
[8.520s] writing entry points to ../../build/opencv_tools/opencv_tools.egg-info/entry_points.txt
[8.522s] writing requirements to ../../build/opencv_tools/opencv_tools.egg-info/requires.txt
[8.523s] writing top-level names to ../../build/opencv_tools/opencv_tools.egg-info/top_level.txt
[8.532s] reading manifest file '../../build/opencv_tools/opencv_tools.egg-info/SOURCES.txt'
[8.544s] writing manifest file '../../build/opencv_tools/opencv_tools.egg-info/SOURCES.txt'
[8.545s] running build
[8.545s] running build_py
[8.557s] copying opencv_tools/motor_controller.py -> /home/ed/ros2_ws/build/opencv_tools/build/lib/opencv_tools
[8.559s] copying opencv_tools/tensor_image_publisher.py -> /home/ed/ros2_ws/build/opencv_tools/build/lib/opencv_tools
[8.562s] running install
[8.564s] running install_lib
[8.571s] copying /home/ed/ros2_ws/build/opencv_tools/build/lib/opencv_tools/motor_controller.py -> /home/ed/ros2_ws/install/opencv_tools/lib/python3.10/site-packages/opencv_tools
[8.573s] copying /home/ed/ros2_ws/build/opencv_tools/build/lib/opencv_tools/tensor_image_publisher.py -> /home/ed/ros2_ws/install/opencv_tools/lib/python3.10/site-packages/opencv_tools
[8.578s] byte-compiling /home/ed/ros2_ws/install/opencv_tools/lib/python3.10/site-packages/opencv_tools/motor_controller.py to motor_controller.cpython-310.pyc
[8.581s] byte-compiling /home/ed/ros2_ws/install/opencv_tools/lib/python3.10/site-packages/opencv_tools/tensor_image_publisher.py to tensor_image_publisher.cpython-310.pyc
[8.587s] running install_data
[8.592s] copying package.xml -> /home/ed/ros2_ws/install/opencv_tools/share/opencv_tools
[8.593s] running install_egg_info
[8.601s] removing '/home/ed/ros2_ws/install/opencv_tools/lib/python3.10/site-packages/opencv_tools-0.0.0-py3.10.egg-info' (and everything under it)
[8.603s] Copying ../../build/opencv_tools/opencv_tools.egg-info to /home/ed/ros2_ws/install/opencv_tools/lib/python3.10/site-packages/opencv_tools-0.0.0-py3.10.egg-info
[8.617s] running install_scripts
[8.720s] Installing img_publisher script to /home/ed/ros2_ws/install/opencv_tools/lib/opencv_tools
[8.721s] Installing img_subscriber script to /home/ed/ros2_ws/install/opencv_tools/lib/opencv_tools
[8.724s] Installing tensor_img_publisher script to /home/ed/ros2_ws/install/opencv_tools/lib/opencv_tools
[8.728s] writing list of installed files to '/home/ed/ros2_ws/build/opencv_tools/install.log'
[9.204s] Invoked command in '/home/ed/ros2_ws/src/opencv_tools' returned '0': PYTHONPATH=/home/ed/ros2_ws/build/opencv_tools/prefix_override:/home/ed/ros2_ws/install/opencv_tools/lib/python3.10/site-packages:${PYTHONPATH} /usr/bin/python3 setup.py egg_info --egg-base ../../build/opencv_tools build --build-base /home/ed/ros2_ws/build/opencv_tools/build install --record /home/ed/ros2_ws/build/opencv_tools/install.log --single-version-externally-managed
