[36.426s] DEBUG:colcon:Command line arguments: ['/usr/bin/colcon', 'list', '-p', '--base-paths', '/home/ed/ros2_ws']
[36.427s] DEBUG:colcon:Parsed command line arguments: Namespace(log_base=None, log_level=None, verb_name='list', build_base='build', ignore_user_meta=False, metas=['./colcon.meta'], base_paths=['/home/ed/ros2_ws'], packages_ignore=None, packages_ignore_regex=None, paths=None, packages_up_to=None, packages_up_to_regex=None, packages_above=None, packages_above_and_dependencies=None, packages_above_depth=None, packages_select_by_dep=None, packages_skip_by_dep=None, packages_skip_up_to=None, packages_select_build_failed=False, packages_skip_build_finished=False, packages_select_test_failures=False, packages_skip_test_passed=False, packages_select=None, packages_skip=None, packages_select_regex=None, packages_skip_regex=None, packages_start=None, packages_end=None, allow_overriding=[], topological_order=False, names_only=False, paths_only=True, topological_graph=False, topological_graph_dot=False, topological_graph_density=False, topological_graph_legend=False, topological_graph_dot_cluster=False, topological_graph_dot_include_skipped=False, verb_parser=<colcon_defaults.argument_parser.defaults.DefaultArgumentsDecorator object at 0xffff9765b670>, verb_extension=<colcon_package_information.verb.list.ListVerb object at 0xffff989b3f40>, main=<bound method ListVerb.main of <colcon_package_information.verb.list.ListVerb object at 0xffff989b3f40>>)
[38.846s] Level 1:colcon.colcon_core.package_discovery:discover_packages(colcon_meta) check parameters
[38.847s] Level 1:colcon.colcon_core.package_discovery:discover_packages(recursive) check parameters
[38.847s] Level 1:colcon.colcon_core.package_discovery:discover_packages(ignore) check parameters
[38.847s] Level 1:colcon.colcon_core.package_discovery:discover_packages(path) check parameters
[38.848s] Level 1:colcon.colcon_core.package_discovery:discover_packages(recursive) discover
[38.848s] INFO:colcon.colcon_core.package_discovery:Crawling recursively for packages in '/home/ed/ros2_ws'
[38.849s] Level 1:colcon.colcon_core.package_identification:_identify(/home/ed/ros2_ws) by extensions ['ignore', 'ignore_ament_install']
[38.850s] Level 1:colcon.colcon_core.package_identification:_identify(/home/ed/ros2_ws) by extension 'ignore'
[38.851s] Level 1:colcon.colcon_core.package_identification:_identify(/home/ed/ros2_ws) by extension 'ignore_ament_install'
[38.852s] Level 1:colcon.colcon_core.package_identification:_identify(/home/ed/ros2_ws) by extensions ['colcon_pkg']
[38.852s] Level 1:colcon.colcon_core.package_identification:_identify(/home/ed/ros2_ws) by extension 'colcon_pkg'
[38.853s] Level 1:colcon.colcon_core.package_identification:_identify(/home/ed/ros2_ws) by extensions ['colcon_meta']
[38.853s] Level 1:colcon.colcon_core.package_identification:_identify(/home/ed/ros2_ws) by extension 'colcon_meta'
[38.853s] Level 1:colcon.colcon_core.package_identification:_identify(/home/ed/ros2_ws) by extensions ['ros']
[38.853s] Level 1:colcon.colcon_core.package_identification:_identify(/home/ed/ros2_ws) by extension 'ros'
[38.983s] Level 1:colcon.colcon_core.package_identification:_identify(/home/ed/ros2_ws) by extensions ['cmake', 'python']
[38.984s] Level 1:colcon.colcon_core.package_identification:_identify(/home/ed/ros2_ws) by extension 'cmake'
[38.984s] Level 1:colcon.colcon_core.package_identification:_identify(/home/ed/ros2_ws) by extension 'python'
[38.984s] Level 1:colcon.colcon_core.package_identification:_identify(/home/ed/ros2_ws) by extensions ['python_setup_py']
[38.985s] Level 1:colcon.colcon_core.package_identification:_identify(/home/ed/ros2_ws) by extension 'python_setup_py'
[38.987s] Level 1:colcon.colcon_core.package_identification:_identify(/home/ed/ros2_ws/build) by extensions ['ignore', 'ignore_ament_install']
[38.988s] Level 1:colcon.colcon_core.package_identification:_identify(/home/ed/ros2_ws/build) by extension 'ignore'
[38.988s] Level 1:colcon.colcon_core.package_identification:_identify(/home/ed/ros2_ws/build) ignored
[38.993s] Level 1:colcon.colcon_core.package_identification:_identify(/home/ed/ros2_ws/install) by extensions ['ignore', 'ignore_ament_install']
[38.993s] Level 1:colcon.colcon_core.package_identification:_identify(/home/ed/ros2_ws/install) by extension 'ignore'
[38.994s] Level 1:colcon.colcon_core.package_identification:_identify(/home/ed/ros2_ws/install) ignored
[38.995s] Level 1:colcon.colcon_core.package_identification:_identify(/home/ed/ros2_ws/log) by extensions ['ignore', 'ignore_ament_install']
[38.995s] Level 1:colcon.colcon_core.package_identification:_identify(/home/ed/ros2_ws/log) by extension 'ignore'
[38.996s] Level 1:colcon.colcon_core.package_identification:_identify(/home/ed/ros2_ws/log) ignored
[38.996s] Level 1:colcon.colcon_core.package_identification:_identify(/home/ed/ros2_ws/src) by extensions ['ignore', 'ignore_ament_install']
[38.997s] Level 1:colcon.colcon_core.package_identification:_identify(/home/ed/ros2_ws/src) by extension 'ignore'
[38.998s] Level 1:colcon.colcon_core.package_identification:_identify(/home/ed/ros2_ws/src) by extension 'ignore_ament_install'
[38.998s] Level 1:colcon.colcon_core.package_identification:_identify(/home/ed/ros2_ws/src) by extensions ['colcon_pkg']
[38.998s] Level 1:colcon.colcon_core.package_identification:_identify(/home/ed/ros2_ws/src) by extension 'colcon_pkg'
[38.999s] Level 1:colcon.colcon_core.package_identification:_identify(/home/ed/ros2_ws/src) by extensions ['colcon_meta']
[38.999s] Level 1:colcon.colcon_core.package_identification:_identify(/home/ed/ros2_ws/src) by extension 'colcon_meta'
[38.999s] Level 1:colcon.colcon_core.package_identification:_identify(/home/ed/ros2_ws/src) by extensions ['ros']
[39.000s] Level 1:colcon.colcon_core.package_identification:_identify(/home/ed/ros2_ws/src) by extension 'ros'
[39.000s] Level 1:colcon.colcon_core.package_identification:_identify(/home/ed/ros2_ws/src) by extensions ['cmake', 'python']
[39.001s] Level 1:colcon.colcon_core.package_identification:_identify(/home/ed/ros2_ws/src) by extension 'cmake'
[39.001s] Level 1:colcon.colcon_core.package_identification:_identify(/home/ed/ros2_ws/src) by extension 'python'
[39.002s] Level 1:colcon.colcon_core.package_identification:_identify(/home/ed/ros2_ws/src) by extensions ['python_setup_py']
[39.002s] Level 1:colcon.colcon_core.package_identification:_identify(/home/ed/ros2_ws/src) by extension 'python_setup_py'
[39.005s] Level 1:colcon.colcon_core.package_identification:_identify(/home/ed/ros2_ws/src/smartcart_controller) by extensions ['ignore', 'ignore_ament_install']
[39.006s] Level 1:colcon.colcon_core.package_identification:_identify(/home/ed/ros2_ws/src/smartcart_controller) by extension 'ignore'
[39.006s] Level 1:colcon.colcon_core.package_identification:_identify(/home/ed/ros2_ws/src/smartcart_controller) by extension 'ignore_ament_install'
[39.007s] Level 1:colcon.colcon_core.package_identification:_identify(/home/ed/ros2_ws/src/smartcart_controller) by extensions ['colcon_pkg']
[39.007s] Level 1:colcon.colcon_core.package_identification:_identify(/home/ed/ros2_ws/src/smartcart_controller) by extension 'colcon_pkg'
[39.008s] Level 1:colcon.colcon_core.package_identification:_identify(/home/ed/ros2_ws/src/smartcart_controller) by extensions ['colcon_meta']
[39.008s] Level 1:colcon.colcon_core.package_identification:_identify(/home/ed/ros2_ws/src/smartcart_controller) by extension 'colcon_meta'
[39.009s] Level 1:colcon.colcon_core.package_identification:_identify(/home/ed/ros2_ws/src/smartcart_controller) by extensions ['ros']
[39.009s] Level 1:colcon.colcon_core.package_identification:_identify(/home/ed/ros2_ws/src/smartcart_controller) by extension 'ros'
[39.045s] DEBUG:colcon.colcon_core.package_identification:Package '/home/ed/ros2_ws/src/smartcart_controller' with type 'ros.ament_python' and name 'smartcart_controller'
[39.046s] Level 1:colcon.colcon_core.package_discovery:discover_packages(recursive) using defaults
