[5.180s] DEBUG:colcon:Command line arguments: ['/usr/bin/colcon', 'build', '--symlink-install']
[5.181s] DEBUG:colcon:Parsed command line arguments: Namespace(log_base=None, log_level=None, verb_name='build', build_base='build', install_base='install', merge_install=False, symlink_install=True, test_result_base=None, continue_on_error=False, executor='parallel', parallel_workers=4, event_handlers=None, ignore_user_meta=False, metas=['./colcon.meta'], base_paths=['.'], packages_ignore=None, packages_ignore_regex=None, paths=None, packages_up_to=None, packages_up_to_regex=None, packages_above=None, packages_above_and_dependencies=None, packages_above_depth=None, packages_select_by_dep=None, packages_skip_by_dep=None, packages_skip_up_to=None, packages_select_build_failed=False, packages_skip_build_finished=False, packages_select_test_failures=False, packages_skip_test_passed=False, packages_select=None, packages_skip=None, packages_select_regex=None, packages_skip_regex=None, packages_start=None, packages_end=None, allow_overriding=[], cmake_args=None, cmake_target=None, cmake_target_skip_unavailable=False, cmake_clean_cache=False, cmake_clean_first=False, cmake_force_configure=False, ament_cmake_args=None, catkin_cmake_args=None, catkin_skip_building_tests=False, verb_parser=<colcon_defaults.argument_parser.defaults.DefaultArgumentsDecorator object at 0xffff80f2f880>, verb_extension=<colcon_core.verb.build.BuildVerb object at 0xffff811d1d20>, main=<bound method BuildVerb.main of <colcon_core.verb.build.BuildVerb object at 0xffff811d1d20>>)
[5.405s] Level 1:colcon.colcon_core.package_discovery:discover_packages(colcon_meta) check parameters
[5.405s] Level 1:colcon.colcon_core.package_discovery:discover_packages(recursive) check parameters
[5.405s] Level 1:colcon.colcon_core.package_discovery:discover_packages(ignore) check parameters
[5.405s] Level 1:colcon.colcon_core.package_discovery:discover_packages(path) check parameters
[5.405s] Level 1:colcon.colcon_core.package_discovery:discover_packages(colcon_meta) discover
[5.406s] Level 1:colcon.colcon_core.package_discovery:discover_packages(recursive) discover
[5.406s] INFO:colcon.colcon_core.package_discovery:Crawling recursively for packages in '/home/ed/ros2_ws'
[5.407s] Level 1:colcon.colcon_core.package_identification:_identify(.) by extensions ['ignore', 'ignore_ament_install']
[5.407s] Level 1:colcon.colcon_core.package_identification:_identify(.) by extension 'ignore'
[5.407s] Level 1:colcon.colcon_core.package_identification:_identify(.) by extension 'ignore_ament_install'
[5.407s] Level 1:colcon.colcon_core.package_identification:_identify(.) by extensions ['colcon_pkg']
[5.407s] Level 1:colcon.colcon_core.package_identification:_identify(.) by extension 'colcon_pkg'
[5.408s] Level 1:colcon.colcon_core.package_identification:_identify(.) by extensions ['colcon_meta']
[5.408s] Level 1:colcon.colcon_core.package_identification:_identify(.) by extension 'colcon_meta'
[5.408s] Level 1:colcon.colcon_core.package_identification:_identify(.) by extensions ['ros']
[5.408s] Level 1:colcon.colcon_core.package_identification:_identify(.) by extension 'ros'
[5.453s] Level 1:colcon.colcon_core.package_identification:_identify(.) by extensions ['cmake', 'python']
[5.454s] Level 1:colcon.colcon_core.package_identification:_identify(.) by extension 'cmake'
[5.454s] Level 1:colcon.colcon_core.package_identification:_identify(.) by extension 'python'
[5.454s] Level 1:colcon.colcon_core.package_identification:_identify(.) by extensions ['python_setup_py']
[5.454s] Level 1:colcon.colcon_core.package_identification:_identify(.) by extension 'python_setup_py'
[5.455s] Level 1:colcon.colcon_core.package_identification:_identify(Sample_TFLite_model) by extensions ['ignore', 'ignore_ament_install']
[5.455s] Level 1:colcon.colcon_core.package_identification:_identify(Sample_TFLite_model) by extension 'ignore'
[5.455s] Level 1:colcon.colcon_core.package_identification:_identify(Sample_TFLite_model) by extension 'ignore_ament_install'
[5.456s] Level 1:colcon.colcon_core.package_identification:_identify(Sample_TFLite_model) by extensions ['colcon_pkg']
[5.456s] Level 1:colcon.colcon_core.package_identification:_identify(Sample_TFLite_model) by extension 'colcon_pkg'
[5.456s] Level 1:colcon.colcon_core.package_identification:_identify(Sample_TFLite_model) by extensions ['colcon_meta']
[5.456s] Level 1:colcon.colcon_core.package_identification:_identify(Sample_TFLite_model) by extension 'colcon_meta'
[5.456s] Level 1:colcon.colcon_core.package_identification:_identify(Sample_TFLite_model) by extensions ['ros']
[5.456s] Level 1:colcon.colcon_core.package_identification:_identify(Sample_TFLite_model) by extension 'ros'
[5.457s] Level 1:colcon.colcon_core.package_identification:_identify(Sample_TFLite_model) by extensions ['cmake', 'python']
[5.457s] Level 1:colcon.colcon_core.package_identification:_identify(Sample_TFLite_model) by extension 'cmake'
[5.457s] Level 1:colcon.colcon_core.package_identification:_identify(Sample_TFLite_model) by extension 'python'
[5.457s] Level 1:colcon.colcon_core.package_identification:_identify(Sample_TFLite_model) by extensions ['python_setup_py']
[5.457s] Level 1:colcon.colcon_core.package_identification:_identify(Sample_TFLite_model) by extension 'python_setup_py'
[5.458s] Level 1:colcon.colcon_core.package_identification:_identify(build) by extensions ['ignore', 'ignore_ament_install']
[5.458s] Level 1:colcon.colcon_core.package_identification:_identify(build) by extension 'ignore'
[5.458s] Level 1:colcon.colcon_core.package_identification:_identify(build) ignored
[5.459s] Level 1:colcon.colcon_core.package_identification:_identify(install) by extensions ['ignore', 'ignore_ament_install']
[5.459s] Level 1:colcon.colcon_core.package_identification:_identify(install) by extension 'ignore'
[5.459s] Level 1:colcon.colcon_core.package_identification:_identify(install) ignored
[5.460s] Level 1:colcon.colcon_core.package_identification:_identify(log) by extensions ['ignore', 'ignore_ament_install']
[5.461s] Level 1:colcon.colcon_core.package_identification:_identify(log) by extension 'ignore'
[5.461s] Level 1:colcon.colcon_core.package_identification:_identify(log) ignored
[5.461s] Level 1:colcon.colcon_core.package_identification:_identify(src) by extensions ['ignore', 'ignore_ament_install']
[5.461s] Level 1:colcon.colcon_core.package_identification:_identify(src) by extension 'ignore'
[5.462s] Level 1:colcon.colcon_core.package_identification:_identify(src) by extension 'ignore_ament_install'
[5.462s] Level 1:colcon.colcon_core.package_identification:_identify(src) by extensions ['colcon_pkg']
[5.462s] Level 1:colcon.colcon_core.package_identification:_identify(src) by extension 'colcon_pkg'
[5.462s] Level 1:colcon.colcon_core.package_identification:_identify(src) by extensions ['colcon_meta']
[5.462s] Level 1:colcon.colcon_core.package_identification:_identify(src) by extension 'colcon_meta'
[5.462s] Level 1:colcon.colcon_core.package_identification:_identify(src) by extensions ['ros']
[5.463s] Level 1:colcon.colcon_core.package_identification:_identify(src) by extension 'ros'
[5.463s] Level 1:colcon.colcon_core.package_identification:_identify(src) by extensions ['cmake', 'python']
[5.463s] Level 1:colcon.colcon_core.package_identification:_identify(src) by extension 'cmake'
[5.463s] Level 1:colcon.colcon_core.package_identification:_identify(src) by extension 'python'
[5.463s] Level 1:colcon.colcon_core.package_identification:_identify(src) by extensions ['python_setup_py']
[5.463s] Level 1:colcon.colcon_core.package_identification:_identify(src) by extension 'python_setup_py'
[5.464s] Level 1:colcon.colcon_core.package_identification:_identify(src/build) by extensions ['ignore', 'ignore_ament_install']
[5.464s] Level 1:colcon.colcon_core.package_identification:_identify(src/build) by extension 'ignore'
[5.464s] Level 1:colcon.colcon_core.package_identification:_identify(src/build) ignored
[5.465s] Level 1:colcon.colcon_core.package_identification:_identify(src/install) by extensions ['ignore', 'ignore_ament_install']
[5.465s] Level 1:colcon.colcon_core.package_identification:_identify(src/install) by extension 'ignore'
[5.465s] Level 1:colcon.colcon_core.package_identification:_identify(src/install) ignored
[5.466s] Level 1:colcon.colcon_core.package_identification:_identify(src/log) by extensions ['ignore', 'ignore_ament_install']
[5.466s] Level 1:colcon.colcon_core.package_identification:_identify(src/log) by extension 'ignore'
[5.466s] Level 1:colcon.colcon_core.package_identification:_identify(src/log) ignored
[5.467s] Level 1:colcon.colcon_core.package_identification:_identify(src/opencv_tools) by extensions ['ignore', 'ignore_ament_install']
[5.467s] Level 1:colcon.colcon_core.package_identification:_identify(src/opencv_tools) by extension 'ignore'
[5.467s] Level 1:colcon.colcon_core.package_identification:_identify(src/opencv_tools) by extension 'ignore_ament_install'
[5.468s] Level 1:colcon.colcon_core.package_identification:_identify(src/opencv_tools) by extensions ['colcon_pkg']
[5.468s] Level 1:colcon.colcon_core.package_identification:_identify(src/opencv_tools) by extension 'colcon_pkg'
[5.468s] Level 1:colcon.colcon_core.package_identification:_identify(src/opencv_tools) by extensions ['colcon_meta']
[5.468s] Level 1:colcon.colcon_core.package_identification:_identify(src/opencv_tools) by extension 'colcon_meta'
[5.468s] Level 1:colcon.colcon_core.package_identification:_identify(src/opencv_tools) by extensions ['ros']
[5.468s] Level 1:colcon.colcon_core.package_identification:_identify(src/opencv_tools) by extension 'ros'
[5.483s] DEBUG:colcon.colcon_core.package_identification:Package 'src/opencv_tools' with type 'ros.ament_python' and name 'opencv_tools'
[5.483s] Level 1:colcon.colcon_core.package_identification:_identify(src/smartcart_controller) by extensions ['ignore', 'ignore_ament_install']
[5.484s] Level 1:colcon.colcon_core.package_identification:_identify(src/smartcart_controller) by extension 'ignore'
[5.484s] Level 1:colcon.colcon_core.package_identification:_identify(src/smartcart_controller) by extension 'ignore_ament_install'
[5.484s] Level 1:colcon.colcon_core.package_identification:_identify(src/smartcart_controller) by extensions ['colcon_pkg']
[5.484s] Level 1:colcon.colcon_core.package_identification:_identify(src/smartcart_controller) by extension 'colcon_pkg'
[5.485s] Level 1:colcon.colcon_core.package_identification:_identify(src/smartcart_controller) by extensions ['colcon_meta']
[5.485s] Level 1:colcon.colcon_core.package_identification:_identify(src/smartcart_controller) by extension 'colcon_meta'
[5.485s] Level 1:colcon.colcon_core.package_identification:_identify(src/smartcart_controller) by extensions ['ros']
[5.485s] Level 1:colcon.colcon_core.package_identification:_identify(src/smartcart_controller) by extension 'ros'
[5.487s] DEBUG:colcon.colcon_core.package_identification:Package 'src/smartcart_controller' with type 'ros.ament_python' and name 'smartcart_controller'
[5.488s] Level 1:colcon.colcon_core.package_identification:_identify(src/test) by extensions ['ignore', 'ignore_ament_install']
[5.488s] Level 1:colcon.colcon_core.package_identification:_identify(src/test) by extension 'ignore'
[5.488s] Level 1:colcon.colcon_core.package_identification:_identify(src/test) by extension 'ignore_ament_install'
[5.488s] Level 1:colcon.colcon_core.package_identification:_identify(src/test) by extensions ['colcon_pkg']
[5.489s] Level 1:colcon.colcon_core.package_identification:_identify(src/test) by extension 'colcon_pkg'
[5.489s] Level 1:colcon.colcon_core.package_identification:_identify(src/test) by extensions ['colcon_meta']
[5.489s] Level 1:colcon.colcon_core.package_identification:_identify(src/test) by extension 'colcon_meta'
[5.489s] Level 1:colcon.colcon_core.package_identification:_identify(src/test) by extensions ['ros']
[5.489s] Level 1:colcon.colcon_core.package_identification:_identify(src/test) by extension 'ros'
[5.490s] Level 1:colcon.colcon_core.package_identification:_identify(src/test) by extensions ['cmake', 'python']
[5.490s] Level 1:colcon.colcon_core.package_identification:_identify(src/test) by extension 'cmake'
[5.490s] Level 1:colcon.colcon_core.package_identification:_identify(src/test) by extension 'python'
[5.490s] Level 1:colcon.colcon_core.package_identification:_identify(src/test) by extensions ['python_setup_py']
[5.490s] Level 1:colcon.colcon_core.package_identification:_identify(src/test) by extension 'python_setup_py'
[5.491s] Level 1:colcon.colcon_core.package_discovery:discover_packages(recursive) using defaults
[5.491s] Level 1:colcon.colcon_core.package_discovery:discover_packages(ignore) discover
[5.491s] Level 1:colcon.colcon_core.package_discovery:discover_packages(ignore) using defaults
[5.491s] Level 1:colcon.colcon_core.package_discovery:discover_packages(path) discover
[5.491s] Level 1:colcon.colcon_core.package_discovery:discover_packages(path) using defaults
[5.930s] Level 1:colcon.colcon_core.package_discovery:discover_packages(prefix_path) check parameters
[5.930s] Level 1:colcon.colcon_core.package_discovery:discover_packages(prefix_path) discover
[6.076s] DEBUG:colcon.colcon_installed_package_information.package_discovery:Found 2 installed packages in /home/ed/ros2_workspace/install
[6.150s] DEBUG:colcon.colcon_installed_package_information.package_discovery:Found 2 installed packages in /home/ed/ros2_ws/install
[6.260s] DEBUG:colcon.colcon_installed_package_information.package_discovery:Found 2 installed packages in /home/ed/ros2_ws/src/install
[6.341s] DEBUG:colcon.colcon_installed_package_information.package_discovery:Found 270 installed packages in /opt/ros/humble
[6.347s] Level 1:colcon.colcon_core.package_discovery:discover_packages(prefix_path) using defaults
[6.768s] Level 5:colcon.colcon_core.verb:set package 'opencv_tools' build argument 'cmake_args' from command line to 'None'
[6.768s] Level 5:colcon.colcon_core.verb:set package 'opencv_tools' build argument 'cmake_target' from command line to 'None'
[6.768s] Level 5:colcon.colcon_core.verb:set package 'opencv_tools' build argument 'cmake_target_skip_unavailable' from command line to 'False'
[6.768s] Level 5:colcon.colcon_core.verb:set package 'opencv_tools' build argument 'cmake_clean_cache' from command line to 'False'
[6.768s] Level 5:colcon.colcon_core.verb:set package 'opencv_tools' build argument 'cmake_clean_first' from command line to 'False'
[6.769s] Level 5:colcon.colcon_core.verb:set package 'opencv_tools' build argument 'cmake_force_configure' from command line to 'False'
[6.769s] Level 5:colcon.colcon_core.verb:set package 'opencv_tools' build argument 'ament_cmake_args' from command line to 'None'
[6.769s] Level 5:colcon.colcon_core.verb:set package 'opencv_tools' build argument 'catkin_cmake_args' from command line to 'None'
[6.769s] Level 5:colcon.colcon_core.verb:set package 'opencv_tools' build argument 'catkin_skip_building_tests' from command line to 'False'
[6.769s] DEBUG:colcon.colcon_core.verb:Building package 'opencv_tools' with the following arguments: {'ament_cmake_args': None, 'build_base': '/home/ed/ros2_ws/build/opencv_tools', 'catkin_cmake_args': None, 'catkin_skip_building_tests': False, 'cmake_args': None, 'cmake_clean_cache': False, 'cmake_clean_first': False, 'cmake_force_configure': False, 'cmake_target': None, 'cmake_target_skip_unavailable': False, 'install_base': '/home/ed/ros2_ws/install/opencv_tools', 'merge_install': False, 'path': '/home/ed/ros2_ws/src/opencv_tools', 'symlink_install': True, 'test_result_base': None}
[6.840s] Level 5:colcon.colcon_core.verb:set package 'smartcart_controller' build argument 'cmake_args' from command line to 'None'
[6.840s] Level 5:colcon.colcon_core.verb:set package 'smartcart_controller' build argument 'cmake_target' from command line to 'None'
[6.840s] Level 5:colcon.colcon_core.verb:set package 'smartcart_controller' build argument 'cmake_target_skip_unavailable' from command line to 'False'
[6.840s] Level 5:colcon.colcon_core.verb:set package 'smartcart_controller' build argument 'cmake_clean_cache' from command line to 'False'
[6.840s] Level 5:colcon.colcon_core.verb:set package 'smartcart_controller' build argument 'cmake_clean_first' from command line to 'False'
[6.841s] Level 5:colcon.colcon_core.verb:set package 'smartcart_controller' build argument 'cmake_force_configure' from command line to 'False'
[6.841s] Level 5:colcon.colcon_core.verb:set package 'smartcart_controller' build argument 'ament_cmake_args' from command line to 'None'
[6.841s] Level 5:colcon.colcon_core.verb:set package 'smartcart_controller' build argument 'catkin_cmake_args' from command line to 'None'
[6.841s] Level 5:colcon.colcon_core.verb:set package 'smartcart_controller' build argument 'catkin_skip_building_tests' from command line to 'False'
[6.841s] DEBUG:colcon.colcon_core.verb:Building package 'smartcart_controller' with the following arguments: {'ament_cmake_args': None, 'build_base': '/home/ed/ros2_ws/build/smartcart_controller', 'catkin_cmake_args': None, 'catkin_skip_building_tests': False, 'cmake_args': None, 'cmake_clean_cache': False, 'cmake_clean_first': False, 'cmake_force_configure': False, 'cmake_target': None, 'cmake_target_skip_unavailable': False, 'install_base': '/home/ed/ros2_ws/install/smartcart_controller', 'merge_install': False, 'path': '/home/ed/ros2_ws/src/smartcart_controller', 'symlink_install': True, 'test_result_base': None}
[6.914s] INFO:colcon.colcon_core.executor:Executing jobs using 'parallel' executor
[6.989s] DEBUG:colcon.colcon_parallel_executor.executor.parallel:run_until_complete
[6.990s] INFO:colcon.colcon_ros.task.ament_python.build:Building ROS package in '/home/ed/ros2_ws/src/opencv_tools' with build type 'ament_python'
[6.991s] Level 1:colcon.colcon_core.shell:create_environment_hook('opencv_tools', 'ament_prefix_path')
[7.077s] INFO:colcon.colcon_core.plugin_system:Skipping extension 'colcon_core.shell.bat': Not used on non-Windows systems
[7.078s] INFO:colcon.colcon_core.shell:Creating environment hook '/home/ed/ros2_ws/install/opencv_tools/share/opencv_tools/hook/ament_prefix_path.ps1'
[7.081s] INFO:colcon.colcon_core.shell:Creating environment descriptor '/home/ed/ros2_ws/install/opencv_tools/share/opencv_tools/hook/ament_prefix_path.dsv'
[7.083s] INFO:colcon.colcon_core.shell:Creating environment hook '/home/ed/ros2_ws/install/opencv_tools/share/opencv_tools/hook/ament_prefix_path.sh'
[7.169s] INFO:colcon.colcon_core.shell:Skip shell extension 'powershell' for command environment: Not usable outside of PowerShell
[7.169s] DEBUG:colcon.colcon_core.shell:Skip shell extension 'dsv' for command environment
[7.568s] INFO:colcon.colcon_ros.task.ament_python.build:Building ROS package in '/home/ed/ros2_ws/src/smartcart_controller' with build type 'ament_python'
[7.568s] Level 1:colcon.colcon_core.shell:create_environment_hook('smartcart_controller', 'ament_prefix_path')
[7.653s] INFO:colcon.colcon_core.shell:Creating environment hook '/home/ed/ros2_ws/install/smartcart_controller/share/smartcart_controller/hook/ament_prefix_path.ps1'
[7.655s] INFO:colcon.colcon_core.shell:Creating environment descriptor '/home/ed/ros2_ws/install/smartcart_controller/share/smartcart_controller/hook/ament_prefix_path.dsv'
[7.657s] INFO:colcon.colcon_core.shell:Creating environment hook '/home/ed/ros2_ws/install/smartcart_controller/share/smartcart_controller/hook/ament_prefix_path.sh'
[7.733s] INFO:colcon.colcon_core.shell:Skip shell extension 'powershell' for command environment: Not usable outside of PowerShell
[7.734s] DEBUG:colcon.colcon_core.shell:Skip shell extension 'dsv' for command environment
[9.534s] INFO:colcon.colcon_core.task.python.build:Building Python package in '/home/ed/ros2_ws/src/opencv_tools'
[9.611s] INFO:colcon.colcon_core.shell:Skip shell extension 'powershell' for command environment: Not usable outside of PowerShell
[9.612s] DEBUG:colcon.colcon_core.shell:Skip shell extension 'dsv' for command environment
[11.398s] INFO:colcon.colcon_core.task.python.build:Building Python package in '/home/ed/ros2_ws/src/smartcart_controller'
[11.474s] INFO:colcon.colcon_core.shell:Skip shell extension 'powershell' for command environment: Not usable outside of PowerShell
[11.474s] DEBUG:colcon.colcon_core.shell:Skip shell extension 'dsv' for command environment
[13.943s] DEBUG:colcon.colcon_core.event_handler.log_command:Invoking command in '/home/ed/ros2_ws/build/smartcart_controller': PYTHONPATH=/home/ed/ros2_ws/build/smartcart_controller/prefix_override:/home/ed/ros2_ws/install/smartcart_controller/lib/python3.10/site-packages:${PYTHONPATH} /usr/bin/python3 setup.py develop --editable --build-directory /home/ed/ros2_ws/build/smartcart_controller/build --no-deps install_data
[13.987s] DEBUG:colcon.colcon_core.event_handler.log_command:Invoking command in '/home/ed/ros2_ws/build/opencv_tools': PYTHONPATH=/home/ed/ros2_ws/build/opencv_tools/prefix_override:/home/ed/ros2_ws/install/opencv_tools/lib/python3.10/site-packages:${PYTHONPATH} /usr/bin/python3 setup.py develop --editable --build-directory /home/ed/ros2_ws/build/opencv_tools/build --no-deps install_data
[17.018s] Level 1:colcon.colcon_core.shell:create_environment_hook('opencv_tools', 'pythonpath_develop')
[17.025s] DEBUG:colcon.colcon_core.event_handler.log_command:Invoked command in '/home/ed/ros2_ws/build/opencv_tools' returned '0': PYTHONPATH=/home/ed/ros2_ws/build/opencv_tools/prefix_override:/home/ed/ros2_ws/install/opencv_tools/lib/python3.10/site-packages:${PYTHONPATH} /usr/bin/python3 setup.py develop --editable --build-directory /home/ed/ros2_ws/build/opencv_tools/build --no-deps install_data
[17.219s] INFO:colcon.colcon_core.shell:Creating environment hook '/home/ed/ros2_ws/build/opencv_tools/share/opencv_tools/hook/pythonpath_develop.ps1'
[17.223s] INFO:colcon.colcon_core.shell:Creating environment descriptor '/home/ed/ros2_ws/build/opencv_tools/share/opencv_tools/hook/pythonpath_develop.dsv'
[17.226s] INFO:colcon.colcon_core.shell:Creating environment hook '/home/ed/ros2_ws/build/opencv_tools/share/opencv_tools/hook/pythonpath_develop.sh'
[17.454s] Level 1:colcon.colcon_core.environment:checking '/home/ed/ros2_ws/install/opencv_tools' for CMake module files
[17.456s] Level 1:colcon.colcon_core.environment:checking '/home/ed/ros2_ws/install/opencv_tools' for CMake config files
[17.459s] Level 1:colcon.colcon_core.environment:checking '/home/ed/ros2_ws/install/opencv_tools/lib'
[17.460s] Level 1:colcon.colcon_core.environment:checking '/home/ed/ros2_ws/install/opencv_tools/bin'
[17.460s] Level 1:colcon.colcon_core.environment:checking '/home/ed/ros2_ws/install/opencv_tools/lib/pkgconfig/opencv_tools.pc'
[17.461s] Level 1:colcon.colcon_core.environment:checking '/home/ed/ros2_ws/install/opencv_tools/lib/python3.10/site-packages'
[17.461s] Level 1:colcon.colcon_core.shell:create_environment_hook('opencv_tools', 'pythonpath')
[17.538s] INFO:colcon.colcon_core.shell:Creating environment hook '/home/ed/ros2_ws/install/opencv_tools/share/opencv_tools/hook/pythonpath.ps1'
[17.540s] INFO:colcon.colcon_core.shell:Creating environment descriptor '/home/ed/ros2_ws/install/opencv_tools/share/opencv_tools/hook/pythonpath.dsv'
[17.542s] INFO:colcon.colcon_core.shell:Creating environment hook '/home/ed/ros2_ws/install/opencv_tools/share/opencv_tools/hook/pythonpath.sh'
[17.546s] Level 1:colcon.colcon_core.environment:checking '/home/ed/ros2_ws/install/opencv_tools/bin'
[17.547s] Level 1:colcon.colcon_core.environment:create_environment_scripts_only(opencv_tools)
[17.619s] INFO:colcon.colcon_core.shell:Creating package script '/home/ed/ros2_ws/install/opencv_tools/share/opencv_tools/package.ps1'
[17.623s] INFO:colcon.colcon_core.shell:Creating package descriptor '/home/ed/ros2_ws/install/opencv_tools/share/opencv_tools/package.dsv'
[17.627s] INFO:colcon.colcon_core.shell:Creating package script '/home/ed/ros2_ws/install/opencv_tools/share/opencv_tools/package.sh'
[17.630s] INFO:colcon.colcon_core.shell:Creating package script '/home/ed/ros2_ws/install/opencv_tools/share/opencv_tools/package.bash'
[17.633s] INFO:colcon.colcon_core.shell:Creating package script '/home/ed/ros2_ws/install/opencv_tools/share/opencv_tools/package.zsh'
[17.636s] Level 1:colcon.colcon_core.environment:create_file_with_runtime_dependencies(/home/ed/ros2_ws/install/opencv_tools/share/colcon-core/packages/opencv_tools)
[17.640s] Level 1:colcon.colcon_core.shell:create_environment_hook('smartcart_controller', 'pythonpath_develop')
[17.643s] DEBUG:colcon.colcon_core.event_handler.log_command:Invoked command in '/home/ed/ros2_ws/build/smartcart_controller' returned '0': PYTHONPATH=/home/ed/ros2_ws/build/smartcart_controller/prefix_override:/home/ed/ros2_ws/install/smartcart_controller/lib/python3.10/site-packages:${PYTHONPATH} /usr/bin/python3 setup.py develop --editable --build-directory /home/ed/ros2_ws/build/smartcart_controller/build --no-deps install_data
[17.724s] INFO:colcon.colcon_core.shell:Creating environment hook '/home/ed/ros2_ws/build/smartcart_controller/share/smartcart_controller/hook/pythonpath_develop.ps1'
[17.726s] INFO:colcon.colcon_core.shell:Creating environment descriptor '/home/ed/ros2_ws/build/smartcart_controller/share/smartcart_controller/hook/pythonpath_develop.dsv'
[17.729s] INFO:colcon.colcon_core.shell:Creating environment hook '/home/ed/ros2_ws/build/smartcart_controller/share/smartcart_controller/hook/pythonpath_develop.sh'
[17.810s] Level 1:colcon.colcon_core.environment:checking '/home/ed/ros2_ws/install/smartcart_controller' for CMake module files
[17.813s] Level 1:colcon.colcon_core.environment:checking '/home/ed/ros2_ws/install/smartcart_controller' for CMake config files
[17.816s] Level 1:colcon.colcon_core.environment:checking '/home/ed/ros2_ws/install/smartcart_controller/lib'
[17.817s] Level 1:colcon.colcon_core.environment:checking '/home/ed/ros2_ws/install/smartcart_controller/bin'
[17.817s] Level 1:colcon.colcon_core.environment:checking '/home/ed/ros2_ws/install/smartcart_controller/lib/pkgconfig/smartcart_controller.pc'
[17.818s] Level 1:colcon.colcon_core.environment:checking '/home/ed/ros2_ws/install/smartcart_controller/lib/python3.10/site-packages'
[17.818s] Level 1:colcon.colcon_core.shell:create_environment_hook('smartcart_controller', 'pythonpath')
[17.899s] INFO:colcon.colcon_core.shell:Creating environment hook '/home/ed/ros2_ws/install/smartcart_controller/share/smartcart_controller/hook/pythonpath.ps1'
[17.901s] INFO:colcon.colcon_core.shell:Creating environment descriptor '/home/ed/ros2_ws/install/smartcart_controller/share/smartcart_controller/hook/pythonpath.dsv'
[17.903s] INFO:colcon.colcon_core.shell:Creating environment hook '/home/ed/ros2_ws/install/smartcart_controller/share/smartcart_controller/hook/pythonpath.sh'
[17.906s] Level 1:colcon.colcon_core.environment:checking '/home/ed/ros2_ws/install/smartcart_controller/bin'
[17.906s] Level 1:colcon.colcon_core.environment:create_environment_scripts_only(smartcart_controller)
[17.990s] INFO:colcon.colcon_core.shell:Creating package script '/home/ed/ros2_ws/install/smartcart_controller/share/smartcart_controller/package.ps1'
[17.994s] INFO:colcon.colcon_core.shell:Creating package descriptor '/home/ed/ros2_ws/install/smartcart_controller/share/smartcart_controller/package.dsv'
[17.998s] INFO:colcon.colcon_core.shell:Creating package script '/home/ed/ros2_ws/install/smartcart_controller/share/smartcart_controller/package.sh'
[18.001s] INFO:colcon.colcon_core.shell:Creating package script '/home/ed/ros2_ws/install/smartcart_controller/share/smartcart_controller/package.bash'
[18.004s] INFO:colcon.colcon_core.shell:Creating package script '/home/ed/ros2_ws/install/smartcart_controller/share/smartcart_controller/package.zsh'
[18.007s] Level 1:colcon.colcon_core.environment:create_file_with_runtime_dependencies(/home/ed/ros2_ws/install/smartcart_controller/share/colcon-core/packages/smartcart_controller)
[18.009s] DEBUG:colcon.colcon_parallel_executor.executor.parallel:closing loop
[18.012s] DEBUG:colcon.colcon_parallel_executor.executor.parallel:loop closed
[18.013s] DEBUG:colcon.colcon_parallel_executor.executor.parallel:run_until_complete finished with '0'
[18.013s] DEBUG:colcon.colcon_core.event_reactor:joining thread
[18.206s] INFO:colcon.colcon_core.plugin_system:Skipping extension 'colcon_notification.desktop_notification.terminal_notifier': Not used on non-Darwin systems
[18.214s] INFO:colcon.colcon_core.plugin_system:Skipping extension 'colcon_notification.desktop_notification.win32': Not used on non-Windows systems
[18.215s] INFO:colcon.colcon_notification.desktop_notification:Sending desktop notification using 'notify2'
[18.302s] DEBUG:colcon.colcon_core.event_reactor:joined thread
[18.515s] INFO:colcon.colcon_core.shell:Creating prefix script '/home/ed/ros2_ws/install/local_setup.ps1'
[18.520s] INFO:colcon.colcon_core.shell:Creating prefix util module '/home/ed/ros2_ws/install/_local_setup_util_ps1.py'
[18.530s] INFO:colcon.colcon_core.shell:Creating prefix chain script '/home/ed/ros2_ws/install/setup.ps1'
[18.711s] INFO:colcon.colcon_core.shell:Creating prefix script '/home/ed/ros2_ws/install/local_setup.sh'
[18.714s] INFO:colcon.colcon_core.shell:Creating prefix util module '/home/ed/ros2_ws/install/_local_setup_util_sh.py'
[18.717s] INFO:colcon.colcon_core.shell:Creating prefix chain script '/home/ed/ros2_ws/install/setup.sh'
[18.792s] INFO:colcon.colcon_core.shell:Creating prefix script '/home/ed/ros2_ws/install/local_setup.bash'
[18.795s] INFO:colcon.colcon_core.shell:Creating prefix chain script '/home/ed/ros2_ws/install/setup.bash'
[18.870s] INFO:colcon.colcon_core.shell:Creating prefix script '/home/ed/ros2_ws/install/local_setup.zsh'
[18.872s] INFO:colcon.colcon_core.shell:Creating prefix chain script '/home/ed/ros2_ws/install/setup.zsh'
