[14.289s] Invoking command in '/home/ed/ros2_ws/src/opencv_tools': PYTHONPATH=/home/ed/ros2_ws/src/build/opencv_tools/prefix_override:/home/ed/ros2_ws/src/install/opencv_tools/lib/python3.10/site-packages:${PYTHONPATH} /usr/bin/python3 setup.py egg_info --egg-base ../build/opencv_tools build --build-base /home/ed/ros2_ws/src/build/opencv_tools/build install --record /home/ed/ros2_ws/src/build/opencv_tools/install.log --single-version-externally-managed
[17.406s] running egg_info
[17.408s] creating ../build/opencv_tools/opencv_tools.egg-info
[17.411s] writing ../build/opencv_tools/opencv_tools.egg-info/PKG-INFO
[17.412s] writing dependency_links to ../build/opencv_tools/opencv_tools.egg-info/dependency_links.txt
[17.418s] writing entry points to ../build/opencv_tools/opencv_tools.egg-info/entry_points.txt
[17.418s] writing requirements to ../build/opencv_tools/opencv_tools.egg-info/requires.txt
[17.419s] writing top-level names to ../build/opencv_tools/opencv_tools.egg-info/top_level.txt
[17.426s] writing manifest file '../build/opencv_tools/opencv_tools.egg-info/SOURCES.txt'
[17.444s] reading manifest file '../build/opencv_tools/opencv_tools.egg-info/SOURCES.txt'
[17.446s] writing manifest file '../build/opencv_tools/opencv_tools.egg-info/SOURCES.txt'
[17.454s] running build
[17.458s] running build_py
[17.460s] creating /home/ed/ros2_ws/src/build/opencv_tools/build
[17.461s] creating /home/ed/ros2_ws/src/build/opencv_tools/build/lib
[17.473s] creating /home/ed/ros2_ws/src/build/opencv_tools/build/lib/opencv_tools
[17.476s] copying opencv_tools/framerate.py -> /home/ed/ros2_ws/src/build/opencv_tools/build/lib/opencv_tools
[17.478s] copying opencv_tools/webcam.py -> /home/ed/ros2_ws/src/build/opencv_tools/build/lib/opencv_tools
[17.482s] copying opencv_tools/interpreter.py -> /home/ed/ros2_ws/src/build/opencv_tools/build/lib/opencv_tools
[17.483s] copying opencv_tools/tracker.py -> /home/ed/ros2_ws/src/build/opencv_tools/build/lib/opencv_tools
[17.484s] copying opencv_tools/basic_image_subscriber.py -> /home/ed/ros2_ws/src/build/opencv_tools/build/lib/opencv_tools
[17.492s] copying opencv_tools/videostream.py -> /home/ed/ros2_ws/src/build/opencv_tools/build/lib/opencv_tools
[17.500s] copying opencv_tools/__init__.py -> /home/ed/ros2_ws/src/build/opencv_tools/build/lib/opencv_tools
[17.506s] copying opencv_tools/motor_controller.py -> /home/ed/ros2_ws/src/build/opencv_tools/build/lib/opencv_tools
[17.508s] copying opencv_tools/img_publisher_test.py -> /home/ed/ros2_ws/src/build/opencv_tools/build/lib/opencv_tools
[17.514s] copying opencv_tools/utilities.py -> /home/ed/ros2_ws/src/build/opencv_tools/build/lib/opencv_tools
[17.526s] copying opencv_tools/basic_image_publisher.py -> /home/ed/ros2_ws/src/build/opencv_tools/build/lib/opencv_tools
[17.555s] copying opencv_tools/tensor_image_publisher.py -> /home/ed/ros2_ws/src/build/opencv_tools/build/lib/opencv_tools
[17.555s] running install
[17.564s] running install_lib
[17.577s] creating /home/ed/ros2_ws/src/install/opencv_tools/lib/python3.10/site-packages/opencv_tools
[17.578s] copying /home/ed/ros2_ws/src/build/opencv_tools/build/lib/opencv_tools/framerate.py -> /home/ed/ros2_ws/src/install/opencv_tools/lib/python3.10/site-packages/opencv_tools
[17.584s] copying /home/ed/ros2_ws/src/build/opencv_tools/build/lib/opencv_tools/webcam.py -> /home/ed/ros2_ws/src/install/opencv_tools/lib/python3.10/site-packages/opencv_tools
[17.593s] copying /home/ed/ros2_ws/src/build/opencv_tools/build/lib/opencv_tools/interpreter.py -> /home/ed/ros2_ws/src/install/opencv_tools/lib/python3.10/site-packages/opencv_tools
[17.607s] copying /home/ed/ros2_ws/src/build/opencv_tools/build/lib/opencv_tools/tracker.py -> /home/ed/ros2_ws/src/install/opencv_tools/lib/python3.10/site-packages/opencv_tools
[17.608s] copying /home/ed/ros2_ws/src/build/opencv_tools/build/lib/opencv_tools/basic_image_subscriber.py -> /home/ed/ros2_ws/src/install/opencv_tools/lib/python3.10/site-packages/opencv_tools
[17.638s] copying /home/ed/ros2_ws/src/build/opencv_tools/build/lib/opencv_tools/videostream.py -> /home/ed/ros2_ws/src/install/opencv_tools/lib/python3.10/site-packages/opencv_tools
[17.640s] copying /home/ed/ros2_ws/src/build/opencv_tools/build/lib/opencv_tools/__init__.py -> /home/ed/ros2_ws/src/install/opencv_tools/lib/python3.10/site-packages/opencv_tools
[17.650s] copying /home/ed/ros2_ws/src/build/opencv_tools/build/lib/opencv_tools/motor_controller.py -> /home/ed/ros2_ws/src/install/opencv_tools/lib/python3.10/site-packages/opencv_tools
[17.651s] copying /home/ed/ros2_ws/src/build/opencv_tools/build/lib/opencv_tools/img_publisher_test.py -> /home/ed/ros2_ws/src/install/opencv_tools/lib/python3.10/site-packages/opencv_tools
[17.652s] copying /home/ed/ros2_ws/src/build/opencv_tools/build/lib/opencv_tools/utilities.py -> /home/ed/ros2_ws/src/install/opencv_tools/lib/python3.10/site-packages/opencv_tools
[17.665s] copying /home/ed/ros2_ws/src/build/opencv_tools/build/lib/opencv_tools/basic_image_publisher.py -> /home/ed/ros2_ws/src/install/opencv_tools/lib/python3.10/site-packages/opencv_tools
[17.667s] copying /home/ed/ros2_ws/src/build/opencv_tools/build/lib/opencv_tools/tensor_image_publisher.py -> /home/ed/ros2_ws/src/install/opencv_tools/lib/python3.10/site-packages/opencv_tools
[17.670s] byte-compiling /home/ed/ros2_ws/src/install/opencv_tools/lib/python3.10/site-packages/opencv_tools/framerate.py to framerate.cpython-310.pyc
[17.671s] byte-compiling /home/ed/ros2_ws/src/install/opencv_tools/lib/python3.10/site-packages/opencv_tools/webcam.py to webcam.cpython-310.pyc
[17.672s] byte-compiling /home/ed/ros2_ws/src/install/opencv_tools/lib/python3.10/site-packages/opencv_tools/interpreter.py to interpreter.cpython-310.pyc
[17.683s] byte-compiling /home/ed/ros2_ws/src/install/opencv_tools/lib/python3.10/site-packages/opencv_tools/tracker.py to tracker.cpython-310.pyc
[17.684s] byte-compiling /home/ed/ros2_ws/src/install/opencv_tools/lib/python3.10/site-packages/opencv_tools/basic_image_subscriber.py to basic_image_subscriber.cpython-310.pyc
[17.700s] byte-compiling /home/ed/ros2_ws/src/install/opencv_tools/lib/python3.10/site-packages/opencv_tools/videostream.py to videostream.cpython-310.pyc
[17.705s] byte-compiling /home/ed/ros2_ws/src/install/opencv_tools/lib/python3.10/site-packages/opencv_tools/__init__.py to __init__.cpython-310.pyc
[17.717s] byte-compiling /home/ed/ros2_ws/src/install/opencv_tools/lib/python3.10/site-packages/opencv_tools/motor_controller.py to motor_controller.cpython-310.pyc
[17.725s]   File "/home/ed/ros2_ws/src/install/opencv_tools/lib/python3.10/site-packages/opencv_tools/motor_controller.py", line 4
[17.726s]     MAXPWM = 
[17.727s]              ^
[17.728s] SyntaxError: invalid syntax
[17.729s] 
[17.743s] byte-compiling /home/ed/ros2_ws/src/install/opencv_tools/lib/python3.10/site-packages/opencv_tools/img_publisher_test.py to img_publisher_test.cpython-310.pyc
[17.744s] byte-compiling /home/ed/ros2_ws/src/install/opencv_tools/lib/python3.10/site-packages/opencv_tools/utilities.py to utilities.cpython-310.pyc
[17.751s] byte-compiling /home/ed/ros2_ws/src/install/opencv_tools/lib/python3.10/site-packages/opencv_tools/basic_image_publisher.py to basic_image_publisher.cpython-310.pyc
[17.754s] byte-compiling /home/ed/ros2_ws/src/install/opencv_tools/lib/python3.10/site-packages/opencv_tools/tensor_image_publisher.py to tensor_image_publisher.cpython-310.pyc
[17.756s] running install_data
[17.769s] creating /home/ed/ros2_ws/src/install/opencv_tools/share/ament_index
[17.771s] creating /home/ed/ros2_ws/src/install/opencv_tools/share/ament_index/resource_index
[17.780s] creating /home/ed/ros2_ws/src/install/opencv_tools/share/ament_index/resource_index/packages
[17.782s] copying resource/opencv_tools -> /home/ed/ros2_ws/src/install/opencv_tools/share/ament_index/resource_index/packages
[17.796s] copying package.xml -> /home/ed/ros2_ws/src/install/opencv_tools/share/opencv_tools
[17.806s] running install_egg_info
[17.808s] Copying ../build/opencv_tools/opencv_tools.egg-info to /home/ed/ros2_ws/src/install/opencv_tools/lib/python3.10/site-packages/opencv_tools-0.0.0-py3.10.egg-info
[17.809s] running install_scripts
[18.088s] Installing img_publisher script to /home/ed/ros2_ws/src/install/opencv_tools/lib/opencv_tools
[18.102s] Installing img_subscriber script to /home/ed/ros2_ws/src/install/opencv_tools/lib/opencv_tools
[18.123s] Installing tensor_img_publisher script to /home/ed/ros2_ws/src/install/opencv_tools/lib/opencv_tools
[18.125s] writing list of installed files to '/home/ed/ros2_ws/src/build/opencv_tools/install.log'
[19.416s] Invoked command in '/home/ed/ros2_ws/src/opencv_tools' returned '0': PYTHONPATH=/home/ed/ros2_ws/src/build/opencv_tools/prefix_override:/home/ed/ros2_ws/src/install/opencv_tools/lib/python3.10/site-packages:${PYTHONPATH} /usr/bin/python3 setup.py egg_info --egg-base ../build/opencv_tools build --build-base /home/ed/ros2_ws/src/build/opencv_tools/build install --record /home/ed/ros2_ws/src/build/opencv_tools/install.log --single-version-externally-managed
