[7.117s] Invoking command in '/home/ed/ros2_ws/build/opencv_tools': PYTHONPATH=/home/ed/ros2_ws/build/opencv_tools/prefix_override:/home/ed/ros2_ws/install/opencv_tools/lib/python3.10/site-packages:${PYTHONPATH} /usr/bin/python3 setup.py develop --editable --build-directory /home/ed/ros2_ws/build/opencv_tools/build --no-deps install_data
[8.866s] running develop
[9.917s] running egg_info
[9.918s] writing opencv_tools.egg-info/PKG-INFO
[9.919s] writing dependency_links to opencv_tools.egg-info/dependency_links.txt
[9.920s] writing entry points to opencv_tools.egg-info/entry_points.txt
[9.921s] writing requirements to opencv_tools.egg-info/requires.txt
[9.922s] writing top-level names to opencv_tools.egg-info/top_level.txt
[9.932s] reading manifest file 'opencv_tools.egg-info/SOURCES.txt'
[9.939s] writing manifest file 'opencv_tools.egg-info/SOURCES.txt'
[9.945s] running build_ext
[9.951s] Creating /home/ed/ros2_ws/install/opencv_tools/lib/python3.10/site-packages/opencv-tools.egg-link (link to .)
[9.953s] Installing img_publisher script to /home/ed/ros2_ws/install/opencv_tools/lib/opencv_tools
[9.953s] Installing img_subscriber script to /home/ed/ros2_ws/install/opencv_tools/lib/opencv_tools
[9.954s] Installing tensor_img_publisher script to /home/ed/ros2_ws/install/opencv_tools/lib/opencv_tools
[9.955s] 
[9.955s] Installed /home/ed/ros2_ws/build/opencv_tools
[9.956s] running install_data
[9.957s] copying package.xml -> /home/ed/ros2_ws/install/opencv_tools/share/opencv_tools
[10.196s] Invoked command in '/home/ed/ros2_ws/build/opencv_tools' returned '0': PYTHONPATH=/home/ed/ros2_ws/build/opencv_tools/prefix_override:/home/ed/ros2_ws/install/opencv_tools/lib/python3.10/site-packages:${PYTHONPATH} /usr/bin/python3 setup.py develop --editable --build-directory /home/ed/ros2_ws/build/opencv_tools/build --no-deps install_data
