[5.032s] DEBUG:colcon:Command line arguments: ['/usr/bin/colcon', 'build']
[5.033s] DEBUG:colcon:Parsed command line arguments: Namespace(log_base=None, log_level=None, verb_name='build', build_base='build', install_base='install', merge_install=False, symlink_install=False, test_result_base=None, continue_on_error=False, executor='parallel', parallel_workers=4, event_handlers=None, ignore_user_meta=False, metas=['./colcon.meta'], base_paths=['.'], packages_ignore=None, packages_ignore_regex=None, paths=None, packages_up_to=None, packages_up_to_regex=None, packages_above=None, packages_above_and_dependencies=None, packages_above_depth=None, packages_select_by_dep=None, packages_skip_by_dep=None, packages_skip_up_to=None, packages_select_build_failed=False, packages_skip_build_finished=False, packages_select_test_failures=False, packages_skip_test_passed=False, packages_select=None, packages_skip=None, packages_select_regex=None, packages_skip_regex=None, packages_start=None, packages_end=None, allow_overriding=[], cmake_args=None, cmake_target=None, cmake_target_skip_unavailable=False, cmake_clean_cache=False, cmake_clean_first=False, cmake_force_configure=False, ament_cmake_args=None, catkin_cmake_args=None, catkin_skip_building_tests=False, verb_parser=<colcon_defaults.argument_parser.defaults.DefaultArgumentsDecorator object at 0xffff9bc7c490>, verb_extension=<colcon_core.verb.build.BuildVerb object at 0xffff9bf1ff10>, main=<bound method BuildVerb.main of <colcon_core.verb.build.BuildVerb object at 0xffff9bf1ff10>>)
[5.257s] Level 1:colcon.colcon_core.package_discovery:discover_packages(colcon_meta) check parameters
[5.257s] Level 1:colcon.colcon_core.package_discovery:discover_packages(recursive) check parameters
[5.257s] Level 1:colcon.colcon_core.package_discovery:discover_packages(ignore) check parameters
[5.258s] Level 1:colcon.colcon_core.package_discovery:discover_packages(path) check parameters
[5.258s] Level 1:colcon.colcon_core.package_discovery:discover_packages(colcon_meta) discover
[5.258s] Level 1:colcon.colcon_core.package_discovery:discover_packages(recursive) discover
[5.258s] INFO:colcon.colcon_core.package_discovery:Crawling recursively for packages in '/home/ed/ros2_ws'
[5.258s] Level 1:colcon.colcon_core.package_identification:_identify(.) by extensions ['ignore', 'ignore_ament_install']
[5.259s] Level 1:colcon.colcon_core.package_identification:_identify(.) by extension 'ignore'
[5.259s] Level 1:colcon.colcon_core.package_identification:_identify(.) by extension 'ignore_ament_install'
[5.259s] Level 1:colcon.colcon_core.package_identification:_identify(.) by extensions ['colcon_pkg']
[5.259s] Level 1:colcon.colcon_core.package_identification:_identify(.) by extension 'colcon_pkg'
[5.260s] Level 1:colcon.colcon_core.package_identification:_identify(.) by extensions ['colcon_meta']
[5.260s] Level 1:colcon.colcon_core.package_identification:_identify(.) by extension 'colcon_meta'
[5.260s] Level 1:colcon.colcon_core.package_identification:_identify(.) by extensions ['ros']
[5.260s] Level 1:colcon.colcon_core.package_identification:_identify(.) by extension 'ros'
[5.305s] Level 1:colcon.colcon_core.package_identification:_identify(.) by extensions ['cmake', 'python']
[5.306s] Level 1:colcon.colcon_core.package_identification:_identify(.) by extension 'cmake'
[5.306s] Level 1:colcon.colcon_core.package_identification:_identify(.) by extension 'python'
[5.306s] Level 1:colcon.colcon_core.package_identification:_identify(.) by extensions ['python_setup_py']
[5.306s] Level 1:colcon.colcon_core.package_identification:_identify(.) by extension 'python_setup_py'
[5.307s] Level 1:colcon.colcon_core.package_identification:_identify(build) by extensions ['ignore', 'ignore_ament_install']
[5.307s] Level 1:colcon.colcon_core.package_identification:_identify(build) by extension 'ignore'
[5.307s] Level 1:colcon.colcon_core.package_identification:_identify(build) ignored
[5.308s] Level 1:colcon.colcon_core.package_identification:_identify(install) by extensions ['ignore', 'ignore_ament_install']
[5.308s] Level 1:colcon.colcon_core.package_identification:_identify(install) by extension 'ignore'
[5.308s] Level 1:colcon.colcon_core.package_identification:_identify(install) ignored
[5.309s] Level 1:colcon.colcon_core.package_identification:_identify(log) by extensions ['ignore', 'ignore_ament_install']
[5.309s] Level 1:colcon.colcon_core.package_identification:_identify(log) by extension 'ignore'
[5.310s] Level 1:colcon.colcon_core.package_identification:_identify(log) ignored
[5.310s] Level 1:colcon.colcon_core.package_identification:_identify(src) by extensions ['ignore', 'ignore_ament_install']
[5.310s] Level 1:colcon.colcon_core.package_identification:_identify(src) by extension 'ignore'
[5.311s] Level 1:colcon.colcon_core.package_identification:_identify(src) by extension 'ignore_ament_install'
[5.311s] Level 1:colcon.colcon_core.package_identification:_identify(src) by extensions ['colcon_pkg']
[5.311s] Level 1:colcon.colcon_core.package_identification:_identify(src) by extension 'colcon_pkg'
[5.311s] Level 1:colcon.colcon_core.package_identification:_identify(src) by extensions ['colcon_meta']
[5.311s] Level 1:colcon.colcon_core.package_identification:_identify(src) by extension 'colcon_meta'
[5.311s] Level 1:colcon.colcon_core.package_identification:_identify(src) by extensions ['ros']
[5.311s] Level 1:colcon.colcon_core.package_identification:_identify(src) by extension 'ros'
[5.312s] Level 1:colcon.colcon_core.package_identification:_identify(src) by extensions ['cmake', 'python']
[5.312s] Level 1:colcon.colcon_core.package_identification:_identify(src) by extension 'cmake'
[5.312s] Level 1:colcon.colcon_core.package_identification:_identify(src) by extension 'python'
[5.312s] Level 1:colcon.colcon_core.package_identification:_identify(src) by extensions ['python_setup_py']
[5.312s] Level 1:colcon.colcon_core.package_identification:_identify(src) by extension 'python_setup_py'
[5.313s] Level 1:colcon.colcon_core.package_identification:_identify(src/build) by extensions ['ignore', 'ignore_ament_install']
[5.313s] Level 1:colcon.colcon_core.package_identification:_identify(src/build) by extension 'ignore'
[5.313s] Level 1:colcon.colcon_core.package_identification:_identify(src/build) ignored
[5.314s] Level 1:colcon.colcon_core.package_identification:_identify(src/install) by extensions ['ignore', 'ignore_ament_install']
[5.314s] Level 1:colcon.colcon_core.package_identification:_identify(src/install) by extension 'ignore'
[5.314s] Level 1:colcon.colcon_core.package_identification:_identify(src/install) ignored
[5.315s] Level 1:colcon.colcon_core.package_identification:_identify(src/log) by extensions ['ignore', 'ignore_ament_install']
[5.315s] Level 1:colcon.colcon_core.package_identification:_identify(src/log) by extension 'ignore'
[5.315s] Level 1:colcon.colcon_core.package_identification:_identify(src/log) ignored
[5.316s] Level 1:colcon.colcon_core.package_identification:_identify(src/opencv_tools) by extensions ['ignore', 'ignore_ament_install']
[5.316s] Level 1:colcon.colcon_core.package_identification:_identify(src/opencv_tools) by extension 'ignore'
[5.316s] Level 1:colcon.colcon_core.package_identification:_identify(src/opencv_tools) by extension 'ignore_ament_install'
[5.316s] Level 1:colcon.colcon_core.package_identification:_identify(src/opencv_tools) by extensions ['colcon_pkg']
[5.316s] Level 1:colcon.colcon_core.package_identification:_identify(src/opencv_tools) by extension 'colcon_pkg'
[5.317s] Level 1:colcon.colcon_core.package_identification:_identify(src/opencv_tools) by extensions ['colcon_meta']
[5.317s] Level 1:colcon.colcon_core.package_identification:_identify(src/opencv_tools) by extension 'colcon_meta'
[5.317s] Level 1:colcon.colcon_core.package_identification:_identify(src/opencv_tools) by extensions ['ros']
[5.317s] Level 1:colcon.colcon_core.package_identification:_identify(src/opencv_tools) by extension 'ros'
[5.331s] DEBUG:colcon.colcon_core.package_identification:Package 'src/opencv_tools' with type 'ros.ament_python' and name 'opencv_tools'
[5.331s] Level 1:colcon.colcon_core.package_identification:_identify(src/smartcart_controller) by extensions ['ignore', 'ignore_ament_install']
[5.332s] Level 1:colcon.colcon_core.package_identification:_identify(src/smartcart_controller) by extension 'ignore'
[5.332s] Level 1:colcon.colcon_core.package_identification:_identify(src/smartcart_controller) by extension 'ignore_ament_install'
[5.332s] Level 1:colcon.colcon_core.package_identification:_identify(src/smartcart_controller) by extensions ['colcon_pkg']
[5.332s] Level 1:colcon.colcon_core.package_identification:_identify(src/smartcart_controller) by extension 'colcon_pkg'
[5.332s] Level 1:colcon.colcon_core.package_identification:_identify(src/smartcart_controller) by extensions ['colcon_meta']
[5.333s] Level 1:colcon.colcon_core.package_identification:_identify(src/smartcart_controller) by extension 'colcon_meta'
[5.333s] Level 1:colcon.colcon_core.package_identification:_identify(src/smartcart_controller) by extensions ['ros']
[5.333s] Level 1:colcon.colcon_core.package_identification:_identify(src/smartcart_controller) by extension 'ros'
[5.335s] DEBUG:colcon.colcon_core.package_identification:Package 'src/smartcart_controller' with type 'ros.ament_python' and name 'smartcart_controller'
[5.336s] Level 1:colcon.colcon_core.package_identification:_identify(src/test) by extensions ['ignore', 'ignore_ament_install']
[5.336s] Level 1:colcon.colcon_core.package_identification:_identify(src/test) by extension 'ignore'
[5.336s] Level 1:colcon.colcon_core.package_identification:_identify(src/test) by extension 'ignore_ament_install'
[5.336s] Level 1:colcon.colcon_core.package_identification:_identify(src/test) by extensions ['colcon_pkg']
[5.337s] Level 1:colcon.colcon_core.package_identification:_identify(src/test) by extension 'colcon_pkg'
[5.337s] Level 1:colcon.colcon_core.package_identification:_identify(src/test) by extensions ['colcon_meta']
[5.337s] Level 1:colcon.colcon_core.package_identification:_identify(src/test) by extension 'colcon_meta'
[5.337s] Level 1:colcon.colcon_core.package_identification:_identify(src/test) by extensions ['ros']
[5.337s] Level 1:colcon.colcon_core.package_identification:_identify(src/test) by extension 'ros'
[5.337s] Level 1:colcon.colcon_core.package_identification:_identify(src/test) by extensions ['cmake', 'python']
[5.338s] Level 1:colcon.colcon_core.package_identification:_identify(src/test) by extension 'cmake'
[5.338s] Level 1:colcon.colcon_core.package_identification:_identify(src/test) by extension 'python'
[5.338s] Level 1:colcon.colcon_core.package_identification:_identify(src/test) by extensions ['python_setup_py']
[5.338s] Level 1:colcon.colcon_core.package_identification:_identify(src/test) by extension 'python_setup_py'
[5.338s] Level 1:colcon.colcon_core.package_discovery:discover_packages(recursive) using defaults
[5.338s] Level 1:colcon.colcon_core.package_discovery:discover_packages(ignore) discover
[5.339s] Level 1:colcon.colcon_core.package_discovery:discover_packages(ignore) using defaults
[5.339s] Level 1:colcon.colcon_core.package_discovery:discover_packages(path) discover
[5.339s] Level 1:colcon.colcon_core.package_discovery:discover_packages(path) using defaults
[5.773s] Level 1:colcon.colcon_core.package_discovery:discover_packages(prefix_path) check parameters
[5.774s] Level 1:colcon.colcon_core.package_discovery:discover_packages(prefix_path) discover
[5.924s] DEBUG:colcon.colcon_installed_package_information.package_discovery:Found 2 installed packages in /home/ed/ros2_workspace/install
[5.996s] DEBUG:colcon.colcon_installed_package_information.package_discovery:Found 3 installed packages in /home/ed/ros2_ws/install
[6.108s] DEBUG:colcon.colcon_installed_package_information.package_discovery:Found 3 installed packages in /home/ed/ros2_ws/src/install
[6.187s] DEBUG:colcon.colcon_installed_package_information.package_discovery:Found 277 installed packages in /opt/ros/humble
[6.194s] Level 1:colcon.colcon_core.package_discovery:discover_packages(prefix_path) using defaults
[6.609s] Level 5:colcon.colcon_core.verb:set package 'opencv_tools' build argument 'cmake_args' from command line to 'None'
[6.610s] Level 5:colcon.colcon_core.verb:set package 'opencv_tools' build argument 'cmake_target' from command line to 'None'
[6.610s] Level 5:colcon.colcon_core.verb:set package 'opencv_tools' build argument 'cmake_target_skip_unavailable' from command line to 'False'
[6.610s] Level 5:colcon.colcon_core.verb:set package 'opencv_tools' build argument 'cmake_clean_cache' from command line to 'False'
[6.610s] Level 5:colcon.colcon_core.verb:set package 'opencv_tools' build argument 'cmake_clean_first' from command line to 'False'
[6.610s] Level 5:colcon.colcon_core.verb:set package 'opencv_tools' build argument 'cmake_force_configure' from command line to 'False'
[6.610s] Level 5:colcon.colcon_core.verb:set package 'opencv_tools' build argument 'ament_cmake_args' from command line to 'None'
[6.610s] Level 5:colcon.colcon_core.verb:set package 'opencv_tools' build argument 'catkin_cmake_args' from command line to 'None'
[6.611s] Level 5:colcon.colcon_core.verb:set package 'opencv_tools' build argument 'catkin_skip_building_tests' from command line to 'False'
[6.611s] DEBUG:colcon.colcon_core.verb:Building package 'opencv_tools' with the following arguments: {'ament_cmake_args': None, 'build_base': '/home/ed/ros2_ws/build/opencv_tools', 'catkin_cmake_args': None, 'catkin_skip_building_tests': False, 'cmake_args': None, 'cmake_clean_cache': False, 'cmake_clean_first': False, 'cmake_force_configure': False, 'cmake_target': None, 'cmake_target_skip_unavailable': False, 'install_base': '/home/ed/ros2_ws/install/opencv_tools', 'merge_install': False, 'path': '/home/ed/ros2_ws/src/opencv_tools', 'symlink_install': False, 'test_result_base': None}
[6.682s] Level 5:colcon.colcon_core.verb:set package 'smartcart_controller' build argument 'cmake_args' from command line to 'None'
[6.683s] Level 5:colcon.colcon_core.verb:set package 'smartcart_controller' build argument 'cmake_target' from command line to 'None'
[6.683s] Level 5:colcon.colcon_core.verb:set package 'smartcart_controller' build argument 'cmake_target_skip_unavailable' from command line to 'False'
[6.683s] Level 5:colcon.colcon_core.verb:set package 'smartcart_controller' build argument 'cmake_clean_cache' from command line to 'False'
[6.683s] Level 5:colcon.colcon_core.verb:set package 'smartcart_controller' build argument 'cmake_clean_first' from command line to 'False'
[6.683s] Level 5:colcon.colcon_core.verb:set package 'smartcart_controller' build argument 'cmake_force_configure' from command line to 'False'
[6.683s] Level 5:colcon.colcon_core.verb:set package 'smartcart_controller' build argument 'ament_cmake_args' from command line to 'None'
[6.683s] Level 5:colcon.colcon_core.verb:set package 'smartcart_controller' build argument 'catkin_cmake_args' from command line to 'None'
[6.683s] Level 5:colcon.colcon_core.verb:set package 'smartcart_controller' build argument 'catkin_skip_building_tests' from command line to 'False'
[6.684s] DEBUG:colcon.colcon_core.verb:Building package 'smartcart_controller' with the following arguments: {'ament_cmake_args': None, 'build_base': '/home/ed/ros2_ws/build/smartcart_controller', 'catkin_cmake_args': None, 'catkin_skip_building_tests': False, 'cmake_args': None, 'cmake_clean_cache': False, 'cmake_clean_first': False, 'cmake_force_configure': False, 'cmake_target': None, 'cmake_target_skip_unavailable': False, 'install_base': '/home/ed/ros2_ws/install/smartcart_controller', 'merge_install': False, 'path': '/home/ed/ros2_ws/src/smartcart_controller', 'symlink_install': False, 'test_result_base': None}
[6.757s] INFO:colcon.colcon_core.executor:Executing jobs using 'parallel' executor
[6.830s] DEBUG:colcon.colcon_parallel_executor.executor.parallel:run_until_complete
[6.831s] INFO:colcon.colcon_ros.task.ament_python.build:Building ROS package in '/home/ed/ros2_ws/src/opencv_tools' with build type 'ament_python'
[6.832s] Level 1:colcon.colcon_core.shell:create_environment_hook('opencv_tools', 'ament_prefix_path')
[6.919s] INFO:colcon.colcon_core.plugin_system:Skipping extension 'colcon_core.shell.bat': Not used on non-Windows systems
[6.920s] INFO:colcon.colcon_core.shell:Creating environment hook '/home/ed/ros2_ws/install/opencv_tools/share/opencv_tools/hook/ament_prefix_path.ps1'
[6.923s] INFO:colcon.colcon_core.shell:Creating environment descriptor '/home/ed/ros2_ws/install/opencv_tools/share/opencv_tools/hook/ament_prefix_path.dsv'
[6.925s] INFO:colcon.colcon_core.shell:Creating environment hook '/home/ed/ros2_ws/install/opencv_tools/share/opencv_tools/hook/ament_prefix_path.sh'
[7.017s] INFO:colcon.colcon_core.shell:Skip shell extension 'powershell' for command environment: Not usable outside of PowerShell
[7.017s] DEBUG:colcon.colcon_core.shell:Skip shell extension 'dsv' for command environment
[7.426s] INFO:colcon.colcon_ros.task.ament_python.build:Building ROS package in '/home/ed/ros2_ws/src/smartcart_controller' with build type 'ament_python'
[7.427s] Level 1:colcon.colcon_core.shell:create_environment_hook('smartcart_controller', 'ament_prefix_path')
[7.527s] INFO:colcon.colcon_core.shell:Creating environment hook '/home/ed/ros2_ws/install/smartcart_controller/share/smartcart_controller/hook/ament_prefix_path.ps1'
[7.529s] INFO:colcon.colcon_core.shell:Creating environment descriptor '/home/ed/ros2_ws/install/smartcart_controller/share/smartcart_controller/hook/ament_prefix_path.dsv'
[7.531s] INFO:colcon.colcon_core.shell:Creating environment hook '/home/ed/ros2_ws/install/smartcart_controller/share/smartcart_controller/hook/ament_prefix_path.sh'
[7.614s] INFO:colcon.colcon_core.shell:Skip shell extension 'powershell' for command environment: Not usable outside of PowerShell
[7.614s] DEBUG:colcon.colcon_core.shell:Skip shell extension 'dsv' for command environment
[9.396s] INFO:colcon.colcon_core.task.python.build:Building Python package in '/home/ed/ros2_ws/src/opencv_tools'
[9.470s] INFO:colcon.colcon_core.shell:Skip shell extension 'powershell' for command environment: Not usable outside of PowerShell
[9.470s] DEBUG:colcon.colcon_core.shell:Skip shell extension 'dsv' for command environment
[11.250s] INFO:colcon.colcon_core.task.python.build:Building Python package in '/home/ed/ros2_ws/src/smartcart_controller'
[11.331s] INFO:colcon.colcon_core.shell:Skip shell extension 'powershell' for command environment: Not usable outside of PowerShell
[11.331s] DEBUG:colcon.colcon_core.shell:Skip shell extension 'dsv' for command environment
[13.916s] DEBUG:colcon.colcon_core.event_handler.log_command:Invoking command in '/home/ed/ros2_ws/src/opencv_tools': PYTHONPATH=/home/ed/ros2_ws/build/opencv_tools/prefix_override:/home/ed/ros2_ws/install/opencv_tools/lib/python3.10/site-packages:${PYTHONPATH} /usr/bin/python3 setup.py egg_info --egg-base ../../build/opencv_tools build --build-base /home/ed/ros2_ws/build/opencv_tools/build install --record /home/ed/ros2_ws/build/opencv_tools/install.log --single-version-externally-managed
[13.943s] DEBUG:colcon.colcon_core.event_handler.log_command:Invoking command in '/home/ed/ros2_ws/src/smartcart_controller': PYTHONPATH=/home/ed/ros2_ws/build/smartcart_controller/prefix_override:/home/ed/ros2_ws/install/smartcart_controller/lib/python3.10/site-packages:${PYTHONPATH} /usr/bin/python3 setup.py egg_info --egg-base ../../build/smartcart_controller build --build-base /home/ed/ros2_ws/build/smartcart_controller/build install --record /home/ed/ros2_ws/build/smartcart_controller/install.log --single-version-externally-managed
[15.779s] DEBUG:colcon.colcon_core.event_handler.log_command:Invoked command in '/home/ed/ros2_ws/src/smartcart_controller' returned '0': PYTHONPATH=/home/ed/ros2_ws/build/smartcart_controller/prefix_override:/home/ed/ros2_ws/install/smartcart_controller/lib/python3.10/site-packages:${PYTHONPATH} /usr/bin/python3 setup.py egg_info --egg-base ../../build/smartcart_controller build --build-base /home/ed/ros2_ws/build/smartcart_controller/build install --record /home/ed/ros2_ws/build/smartcart_controller/install.log --single-version-externally-managed
[15.864s] Level 1:colcon.colcon_core.environment:checking '/home/ed/ros2_ws/install/smartcart_controller' for CMake module files
[15.867s] Level 1:colcon.colcon_core.environment:checking '/home/ed/ros2_ws/install/smartcart_controller' for CMake config files
[15.871s] Level 1:colcon.colcon_core.environment:checking '/home/ed/ros2_ws/install/smartcart_controller/lib'
[15.872s] Level 1:colcon.colcon_core.environment:checking '/home/ed/ros2_ws/install/smartcart_controller/bin'
[15.872s] Level 1:colcon.colcon_core.environment:checking '/home/ed/ros2_ws/install/smartcart_controller/lib/pkgconfig/smartcart_controller.pc'
[15.873s] Level 1:colcon.colcon_core.environment:checking '/home/ed/ros2_ws/install/smartcart_controller/lib/python3.10/site-packages'
[15.873s] Level 1:colcon.colcon_core.shell:create_environment_hook('smartcart_controller', 'pythonpath')
[15.959s] INFO:colcon.colcon_core.shell:Creating environment hook '/home/ed/ros2_ws/install/smartcart_controller/share/smartcart_controller/hook/pythonpath.ps1'
[15.961s] INFO:colcon.colcon_core.shell:Creating environment descriptor '/home/ed/ros2_ws/install/smartcart_controller/share/smartcart_controller/hook/pythonpath.dsv'
[15.962s] INFO:colcon.colcon_core.shell:Creating environment hook '/home/ed/ros2_ws/install/smartcart_controller/share/smartcart_controller/hook/pythonpath.sh'
[15.965s] Level 1:colcon.colcon_core.environment:checking '/home/ed/ros2_ws/install/smartcart_controller/bin'
[15.966s] Level 1:colcon.colcon_core.environment:create_environment_scripts_only(smartcart_controller)
[16.045s] INFO:colcon.colcon_core.shell:Creating package script '/home/ed/ros2_ws/install/smartcart_controller/share/smartcart_controller/package.ps1'
[16.049s] INFO:colcon.colcon_core.shell:Creating package descriptor '/home/ed/ros2_ws/install/smartcart_controller/share/smartcart_controller/package.dsv'
[16.052s] INFO:colcon.colcon_core.shell:Creating package script '/home/ed/ros2_ws/install/smartcart_controller/share/smartcart_controller/package.sh'
[16.055s] INFO:colcon.colcon_core.shell:Creating package script '/home/ed/ros2_ws/install/smartcart_controller/share/smartcart_controller/package.bash'
[16.058s] INFO:colcon.colcon_core.shell:Creating package script '/home/ed/ros2_ws/install/smartcart_controller/share/smartcart_controller/package.zsh'
[16.061s] Level 1:colcon.colcon_core.environment:create_file_with_runtime_dependencies(/home/ed/ros2_ws/install/smartcart_controller/share/colcon-core/packages/smartcart_controller)
[16.068s] DEBUG:colcon.colcon_core.event_handler.log_command:Invoked command in '/home/ed/ros2_ws/src/opencv_tools' returned '0': PYTHONPATH=/home/ed/ros2_ws/build/opencv_tools/prefix_override:/home/ed/ros2_ws/install/opencv_tools/lib/python3.10/site-packages:${PYTHONPATH} /usr/bin/python3 setup.py egg_info --egg-base ../../build/opencv_tools build --build-base /home/ed/ros2_ws/build/opencv_tools/build install --record /home/ed/ros2_ws/build/opencv_tools/install.log --single-version-externally-managed
[16.151s] Level 1:colcon.colcon_core.environment:checking '/home/ed/ros2_ws/install/opencv_tools' for CMake module files
[16.154s] Level 1:colcon.colcon_core.environment:checking '/home/ed/ros2_ws/install/opencv_tools' for CMake config files
[16.157s] Level 1:colcon.colcon_core.environment:checking '/home/ed/ros2_ws/install/opencv_tools/lib'
[16.158s] Level 1:colcon.colcon_core.environment:checking '/home/ed/ros2_ws/install/opencv_tools/bin'
[16.158s] Level 1:colcon.colcon_core.environment:checking '/home/ed/ros2_ws/install/opencv_tools/lib/pkgconfig/opencv_tools.pc'
[16.159s] Level 1:colcon.colcon_core.environment:checking '/home/ed/ros2_ws/install/opencv_tools/lib/python3.10/site-packages'
[16.159s] Level 1:colcon.colcon_core.shell:create_environment_hook('opencv_tools', 'pythonpath')
[16.254s] INFO:colcon.colcon_core.shell:Creating environment hook '/home/ed/ros2_ws/install/opencv_tools/share/opencv_tools/hook/pythonpath.ps1'
[16.256s] INFO:colcon.colcon_core.shell:Creating environment descriptor '/home/ed/ros2_ws/install/opencv_tools/share/opencv_tools/hook/pythonpath.dsv'
[16.258s] INFO:colcon.colcon_core.shell:Creating environment hook '/home/ed/ros2_ws/install/opencv_tools/share/opencv_tools/hook/pythonpath.sh'
[16.261s] Level 1:colcon.colcon_core.environment:checking '/home/ed/ros2_ws/install/opencv_tools/bin'
[16.261s] Level 1:colcon.colcon_core.environment:create_environment_scripts_only(opencv_tools)
[16.340s] INFO:colcon.colcon_core.shell:Creating package script '/home/ed/ros2_ws/install/opencv_tools/share/opencv_tools/package.ps1'
[16.343s] INFO:colcon.colcon_core.shell:Creating package descriptor '/home/ed/ros2_ws/install/opencv_tools/share/opencv_tools/package.dsv'
[16.345s] INFO:colcon.colcon_core.shell:Creating package script '/home/ed/ros2_ws/install/opencv_tools/share/opencv_tools/package.sh'
[16.347s] INFO:colcon.colcon_core.shell:Creating package script '/home/ed/ros2_ws/install/opencv_tools/share/opencv_tools/package.bash'
[16.349s] INFO:colcon.colcon_core.shell:Creating package script '/home/ed/ros2_ws/install/opencv_tools/share/opencv_tools/package.zsh'
[16.351s] Level 1:colcon.colcon_core.environment:create_file_with_runtime_dependencies(/home/ed/ros2_ws/install/opencv_tools/share/colcon-core/packages/opencv_tools)
[16.352s] DEBUG:colcon.colcon_parallel_executor.executor.parallel:closing loop
[16.354s] DEBUG:colcon.colcon_parallel_executor.executor.parallel:loop closed
[16.354s] DEBUG:colcon.colcon_parallel_executor.executor.parallel:run_until_complete finished with '0'
[16.355s] DEBUG:colcon.colcon_core.event_reactor:joining thread
[16.461s] INFO:colcon.colcon_core.plugin_system:Skipping extension 'colcon_notification.desktop_notification.terminal_notifier': Not used on non-Darwin systems
[16.461s] INFO:colcon.colcon_core.plugin_system:Skipping extension 'colcon_notification.desktop_notification.win32': Not used on non-Windows systems
[16.461s] INFO:colcon.colcon_notification.desktop_notification:Sending desktop notification using 'notify2'
[16.514s] DEBUG:colcon.colcon_core.event_reactor:joined thread
[16.613s] INFO:colcon.colcon_core.shell:Creating prefix script '/home/ed/ros2_ws/install/local_setup.ps1'
[16.619s] INFO:colcon.colcon_core.shell:Creating prefix util module '/home/ed/ros2_ws/install/_local_setup_util_ps1.py'
[16.625s] INFO:colcon.colcon_core.shell:Creating prefix chain script '/home/ed/ros2_ws/install/setup.ps1'
[16.733s] INFO:colcon.colcon_core.shell:Creating prefix script '/home/ed/ros2_ws/install/local_setup.sh'
[16.735s] INFO:colcon.colcon_core.shell:Creating prefix util module '/home/ed/ros2_ws/install/_local_setup_util_sh.py'
[16.738s] INFO:colcon.colcon_core.shell:Creating prefix chain script '/home/ed/ros2_ws/install/setup.sh'
[16.813s] INFO:colcon.colcon_core.shell:Creating prefix script '/home/ed/ros2_ws/install/local_setup.bash'
[16.815s] INFO:colcon.colcon_core.shell:Creating prefix chain script '/home/ed/ros2_ws/install/setup.bash'
[16.893s] INFO:colcon.colcon_core.shell:Creating prefix script '/home/ed/ros2_ws/install/local_setup.zsh'
[16.895s] INFO:colcon.colcon_core.shell:Creating prefix chain script '/home/ed/ros2_ws/install/setup.zsh'
