[6.913s] DEBUG:colcon:Command line arguments: ['/usr/bin/colcon', 'build']
[6.913s] DEBUG:colcon:Parsed command line arguments: Namespace(log_base=None, log_level=None, verb_name='build', build_base='build', install_base='install', merge_install=False, symlink_install=False, test_result_base=None, continue_on_error=False, executor='parallel', parallel_workers=4, event_handlers=None, ignore_user_meta=False, metas=['./colcon.meta'], base_paths=['.'], packages_ignore=None, packages_ignore_regex=None, paths=None, packages_up_to=None, packages_up_to_regex=None, packages_above=None, packages_above_and_dependencies=None, packages_above_depth=None, packages_select_by_dep=None, packages_skip_by_dep=None, packages_skip_up_to=None, packages_select_build_failed=False, packages_skip_build_finished=False, packages_select_test_failures=False, packages_skip_test_passed=False, packages_select=None, packages_skip=None, packages_select_regex=None, packages_skip_regex=None, packages_start=None, packages_end=None, allow_overriding=[], cmake_args=None, cmake_target=None, cmake_target_skip_unavailable=False, cmake_clean_cache=False, cmake_clean_first=False, cmake_force_configure=False, ament_cmake_args=None, catkin_cmake_args=None, catkin_skip_building_tests=False, verb_parser=<colcon_defaults.argument_parser.defaults.DefaultArgumentsDecorator object at 0xffffa7858460>, verb_extension=<colcon_core.verb.build.BuildVerb object at 0xffffa7d97670>, main=<bound method BuildVerb.main of <colcon_core.verb.build.BuildVerb object at 0xffffa7d97670>>)
[7.310s] Level 1:colcon.colcon_core.package_discovery:discover_packages(colcon_meta) check parameters
[7.311s] Level 1:colcon.colcon_core.package_discovery:discover_packages(recursive) check parameters
[7.311s] Level 1:colcon.colcon_core.package_discovery:discover_packages(ignore) check parameters
[7.311s] Level 1:colcon.colcon_core.package_discovery:discover_packages(path) check parameters
[7.311s] Level 1:colcon.colcon_core.package_discovery:discover_packages(colcon_meta) discover
[7.312s] Level 1:colcon.colcon_core.package_discovery:discover_packages(recursive) discover
[7.312s] INFO:colcon.colcon_core.package_discovery:Crawling recursively for packages in '/home/ed/ros2_ws'
[7.312s] Level 1:colcon.colcon_core.package_identification:_identify(.) by extensions ['ignore', 'ignore_ament_install']
[7.313s] Level 1:colcon.colcon_core.package_identification:_identify(.) by extension 'ignore'
[7.313s] Level 1:colcon.colcon_core.package_identification:_identify(.) by extension 'ignore_ament_install'
[7.313s] Level 1:colcon.colcon_core.package_identification:_identify(.) by extensions ['colcon_pkg']
[7.313s] Level 1:colcon.colcon_core.package_identification:_identify(.) by extension 'colcon_pkg'
[7.314s] Level 1:colcon.colcon_core.package_identification:_identify(.) by extensions ['colcon_meta']
[7.314s] Level 1:colcon.colcon_core.package_identification:_identify(.) by extension 'colcon_meta'
[7.314s] Level 1:colcon.colcon_core.package_identification:_identify(.) by extensions ['ros']
[7.314s] Level 1:colcon.colcon_core.package_identification:_identify(.) by extension 'ros'
[7.403s] Level 1:colcon.colcon_core.package_identification:_identify(.) by extensions ['cmake', 'python']
[7.403s] Level 1:colcon.colcon_core.package_identification:_identify(.) by extension 'cmake'
[7.403s] Level 1:colcon.colcon_core.package_identification:_identify(.) by extension 'python'
[7.404s] Level 1:colcon.colcon_core.package_identification:_identify(.) by extensions ['python_setup_py']
[7.404s] Level 1:colcon.colcon_core.package_identification:_identify(.) by extension 'python_setup_py'
[7.404s] Level 1:colcon.colcon_core.package_identification:_identify(build) by extensions ['ignore', 'ignore_ament_install']
[7.405s] Level 1:colcon.colcon_core.package_identification:_identify(build) by extension 'ignore'
[7.405s] Level 1:colcon.colcon_core.package_identification:_identify(build) ignored
[7.405s] Level 1:colcon.colcon_core.package_identification:_identify(install) by extensions ['ignore', 'ignore_ament_install']
[7.406s] Level 1:colcon.colcon_core.package_identification:_identify(install) by extension 'ignore'
[7.406s] Level 1:colcon.colcon_core.package_identification:_identify(install) ignored
[7.407s] Level 1:colcon.colcon_core.package_identification:_identify(log) by extensions ['ignore', 'ignore_ament_install']
[7.407s] Level 1:colcon.colcon_core.package_identification:_identify(log) by extension 'ignore'
[7.407s] Level 1:colcon.colcon_core.package_identification:_identify(log) ignored
[7.409s] Level 1:colcon.colcon_core.package_identification:_identify(src) by extensions ['ignore', 'ignore_ament_install']
[7.409s] Level 1:colcon.colcon_core.package_identification:_identify(src) by extension 'ignore'
[7.410s] Level 1:colcon.colcon_core.package_identification:_identify(src) by extension 'ignore_ament_install'
[7.410s] Level 1:colcon.colcon_core.package_identification:_identify(src) by extensions ['colcon_pkg']
[7.410s] Level 1:colcon.colcon_core.package_identification:_identify(src) by extension 'colcon_pkg'
[7.410s] Level 1:colcon.colcon_core.package_identification:_identify(src) by extensions ['colcon_meta']
[7.410s] Level 1:colcon.colcon_core.package_identification:_identify(src) by extension 'colcon_meta'
[7.411s] Level 1:colcon.colcon_core.package_identification:_identify(src) by extensions ['ros']
[7.411s] Level 1:colcon.colcon_core.package_identification:_identify(src) by extension 'ros'
[7.411s] Level 1:colcon.colcon_core.package_identification:_identify(src) by extensions ['cmake', 'python']
[7.412s] Level 1:colcon.colcon_core.package_identification:_identify(src) by extension 'cmake'
[7.412s] Level 1:colcon.colcon_core.package_identification:_identify(src) by extension 'python'
[7.412s] Level 1:colcon.colcon_core.package_identification:_identify(src) by extensions ['python_setup_py']
[7.412s] Level 1:colcon.colcon_core.package_identification:_identify(src) by extension 'python_setup_py'
[7.413s] Level 1:colcon.colcon_core.package_identification:_identify(src/controller) by extensions ['ignore', 'ignore_ament_install']
[7.414s] Level 1:colcon.colcon_core.package_identification:_identify(src/controller) by extension 'ignore'
[7.414s] Level 1:colcon.colcon_core.package_identification:_identify(src/controller) by extension 'ignore_ament_install'
[7.414s] Level 1:colcon.colcon_core.package_identification:_identify(src/controller) by extensions ['colcon_pkg']
[7.414s] Level 1:colcon.colcon_core.package_identification:_identify(src/controller) by extension 'colcon_pkg'
[7.415s] Level 1:colcon.colcon_core.package_identification:_identify(src/controller) by extensions ['colcon_meta']
[7.415s] Level 1:colcon.colcon_core.package_identification:_identify(src/controller) by extension 'colcon_meta'
[7.415s] Level 1:colcon.colcon_core.package_identification:_identify(src/controller) by extensions ['ros']
[7.415s] Level 1:colcon.colcon_core.package_identification:_identify(src/controller) by extension 'ros'
[7.416s] Level 1:colcon.colcon_core.package_identification:_identify(src/controller) by extensions ['cmake', 'python']
[7.416s] Level 1:colcon.colcon_core.package_identification:_identify(src/controller) by extension 'cmake'
[7.416s] Level 1:colcon.colcon_core.package_identification:_identify(src/controller) by extension 'python'
[7.416s] Level 1:colcon.colcon_core.package_identification:_identify(src/controller) by extensions ['python_setup_py']
[7.416s] Level 1:colcon.colcon_core.package_identification:_identify(src/controller) by extension 'python_setup_py'
[7.417s] Level 1:colcon.colcon_core.package_discovery:discover_packages(recursive) using defaults
[7.417s] Level 1:colcon.colcon_core.package_discovery:discover_packages(ignore) discover
[7.417s] Level 1:colcon.colcon_core.package_discovery:discover_packages(ignore) using defaults
[7.417s] Level 1:colcon.colcon_core.package_discovery:discover_packages(path) discover
[7.417s] Level 1:colcon.colcon_core.package_discovery:discover_packages(path) using defaults
[7.964s] Level 1:colcon.colcon_core.package_discovery:discover_packages(prefix_path) check parameters
[7.965s] Level 1:colcon.colcon_core.package_discovery:discover_packages(prefix_path) discover
[8.153s] DEBUG:colcon.colcon_installed_package_information.package_discovery:Found 270 installed packages in /opt/ros/humble
[8.161s] Level 1:colcon.colcon_core.package_discovery:discover_packages(prefix_path) using defaults
[8.640s] INFO:colcon.colcon_core.executor:Executing jobs using 'parallel' executor
[8.716s] DEBUG:colcon.colcon_parallel_executor.executor.parallel:run_until_complete
[8.717s] DEBUG:colcon.colcon_parallel_executor.executor.parallel:closing loop
[8.717s] DEBUG:colcon.colcon_parallel_executor.executor.parallel:loop closed
[8.717s] DEBUG:colcon.colcon_parallel_executor.executor.parallel:run_until_complete finished with '0'
[8.718s] DEBUG:colcon.colcon_core.event_reactor:joining thread
[8.854s] INFO:colcon.colcon_core.plugin_system:Skipping extension 'colcon_notification.desktop_notification.terminal_notifier': Not used on non-Darwin systems
[8.854s] INFO:colcon.colcon_core.plugin_system:Skipping extension 'colcon_notification.desktop_notification.win32': Not used on non-Windows systems
[8.854s] INFO:colcon.colcon_notification.desktop_notification:Sending desktop notification using 'notify2'
[9.381s] DEBUG:colcon.colcon_core.event_reactor:joined thread
[9.524s] INFO:colcon.colcon_core.plugin_system:Skipping extension 'colcon_core.shell.bat': Not used on non-Windows systems
[9.525s] INFO:colcon.colcon_core.shell:Creating prefix script '/home/ed/ros2_ws/install/local_setup.ps1'
[9.533s] INFO:colcon.colcon_core.shell:Creating prefix util module '/home/ed/ros2_ws/install/_local_setup_util_ps1.py'
[9.541s] INFO:colcon.colcon_core.shell:Creating prefix chain script '/home/ed/ros2_ws/install/setup.ps1'
[9.619s] INFO:colcon.colcon_core.shell:Creating prefix script '/home/ed/ros2_ws/install/local_setup.sh'
[9.623s] INFO:colcon.colcon_core.shell:Creating prefix util module '/home/ed/ros2_ws/install/_local_setup_util_sh.py'
[9.625s] INFO:colcon.colcon_core.shell:Creating prefix chain script '/home/ed/ros2_ws/install/setup.sh'
[9.710s] INFO:colcon.colcon_core.shell:Creating prefix script '/home/ed/ros2_ws/install/local_setup.bash'
[9.716s] INFO:colcon.colcon_core.shell:Creating prefix chain script '/home/ed/ros2_ws/install/setup.bash'
[9.798s] INFO:colcon.colcon_core.shell:Creating prefix script '/home/ed/ros2_ws/install/local_setup.zsh'
[9.804s] INFO:colcon.colcon_core.shell:Creating prefix chain script '/home/ed/ros2_ws/install/setup.zsh'
