[5.044s] DEBUG:colcon:Command line arguments: ['/usr/bin/colcon', 'build']
[5.044s] DEBUG:colcon:Parsed command line arguments: Namespace(log_base=None, log_level=None, verb_name='build', build_base='build', install_base='install', merge_install=False, symlink_install=False, test_result_base=None, continue_on_error=False, executor='parallel', parallel_workers=4, event_handlers=None, ignore_user_meta=False, metas=['./colcon.meta'], base_paths=['.'], packages_ignore=None, packages_ignore_regex=None, paths=None, packages_up_to=None, packages_up_to_regex=None, packages_above=None, packages_above_and_dependencies=None, packages_above_depth=None, packages_select_by_dep=None, packages_skip_by_dep=None, packages_skip_up_to=None, packages_select_build_failed=False, packages_skip_build_finished=False, packages_select_test_failures=False, packages_skip_test_passed=False, packages_select=None, packages_skip=None, packages_select_regex=None, packages_skip_regex=None, packages_start=None, packages_end=None, allow_overriding=[], cmake_args=None, cmake_target=None, cmake_target_skip_unavailable=False, cmake_clean_cache=False, cmake_clean_first=False, cmake_force_configure=False, ament_cmake_args=None, catkin_cmake_args=None, catkin_skip_building_tests=False, verb_parser=<colcon_defaults.argument_parser.defaults.DefaultArgumentsDecorator object at 0xffffbd503ac0>, verb_extension=<colcon_core.verb.build.BuildVerb object at 0xffffbd960a00>, main=<bound method BuildVerb.main of <colcon_core.verb.build.BuildVerb object at 0xffffbd960a00>>)
[5.260s] Level 1:colcon.colcon_core.package_discovery:discover_packages(colcon_meta) check parameters
[5.260s] Level 1:colcon.colcon_core.package_discovery:discover_packages(recursive) check parameters
[5.261s] Level 1:colcon.colcon_core.package_discovery:discover_packages(ignore) check parameters
[5.261s] Level 1:colcon.colcon_core.package_discovery:discover_packages(path) check parameters
[5.261s] Level 1:colcon.colcon_core.package_discovery:discover_packages(colcon_meta) discover
[5.261s] Level 1:colcon.colcon_core.package_discovery:discover_packages(recursive) discover
[5.261s] INFO:colcon.colcon_core.package_discovery:Crawling recursively for packages in '/home/ed/ros2_ws/src'
[5.262s] Level 1:colcon.colcon_core.package_identification:_identify(.) by extensions ['ignore', 'ignore_ament_install']
[5.262s] Level 1:colcon.colcon_core.package_identification:_identify(.) by extension 'ignore'
[5.262s] Level 1:colcon.colcon_core.package_identification:_identify(.) by extension 'ignore_ament_install'
[5.263s] Level 1:colcon.colcon_core.package_identification:_identify(.) by extensions ['colcon_pkg']
[5.263s] Level 1:colcon.colcon_core.package_identification:_identify(.) by extension 'colcon_pkg'
[5.263s] Level 1:colcon.colcon_core.package_identification:_identify(.) by extensions ['colcon_meta']
[5.263s] Level 1:colcon.colcon_core.package_identification:_identify(.) by extension 'colcon_meta'
[5.263s] Level 1:colcon.colcon_core.package_identification:_identify(.) by extensions ['ros']
[5.263s] Level 1:colcon.colcon_core.package_identification:_identify(.) by extension 'ros'
[5.309s] Level 1:colcon.colcon_core.package_identification:_identify(.) by extensions ['cmake', 'python']
[5.310s] Level 1:colcon.colcon_core.package_identification:_identify(.) by extension 'cmake'
[5.310s] Level 1:colcon.colcon_core.package_identification:_identify(.) by extension 'python'
[5.310s] Level 1:colcon.colcon_core.package_identification:_identify(.) by extensions ['python_setup_py']
[5.310s] Level 1:colcon.colcon_core.package_identification:_identify(.) by extension 'python_setup_py'
[5.311s] Level 1:colcon.colcon_core.package_identification:_identify(build) by extensions ['ignore', 'ignore_ament_install']
[5.311s] Level 1:colcon.colcon_core.package_identification:_identify(build) by extension 'ignore'
[5.311s] Level 1:colcon.colcon_core.package_identification:_identify(build) ignored
[5.312s] Level 1:colcon.colcon_core.package_identification:_identify(install) by extensions ['ignore', 'ignore_ament_install']
[5.313s] Level 1:colcon.colcon_core.package_identification:_identify(install) by extension 'ignore'
[5.313s] Level 1:colcon.colcon_core.package_identification:_identify(install) ignored
[5.314s] Level 1:colcon.colcon_core.package_identification:_identify(log) by extensions ['ignore', 'ignore_ament_install']
[5.314s] Level 1:colcon.colcon_core.package_identification:_identify(log) by extension 'ignore'
[5.315s] Level 1:colcon.colcon_core.package_identification:_identify(log) ignored
[5.315s] Level 1:colcon.colcon_core.package_identification:_identify(ros2_v4l2_camera) by extensions ['ignore', 'ignore_ament_install']
[5.315s] Level 1:colcon.colcon_core.package_identification:_identify(ros2_v4l2_camera) by extension 'ignore'
[5.316s] Level 1:colcon.colcon_core.package_identification:_identify(ros2_v4l2_camera) by extension 'ignore_ament_install'
[5.316s] Level 1:colcon.colcon_core.package_identification:_identify(ros2_v4l2_camera) by extensions ['colcon_pkg']
[5.316s] Level 1:colcon.colcon_core.package_identification:_identify(ros2_v4l2_camera) by extension 'colcon_pkg'
[5.316s] Level 1:colcon.colcon_core.package_identification:_identify(ros2_v4l2_camera) by extensions ['colcon_meta']
[5.317s] Level 1:colcon.colcon_core.package_identification:_identify(ros2_v4l2_camera) by extension 'colcon_meta'
[5.317s] Level 1:colcon.colcon_core.package_identification:_identify(ros2_v4l2_camera) by extensions ['ros']
[5.317s] Level 1:colcon.colcon_core.package_identification:_identify(ros2_v4l2_camera) by extension 'ros'
[5.327s] DEBUG:colcon.colcon_core.package_identification:Package 'ros2_v4l2_camera' with type 'ros.ament_cmake' and name 'v4l2_camera'
[5.328s] Level 1:colcon.colcon_core.package_identification:_identify(smartcart_controller) by extensions ['ignore', 'ignore_ament_install']
[5.328s] Level 1:colcon.colcon_core.package_identification:_identify(smartcart_controller) by extension 'ignore'
[5.328s] Level 1:colcon.colcon_core.package_identification:_identify(smartcart_controller) by extension 'ignore_ament_install'
[5.328s] Level 1:colcon.colcon_core.package_identification:_identify(smartcart_controller) by extensions ['colcon_pkg']
[5.328s] Level 1:colcon.colcon_core.package_identification:_identify(smartcart_controller) by extension 'colcon_pkg'
[5.329s] Level 1:colcon.colcon_core.package_identification:_identify(smartcart_controller) by extensions ['colcon_meta']
[5.329s] Level 1:colcon.colcon_core.package_identification:_identify(smartcart_controller) by extension 'colcon_meta'
[5.329s] Level 1:colcon.colcon_core.package_identification:_identify(smartcart_controller) by extensions ['ros']
[5.329s] Level 1:colcon.colcon_core.package_identification:_identify(smartcart_controller) by extension 'ros'
[5.331s] DEBUG:colcon.colcon_core.package_identification:Package 'smartcart_controller' with type 'ros.ament_python' and name 'smartcart_controller'
[5.331s] Level 1:colcon.colcon_core.package_discovery:discover_packages(recursive) using defaults
[5.332s] Level 1:colcon.colcon_core.package_discovery:discover_packages(ignore) discover
[5.332s] Level 1:colcon.colcon_core.package_discovery:discover_packages(ignore) using defaults
[5.332s] Level 1:colcon.colcon_core.package_discovery:discover_packages(path) discover
[5.332s] Level 1:colcon.colcon_core.package_discovery:discover_packages(path) using defaults
[5.860s] Level 1:colcon.colcon_core.package_discovery:discover_packages(prefix_path) check parameters
[5.861s] Level 1:colcon.colcon_core.package_discovery:discover_packages(prefix_path) discover
[6.011s] DEBUG:colcon.colcon_installed_package_information.package_discovery:Found 1 installed packages in /home/ed/ros2_ws/install
[6.085s] DEBUG:colcon.colcon_installed_package_information.package_discovery:Found 277 installed packages in /opt/ros/humble
[6.091s] Level 1:colcon.colcon_core.package_discovery:discover_packages(prefix_path) using defaults
[6.559s] Level 5:colcon.colcon_core.verb:set package 'smartcart_controller' build argument 'cmake_args' from command line to 'None'
[6.560s] Level 5:colcon.colcon_core.verb:set package 'smartcart_controller' build argument 'cmake_target' from command line to 'None'
[6.560s] Level 5:colcon.colcon_core.verb:set package 'smartcart_controller' build argument 'cmake_target_skip_unavailable' from command line to 'False'
[6.560s] Level 5:colcon.colcon_core.verb:set package 'smartcart_controller' build argument 'cmake_clean_cache' from command line to 'False'
[6.560s] Level 5:colcon.colcon_core.verb:set package 'smartcart_controller' build argument 'cmake_clean_first' from command line to 'False'
[6.560s] Level 5:colcon.colcon_core.verb:set package 'smartcart_controller' build argument 'cmake_force_configure' from command line to 'False'
[6.560s] Level 5:colcon.colcon_core.verb:set package 'smartcart_controller' build argument 'ament_cmake_args' from command line to 'None'
[6.560s] Level 5:colcon.colcon_core.verb:set package 'smartcart_controller' build argument 'catkin_cmake_args' from command line to 'None'
[6.560s] Level 5:colcon.colcon_core.verb:set package 'smartcart_controller' build argument 'catkin_skip_building_tests' from command line to 'False'
[6.561s] DEBUG:colcon.colcon_core.verb:Building package 'smartcart_controller' with the following arguments: {'ament_cmake_args': None, 'build_base': '/home/ed/ros2_ws/src/build/smartcart_controller', 'catkin_cmake_args': None, 'catkin_skip_building_tests': False, 'cmake_args': None, 'cmake_clean_cache': False, 'cmake_clean_first': False, 'cmake_force_configure': False, 'cmake_target': None, 'cmake_target_skip_unavailable': False, 'install_base': '/home/ed/ros2_ws/src/install/smartcart_controller', 'merge_install': False, 'path': '/home/ed/ros2_ws/src/smartcart_controller', 'symlink_install': False, 'test_result_base': None}
[6.656s] Level 5:colcon.colcon_core.verb:set package 'v4l2_camera' build argument 'cmake_args' from command line to 'None'
[6.657s] Level 5:colcon.colcon_core.verb:set package 'v4l2_camera' build argument 'cmake_target' from command line to 'None'
[6.657s] Level 5:colcon.colcon_core.verb:set package 'v4l2_camera' build argument 'cmake_target_skip_unavailable' from command line to 'False'
[6.657s] Level 5:colcon.colcon_core.verb:set package 'v4l2_camera' build argument 'cmake_clean_cache' from command line to 'False'
[6.657s] Level 5:colcon.colcon_core.verb:set package 'v4l2_camera' build argument 'cmake_clean_first' from command line to 'False'
[6.657s] Level 5:colcon.colcon_core.verb:set package 'v4l2_camera' build argument 'cmake_force_configure' from command line to 'False'
[6.657s] Level 5:colcon.colcon_core.verb:set package 'v4l2_camera' build argument 'ament_cmake_args' from command line to 'None'
[6.657s] Level 5:colcon.colcon_core.verb:set package 'v4l2_camera' build argument 'catkin_cmake_args' from command line to 'None'
[6.657s] Level 5:colcon.colcon_core.verb:set package 'v4l2_camera' build argument 'catkin_skip_building_tests' from command line to 'False'
[6.657s] DEBUG:colcon.colcon_core.verb:Building package 'v4l2_camera' with the following arguments: {'ament_cmake_args': None, 'build_base': '/home/ed/ros2_ws/src/build/v4l2_camera', 'catkin_cmake_args': None, 'catkin_skip_building_tests': False, 'cmake_args': None, 'cmake_clean_cache': False, 'cmake_clean_first': False, 'cmake_force_configure': False, 'cmake_target': None, 'cmake_target_skip_unavailable': False, 'install_base': '/home/ed/ros2_ws/src/install/v4l2_camera', 'merge_install': False, 'path': '/home/ed/ros2_ws/src/ros2_v4l2_camera', 'symlink_install': False, 'test_result_base': None}
[6.721s] INFO:colcon.colcon_core.executor:Executing jobs using 'parallel' executor
[6.791s] DEBUG:colcon.colcon_parallel_executor.executor.parallel:run_until_complete
[6.792s] INFO:colcon.colcon_ros.task.ament_python.build:Building ROS package in '/home/ed/ros2_ws/src/smartcart_controller' with build type 'ament_python'
[6.792s] Level 1:colcon.colcon_core.shell:create_environment_hook('smartcart_controller', 'ament_prefix_path')
[6.905s] INFO:colcon.colcon_core.plugin_system:Skipping extension 'colcon_core.shell.bat': Not used on non-Windows systems
[6.907s] INFO:colcon.colcon_core.shell:Creating environment hook '/home/ed/ros2_ws/src/install/smartcart_controller/share/smartcart_controller/hook/ament_prefix_path.ps1'
[6.914s] INFO:colcon.colcon_core.shell:Creating environment descriptor '/home/ed/ros2_ws/src/install/smartcart_controller/share/smartcart_controller/hook/ament_prefix_path.dsv'
[6.918s] INFO:colcon.colcon_core.shell:Creating environment hook '/home/ed/ros2_ws/src/install/smartcart_controller/share/smartcart_controller/hook/ament_prefix_path.sh'
[6.998s] INFO:colcon.colcon_core.shell:Skip shell extension 'powershell' for command environment: Not usable outside of PowerShell
[6.998s] DEBUG:colcon.colcon_core.shell:Skip shell extension 'dsv' for command environment
[7.226s] INFO:colcon.colcon_ros.task.ament_cmake.build:Building ROS package in '/home/ed/ros2_ws/src/ros2_v4l2_camera' with build type 'ament_cmake'
[7.227s] INFO:colcon.colcon_cmake.task.cmake.build:Building CMake package in '/home/ed/ros2_ws/src/ros2_v4l2_camera'
[7.307s] INFO:colcon.colcon_core.shell:Skip shell extension 'powershell' for command environment: Not usable outside of PowerShell
[7.307s] DEBUG:colcon.colcon_core.shell:Skip shell extension 'dsv' for command environment
[8.908s] INFO:colcon.colcon_core.task.python.build:Building Python package in '/home/ed/ros2_ws/src/smartcart_controller'
[8.978s] INFO:colcon.colcon_core.shell:Skip shell extension 'powershell' for command environment: Not usable outside of PowerShell
[8.979s] DEBUG:colcon.colcon_core.shell:Skip shell extension 'dsv' for command environment
[9.213s] DEBUG:colcon.colcon_core.event_handler.log_command:Invoking command in '/home/ed/ros2_ws/src/build/v4l2_camera': CMAKE_PREFIX_PATH=/home/ed/ros2_ws/install/smartcart_controller:/opt/ros/humble /usr/bin/cmake /home/ed/ros2_ws/src/ros2_v4l2_camera -DCMAKE_INSTALL_PREFIX=/home/ed/ros2_ws/src/install/v4l2_camera
[12.237s] DEBUG:colcon.colcon_core.event_handler.log_command:Invoking command in '/home/ed/ros2_ws/src/smartcart_controller': PYTHONPATH=/home/ed/ros2_ws/src/build/smartcart_controller/prefix_override:/home/ed/ros2_ws/src/install/smartcart_controller/lib/python3.10/site-packages:${PYTHONPATH} /usr/bin/python3 setup.py egg_info --egg-base ../build/smartcart_controller build --build-base /home/ed/ros2_ws/src/build/smartcart_controller/build install --record /home/ed/ros2_ws/src/build/smartcart_controller/install.log --single-version-externally-managed
[14.088s] DEBUG:colcon.colcon_core.event_handler.log_command:Invoked command in '/home/ed/ros2_ws/src/smartcart_controller' returned '0': PYTHONPATH=/home/ed/ros2_ws/src/build/smartcart_controller/prefix_override:/home/ed/ros2_ws/src/install/smartcart_controller/lib/python3.10/site-packages:${PYTHONPATH} /usr/bin/python3 setup.py egg_info --egg-base ../build/smartcart_controller build --build-base /home/ed/ros2_ws/src/build/smartcart_controller/build install --record /home/ed/ros2_ws/src/build/smartcart_controller/install.log --single-version-externally-managed
[15.256s] Level 1:colcon.colcon_core.environment:checking '/home/ed/ros2_ws/src/install/smartcart_controller' for CMake module files
[15.260s] Level 1:colcon.colcon_core.environment:checking '/home/ed/ros2_ws/src/install/smartcart_controller' for CMake config files
[15.265s] Level 1:colcon.colcon_core.environment:checking '/home/ed/ros2_ws/src/install/smartcart_controller/lib'
[15.267s] Level 1:colcon.colcon_core.environment:checking '/home/ed/ros2_ws/src/install/smartcart_controller/bin'
[15.267s] Level 1:colcon.colcon_core.environment:checking '/home/ed/ros2_ws/src/install/smartcart_controller/lib/pkgconfig/smartcart_controller.pc'
[15.268s] Level 1:colcon.colcon_core.environment:checking '/home/ed/ros2_ws/src/install/smartcart_controller/lib/python3.10/site-packages'
[15.268s] Level 1:colcon.colcon_core.shell:create_environment_hook('smartcart_controller', 'pythonpath')
[15.355s] INFO:colcon.colcon_core.shell:Creating environment hook '/home/ed/ros2_ws/src/install/smartcart_controller/share/smartcart_controller/hook/pythonpath.ps1'
[15.357s] INFO:colcon.colcon_core.shell:Creating environment descriptor '/home/ed/ros2_ws/src/install/smartcart_controller/share/smartcart_controller/hook/pythonpath.dsv'
[15.359s] INFO:colcon.colcon_core.shell:Creating environment hook '/home/ed/ros2_ws/src/install/smartcart_controller/share/smartcart_controller/hook/pythonpath.sh'
[15.361s] Level 1:colcon.colcon_core.environment:checking '/home/ed/ros2_ws/src/install/smartcart_controller/bin'
[15.362s] Level 1:colcon.colcon_core.environment:create_environment_scripts_only(smartcart_controller)
[15.447s] INFO:colcon.colcon_core.shell:Creating package script '/home/ed/ros2_ws/src/install/smartcart_controller/share/smartcart_controller/package.ps1'
[15.452s] INFO:colcon.colcon_core.shell:Creating package descriptor '/home/ed/ros2_ws/src/install/smartcart_controller/share/smartcart_controller/package.dsv'
[15.455s] INFO:colcon.colcon_core.shell:Creating package script '/home/ed/ros2_ws/src/install/smartcart_controller/share/smartcart_controller/package.sh'
[15.459s] INFO:colcon.colcon_core.shell:Creating package script '/home/ed/ros2_ws/src/install/smartcart_controller/share/smartcart_controller/package.bash'
[15.465s] INFO:colcon.colcon_core.shell:Creating package script '/home/ed/ros2_ws/src/install/smartcart_controller/share/smartcart_controller/package.zsh'
[15.471s] Level 1:colcon.colcon_core.environment:create_file_with_runtime_dependencies(/home/ed/ros2_ws/src/install/smartcart_controller/share/colcon-core/packages/smartcart_controller)
[22.798s] DEBUG:colcon.colcon_core.event_handler.log_command:Invoked command in '/home/ed/ros2_ws/src/build/v4l2_camera' returned '0': CMAKE_PREFIX_PATH=/home/ed/ros2_ws/install/smartcart_controller:/opt/ros/humble /usr/bin/cmake /home/ed/ros2_ws/src/ros2_v4l2_camera -DCMAKE_INSTALL_PREFIX=/home/ed/ros2_ws/src/install/v4l2_camera
[22.801s] DEBUG:colcon.colcon_core.event_handler.log_command:Invoking command in '/home/ed/ros2_ws/src/build/v4l2_camera': CMAKE_PREFIX_PATH=/home/ed/ros2_ws/install/smartcart_controller:/opt/ros/humble /usr/bin/cmake --build /home/ed/ros2_ws/src/build/v4l2_camera -- -j4 -l4
[50.398s] DEBUG:colcon.colcon_core.event_handler.log_command:Invoked command in '/home/ed/ros2_ws/src/build/v4l2_camera' returned '2': CMAKE_PREFIX_PATH=/home/ed/ros2_ws/install/smartcart_controller:/opt/ros/humble /usr/bin/cmake --build /home/ed/ros2_ws/src/build/v4l2_camera -- -j4 -l4
[50.668s] Level 1:colcon.colcon_core.environment:create_environment_scripts_only(v4l2_camera)
[50.740s] Level 1:colcon.colcon_core.environment:checking '/home/ed/ros2_ws/src/install/v4l2_camera' for CMake module files
[50.742s] Level 1:colcon.colcon_core.environment:checking '/home/ed/ros2_ws/src/install/v4l2_camera' for CMake config files
[50.743s] Level 1:colcon.colcon_core.environment:checking '/home/ed/ros2_ws/src/install/v4l2_camera/bin'
[50.743s] Level 1:colcon.colcon_core.environment:checking '/home/ed/ros2_ws/src/install/v4l2_camera/lib/pkgconfig/v4l2_camera.pc'
[50.744s] Level 1:colcon.colcon_core.environment:checking '/home/ed/ros2_ws/src/install/v4l2_camera/lib/python3.10/site-packages'
[50.745s] Level 1:colcon.colcon_core.environment:checking '/home/ed/ros2_ws/src/install/v4l2_camera/bin'
[50.814s] INFO:colcon.colcon_core.shell:Creating package script '/home/ed/ros2_ws/src/install/v4l2_camera/share/v4l2_camera/package.ps1'
[50.817s] INFO:colcon.colcon_core.shell:Creating package descriptor '/home/ed/ros2_ws/src/install/v4l2_camera/share/v4l2_camera/package.dsv'
[50.818s] INFO:colcon.colcon_core.shell:Creating package script '/home/ed/ros2_ws/src/install/v4l2_camera/share/v4l2_camera/package.sh'
[50.820s] INFO:colcon.colcon_core.shell:Creating package script '/home/ed/ros2_ws/src/install/v4l2_camera/share/v4l2_camera/package.bash'
[50.821s] INFO:colcon.colcon_core.shell:Creating package script '/home/ed/ros2_ws/src/install/v4l2_camera/share/v4l2_camera/package.zsh'
[50.824s] Level 1:colcon.colcon_core.environment:create_file_with_runtime_dependencies(/home/ed/ros2_ws/src/install/v4l2_camera/share/colcon-core/packages/v4l2_camera)
[50.836s] DEBUG:colcon.colcon_parallel_executor.executor.parallel:closing loop
[50.836s] DEBUG:colcon.colcon_parallel_executor.executor.parallel:loop closed
[50.837s] DEBUG:colcon.colcon_parallel_executor.executor.parallel:run_until_complete finished with '2'
[50.837s] DEBUG:colcon.colcon_core.event_reactor:joining thread
[50.943s] INFO:colcon.colcon_core.plugin_system:Skipping extension 'colcon_notification.desktop_notification.terminal_notifier': Not used on non-Darwin systems
[50.944s] INFO:colcon.colcon_core.plugin_system:Skipping extension 'colcon_notification.desktop_notification.win32': Not used on non-Windows systems
[50.944s] INFO:colcon.colcon_notification.desktop_notification:Sending desktop notification using 'notify2'
[51.058s] DEBUG:colcon.colcon_core.event_reactor:joined thread
[51.208s] INFO:colcon.colcon_core.shell:Creating prefix script '/home/ed/ros2_ws/src/install/local_setup.ps1'
[51.214s] INFO:colcon.colcon_core.shell:Creating prefix util module '/home/ed/ros2_ws/src/install/_local_setup_util_ps1.py'
[51.222s] INFO:colcon.colcon_core.shell:Creating prefix chain script '/home/ed/ros2_ws/src/install/setup.ps1'
[51.320s] INFO:colcon.colcon_core.shell:Creating prefix script '/home/ed/ros2_ws/src/install/local_setup.sh'
[51.324s] INFO:colcon.colcon_core.shell:Creating prefix util module '/home/ed/ros2_ws/src/install/_local_setup_util_sh.py'
[51.326s] INFO:colcon.colcon_core.shell:Creating prefix chain script '/home/ed/ros2_ws/src/install/setup.sh'
[51.397s] INFO:colcon.colcon_core.shell:Creating prefix script '/home/ed/ros2_ws/src/install/local_setup.bash'
[51.400s] INFO:colcon.colcon_core.shell:Creating prefix chain script '/home/ed/ros2_ws/src/install/setup.bash'
[51.474s] INFO:colcon.colcon_core.shell:Creating prefix script '/home/ed/ros2_ws/src/install/local_setup.zsh'
[51.477s] INFO:colcon.colcon_core.shell:Creating prefix chain script '/home/ed/ros2_ws/src/install/setup.zsh'
