[14.143s] DEBUG:colcon:Command line arguments: ['/usr/bin/colcon', 'list', '-p', '--base-paths', '/home/ed/ros2_ws']
[14.145s] DEBUG:colcon:Parsed command line arguments: Namespace(log_base=None, log_level=None, verb_name='list', build_base='build', ignore_user_meta=False, metas=['./colcon.meta'], base_paths=['/home/ed/ros2_ws'], packages_ignore=None, packages_ignore_regex=None, paths=None, packages_up_to=None, packages_up_to_regex=None, packages_above=None, packages_above_and_dependencies=None, packages_above_depth=None, packages_select_by_dep=None, packages_skip_by_dep=None, packages_skip_up_to=None, packages_select_build_failed=False, packages_skip_build_finished=False, packages_select_test_failures=False, packages_skip_test_passed=False, packages_select=None, packages_skip=None, packages_select_regex=None, packages_skip_regex=None, packages_start=None, packages_end=None, allow_overriding=[], topological_order=False, names_only=False, paths_only=True, topological_graph=False, topological_graph_dot=False, topological_graph_density=False, topological_graph_legend=False, topological_graph_dot_cluster=False, topological_graph_dot_include_skipped=False, verb_parser=<colcon_defaults.argument_parser.defaults.DefaultArgumentsDecorator object at 0xffffad776e90>, verb_extension=<colcon_package_information.verb.list.ListVerb object at 0xffffad6f7b50>, main=<bound method ListVerb.main of <colcon_package_information.verb.list.ListVerb object at 0xffffad6f7b50>>)
[15.049s] Level 1:colcon.colcon_core.package_discovery:discover_packages(colcon_meta) check parameters
[15.050s] Level 1:colcon.colcon_core.package_discovery:discover_packages(recursive) check parameters
[15.051s] Level 1:colcon.colcon_core.package_discovery:discover_packages(ignore) check parameters
[15.051s] Level 1:colcon.colcon_core.package_discovery:discover_packages(path) check parameters
[15.051s] Level 1:colcon.colcon_core.package_discovery:discover_packages(recursive) discover
[15.052s] INFO:colcon.colcon_core.package_discovery:Crawling recursively for packages in '/home/ed/ros2_ws'
[15.053s] Level 1:colcon.colcon_core.package_identification:_identify(/home/ed/ros2_ws) by extensions ['ignore', 'ignore_ament_install']
[15.054s] Level 1:colcon.colcon_core.package_identification:_identify(/home/ed/ros2_ws) by extension 'ignore'
[15.055s] Level 1:colcon.colcon_core.package_identification:_identify(/home/ed/ros2_ws) by extension 'ignore_ament_install'
[15.056s] Level 1:colcon.colcon_core.package_identification:_identify(/home/ed/ros2_ws) by extensions ['colcon_pkg']
[15.056s] Level 1:colcon.colcon_core.package_identification:_identify(/home/ed/ros2_ws) by extension 'colcon_pkg'
[15.058s] Level 1:colcon.colcon_core.package_identification:_identify(/home/ed/ros2_ws) by extensions ['colcon_meta']
[15.059s] Level 1:colcon.colcon_core.package_identification:_identify(/home/ed/ros2_ws) by extension 'colcon_meta'
[15.059s] Level 1:colcon.colcon_core.package_identification:_identify(/home/ed/ros2_ws) by extensions ['ros']
[15.060s] Level 1:colcon.colcon_core.package_identification:_identify(/home/ed/ros2_ws) by extension 'ros'
[15.179s] Level 1:colcon.colcon_core.package_identification:_identify(/home/ed/ros2_ws) by extensions ['cmake', 'python']
[15.180s] Level 1:colcon.colcon_core.package_identification:_identify(/home/ed/ros2_ws) by extension 'cmake'
[15.182s] Level 1:colcon.colcon_core.package_identification:_identify(/home/ed/ros2_ws) by extension 'python'
[15.184s] Level 1:colcon.colcon_core.package_identification:_identify(/home/ed/ros2_ws) by extensions ['python_setup_py']
[15.185s] Level 1:colcon.colcon_core.package_identification:_identify(/home/ed/ros2_ws) by extension 'python_setup_py'
[15.188s] Level 1:colcon.colcon_core.package_identification:_identify(/home/ed/ros2_ws/build) by extensions ['ignore', 'ignore_ament_install']
[15.190s] Level 1:colcon.colcon_core.package_identification:_identify(/home/ed/ros2_ws/build) by extension 'ignore'
[15.191s] Level 1:colcon.colcon_core.package_identification:_identify(/home/ed/ros2_ws/build) ignored
[15.193s] Level 1:colcon.colcon_core.package_identification:_identify(/home/ed/ros2_ws/install) by extensions ['ignore', 'ignore_ament_install']
[15.194s] Level 1:colcon.colcon_core.package_identification:_identify(/home/ed/ros2_ws/install) by extension 'ignore'
[15.194s] Level 1:colcon.colcon_core.package_identification:_identify(/home/ed/ros2_ws/install) ignored
[15.196s] Level 1:colcon.colcon_core.package_identification:_identify(/home/ed/ros2_ws/log) by extensions ['ignore', 'ignore_ament_install']
[15.198s] Level 1:colcon.colcon_core.package_identification:_identify(/home/ed/ros2_ws/log) by extension 'ignore'
[15.199s] Level 1:colcon.colcon_core.package_identification:_identify(/home/ed/ros2_ws/log) ignored
[15.202s] Level 1:colcon.colcon_core.package_identification:_identify(/home/ed/ros2_ws/src) by extensions ['ignore', 'ignore_ament_install']
[15.204s] Level 1:colcon.colcon_core.package_identification:_identify(/home/ed/ros2_ws/src) by extension 'ignore'
[15.205s] Level 1:colcon.colcon_core.package_identification:_identify(/home/ed/ros2_ws/src) by extension 'ignore_ament_install'
[15.208s] Level 1:colcon.colcon_core.package_identification:_identify(/home/ed/ros2_ws/src) by extensions ['colcon_pkg']
[15.211s] Level 1:colcon.colcon_core.package_identification:_identify(/home/ed/ros2_ws/src) by extension 'colcon_pkg'
[15.213s] Level 1:colcon.colcon_core.package_identification:_identify(/home/ed/ros2_ws/src) by extensions ['colcon_meta']
[15.214s] Level 1:colcon.colcon_core.package_identification:_identify(/home/ed/ros2_ws/src) by extension 'colcon_meta'
[15.216s] Level 1:colcon.colcon_core.package_identification:_identify(/home/ed/ros2_ws/src) by extensions ['ros']
[15.217s] Level 1:colcon.colcon_core.package_identification:_identify(/home/ed/ros2_ws/src) by extension 'ros'
[15.219s] Level 1:colcon.colcon_core.package_identification:_identify(/home/ed/ros2_ws/src) by extensions ['cmake', 'python']
[15.219s] Level 1:colcon.colcon_core.package_identification:_identify(/home/ed/ros2_ws/src) by extension 'cmake'
[15.220s] Level 1:colcon.colcon_core.package_identification:_identify(/home/ed/ros2_ws/src) by extension 'python'
[15.220s] Level 1:colcon.colcon_core.package_identification:_identify(/home/ed/ros2_ws/src) by extensions ['python_setup_py']
[15.221s] Level 1:colcon.colcon_core.package_identification:_identify(/home/ed/ros2_ws/src) by extension 'python_setup_py'
[15.222s] Level 1:colcon.colcon_core.package_identification:_identify(/home/ed/ros2_ws/src/build) by extensions ['ignore', 'ignore_ament_install']
[15.223s] Level 1:colcon.colcon_core.package_identification:_identify(/home/ed/ros2_ws/src/build) by extension 'ignore'
[15.224s] Level 1:colcon.colcon_core.package_identification:_identify(/home/ed/ros2_ws/src/build) ignored
[15.225s] Level 1:colcon.colcon_core.package_identification:_identify(/home/ed/ros2_ws/src/install) by extensions ['ignore', 'ignore_ament_install']
[15.226s] Level 1:colcon.colcon_core.package_identification:_identify(/home/ed/ros2_ws/src/install) by extension 'ignore'
[15.226s] Level 1:colcon.colcon_core.package_identification:_identify(/home/ed/ros2_ws/src/install) ignored
[15.228s] Level 1:colcon.colcon_core.package_identification:_identify(/home/ed/ros2_ws/src/log) by extensions ['ignore', 'ignore_ament_install']
[15.230s] Level 1:colcon.colcon_core.package_identification:_identify(/home/ed/ros2_ws/src/log) by extension 'ignore'
[15.231s] Level 1:colcon.colcon_core.package_identification:_identify(/home/ed/ros2_ws/src/log) ignored
[15.232s] Level 1:colcon.colcon_core.package_identification:_identify(/home/ed/ros2_ws/src/opencv_tools) by extensions ['ignore', 'ignore_ament_install']
[15.233s] Level 1:colcon.colcon_core.package_identification:_identify(/home/ed/ros2_ws/src/opencv_tools) by extension 'ignore'
[15.233s] Level 1:colcon.colcon_core.package_identification:_identify(/home/ed/ros2_ws/src/opencv_tools) by extension 'ignore_ament_install'
[15.234s] Level 1:colcon.colcon_core.package_identification:_identify(/home/ed/ros2_ws/src/opencv_tools) by extensions ['colcon_pkg']
[15.235s] Level 1:colcon.colcon_core.package_identification:_identify(/home/ed/ros2_ws/src/opencv_tools) by extension 'colcon_pkg'
[15.235s] Level 1:colcon.colcon_core.package_identification:_identify(/home/ed/ros2_ws/src/opencv_tools) by extensions ['colcon_meta']
[15.236s] Level 1:colcon.colcon_core.package_identification:_identify(/home/ed/ros2_ws/src/opencv_tools) by extension 'colcon_meta'
[15.236s] Level 1:colcon.colcon_core.package_identification:_identify(/home/ed/ros2_ws/src/opencv_tools) by extensions ['ros']
[15.237s] Level 1:colcon.colcon_core.package_identification:_identify(/home/ed/ros2_ws/src/opencv_tools) by extension 'ros'
[15.255s] DEBUG:colcon.colcon_core.package_identification:Package '/home/ed/ros2_ws/src/opencv_tools' with type 'ros.ament_python' and name 'opencv_tools'
[15.257s] Level 1:colcon.colcon_core.package_identification:_identify(/home/ed/ros2_ws/src/ros2_v4l2_camera) by extensions ['ignore', 'ignore_ament_install']
[15.259s] Level 1:colcon.colcon_core.package_identification:_identify(/home/ed/ros2_ws/src/ros2_v4l2_camera) by extension 'ignore'
[15.260s] Level 1:colcon.colcon_core.package_identification:_identify(/home/ed/ros2_ws/src/ros2_v4l2_camera) by extension 'ignore_ament_install'
[15.261s] Level 1:colcon.colcon_core.package_identification:_identify(/home/ed/ros2_ws/src/ros2_v4l2_camera) by extensions ['colcon_pkg']
[15.262s] Level 1:colcon.colcon_core.package_identification:_identify(/home/ed/ros2_ws/src/ros2_v4l2_camera) by extension 'colcon_pkg'
[15.263s] Level 1:colcon.colcon_core.package_identification:_identify(/home/ed/ros2_ws/src/ros2_v4l2_camera) by extensions ['colcon_meta']
[15.264s] Level 1:colcon.colcon_core.package_identification:_identify(/home/ed/ros2_ws/src/ros2_v4l2_camera) by extension 'colcon_meta'
[15.265s] Level 1:colcon.colcon_core.package_identification:_identify(/home/ed/ros2_ws/src/ros2_v4l2_camera) by extensions ['ros']
[15.267s] Level 1:colcon.colcon_core.package_identification:_identify(/home/ed/ros2_ws/src/ros2_v4l2_camera) by extension 'ros'
[15.275s] DEBUG:colcon.colcon_core.package_identification:Package '/home/ed/ros2_ws/src/ros2_v4l2_camera' with type 'ros.ament_cmake' and name 'v4l2_camera'
[15.278s] Level 1:colcon.colcon_core.package_identification:_identify(/home/ed/ros2_ws/src/smartcart_controller) by extensions ['ignore', 'ignore_ament_install']
[15.280s] Level 1:colcon.colcon_core.package_identification:_identify(/home/ed/ros2_ws/src/smartcart_controller) by extension 'ignore'
[15.282s] Level 1:colcon.colcon_core.package_identification:_identify(/home/ed/ros2_ws/src/smartcart_controller) by extension 'ignore_ament_install'
[15.283s] Level 1:colcon.colcon_core.package_identification:_identify(/home/ed/ros2_ws/src/smartcart_controller) by extensions ['colcon_pkg']
[15.284s] Level 1:colcon.colcon_core.package_identification:_identify(/home/ed/ros2_ws/src/smartcart_controller) by extension 'colcon_pkg'
[15.287s] Level 1:colcon.colcon_core.package_identification:_identify(/home/ed/ros2_ws/src/smartcart_controller) by extensions ['colcon_meta']
[15.288s] Level 1:colcon.colcon_core.package_identification:_identify(/home/ed/ros2_ws/src/smartcart_controller) by extension 'colcon_meta'
[15.289s] Level 1:colcon.colcon_core.package_identification:_identify(/home/ed/ros2_ws/src/smartcart_controller) by extensions ['ros']
[15.290s] Level 1:colcon.colcon_core.package_identification:_identify(/home/ed/ros2_ws/src/smartcart_controller) by extension 'ros'
[15.296s] DEBUG:colcon.colcon_core.package_identification:Package '/home/ed/ros2_ws/src/smartcart_controller' with type 'ros.ament_python' and name 'smartcart_controller'
[15.299s] Level 1:colcon.colcon_core.package_identification:_identify(/home/ed/ros2_ws/src/test) by extensions ['ignore', 'ignore_ament_install']
[15.300s] Level 1:colcon.colcon_core.package_identification:_identify(/home/ed/ros2_ws/src/test) by extension 'ignore'
[15.302s] Level 1:colcon.colcon_core.package_identification:_identify(/home/ed/ros2_ws/src/test) by extension 'ignore_ament_install'
[15.303s] Level 1:colcon.colcon_core.package_identification:_identify(/home/ed/ros2_ws/src/test) by extensions ['colcon_pkg']
[15.304s] Level 1:colcon.colcon_core.package_identification:_identify(/home/ed/ros2_ws/src/test) by extension 'colcon_pkg'
[15.307s] Level 1:colcon.colcon_core.package_identification:_identify(/home/ed/ros2_ws/src/test) by extensions ['colcon_meta']
[15.308s] Level 1:colcon.colcon_core.package_identification:_identify(/home/ed/ros2_ws/src/test) by extension 'colcon_meta'
[15.310s] Level 1:colcon.colcon_core.package_identification:_identify(/home/ed/ros2_ws/src/test) by extensions ['ros']
[15.311s] Level 1:colcon.colcon_core.package_identification:_identify(/home/ed/ros2_ws/src/test) by extension 'ros'
[15.313s] Level 1:colcon.colcon_core.package_identification:_identify(/home/ed/ros2_ws/src/test) by extensions ['cmake', 'python']
[15.314s] Level 1:colcon.colcon_core.package_identification:_identify(/home/ed/ros2_ws/src/test) by extension 'cmake'
[15.315s] Level 1:colcon.colcon_core.package_identification:_identify(/home/ed/ros2_ws/src/test) by extension 'python'
[15.317s] Level 1:colcon.colcon_core.package_identification:_identify(/home/ed/ros2_ws/src/test) by extensions ['python_setup_py']
[15.318s] Level 1:colcon.colcon_core.package_identification:_identify(/home/ed/ros2_ws/src/test) by extension 'python_setup_py'
[15.319s] Level 1:colcon.colcon_core.package_discovery:discover_packages(recursive) using defaults
