[7.054s] Invoking command in '/home/ed/ros2_ws/src/opencv_tools': PYTHONPATH=/home/ed/ros2_ws/build/opencv_tools/prefix_override:/home/ed/ros2_ws/install/opencv_tools/lib/python3.10/site-packages:${PYTHONPATH} /usr/bin/python3 setup.py egg_info --egg-base ../../build/opencv_tools build --build-base /home/ed/ros2_ws/build/opencv_tools/build install --record /home/ed/ros2_ws/build/opencv_tools/install.log --single-version-externally-managed
[8.533s] running egg_info
[8.535s] writing ../../build/opencv_tools/opencv_tools.egg-info/PKG-INFO
[8.537s] writing dependency_links to ../../build/opencv_tools/opencv_tools.egg-info/dependency_links.txt
[8.538s] writing entry points to ../../build/opencv_tools/opencv_tools.egg-info/entry_points.txt
[8.538s] writing requirements to ../../build/opencv_tools/opencv_tools.egg-info/requires.txt
[8.539s] writing top-level names to ../../build/opencv_tools/opencv_tools.egg-info/top_level.txt
[8.551s] reading manifest file '../../build/opencv_tools/opencv_tools.egg-info/SOURCES.txt'
[8.555s] writing manifest file '../../build/opencv_tools/opencv_tools.egg-info/SOURCES.txt'
[8.556s] running build
[8.557s] running build_py
[8.559s] copying opencv_tools/interpreter.py -> /home/ed/ros2_ws/build/opencv_tools/build/lib/opencv_tools
[8.561s] copying opencv_tools/tensor_image_publisher.py -> /home/ed/ros2_ws/build/opencv_tools/build/lib/opencv_tools
[8.564s] running install
[8.565s] running install_lib
[8.571s] copying /home/ed/ros2_ws/build/opencv_tools/build/lib/opencv_tools/interpreter.py -> /home/ed/ros2_ws/install/opencv_tools/lib/python3.10/site-packages/opencv_tools
[8.572s] copying /home/ed/ros2_ws/build/opencv_tools/build/lib/opencv_tools/tensor_image_publisher.py -> /home/ed/ros2_ws/install/opencv_tools/lib/python3.10/site-packages/opencv_tools
[8.576s] byte-compiling /home/ed/ros2_ws/install/opencv_tools/lib/python3.10/site-packages/opencv_tools/interpreter.py to interpreter.cpython-310.pyc
[8.581s] byte-compiling /home/ed/ros2_ws/install/opencv_tools/lib/python3.10/site-packages/opencv_tools/tensor_image_publisher.py to tensor_image_publisher.cpython-310.pyc
[8.590s] running install_data
[8.591s] running install_egg_info
[8.606s] removing '/home/ed/ros2_ws/install/opencv_tools/lib/python3.10/site-packages/opencv_tools-0.0.0-py3.10.egg-info' (and everything under it)
[8.613s] Copying ../../build/opencv_tools/opencv_tools.egg-info to /home/ed/ros2_ws/install/opencv_tools/lib/python3.10/site-packages/opencv_tools-0.0.0-py3.10.egg-info
[8.621s] running install_scripts
[8.710s] Installing img_publisher script to /home/ed/ros2_ws/install/opencv_tools/lib/opencv_tools
[8.711s] Installing img_subscriber script to /home/ed/ros2_ws/install/opencv_tools/lib/opencv_tools
[8.712s] Installing tensor_img_publisher script to /home/ed/ros2_ws/install/opencv_tools/lib/opencv_tools
[8.714s] writing list of installed files to '/home/ed/ros2_ws/build/opencv_tools/install.log'
[8.923s] Invoked command in '/home/ed/ros2_ws/src/opencv_tools' returned '0': PYTHONPATH=/home/ed/ros2_ws/build/opencv_tools/prefix_override:/home/ed/ros2_ws/install/opencv_tools/lib/python3.10/site-packages:${PYTHONPATH} /usr/bin/python3 setup.py egg_info --egg-base ../../build/opencv_tools build --build-base /home/ed/ros2_ws/build/opencv_tools/build install --record /home/ed/ros2_ws/build/opencv_tools/install.log --single-version-externally-managed
