[14.376s] Invoking command in '/home/ed/ros2_ws/src/opencv_tools': PYTHONPATH=/home/ed/ros2_ws/src/build/opencv_tools/prefix_override:/home/ed/ros2_ws/src/install/opencv_tools/lib/python3.10/site-packages:${PYTHONPATH} /usr/bin/python3 setup.py egg_info --egg-base ../build/opencv_tools build --build-base /home/ed/ros2_ws/src/build/opencv_tools/build install --record /home/ed/ros2_ws/src/build/opencv_tools/install.log --single-version-externally-managed
[16.138s] running egg_info
[16.140s] writing ../build/opencv_tools/opencv_tools.egg-info/PKG-INFO
[16.146s] writing dependency_links to ../build/opencv_tools/opencv_tools.egg-info/dependency_links.txt
[16.146s] writing entry points to ../build/opencv_tools/opencv_tools.egg-info/entry_points.txt
[16.151s] writing requirements to ../build/opencv_tools/opencv_tools.egg-info/requires.txt
[16.151s] writing top-level names to ../build/opencv_tools/opencv_tools.egg-info/top_level.txt
[16.158s] reading manifest file '../build/opencv_tools/opencv_tools.egg-info/SOURCES.txt'
[16.163s] writing manifest file '../build/opencv_tools/opencv_tools.egg-info/SOURCES.txt'
[16.165s] running build
[16.166s] running build_py
[16.169s] running install
[16.170s] running install_lib
[16.181s] running install_data
[16.184s] copying package.xml -> /home/ed/ros2_ws/src/install/opencv_tools/share/opencv_tools
[16.186s] running install_egg_info
[16.195s] removing '/home/ed/ros2_ws/src/install/opencv_tools/lib/python3.10/site-packages/opencv_tools-0.0.0-py3.10.egg-info' (and everything under it)
[16.198s] Copying ../build/opencv_tools/opencv_tools.egg-info to /home/ed/ros2_ws/src/install/opencv_tools/lib/python3.10/site-packages/opencv_tools-0.0.0-py3.10.egg-info
[16.207s] running install_scripts
[16.331s] Installing img_publisher script to /home/ed/ros2_ws/src/install/opencv_tools/lib/opencv_tools
[16.337s] Installing img_subscriber script to /home/ed/ros2_ws/src/install/opencv_tools/lib/opencv_tools
[16.343s] Installing tensor_img_publisher script to /home/ed/ros2_ws/src/install/opencv_tools/lib/opencv_tools
[16.348s] writing list of installed files to '/home/ed/ros2_ws/src/build/opencv_tools/install.log'
[17.072s] Invoked command in '/home/ed/ros2_ws/src/opencv_tools' returned '0': PYTHONPATH=/home/ed/ros2_ws/src/build/opencv_tools/prefix_override:/home/ed/ros2_ws/src/install/opencv_tools/lib/python3.10/site-packages:${PYTHONPATH} /usr/bin/python3 setup.py egg_info --egg-base ../build/opencv_tools build --build-base /home/ed/ros2_ws/src/build/opencv_tools/build install --record /home/ed/ros2_ws/src/build/opencv_tools/install.log --single-version-externally-managed
