[5.361s] DEBUG:colcon:Command line arguments: ['/usr/bin/colcon', 'build']
[5.361s] DEBUG:colcon:Parsed command line arguments: Namespace(log_base=None, log_level=None, verb_name='build', build_base='build', install_base='install', merge_install=False, symlink_install=False, test_result_base=None, continue_on_error=False, executor='parallel', parallel_workers=4, event_handlers=None, ignore_user_meta=False, metas=['./colcon.meta'], base_paths=['.'], packages_ignore=None, packages_ignore_regex=None, paths=None, packages_up_to=None, packages_up_to_regex=None, packages_above=None, packages_above_and_dependencies=None, packages_above_depth=None, packages_select_by_dep=None, packages_skip_by_dep=None, packages_skip_up_to=None, packages_select_build_failed=False, packages_skip_build_finished=False, packages_select_test_failures=False, packages_skip_test_passed=False, packages_select=None, packages_skip=None, packages_select_regex=None, packages_skip_regex=None, packages_start=None, packages_end=None, allow_overriding=[], cmake_args=None, cmake_target=None, cmake_target_skip_unavailable=False, cmake_clean_cache=False, cmake_clean_first=False, cmake_force_configure=False, ament_cmake_args=None, catkin_cmake_args=None, catkin_skip_building_tests=False, verb_parser=<colcon_defaults.argument_parser.defaults.DefaultArgumentsDecorator object at 0xffff9009feb0>, verb_extension=<colcon_core.verb.build.BuildVerb object at 0xffff9035c7f0>, main=<bound method BuildVerb.main of <colcon_core.verb.build.BuildVerb object at 0xffff9035c7f0>>)
[5.674s] Level 1:colcon.colcon_core.package_discovery:discover_packages(colcon_meta) check parameters
[5.675s] Level 1:colcon.colcon_core.package_discovery:discover_packages(recursive) check parameters
[5.675s] Level 1:colcon.colcon_core.package_discovery:discover_packages(ignore) check parameters
[5.675s] Level 1:colcon.colcon_core.package_discovery:discover_packages(path) check parameters
[5.675s] Level 1:colcon.colcon_core.package_discovery:discover_packages(colcon_meta) discover
[5.675s] Level 1:colcon.colcon_core.package_discovery:discover_packages(recursive) discover
[5.676s] INFO:colcon.colcon_core.package_discovery:Crawling recursively for packages in '/home/ed/ros2_ws/src'
[5.676s] Level 1:colcon.colcon_core.package_identification:_identify(.) by extensions ['ignore', 'ignore_ament_install']
[5.677s] Level 1:colcon.colcon_core.package_identification:_identify(.) by extension 'ignore'
[5.677s] Level 1:colcon.colcon_core.package_identification:_identify(.) by extension 'ignore_ament_install'
[5.677s] Level 1:colcon.colcon_core.package_identification:_identify(.) by extensions ['colcon_pkg']
[5.677s] Level 1:colcon.colcon_core.package_identification:_identify(.) by extension 'colcon_pkg'
[5.678s] Level 1:colcon.colcon_core.package_identification:_identify(.) by extensions ['colcon_meta']
[5.678s] Level 1:colcon.colcon_core.package_identification:_identify(.) by extension 'colcon_meta'
[5.678s] Level 1:colcon.colcon_core.package_identification:_identify(.) by extensions ['ros']
[5.678s] Level 1:colcon.colcon_core.package_identification:_identify(.) by extension 'ros'
[5.729s] Level 1:colcon.colcon_core.package_identification:_identify(.) by extensions ['cmake', 'python']
[5.729s] Level 1:colcon.colcon_core.package_identification:_identify(.) by extension 'cmake'
[5.729s] Level 1:colcon.colcon_core.package_identification:_identify(.) by extension 'python'
[5.729s] Level 1:colcon.colcon_core.package_identification:_identify(.) by extensions ['python_setup_py']
[5.730s] Level 1:colcon.colcon_core.package_identification:_identify(.) by extension 'python_setup_py'
[5.730s] Level 1:colcon.colcon_core.package_identification:_identify(build) by extensions ['ignore', 'ignore_ament_install']
[5.730s] Level 1:colcon.colcon_core.package_identification:_identify(build) by extension 'ignore'
[5.731s] Level 1:colcon.colcon_core.package_identification:_identify(build) ignored
[5.731s] Level 1:colcon.colcon_core.package_identification:_identify(install) by extensions ['ignore', 'ignore_ament_install']
[5.732s] Level 1:colcon.colcon_core.package_identification:_identify(install) by extension 'ignore'
[5.732s] Level 1:colcon.colcon_core.package_identification:_identify(install) ignored
[5.733s] Level 1:colcon.colcon_core.package_identification:_identify(log) by extensions ['ignore', 'ignore_ament_install']
[5.733s] Level 1:colcon.colcon_core.package_identification:_identify(log) by extension 'ignore'
[5.733s] Level 1:colcon.colcon_core.package_identification:_identify(log) ignored
[5.734s] Level 1:colcon.colcon_core.package_identification:_identify(opencv_tools) by extensions ['ignore', 'ignore_ament_install']
[5.734s] Level 1:colcon.colcon_core.package_identification:_identify(opencv_tools) by extension 'ignore'
[5.734s] Level 1:colcon.colcon_core.package_identification:_identify(opencv_tools) by extension 'ignore_ament_install'
[5.734s] Level 1:colcon.colcon_core.package_identification:_identify(opencv_tools) by extensions ['colcon_pkg']
[5.734s] Level 1:colcon.colcon_core.package_identification:_identify(opencv_tools) by extension 'colcon_pkg'
[5.735s] Level 1:colcon.colcon_core.package_identification:_identify(opencv_tools) by extensions ['colcon_meta']
[5.735s] Level 1:colcon.colcon_core.package_identification:_identify(opencv_tools) by extension 'colcon_meta'
[5.735s] Level 1:colcon.colcon_core.package_identification:_identify(opencv_tools) by extensions ['ros']
[5.735s] Level 1:colcon.colcon_core.package_identification:_identify(opencv_tools) by extension 'ros'
[5.753s] DEBUG:colcon.colcon_core.package_identification:Package 'opencv_tools' with type 'ros.ament_python' and name 'opencv_tools'
[5.753s] Level 1:colcon.colcon_core.package_identification:_identify(ros2_v4l2_camera) by extensions ['ignore', 'ignore_ament_install']
[5.754s] Level 1:colcon.colcon_core.package_identification:_identify(ros2_v4l2_camera) by extension 'ignore'
[5.754s] Level 1:colcon.colcon_core.package_identification:_identify(ros2_v4l2_camera) by extension 'ignore_ament_install'
[5.754s] Level 1:colcon.colcon_core.package_identification:_identify(ros2_v4l2_camera) by extensions ['colcon_pkg']
[5.754s] Level 1:colcon.colcon_core.package_identification:_identify(ros2_v4l2_camera) by extension 'colcon_pkg'
[5.754s] Level 1:colcon.colcon_core.package_identification:_identify(ros2_v4l2_camera) by extensions ['colcon_meta']
[5.755s] Level 1:colcon.colcon_core.package_identification:_identify(ros2_v4l2_camera) by extension 'colcon_meta'
[5.755s] Level 1:colcon.colcon_core.package_identification:_identify(ros2_v4l2_camera) by extensions ['ros']
[5.755s] Level 1:colcon.colcon_core.package_identification:_identify(ros2_v4l2_camera) by extension 'ros'
[5.759s] DEBUG:colcon.colcon_core.package_identification:Package 'ros2_v4l2_camera' with type 'ros.ament_cmake' and name 'v4l2_camera'
[5.760s] Level 1:colcon.colcon_core.package_identification:_identify(smartcart_controller) by extensions ['ignore', 'ignore_ament_install']
[5.760s] Level 1:colcon.colcon_core.package_identification:_identify(smartcart_controller) by extension 'ignore'
[5.761s] Level 1:colcon.colcon_core.package_identification:_identify(smartcart_controller) by extension 'ignore_ament_install'
[5.761s] Level 1:colcon.colcon_core.package_identification:_identify(smartcart_controller) by extensions ['colcon_pkg']
[5.761s] Level 1:colcon.colcon_core.package_identification:_identify(smartcart_controller) by extension 'colcon_pkg'
[5.761s] Level 1:colcon.colcon_core.package_identification:_identify(smartcart_controller) by extensions ['colcon_meta']
[5.761s] Level 1:colcon.colcon_core.package_identification:_identify(smartcart_controller) by extension 'colcon_meta'
[5.762s] Level 1:colcon.colcon_core.package_identification:_identify(smartcart_controller) by extensions ['ros']
[5.762s] Level 1:colcon.colcon_core.package_identification:_identify(smartcart_controller) by extension 'ros'
[5.765s] DEBUG:colcon.colcon_core.package_identification:Package 'smartcart_controller' with type 'ros.ament_python' and name 'smartcart_controller'
[5.766s] Level 1:colcon.colcon_core.package_identification:_identify(test) by extensions ['ignore', 'ignore_ament_install']
[5.766s] Level 1:colcon.colcon_core.package_identification:_identify(test) by extension 'ignore'
[5.766s] Level 1:colcon.colcon_core.package_identification:_identify(test) by extension 'ignore_ament_install'
[5.767s] Level 1:colcon.colcon_core.package_identification:_identify(test) by extensions ['colcon_pkg']
[5.767s] Level 1:colcon.colcon_core.package_identification:_identify(test) by extension 'colcon_pkg'
[5.767s] Level 1:colcon.colcon_core.package_identification:_identify(test) by extensions ['colcon_meta']
[5.767s] Level 1:colcon.colcon_core.package_identification:_identify(test) by extension 'colcon_meta'
[5.767s] Level 1:colcon.colcon_core.package_identification:_identify(test) by extensions ['ros']
[5.767s] Level 1:colcon.colcon_core.package_identification:_identify(test) by extension 'ros'
[5.768s] Level 1:colcon.colcon_core.package_identification:_identify(test) by extensions ['cmake', 'python']
[5.768s] Level 1:colcon.colcon_core.package_identification:_identify(test) by extension 'cmake'
[5.768s] Level 1:colcon.colcon_core.package_identification:_identify(test) by extension 'python'
[5.768s] Level 1:colcon.colcon_core.package_identification:_identify(test) by extensions ['python_setup_py']
[5.768s] Level 1:colcon.colcon_core.package_identification:_identify(test) by extension 'python_setup_py'
[5.769s] Level 1:colcon.colcon_core.package_discovery:discover_packages(recursive) using defaults
[5.769s] Level 1:colcon.colcon_core.package_discovery:discover_packages(ignore) discover
[5.769s] Level 1:colcon.colcon_core.package_discovery:discover_packages(ignore) using defaults
[5.769s] Level 1:colcon.colcon_core.package_discovery:discover_packages(path) discover
[5.769s] Level 1:colcon.colcon_core.package_discovery:discover_packages(path) using defaults
[6.269s] Level 1:colcon.colcon_core.package_discovery:discover_packages(prefix_path) check parameters
[6.269s] Level 1:colcon.colcon_core.package_discovery:discover_packages(prefix_path) discover
[6.435s] DEBUG:colcon.colcon_installed_package_information.package_discovery:Found 2 installed packages in /home/ed/ros2_workspace/install
[6.520s] DEBUG:colcon.colcon_installed_package_information.package_discovery:Found 3 installed packages in /home/ed/ros2_ws/install
[6.632s] DEBUG:colcon.colcon_installed_package_information.package_discovery:Found 2 installed packages in /home/ed/ros2_ws/src/install
[6.713s] DEBUG:colcon.colcon_installed_package_information.package_discovery:Found 277 installed packages in /opt/ros/humble
[6.719s] Level 1:colcon.colcon_core.package_discovery:discover_packages(prefix_path) using defaults
[7.156s] Level 5:colcon.colcon_core.verb:set package 'opencv_tools' build argument 'cmake_args' from command line to 'None'
[7.156s] Level 5:colcon.colcon_core.verb:set package 'opencv_tools' build argument 'cmake_target' from command line to 'None'
[7.156s] Level 5:colcon.colcon_core.verb:set package 'opencv_tools' build argument 'cmake_target_skip_unavailable' from command line to 'False'
[7.156s] Level 5:colcon.colcon_core.verb:set package 'opencv_tools' build argument 'cmake_clean_cache' from command line to 'False'
[7.156s] Level 5:colcon.colcon_core.verb:set package 'opencv_tools' build argument 'cmake_clean_first' from command line to 'False'
[7.157s] Level 5:colcon.colcon_core.verb:set package 'opencv_tools' build argument 'cmake_force_configure' from command line to 'False'
[7.157s] Level 5:colcon.colcon_core.verb:set package 'opencv_tools' build argument 'ament_cmake_args' from command line to 'None'
[7.157s] Level 5:colcon.colcon_core.verb:set package 'opencv_tools' build argument 'catkin_cmake_args' from command line to 'None'
[7.157s] Level 5:colcon.colcon_core.verb:set package 'opencv_tools' build argument 'catkin_skip_building_tests' from command line to 'False'
[7.157s] DEBUG:colcon.colcon_core.verb:Building package 'opencv_tools' with the following arguments: {'ament_cmake_args': None, 'build_base': '/home/ed/ros2_ws/src/build/opencv_tools', 'catkin_cmake_args': None, 'catkin_skip_building_tests': False, 'cmake_args': None, 'cmake_clean_cache': False, 'cmake_clean_first': False, 'cmake_force_configure': False, 'cmake_target': None, 'cmake_target_skip_unavailable': False, 'install_base': '/home/ed/ros2_ws/src/install/opencv_tools', 'merge_install': False, 'path': '/home/ed/ros2_ws/src/opencv_tools', 'symlink_install': False, 'test_result_base': None}
[7.230s] Level 5:colcon.colcon_core.verb:set package 'smartcart_controller' build argument 'cmake_args' from command line to 'None'
[7.230s] Level 5:colcon.colcon_core.verb:set package 'smartcart_controller' build argument 'cmake_target' from command line to 'None'
[7.230s] Level 5:colcon.colcon_core.verb:set package 'smartcart_controller' build argument 'cmake_target_skip_unavailable' from command line to 'False'
[7.230s] Level 5:colcon.colcon_core.verb:set package 'smartcart_controller' build argument 'cmake_clean_cache' from command line to 'False'
[7.230s] Level 5:colcon.colcon_core.verb:set package 'smartcart_controller' build argument 'cmake_clean_first' from command line to 'False'
[7.230s] Level 5:colcon.colcon_core.verb:set package 'smartcart_controller' build argument 'cmake_force_configure' from command line to 'False'
[7.230s] Level 5:colcon.colcon_core.verb:set package 'smartcart_controller' build argument 'ament_cmake_args' from command line to 'None'
[7.231s] Level 5:colcon.colcon_core.verb:set package 'smartcart_controller' build argument 'catkin_cmake_args' from command line to 'None'
[7.231s] Level 5:colcon.colcon_core.verb:set package 'smartcart_controller' build argument 'catkin_skip_building_tests' from command line to 'False'
[7.231s] DEBUG:colcon.colcon_core.verb:Building package 'smartcart_controller' with the following arguments: {'ament_cmake_args': None, 'build_base': '/home/ed/ros2_ws/src/build/smartcart_controller', 'catkin_cmake_args': None, 'catkin_skip_building_tests': False, 'cmake_args': None, 'cmake_clean_cache': False, 'cmake_clean_first': False, 'cmake_force_configure': False, 'cmake_target': None, 'cmake_target_skip_unavailable': False, 'install_base': '/home/ed/ros2_ws/src/install/smartcart_controller', 'merge_install': False, 'path': '/home/ed/ros2_ws/src/smartcart_controller', 'symlink_install': False, 'test_result_base': None}
[7.304s] Level 5:colcon.colcon_core.verb:set package 'v4l2_camera' build argument 'cmake_args' from command line to 'None'
[7.304s] Level 5:colcon.colcon_core.verb:set package 'v4l2_camera' build argument 'cmake_target' from command line to 'None'
[7.305s] Level 5:colcon.colcon_core.verb:set package 'v4l2_camera' build argument 'cmake_target_skip_unavailable' from command line to 'False'
[7.305s] Level 5:colcon.colcon_core.verb:set package 'v4l2_camera' build argument 'cmake_clean_cache' from command line to 'False'
[7.305s] Level 5:colcon.colcon_core.verb:set package 'v4l2_camera' build argument 'cmake_clean_first' from command line to 'False'
[7.305s] Level 5:colcon.colcon_core.verb:set package 'v4l2_camera' build argument 'cmake_force_configure' from command line to 'False'
[7.305s] Level 5:colcon.colcon_core.verb:set package 'v4l2_camera' build argument 'ament_cmake_args' from command line to 'None'
[7.305s] Level 5:colcon.colcon_core.verb:set package 'v4l2_camera' build argument 'catkin_cmake_args' from command line to 'None'
[7.305s] Level 5:colcon.colcon_core.verb:set package 'v4l2_camera' build argument 'catkin_skip_building_tests' from command line to 'False'
[7.305s] DEBUG:colcon.colcon_core.verb:Building package 'v4l2_camera' with the following arguments: {'ament_cmake_args': None, 'build_base': '/home/ed/ros2_ws/src/build/v4l2_camera', 'catkin_cmake_args': None, 'catkin_skip_building_tests': False, 'cmake_args': None, 'cmake_clean_cache': False, 'cmake_clean_first': False, 'cmake_force_configure': False, 'cmake_target': None, 'cmake_target_skip_unavailable': False, 'install_base': '/home/ed/ros2_ws/src/install/v4l2_camera', 'merge_install': False, 'path': '/home/ed/ros2_ws/src/ros2_v4l2_camera', 'symlink_install': False, 'test_result_base': None}
[7.377s] INFO:colcon.colcon_core.executor:Executing jobs using 'parallel' executor
[7.452s] DEBUG:colcon.colcon_parallel_executor.executor.parallel:run_until_complete
[7.461s] INFO:colcon.colcon_ros.task.ament_python.build:Building ROS package in '/home/ed/ros2_ws/src/opencv_tools' with build type 'ament_python'
[7.462s] Level 1:colcon.colcon_core.shell:create_environment_hook('opencv_tools', 'ament_prefix_path')
[7.680s] INFO:colcon.colcon_core.plugin_system:Skipping extension 'colcon_core.shell.bat': Not used on non-Windows systems
[7.682s] INFO:colcon.colcon_core.shell:Creating environment hook '/home/ed/ros2_ws/src/install/opencv_tools/share/opencv_tools/hook/ament_prefix_path.ps1'
[7.690s] INFO:colcon.colcon_core.shell:Creating environment descriptor '/home/ed/ros2_ws/src/install/opencv_tools/share/opencv_tools/hook/ament_prefix_path.dsv'
[7.695s] INFO:colcon.colcon_core.shell:Creating environment hook '/home/ed/ros2_ws/src/install/opencv_tools/share/opencv_tools/hook/ament_prefix_path.sh'
[7.915s] INFO:colcon.colcon_core.shell:Skip shell extension 'powershell' for command environment: Not usable outside of PowerShell
[7.915s] DEBUG:colcon.colcon_core.shell:Skip shell extension 'dsv' for command environment
[8.536s] INFO:colcon.colcon_ros.task.ament_python.build:Building ROS package in '/home/ed/ros2_ws/src/smartcart_controller' with build type 'ament_python'
[8.538s] Level 1:colcon.colcon_core.shell:create_environment_hook('smartcart_controller', 'ament_prefix_path')
[8.751s] INFO:colcon.colcon_core.shell:Creating environment hook '/home/ed/ros2_ws/src/install/smartcart_controller/share/smartcart_controller/hook/ament_prefix_path.ps1'
[8.756s] INFO:colcon.colcon_core.shell:Creating environment descriptor '/home/ed/ros2_ws/src/install/smartcart_controller/share/smartcart_controller/hook/ament_prefix_path.dsv'
[8.762s] INFO:colcon.colcon_core.shell:Creating environment hook '/home/ed/ros2_ws/src/install/smartcart_controller/share/smartcart_controller/hook/ament_prefix_path.sh'
[8.938s] INFO:colcon.colcon_core.shell:Skip shell extension 'powershell' for command environment: Not usable outside of PowerShell
[8.939s] DEBUG:colcon.colcon_core.shell:Skip shell extension 'dsv' for command environment
[9.563s] INFO:colcon.colcon_ros.task.ament_cmake.build:Building ROS package in '/home/ed/ros2_ws/src/ros2_v4l2_camera' with build type 'ament_cmake'
[9.564s] INFO:colcon.colcon_cmake.task.cmake.build:Building CMake package in '/home/ed/ros2_ws/src/ros2_v4l2_camera'
[9.764s] INFO:colcon.colcon_core.shell:Skip shell extension 'powershell' for command environment: Not usable outside of PowerShell
[9.765s] DEBUG:colcon.colcon_core.shell:Skip shell extension 'dsv' for command environment
[12.590s] INFO:colcon.colcon_core.task.python.build:Building Python package in '/home/ed/ros2_ws/src/opencv_tools'
[12.710s] INFO:colcon.colcon_core.shell:Skip shell extension 'powershell' for command environment: Not usable outside of PowerShell
[12.710s] DEBUG:colcon.colcon_core.shell:Skip shell extension 'dsv' for command environment
[15.831s] INFO:colcon.colcon_core.task.python.build:Building Python package in '/home/ed/ros2_ws/src/smartcart_controller'
[15.951s] INFO:colcon.colcon_core.shell:Skip shell extension 'powershell' for command environment: Not usable outside of PowerShell
[15.951s] DEBUG:colcon.colcon_core.shell:Skip shell extension 'dsv' for command environment
[16.628s] DEBUG:colcon.colcon_core.event_handler.log_command:Invoking command in '/home/ed/ros2_ws/src/build/v4l2_camera': CMAKE_PREFIX_PATH=${CMAKE_PREFIX_PATH}:/home/ed/ros2_workspace/install/my_py_pkg:/home/ed/ros2_ws/install/smartcart_controller:/home/ed/ros2_ws/install/opencv_tools:/home/ed/ros2_ws/src/install/smartcart_controller:/opt/ros/humble /usr/bin/cmake --build /home/ed/ros2_ws/src/build/v4l2_camera -- -j4 -l4
[21.662s] DEBUG:colcon.colcon_core.event_handler.log_command:Invoking command in '/home/ed/ros2_ws/src/smartcart_controller': PYTHONPATH=/home/ed/ros2_ws/src/build/smartcart_controller/prefix_override:/home/ed/ros2_ws/src/install/smartcart_controller/lib/python3.10/site-packages:${PYTHONPATH} /usr/bin/python3 setup.py egg_info --egg-base ../build/smartcart_controller build --build-base /home/ed/ros2_ws/src/build/smartcart_controller/build install --record /home/ed/ros2_ws/src/build/smartcart_controller/install.log --single-version-externally-managed
[21.754s] DEBUG:colcon.colcon_core.event_handler.log_command:Invoking command in '/home/ed/ros2_ws/src/opencv_tools': PYTHONPATH=/home/ed/ros2_ws/src/build/opencv_tools/prefix_override:/home/ed/ros2_ws/src/install/opencv_tools/lib/python3.10/site-packages:${PYTHONPATH} /usr/bin/python3 setup.py egg_info --egg-base ../build/opencv_tools build --build-base /home/ed/ros2_ws/src/build/opencv_tools/build install --record /home/ed/ros2_ws/src/build/opencv_tools/install.log --single-version-externally-managed
[25.718s] DEBUG:colcon.colcon_core.event_handler.log_command:Invoked command in '/home/ed/ros2_ws/src/smartcart_controller' returned '0': PYTHONPATH=/home/ed/ros2_ws/src/build/smartcart_controller/prefix_override:/home/ed/ros2_ws/src/install/smartcart_controller/lib/python3.10/site-packages:${PYTHONPATH} /usr/bin/python3 setup.py egg_info --egg-base ../build/smartcart_controller build --build-base /home/ed/ros2_ws/src/build/smartcart_controller/build install --record /home/ed/ros2_ws/src/build/smartcart_controller/install.log --single-version-externally-managed
[26.277s] Level 1:colcon.colcon_core.environment:checking '/home/ed/ros2_ws/src/install/smartcart_controller' for CMake module files
[26.281s] Level 1:colcon.colcon_core.environment:checking '/home/ed/ros2_ws/src/install/smartcart_controller' for CMake config files
[26.289s] Level 1:colcon.colcon_core.environment:checking '/home/ed/ros2_ws/src/install/smartcart_controller/lib'
[26.291s] Level 1:colcon.colcon_core.environment:checking '/home/ed/ros2_ws/src/install/smartcart_controller/bin'
[26.291s] Level 1:colcon.colcon_core.environment:checking '/home/ed/ros2_ws/src/install/smartcart_controller/lib/pkgconfig/smartcart_controller.pc'
[26.293s] Level 1:colcon.colcon_core.environment:checking '/home/ed/ros2_ws/src/install/smartcart_controller/lib/python3.10/site-packages'
[26.296s] Level 1:colcon.colcon_core.shell:create_environment_hook('smartcart_controller', 'pythonpath')
[26.555s] INFO:colcon.colcon_core.shell:Creating environment hook '/home/ed/ros2_ws/src/install/smartcart_controller/share/smartcart_controller/hook/pythonpath.ps1'
[26.561s] INFO:colcon.colcon_core.shell:Creating environment descriptor '/home/ed/ros2_ws/src/install/smartcart_controller/share/smartcart_controller/hook/pythonpath.dsv'
[26.567s] INFO:colcon.colcon_core.shell:Creating environment hook '/home/ed/ros2_ws/src/install/smartcart_controller/share/smartcart_controller/hook/pythonpath.sh'
[26.573s] Level 1:colcon.colcon_core.environment:checking '/home/ed/ros2_ws/src/install/smartcart_controller/bin'
[26.574s] Level 1:colcon.colcon_core.environment:create_environment_scripts_only(smartcart_controller)
[26.809s] INFO:colcon.colcon_core.shell:Creating package script '/home/ed/ros2_ws/src/install/smartcart_controller/share/smartcart_controller/package.ps1'
[26.816s] INFO:colcon.colcon_core.shell:Creating package descriptor '/home/ed/ros2_ws/src/install/smartcart_controller/share/smartcart_controller/package.dsv'
[26.822s] INFO:colcon.colcon_core.shell:Creating package script '/home/ed/ros2_ws/src/install/smartcart_controller/share/smartcart_controller/package.sh'
[26.829s] INFO:colcon.colcon_core.shell:Creating package script '/home/ed/ros2_ws/src/install/smartcart_controller/share/smartcart_controller/package.bash'
[26.835s] INFO:colcon.colcon_core.shell:Creating package script '/home/ed/ros2_ws/src/install/smartcart_controller/share/smartcart_controller/package.zsh'
[26.847s] Level 1:colcon.colcon_core.environment:create_file_with_runtime_dependencies(/home/ed/ros2_ws/src/install/smartcart_controller/share/colcon-core/packages/smartcart_controller)
[26.881s] DEBUG:colcon.colcon_core.event_handler.log_command:Invoked command in '/home/ed/ros2_ws/src/opencv_tools' returned '0': PYTHONPATH=/home/ed/ros2_ws/src/build/opencv_tools/prefix_override:/home/ed/ros2_ws/src/install/opencv_tools/lib/python3.10/site-packages:${PYTHONPATH} /usr/bin/python3 setup.py egg_info --egg-base ../build/opencv_tools build --build-base /home/ed/ros2_ws/src/build/opencv_tools/build install --record /home/ed/ros2_ws/src/build/opencv_tools/install.log --single-version-externally-managed
[27.157s] Level 1:colcon.colcon_core.environment:checking '/home/ed/ros2_ws/src/install/opencv_tools' for CMake module files
[27.161s] Level 1:colcon.colcon_core.environment:checking '/home/ed/ros2_ws/src/install/opencv_tools' for CMake config files
[27.167s] Level 1:colcon.colcon_core.environment:checking '/home/ed/ros2_ws/src/install/opencv_tools/lib'
[27.168s] Level 1:colcon.colcon_core.environment:checking '/home/ed/ros2_ws/src/install/opencv_tools/bin'
[27.169s] Level 1:colcon.colcon_core.environment:checking '/home/ed/ros2_ws/src/install/opencv_tools/lib/pkgconfig/opencv_tools.pc'
[27.171s] Level 1:colcon.colcon_core.environment:checking '/home/ed/ros2_ws/src/install/opencv_tools/lib/python3.10/site-packages'
[27.171s] Level 1:colcon.colcon_core.shell:create_environment_hook('opencv_tools', 'pythonpath')
[27.612s] INFO:colcon.colcon_core.shell:Creating environment hook '/home/ed/ros2_ws/src/install/opencv_tools/share/opencv_tools/hook/pythonpath.ps1'
[27.618s] INFO:colcon.colcon_core.shell:Creating environment descriptor '/home/ed/ros2_ws/src/install/opencv_tools/share/opencv_tools/hook/pythonpath.dsv'
[27.621s] INFO:colcon.colcon_core.shell:Creating environment hook '/home/ed/ros2_ws/src/install/opencv_tools/share/opencv_tools/hook/pythonpath.sh'
[27.630s] Level 1:colcon.colcon_core.environment:checking '/home/ed/ros2_ws/src/install/opencv_tools/bin'
[27.631s] Level 1:colcon.colcon_core.environment:create_environment_scripts_only(opencv_tools)
[27.868s] INFO:colcon.colcon_core.shell:Creating package script '/home/ed/ros2_ws/src/install/opencv_tools/share/opencv_tools/package.ps1'
[27.874s] INFO:colcon.colcon_core.shell:Creating package descriptor '/home/ed/ros2_ws/src/install/opencv_tools/share/opencv_tools/package.dsv'
[27.879s] INFO:colcon.colcon_core.shell:Creating package script '/home/ed/ros2_ws/src/install/opencv_tools/share/opencv_tools/package.sh'
[27.884s] INFO:colcon.colcon_core.shell:Creating package script '/home/ed/ros2_ws/src/install/opencv_tools/share/opencv_tools/package.bash'
[27.889s] INFO:colcon.colcon_core.shell:Creating package script '/home/ed/ros2_ws/src/install/opencv_tools/share/opencv_tools/package.zsh'
[27.898s] Level 1:colcon.colcon_core.environment:create_file_with_runtime_dependencies(/home/ed/ros2_ws/src/install/opencv_tools/share/colcon-core/packages/opencv_tools)
[58.379s] DEBUG:colcon.colcon_core.event_handler.log_command:Invoked command in '/home/ed/ros2_ws/src/build/v4l2_camera' returned '2': CMAKE_PREFIX_PATH=${CMAKE_PREFIX_PATH}:/home/ed/ros2_workspace/install/my_py_pkg:/home/ed/ros2_ws/install/smartcart_controller:/home/ed/ros2_ws/install/opencv_tools:/home/ed/ros2_ws/src/install/smartcart_controller:/opt/ros/humble /usr/bin/cmake --build /home/ed/ros2_ws/src/build/v4l2_camera -- -j4 -l4
[58.807s] Level 1:colcon.colcon_core.environment:create_environment_scripts_only(v4l2_camera)
[58.922s] Level 1:colcon.colcon_core.environment:checking '/home/ed/ros2_ws/src/install/v4l2_camera' for CMake module files
[58.924s] Level 1:colcon.colcon_core.environment:checking '/home/ed/ros2_ws/src/install/v4l2_camera' for CMake config files
[58.926s] Level 1:colcon.colcon_core.environment:checking '/home/ed/ros2_ws/src/install/v4l2_camera/bin'
[58.926s] Level 1:colcon.colcon_core.environment:checking '/home/ed/ros2_ws/src/install/v4l2_camera/lib/pkgconfig/v4l2_camera.pc'
[58.927s] Level 1:colcon.colcon_core.environment:checking '/home/ed/ros2_ws/src/install/v4l2_camera/lib/python3.10/site-packages'
[58.928s] Level 1:colcon.colcon_core.environment:checking '/home/ed/ros2_ws/src/install/v4l2_camera/bin'
[59.037s] INFO:colcon.colcon_core.shell:Creating package script '/home/ed/ros2_ws/src/install/v4l2_camera/share/v4l2_camera/package.ps1'
[59.040s] INFO:colcon.colcon_core.shell:Creating package descriptor '/home/ed/ros2_ws/src/install/v4l2_camera/share/v4l2_camera/package.dsv'
[59.043s] INFO:colcon.colcon_core.shell:Creating package script '/home/ed/ros2_ws/src/install/v4l2_camera/share/v4l2_camera/package.sh'
[59.045s] INFO:colcon.colcon_core.shell:Creating package script '/home/ed/ros2_ws/src/install/v4l2_camera/share/v4l2_camera/package.bash'
[59.047s] INFO:colcon.colcon_core.shell:Creating package script '/home/ed/ros2_ws/src/install/v4l2_camera/share/v4l2_camera/package.zsh'
[59.049s] Level 1:colcon.colcon_core.environment:create_file_with_runtime_dependencies(/home/ed/ros2_ws/src/install/v4l2_camera/share/colcon-core/packages/v4l2_camera)
[59.062s] DEBUG:colcon.colcon_parallel_executor.executor.parallel:closing loop
[59.064s] DEBUG:colcon.colcon_parallel_executor.executor.parallel:loop closed
[59.065s] DEBUG:colcon.colcon_parallel_executor.executor.parallel:run_until_complete finished with '2'
[59.066s] DEBUG:colcon.colcon_core.event_reactor:joining thread
[59.389s] INFO:colcon.colcon_core.plugin_system:Skipping extension 'colcon_notification.desktop_notification.terminal_notifier': Not used on non-Darwin systems
[59.390s] INFO:colcon.colcon_core.plugin_system:Skipping extension 'colcon_notification.desktop_notification.win32': Not used on non-Windows systems
[59.390s] INFO:colcon.colcon_notification.desktop_notification:Sending desktop notification using 'notify2'
[59.473s] DEBUG:colcon.colcon_core.event_reactor:joined thread
[59.599s] INFO:colcon.colcon_core.shell:Creating prefix script '/home/ed/ros2_ws/src/install/local_setup.ps1'
[59.627s] INFO:colcon.colcon_core.shell:Creating prefix util module '/home/ed/ros2_ws/src/install/_local_setup_util_ps1.py'
[59.646s] INFO:colcon.colcon_core.shell:Creating prefix chain script '/home/ed/ros2_ws/src/install/setup.ps1'
[59.740s] INFO:colcon.colcon_core.shell:Creating prefix script '/home/ed/ros2_ws/src/install/local_setup.sh'
[59.744s] INFO:colcon.colcon_core.shell:Creating prefix util module '/home/ed/ros2_ws/src/install/_local_setup_util_sh.py'
[59.747s] INFO:colcon.colcon_core.shell:Creating prefix chain script '/home/ed/ros2_ws/src/install/setup.sh'
[59.869s] INFO:colcon.colcon_core.shell:Creating prefix script '/home/ed/ros2_ws/src/install/local_setup.bash'
[59.873s] INFO:colcon.colcon_core.shell:Creating prefix chain script '/home/ed/ros2_ws/src/install/setup.bash'
[59.961s] INFO:colcon.colcon_core.shell:Creating prefix script '/home/ed/ros2_ws/src/install/local_setup.zsh'
[59.965s] INFO:colcon.colcon_core.shell:Creating prefix chain script '/home/ed/ros2_ws/src/install/setup.zsh'
