running egg_info
writing ../../build/smartcart_controller/smartcart_controller.egg-info/PKG-INFO
writing dependency_links to ../../build/smartcart_controller/smartcart_controller.egg-info/dependency_links.txt
writing entry points to ../../build/smartcart_controller/smartcart_controller.egg-info/entry_points.txt
writing requirements to ../../build/smartcart_controller/smartcart_controller.egg-info/requires.txt
writing top-level names to ../../build/smartcart_controller/smartcart_controller.egg-info/top_level.txt
reading manifest file '../../build/smartcart_controller/smartcart_controller.egg-info/SOURCES.txt'
writing manifest file '../../build/smartcart_controller/smartcart_controller.egg-info/SOURCES.txt'
running build
running build_py
copying smartcart_controller/my_first_node.py -> /home/ed/ros2_ws/build/smartcart_controller/build/lib/smartcart_controller
running install
running install_lib
copying /home/ed/ros2_ws/build/smartcart_controller/build/lib/smartcart_controller/my_first_node.py -> /home/ed/ros2_ws/install/smartcart_controller/lib/python3.10/site-packages/smartcart_controller
byte-compiling /home/ed/ros2_ws/install/smartcart_controller/lib/python3.10/site-packages/smartcart_controller/my_first_node.py to my_first_node.cpython-310.pyc
running install_data
running install_egg_info
removing '/home/ed/ros2_ws/install/smartcart_controller/lib/python3.10/site-packages/smartcart_controller-0.0.0-py3.10.egg-info' (and everything under it)
Copying ../../build/smartcart_controller/smartcart_controller.egg-info to /home/ed/ros2_ws/install/smartcart_controller/lib/python3.10/site-packages/smartcart_controller-0.0.0-py3.10.egg-info
running install_scripts
Installing test_node script to /home/ed/ros2_ws/install/smartcart_controller/lib/smartcart_controller
writing list of installed files to '/home/ed/ros2_ws/build/smartcart_controller/install.log'
