[6.743s] Invoking command in '/home/ed/ros2_ws/src/smartcart_controller': PYTHONPATH=/home/ed/ros2_ws/build/smartcart_controller/prefix_override:/home/ed/ros2_ws/install/smartcart_controller/lib/python3.10/site-packages:${PYTHONPATH} /usr/bin/python3 setup.py egg_info --egg-base ../../build/smartcart_controller build --build-base /home/ed/ros2_ws/build/smartcart_controller/build install --record /home/ed/ros2_ws/build/smartcart_controller/install.log --single-version-externally-managed
[8.275s] running egg_info
[8.278s] writing ../../build/smartcart_controller/smartcart_controller.egg-info/PKG-INFO
[8.279s] writing dependency_links to ../../build/smartcart_controller/smartcart_controller.egg-info/dependency_links.txt
[8.280s] writing entry points to ../../build/smartcart_controller/smartcart_controller.egg-info/entry_points.txt
[8.282s] writing requirements to ../../build/smartcart_controller/smartcart_controller.egg-info/requires.txt
[8.283s] writing top-level names to ../../build/smartcart_controller/smartcart_controller.egg-info/top_level.txt
[8.293s] reading manifest file '../../build/smartcart_controller/smartcart_controller.egg-info/SOURCES.txt'
[8.299s] writing manifest file '../../build/smartcart_controller/smartcart_controller.egg-info/SOURCES.txt'
[8.300s] running build
[8.300s] running build_py
[8.302s] running install
[8.303s] running install_lib
[8.310s] running install_data
[8.313s] running install_egg_info
[8.324s] removing '/home/ed/ros2_ws/install/smartcart_controller/lib/python3.10/site-packages/smartcart_controller-0.0.0-py3.10.egg-info' (and everything under it)
[8.325s] Copying ../../build/smartcart_controller/smartcart_controller.egg-info to /home/ed/ros2_ws/install/smartcart_controller/lib/python3.10/site-packages/smartcart_controller-0.0.0-py3.10.egg-info
[8.336s] running install_scripts
[8.440s] Installing test_node script to /home/ed/ros2_ws/install/smartcart_controller/lib/smartcart_controller
[8.442s] writing list of installed files to '/home/ed/ros2_ws/build/smartcart_controller/install.log'
[8.660s] Invoked command in '/home/ed/ros2_ws/src/smartcart_controller' returned '0': PYTHONPATH=/home/ed/ros2_ws/build/smartcart_controller/prefix_override:/home/ed/ros2_ws/install/smartcart_controller/lib/python3.10/site-packages:${PYTHONPATH} /usr/bin/python3 setup.py egg_info --egg-base ../../build/smartcart_controller build --build-base /home/ed/ros2_ws/build/smartcart_controller/build install --record /home/ed/ros2_ws/build/smartcart_controller/install.log --single-version-externally-managed
