[7.528s] Invoking command in '/home/ed/ros2_ws/src/opencv_tools': PYTHONPATH=/home/ed/ros2_ws/src/build/opencv_tools/prefix_override:/home/ed/ros2_ws/src/install/opencv_tools/lib/python3.10/site-packages:${PYTHONPATH} /usr/bin/python3 setup.py egg_info --egg-base ../build/opencv_tools build --build-base /home/ed/ros2_ws/src/build/opencv_tools/build install --record /home/ed/ros2_ws/src/build/opencv_tools/install.log --single-version-externally-managed
[9.077s] running egg_info
[9.080s] writing ../build/opencv_tools/opencv_tools.egg-info/PKG-INFO
[9.081s] writing dependency_links to ../build/opencv_tools/opencv_tools.egg-info/dependency_links.txt
[9.082s] writing entry points to ../build/opencv_tools/opencv_tools.egg-info/entry_points.txt
[9.083s] writing requirements to ../build/opencv_tools/opencv_tools.egg-info/requires.txt
[9.084s] writing top-level names to ../build/opencv_tools/opencv_tools.egg-info/top_level.txt
[9.094s] reading manifest file '../build/opencv_tools/opencv_tools.egg-info/SOURCES.txt'
[9.099s] writing manifest file '../build/opencv_tools/opencv_tools.egg-info/SOURCES.txt'
[9.100s] running build
[9.101s] running build_py
[9.104s] copying opencv_tools/tensor_image_publisher.py -> /home/ed/ros2_ws/src/build/opencv_tools/build/lib/opencv_tools
[9.106s] running install
[9.108s] running install_lib
[9.113s] copying /home/ed/ros2_ws/src/build/opencv_tools/build/lib/opencv_tools/tensor_image_publisher.py -> /home/ed/ros2_ws/src/install/opencv_tools/lib/python3.10/site-packages/opencv_tools
[9.120s] byte-compiling /home/ed/ros2_ws/src/install/opencv_tools/lib/python3.10/site-packages/opencv_tools/tensor_image_publisher.py to tensor_image_publisher.cpython-310.pyc
[9.129s] running install_data
[9.132s] running install_egg_info
[9.141s] removing '/home/ed/ros2_ws/src/install/opencv_tools/lib/python3.10/site-packages/opencv_tools-0.0.0-py3.10.egg-info' (and everything under it)
[9.144s] Copying ../build/opencv_tools/opencv_tools.egg-info to /home/ed/ros2_ws/src/install/opencv_tools/lib/python3.10/site-packages/opencv_tools-0.0.0-py3.10.egg-info
[9.152s] running install_scripts
[9.252s] Installing img_publisher script to /home/ed/ros2_ws/src/install/opencv_tools/lib/opencv_tools
[9.254s] Installing img_subscriber script to /home/ed/ros2_ws/src/install/opencv_tools/lib/opencv_tools
[9.255s] Installing tensor_img_publisher script to /home/ed/ros2_ws/src/install/opencv_tools/lib/opencv_tools
[9.258s] writing list of installed files to '/home/ed/ros2_ws/src/build/opencv_tools/install.log'
[9.490s] Invoked command in '/home/ed/ros2_ws/src/opencv_tools' returned '0': PYTHONPATH=/home/ed/ros2_ws/src/build/opencv_tools/prefix_override:/home/ed/ros2_ws/src/install/opencv_tools/lib/python3.10/site-packages:${PYTHONPATH} /usr/bin/python3 setup.py egg_info --egg-base ../build/opencv_tools build --build-base /home/ed/ros2_ws/src/build/opencv_tools/build install --record /home/ed/ros2_ws/src/build/opencv_tools/install.log --single-version-externally-managed
