[7.333s] Invoking command in '/home/ed/ros2_ws/src/opencv_tools': PYTHONPATH=/home/ed/ros2_ws/src/build/opencv_tools/prefix_override:/home/ed/ros2_ws/src/install/opencv_tools/lib/python3.10/site-packages:${PYTHONPATH} /usr/bin/python3 setup.py egg_info --egg-base ../build/opencv_tools build --build-base /home/ed/ros2_ws/src/build/opencv_tools/build install --record /home/ed/ros2_ws/src/build/opencv_tools/install.log --single-version-externally-managed
[8.845s] running egg_info
[8.847s] writing ../build/opencv_tools/opencv_tools.egg-info/PKG-INFO
[8.849s] writing dependency_links to ../build/opencv_tools/opencv_tools.egg-info/dependency_links.txt
[8.850s] writing entry points to ../build/opencv_tools/opencv_tools.egg-info/entry_points.txt
[8.851s] writing requirements to ../build/opencv_tools/opencv_tools.egg-info/requires.txt
[8.851s] writing top-level names to ../build/opencv_tools/opencv_tools.egg-info/top_level.txt
[8.862s] reading manifest file '../build/opencv_tools/opencv_tools.egg-info/SOURCES.txt'
[8.867s] writing manifest file '../build/opencv_tools/opencv_tools.egg-info/SOURCES.txt'
[8.868s] running build
[8.869s] running build_py
[8.872s] copying opencv_tools/tensor_image_publisher.py -> /home/ed/ros2_ws/src/build/opencv_tools/build/lib/opencv_tools
[8.874s] running install
[8.875s] running install_lib
[8.885s] copying /home/ed/ros2_ws/src/build/opencv_tools/build/lib/opencv_tools/tensor_image_publisher.py -> /home/ed/ros2_ws/src/install/opencv_tools/lib/python3.10/site-packages/opencv_tools
[8.890s] byte-compiling /home/ed/ros2_ws/src/install/opencv_tools/lib/python3.10/site-packages/opencv_tools/tensor_image_publisher.py to tensor_image_publisher.cpython-310.pyc
[8.900s] running install_data
[8.900s] running install_egg_info
[8.918s] removing '/home/ed/ros2_ws/src/install/opencv_tools/lib/python3.10/site-packages/opencv_tools-0.0.0-py3.10.egg-info' (and everything under it)
[8.918s] Copying ../build/opencv_tools/opencv_tools.egg-info to /home/ed/ros2_ws/src/install/opencv_tools/lib/python3.10/site-packages/opencv_tools-0.0.0-py3.10.egg-info
[8.919s] running install_scripts
[9.021s] Installing img_publisher script to /home/ed/ros2_ws/src/install/opencv_tools/lib/opencv_tools
[9.023s] Installing img_subscriber script to /home/ed/ros2_ws/src/install/opencv_tools/lib/opencv_tools
[9.027s] Installing tensor_img_publisher script to /home/ed/ros2_ws/src/install/opencv_tools/lib/opencv_tools
[9.030s] writing list of installed files to '/home/ed/ros2_ws/src/build/opencv_tools/install.log'
[9.285s] Invoked command in '/home/ed/ros2_ws/src/opencv_tools' returned '0': PYTHONPATH=/home/ed/ros2_ws/src/build/opencv_tools/prefix_override:/home/ed/ros2_ws/src/install/opencv_tools/lib/python3.10/site-packages:${PYTHONPATH} /usr/bin/python3 setup.py egg_info --egg-base ../build/opencv_tools build --build-base /home/ed/ros2_ws/src/build/opencv_tools/build install --record /home/ed/ros2_ws/src/build/opencv_tools/install.log --single-version-externally-managed
