[4.021s] Invoking command in '/home/ed/ros2_ws/src/smartcart_controller': PYTHONPATH=/home/ed/ros2_ws/build/smartcart_controller/prefix_override:/home/ed/ros2_ws/install/smartcart_controller/lib/python3.10/site-packages:${PYTHONPATH} /usr/bin/python3 setup.py egg_info --egg-base ../../build/smartcart_controller build --build-base /home/ed/ros2_ws/build/smartcart_controller/build install --record /home/ed/ros2_ws/build/smartcart_controller/install.log --single-version-externally-managed
[5.353s] running egg_info
[5.356s] writing ../../build/smartcart_controller/smartcart_controller.egg-info/PKG-INFO
[5.357s] writing dependency_links to ../../build/smartcart_controller/smartcart_controller.egg-info/dependency_links.txt
[5.358s] writing entry points to ../../build/smartcart_controller/smartcart_controller.egg-info/entry_points.txt
[5.359s] writing requirements to ../../build/smartcart_controller/smartcart_controller.egg-info/requires.txt
[5.359s] writing top-level names to ../../build/smartcart_controller/smartcart_controller.egg-info/top_level.txt
[5.369s] reading manifest file '../../build/smartcart_controller/smartcart_controller.egg-info/SOURCES.txt'
[5.375s] writing manifest file '../../build/smartcart_controller/smartcart_controller.egg-info/SOURCES.txt'
[5.375s] running build
[5.376s] running build_py
[5.377s] running install
[5.378s] running install_lib
[5.384s] running install_data
[5.387s] running install_egg_info
[5.394s] removing '/home/ed/ros2_ws/install/smartcart_controller/lib/python3.10/site-packages/smartcart_controller-0.0.0-py3.10.egg-info' (and everything under it)
[5.396s] Copying ../../build/smartcart_controller/smartcart_controller.egg-info to /home/ed/ros2_ws/install/smartcart_controller/lib/python3.10/site-packages/smartcart_controller-0.0.0-py3.10.egg-info
[5.403s] running install_scripts
[5.492s] writing list of installed files to '/home/ed/ros2_ws/build/smartcart_controller/install.log'
[5.630s] Invoked command in '/home/ed/ros2_ws/src/smartcart_controller' returned '0': PYTHONPATH=/home/ed/ros2_ws/build/smartcart_controller/prefix_override:/home/ed/ros2_ws/install/smartcart_controller/lib/python3.10/site-packages:${PYTHONPATH} /usr/bin/python3 setup.py egg_info --egg-base ../../build/smartcart_controller build --build-base /home/ed/ros2_ws/build/smartcart_controller/build install --record /home/ed/ros2_ws/build/smartcart_controller/install.log --single-version-externally-managed
