[6.978s] Invoking command in '/home/ed/ros2_ws/build/opencv_tools': PYTHONPATH=/home/ed/ros2_ws/build/opencv_tools/prefix_override:/home/ed/ros2_ws/install/opencv_tools/lib/python3.10/site-packages:${PYTHONPATH} /usr/bin/python3 setup.py develop --uninstall --editable --build-directory /home/ed/ros2_ws/build/opencv_tools/build
[8.578s] running develop
[9.657s] Removing /home/ed/ros2_ws/install/opencv_tools/lib/python3.10/site-packages/opencv-tools.egg-link (link to .)
[9.966s] Invoked command in '/home/ed/ros2_ws/build/opencv_tools' returned '0': PYTHONPATH=/home/ed/ros2_ws/build/opencv_tools/prefix_override:/home/ed/ros2_ws/install/opencv_tools/lib/python3.10/site-packages:${PYTHONPATH} /usr/bin/python3 setup.py develop --uninstall --editable --build-directory /home/ed/ros2_ws/build/opencv_tools/build
[9.979s] Invoking command in '/home/ed/ros2_ws/src/opencv_tools': PYTHONPATH=/home/ed/ros2_ws/build/opencv_tools/prefix_override:/home/ed/ros2_ws/install/opencv_tools/lib/python3.10/site-packages:${PYTHONPATH} /usr/bin/python3 setup.py egg_info --egg-base ../../build/opencv_tools build --build-base /home/ed/ros2_ws/build/opencv_tools/build install --record /home/ed/ros2_ws/build/opencv_tools/install.log --single-version-externally-managed
[11.475s] running egg_info
[11.484s] writing ../../build/opencv_tools/opencv_tools.egg-info/PKG-INFO
[11.486s] writing dependency_links to ../../build/opencv_tools/opencv_tools.egg-info/dependency_links.txt
[11.488s] writing entry points to ../../build/opencv_tools/opencv_tools.egg-info/entry_points.txt
[11.490s] writing requirements to ../../build/opencv_tools/opencv_tools.egg-info/requires.txt
[11.493s] writing top-level names to ../../build/opencv_tools/opencv_tools.egg-info/top_level.txt
[11.499s] reading manifest file '../../build/opencv_tools/opencv_tools.egg-info/SOURCES.txt'
[11.504s] writing manifest file '../../build/opencv_tools/opencv_tools.egg-info/SOURCES.txt'
[11.504s] running build
[11.505s] running build_py
[11.510s] running install
[11.511s] running install_lib
[11.514s] creating /home/ed/ros2_ws/install/opencv_tools/lib/python3.10/site-packages/opencv_tools
[11.515s] copying /home/ed/ros2_ws/build/opencv_tools/build/lib/opencv_tools/framerate.py -> /home/ed/ros2_ws/install/opencv_tools/lib/python3.10/site-packages/opencv_tools
[11.518s] copying /home/ed/ros2_ws/build/opencv_tools/build/lib/opencv_tools/webcam.py -> /home/ed/ros2_ws/install/opencv_tools/lib/python3.10/site-packages/opencv_tools
[11.519s] copying /home/ed/ros2_ws/build/opencv_tools/build/lib/opencv_tools/interpreter.py -> /home/ed/ros2_ws/install/opencv_tools/lib/python3.10/site-packages/opencv_tools
[11.521s] copying /home/ed/ros2_ws/build/opencv_tools/build/lib/opencv_tools/tracker.py -> /home/ed/ros2_ws/install/opencv_tools/lib/python3.10/site-packages/opencv_tools
[11.523s] copying /home/ed/ros2_ws/build/opencv_tools/build/lib/opencv_tools/basic_image_subscriber.py -> /home/ed/ros2_ws/install/opencv_tools/lib/python3.10/site-packages/opencv_tools
[11.525s] copying /home/ed/ros2_ws/build/opencv_tools/build/lib/opencv_tools/videostream.py -> /home/ed/ros2_ws/install/opencv_tools/lib/python3.10/site-packages/opencv_tools
[11.528s] copying /home/ed/ros2_ws/build/opencv_tools/build/lib/opencv_tools/__init__.py -> /home/ed/ros2_ws/install/opencv_tools/lib/python3.10/site-packages/opencv_tools
[11.529s] copying /home/ed/ros2_ws/build/opencv_tools/build/lib/opencv_tools/motor_controller.py -> /home/ed/ros2_ws/install/opencv_tools/lib/python3.10/site-packages/opencv_tools
[11.542s] copying /home/ed/ros2_ws/build/opencv_tools/build/lib/opencv_tools/img_publisher_test.py -> /home/ed/ros2_ws/install/opencv_tools/lib/python3.10/site-packages/opencv_tools
[11.544s] copying /home/ed/ros2_ws/build/opencv_tools/build/lib/opencv_tools/utilities.py -> /home/ed/ros2_ws/install/opencv_tools/lib/python3.10/site-packages/opencv_tools
[11.545s] copying /home/ed/ros2_ws/build/opencv_tools/build/lib/opencv_tools/basic_image_publisher.py -> /home/ed/ros2_ws/install/opencv_tools/lib/python3.10/site-packages/opencv_tools
[11.546s] copying /home/ed/ros2_ws/build/opencv_tools/build/lib/opencv_tools/tensor_image_publisher.py -> /home/ed/ros2_ws/install/opencv_tools/lib/python3.10/site-packages/opencv_tools
[11.559s] byte-compiling /home/ed/ros2_ws/install/opencv_tools/lib/python3.10/site-packages/opencv_tools/framerate.py to framerate.cpython-310.pyc
[11.561s] byte-compiling /home/ed/ros2_ws/install/opencv_tools/lib/python3.10/site-packages/opencv_tools/webcam.py to webcam.cpython-310.pyc
[11.564s] byte-compiling /home/ed/ros2_ws/install/opencv_tools/lib/python3.10/site-packages/opencv_tools/interpreter.py to interpreter.cpython-310.pyc
[11.565s] byte-compiling /home/ed/ros2_ws/install/opencv_tools/lib/python3.10/site-packages/opencv_tools/tracker.py to tracker.cpython-310.pyc
[11.566s] byte-compiling /home/ed/ros2_ws/install/opencv_tools/lib/python3.10/site-packages/opencv_tools/basic_image_subscriber.py to basic_image_subscriber.cpython-310.pyc
[11.570s] byte-compiling /home/ed/ros2_ws/install/opencv_tools/lib/python3.10/site-packages/opencv_tools/videostream.py to videostream.cpython-310.pyc
[11.571s] byte-compiling /home/ed/ros2_ws/install/opencv_tools/lib/python3.10/site-packages/opencv_tools/__init__.py to __init__.cpython-310.pyc
[11.572s] byte-compiling /home/ed/ros2_ws/install/opencv_tools/lib/python3.10/site-packages/opencv_tools/motor_controller.py to motor_controller.cpython-310.pyc
[11.574s] byte-compiling /home/ed/ros2_ws/install/opencv_tools/lib/python3.10/site-packages/opencv_tools/img_publisher_test.py to img_publisher_test.cpython-310.pyc
[11.575s] byte-compiling /home/ed/ros2_ws/install/opencv_tools/lib/python3.10/site-packages/opencv_tools/utilities.py to utilities.cpython-310.pyc
[11.578s] byte-compiling /home/ed/ros2_ws/install/opencv_tools/lib/python3.10/site-packages/opencv_tools/basic_image_publisher.py to basic_image_publisher.cpython-310.pyc
[11.581s] byte-compiling /home/ed/ros2_ws/install/opencv_tools/lib/python3.10/site-packages/opencv_tools/tensor_image_publisher.py to tensor_image_publisher.cpython-310.pyc
[11.587s] running install_data
[11.590s] running install_egg_info
[11.599s] Copying ../../build/opencv_tools/opencv_tools.egg-info to /home/ed/ros2_ws/install/opencv_tools/lib/python3.10/site-packages/opencv_tools-0.0.0-py3.10.egg-info
[11.607s] running install_scripts
[11.714s] Installing img_publisher script to /home/ed/ros2_ws/install/opencv_tools/lib/opencv_tools
[11.716s] Installing img_subscriber script to /home/ed/ros2_ws/install/opencv_tools/lib/opencv_tools
[11.717s] Installing tensor_img_publisher script to /home/ed/ros2_ws/install/opencv_tools/lib/opencv_tools
[11.721s] writing list of installed files to '/home/ed/ros2_ws/build/opencv_tools/install.log'
[12.303s] Invoked command in '/home/ed/ros2_ws/src/opencv_tools' returned '0': PYTHONPATH=/home/ed/ros2_ws/build/opencv_tools/prefix_override:/home/ed/ros2_ws/install/opencv_tools/lib/python3.10/site-packages:${PYTHONPATH} /usr/bin/python3 setup.py egg_info --egg-base ../../build/opencv_tools build --build-base /home/ed/ros2_ws/build/opencv_tools/build install --record /home/ed/ros2_ws/build/opencv_tools/install.log --single-version-externally-managed
