[5.289s] Invoking command in '/home/ed/ros2_ws/src/opencv_tools': PYTHONPATH=/home/ed/ros2_ws/build/opencv_tools/prefix_override:/home/ed/ros2_ws/install/opencv_tools/lib/python3.10/site-packages:${PYTHONPATH} /usr/bin/python3 setup.py egg_info --egg-base ../../build/opencv_tools build --build-base /home/ed/ros2_ws/build/opencv_tools/build install --record /home/ed/ros2_ws/build/opencv_tools/install.log --single-version-externally-managed
[6.913s] running egg_info
[6.914s] writing ../../build/opencv_tools/opencv_tools.egg-info/PKG-INFO
[6.917s] writing dependency_links to ../../build/opencv_tools/opencv_tools.egg-info/dependency_links.txt
[6.920s] writing entry points to ../../build/opencv_tools/opencv_tools.egg-info/entry_points.txt
[6.922s] writing requirements to ../../build/opencv_tools/opencv_tools.egg-info/requires.txt
[6.924s] writing top-level names to ../../build/opencv_tools/opencv_tools.egg-info/top_level.txt
[6.938s] reading manifest file '../../build/opencv_tools/opencv_tools.egg-info/SOURCES.txt'
[6.945s] writing manifest file '../../build/opencv_tools/opencv_tools.egg-info/SOURCES.txt'
[6.946s] running build
[6.947s] running build_py
[6.952s] copying opencv_tools/tensor_image_publisher.py -> /home/ed/ros2_ws/build/opencv_tools/build/lib/opencv_tools
[6.954s] running install
[6.956s] running install_lib
[6.963s] copying /home/ed/ros2_ws/build/opencv_tools/build/lib/opencv_tools/tensor_image_publisher.py -> /home/ed/ros2_ws/install/opencv_tools/lib/python3.10/site-packages/opencv_tools
[6.969s] byte-compiling /home/ed/ros2_ws/install/opencv_tools/lib/python3.10/site-packages/opencv_tools/tensor_image_publisher.py to tensor_image_publisher.cpython-310.pyc
[6.978s] running install_data
[6.981s] copying package.xml -> /home/ed/ros2_ws/install/opencv_tools/share/opencv_tools
[6.982s] running install_egg_info
[6.993s] removing '/home/ed/ros2_ws/install/opencv_tools/lib/python3.10/site-packages/opencv_tools-0.0.0-py3.10.egg-info' (and everything under it)
[6.999s] Copying ../../build/opencv_tools/opencv_tools.egg-info to /home/ed/ros2_ws/install/opencv_tools/lib/python3.10/site-packages/opencv_tools-0.0.0-py3.10.egg-info
[7.026s] running install_scripts
[7.147s] Installing img_publisher script to /home/ed/ros2_ws/install/opencv_tools/lib/opencv_tools
[7.148s] Installing img_subscriber script to /home/ed/ros2_ws/install/opencv_tools/lib/opencv_tools
[7.151s] Installing tensor_img_publisher script to /home/ed/ros2_ws/install/opencv_tools/lib/opencv_tools
[7.157s] writing list of installed files to '/home/ed/ros2_ws/build/opencv_tools/install.log'
[7.326s] Invoked command in '/home/ed/ros2_ws/src/opencv_tools' returned '0': PYTHONPATH=/home/ed/ros2_ws/build/opencv_tools/prefix_override:/home/ed/ros2_ws/install/opencv_tools/lib/python3.10/site-packages:${PYTHONPATH} /usr/bin/python3 setup.py egg_info --egg-base ../../build/opencv_tools build --build-base /home/ed/ros2_ws/build/opencv_tools/build install --record /home/ed/ros2_ws/build/opencv_tools/install.log --single-version-externally-managed
