[8.651s] Invoking command in '/home/ed/ros2_ws/src/opencv_tools': PYTHONPATH=/home/ed/ros2_ws/build/opencv_tools/prefix_override:/home/ed/ros2_ws/install/opencv_tools/lib/python3.10/site-packages:${PYTHONPATH} /usr/bin/python3 setup.py egg_info --egg-base ../../build/opencv_tools build --build-base /home/ed/ros2_ws/build/opencv_tools/build install --record /home/ed/ros2_ws/build/opencv_tools/install.log --single-version-externally-managed
[10.937s] running egg_info
[10.940s] writing ../../build/opencv_tools/opencv_tools.egg-info/PKG-INFO
[10.944s] writing dependency_links to ../../build/opencv_tools/opencv_tools.egg-info/dependency_links.txt
[10.968s] writing entry points to ../../build/opencv_tools/opencv_tools.egg-info/entry_points.txt
[10.969s] writing requirements to ../../build/opencv_tools/opencv_tools.egg-info/requires.txt
[10.973s] writing top-level names to ../../build/opencv_tools/opencv_tools.egg-info/top_level.txt
[10.977s] reading manifest file '../../build/opencv_tools/opencv_tools.egg-info/SOURCES.txt'
[10.978s] writing manifest file '../../build/opencv_tools/opencv_tools.egg-info/SOURCES.txt'
[10.979s] running build
[10.980s] running build_py
[10.981s] running install
[10.982s] running install_lib
[10.993s] running install_data
[10.997s] running install_egg_info
[11.010s] removing '/home/ed/ros2_ws/install/opencv_tools/lib/python3.10/site-packages/opencv_tools-0.0.0-py3.10.egg-info' (and everything under it)
[11.013s] Copying ../../build/opencv_tools/opencv_tools.egg-info to /home/ed/ros2_ws/install/opencv_tools/lib/python3.10/site-packages/opencv_tools-0.0.0-py3.10.egg-info
[11.027s] running install_scripts
[11.144s] Installing img_publisher script to /home/ed/ros2_ws/install/opencv_tools/lib/opencv_tools
[11.153s] Installing img_subscriber script to /home/ed/ros2_ws/install/opencv_tools/lib/opencv_tools
[11.156s] writing list of installed files to '/home/ed/ros2_ws/build/opencv_tools/install.log'
[11.416s] Invoked command in '/home/ed/ros2_ws/src/opencv_tools' returned '0': PYTHONPATH=/home/ed/ros2_ws/build/opencv_tools/prefix_override:/home/ed/ros2_ws/install/opencv_tools/lib/python3.10/site-packages:${PYTHONPATH} /usr/bin/python3 setup.py egg_info --egg-base ../../build/opencv_tools build --build-base /home/ed/ros2_ws/build/opencv_tools/build install --record /home/ed/ros2_ws/build/opencv_tools/install.log --single-version-externally-managed
