[5.704s] Invoking command in '/home/ed/ros2_ws/src/opencv_tools': PYTHONPATH=/home/ed/ros2_ws/src/build/opencv_tools/prefix_override:/home/ed/ros2_ws/src/install/opencv_tools/lib/python3.10/site-packages:${PYTHONPATH} /usr/bin/python3 setup.py egg_info --egg-base ../build/opencv_tools build --build-base /home/ed/ros2_ws/src/build/opencv_tools/build install --record /home/ed/ros2_ws/src/build/opencv_tools/install.log --single-version-externally-managed
[7.362s] running egg_info
[7.365s] writing ../build/opencv_tools/opencv_tools.egg-info/PKG-INFO
[7.368s] writing dependency_links to ../build/opencv_tools/opencv_tools.egg-info/dependency_links.txt
[7.369s] writing entry points to ../build/opencv_tools/opencv_tools.egg-info/entry_points.txt
[7.370s] writing requirements to ../build/opencv_tools/opencv_tools.egg-info/requires.txt
[7.370s] writing top-level names to ../build/opencv_tools/opencv_tools.egg-info/top_level.txt
[7.381s] reading manifest file '../build/opencv_tools/opencv_tools.egg-info/SOURCES.txt'
[7.388s] writing manifest file '../build/opencv_tools/opencv_tools.egg-info/SOURCES.txt'
[7.389s] running build
[7.390s] running build_py
[7.394s] copying opencv_tools/webcam.py -> /home/ed/ros2_ws/src/build/opencv_tools/build/lib/opencv_tools
[7.408s] copying opencv_tools/tracker.py -> /home/ed/ros2_ws/src/build/opencv_tools/build/lib/opencv_tools
[7.414s] copying opencv_tools/videostream.py -> /home/ed/ros2_ws/src/build/opencv_tools/build/lib/opencv_tools
[7.415s] copying opencv_tools/motor_controller.py -> /home/ed/ros2_ws/src/build/opencv_tools/build/lib/opencv_tools
[7.416s] copying opencv_tools/utilities.py -> /home/ed/ros2_ws/src/build/opencv_tools/build/lib/opencv_tools
[7.417s] copying opencv_tools/tensor_image_publisher.py -> /home/ed/ros2_ws/src/build/opencv_tools/build/lib/opencv_tools
[7.417s] running install
[7.425s] running install_lib
[7.425s] copying /home/ed/ros2_ws/src/build/opencv_tools/build/lib/opencv_tools/webcam.py -> /home/ed/ros2_ws/src/install/opencv_tools/lib/python3.10/site-packages/opencv_tools
[7.426s] copying /home/ed/ros2_ws/src/build/opencv_tools/build/lib/opencv_tools/tracker.py -> /home/ed/ros2_ws/src/install/opencv_tools/lib/python3.10/site-packages/opencv_tools
[7.426s] copying /home/ed/ros2_ws/src/build/opencv_tools/build/lib/opencv_tools/videostream.py -> /home/ed/ros2_ws/src/install/opencv_tools/lib/python3.10/site-packages/opencv_tools
[7.427s] copying /home/ed/ros2_ws/src/build/opencv_tools/build/lib/opencv_tools/motor_controller.py -> /home/ed/ros2_ws/src/install/opencv_tools/lib/python3.10/site-packages/opencv_tools
[7.429s] copying /home/ed/ros2_ws/src/build/opencv_tools/build/lib/opencv_tools/utilities.py -> /home/ed/ros2_ws/src/install/opencv_tools/lib/python3.10/site-packages/opencv_tools
[7.431s] copying /home/ed/ros2_ws/src/build/opencv_tools/build/lib/opencv_tools/tensor_image_publisher.py -> /home/ed/ros2_ws/src/install/opencv_tools/lib/python3.10/site-packages/opencv_tools
[7.434s] byte-compiling /home/ed/ros2_ws/src/install/opencv_tools/lib/python3.10/site-packages/opencv_tools/webcam.py to webcam.cpython-310.pyc
[7.446s] byte-compiling /home/ed/ros2_ws/src/install/opencv_tools/lib/python3.10/site-packages/opencv_tools/tracker.py to tracker.cpython-310.pyc
[7.450s] byte-compiling /home/ed/ros2_ws/src/install/opencv_tools/lib/python3.10/site-packages/opencv_tools/videostream.py to videostream.cpython-310.pyc
[7.454s] byte-compiling /home/ed/ros2_ws/src/install/opencv_tools/lib/python3.10/site-packages/opencv_tools/motor_controller.py to motor_controller.cpython-310.pyc
[7.457s] byte-compiling /home/ed/ros2_ws/src/install/opencv_tools/lib/python3.10/site-packages/opencv_tools/utilities.py to utilities.cpython-310.pyc
[7.461s] byte-compiling /home/ed/ros2_ws/src/install/opencv_tools/lib/python3.10/site-packages/opencv_tools/tensor_image_publisher.py to tensor_image_publisher.cpython-310.pyc
[7.468s] running install_data
[7.473s] copying package.xml -> /home/ed/ros2_ws/src/install/opencv_tools/share/opencv_tools
[7.474s] running install_egg_info
[7.482s] removing '/home/ed/ros2_ws/src/install/opencv_tools/lib/python3.10/site-packages/opencv_tools-0.0.0-py3.10.egg-info' (and everything under it)
[7.485s] Copying ../build/opencv_tools/opencv_tools.egg-info to /home/ed/ros2_ws/src/install/opencv_tools/lib/python3.10/site-packages/opencv_tools-0.0.0-py3.10.egg-info
[7.497s] running install_scripts
[7.676s] Installing img_publisher script to /home/ed/ros2_ws/src/install/opencv_tools/lib/opencv_tools
[7.683s] Installing img_subscriber script to /home/ed/ros2_ws/src/install/opencv_tools/lib/opencv_tools
[7.690s] Installing tensor_img_publisher script to /home/ed/ros2_ws/src/install/opencv_tools/lib/opencv_tools
[7.700s] writing list of installed files to '/home/ed/ros2_ws/src/build/opencv_tools/install.log'
[7.986s] Invoked command in '/home/ed/ros2_ws/src/opencv_tools' returned '0': PYTHONPATH=/home/ed/ros2_ws/src/build/opencv_tools/prefix_override:/home/ed/ros2_ws/src/install/opencv_tools/lib/python3.10/site-packages:${PYTHONPATH} /usr/bin/python3 setup.py egg_info --egg-base ../build/opencv_tools build --build-base /home/ed/ros2_ws/src/build/opencv_tools/build install --record /home/ed/ros2_ws/src/build/opencv_tools/install.log --single-version-externally-managed
