[7.800s] Invoking command in '/home/ed/ros2_ws/src/opencv_tools': PYTHONPATH=/home/ed/ros2_ws/build/opencv_tools/prefix_override:/home/ed/ros2_ws/install/opencv_tools/lib/python3.10/site-packages:${PYTHONPATH} /usr/bin/python3 setup.py egg_info --egg-base ../../build/opencv_tools build --build-base /home/ed/ros2_ws/build/opencv_tools/build install --record /home/ed/ros2_ws/build/opencv_tools/install.log --single-version-externally-managed
[9.670s] running egg_info
[9.672s] creating ../../build/opencv_tools/opencv_tools.egg-info
[9.673s] writing ../../build/opencv_tools/opencv_tools.egg-info/PKG-INFO
[9.676s] writing dependency_links to ../../build/opencv_tools/opencv_tools.egg-info/dependency_links.txt
[9.676s] writing entry points to ../../build/opencv_tools/opencv_tools.egg-info/entry_points.txt
[9.677s] writing requirements to ../../build/opencv_tools/opencv_tools.egg-info/requires.txt
[9.678s] writing top-level names to ../../build/opencv_tools/opencv_tools.egg-info/top_level.txt
[9.682s] writing manifest file '../../build/opencv_tools/opencv_tools.egg-info/SOURCES.txt'
[9.690s] reading manifest file '../../build/opencv_tools/opencv_tools.egg-info/SOURCES.txt'
[9.696s] writing manifest file '../../build/opencv_tools/opencv_tools.egg-info/SOURCES.txt'
[9.701s] running build
[9.702s] running build_py
[9.702s] creating /home/ed/ros2_ws/build/opencv_tools/build
[9.703s] creating /home/ed/ros2_ws/build/opencv_tools/build/lib
[9.704s] creating /home/ed/ros2_ws/build/opencv_tools/build/lib/opencv_tools
[9.704s] copying opencv_tools/__init__.py -> /home/ed/ros2_ws/build/opencv_tools/build/lib/opencv_tools
[9.705s] running install
[9.706s] running install_lib
[9.708s] creating /home/ed/ros2_ws/install/opencv_tools/lib/python3.10/site-packages/opencv_tools
[9.709s] copying /home/ed/ros2_ws/build/opencv_tools/build/lib/opencv_tools/__init__.py -> /home/ed/ros2_ws/install/opencv_tools/lib/python3.10/site-packages/opencv_tools
[9.742s] byte-compiling /home/ed/ros2_ws/install/opencv_tools/lib/python3.10/site-packages/opencv_tools/__init__.py to __init__.cpython-310.pyc
[9.743s] running install_data
[9.744s] creating /home/ed/ros2_ws/install/opencv_tools/share/ament_index
[9.745s] creating /home/ed/ros2_ws/install/opencv_tools/share/ament_index/resource_index
[9.745s] creating /home/ed/ros2_ws/install/opencv_tools/share/ament_index/resource_index/packages
[9.749s] copying resource/opencv_tools -> /home/ed/ros2_ws/install/opencv_tools/share/ament_index/resource_index/packages
[9.750s] copying package.xml -> /home/ed/ros2_ws/install/opencv_tools/share/opencv_tools
[9.756s] running install_egg_info
[9.757s] Copying ../../build/opencv_tools/opencv_tools.egg-info to /home/ed/ros2_ws/install/opencv_tools/lib/python3.10/site-packages/opencv_tools-0.0.0-py3.10.egg-info
[9.758s] running install_scripts
[9.872s] writing list of installed files to '/home/ed/ros2_ws/build/opencv_tools/install.log'
[10.136s] Invoked command in '/home/ed/ros2_ws/src/opencv_tools' returned '0': PYTHONPATH=/home/ed/ros2_ws/build/opencv_tools/prefix_override:/home/ed/ros2_ws/install/opencv_tools/lib/python3.10/site-packages:${PYTHONPATH} /usr/bin/python3 setup.py egg_info --egg-base ../../build/opencv_tools build --build-base /home/ed/ros2_ws/build/opencv_tools/build install --record /home/ed/ros2_ws/build/opencv_tools/install.log --single-version-externally-managed
