[22.761s] DEBUG:colcon:Command line arguments: ['/usr/bin/colcon', 'list', '-p', '--base-paths', '/home/ed/ros2_ws']
[22.764s] DEBUG:colcon:Parsed command line arguments: Namespace(log_base=None, log_level=None, verb_name='list', build_base='build', ignore_user_meta=False, metas=['./colcon.meta'], base_paths=['/home/ed/ros2_ws'], packages_ignore=None, packages_ignore_regex=None, paths=None, packages_up_to=None, packages_up_to_regex=None, packages_above=None, packages_above_and_dependencies=None, packages_above_depth=None, packages_select_by_dep=None, packages_skip_by_dep=None, packages_skip_up_to=None, packages_select_build_failed=False, packages_skip_build_finished=False, packages_select_test_failures=False, packages_skip_test_passed=False, packages_select=None, packages_skip=None, packages_select_regex=None, packages_skip_regex=None, packages_start=None, packages_end=None, allow_overriding=[], topological_order=False, names_only=False, paths_only=True, topological_graph=False, topological_graph_dot=False, topological_graph_density=False, topological_graph_legend=False, topological_graph_dot_cluster=False, topological_graph_dot_include_skipped=False, verb_parser=<colcon_defaults.argument_parser.defaults.DefaultArgumentsDecorator object at 0xffff87ac67a0>, verb_extension=<colcon_package_information.verb.list.ListVerb object at 0xffff87ac5690>, main=<bound method ListVerb.main of <colcon_package_information.verb.list.ListVerb object at 0xffff87ac5690>>)
[24.036s] Level 1:colcon.colcon_core.package_discovery:discover_packages(colcon_meta) check parameters
[24.038s] Level 1:colcon.colcon_core.package_discovery:discover_packages(recursive) check parameters
[24.039s] Level 1:colcon.colcon_core.package_discovery:discover_packages(ignore) check parameters
[24.040s] Level 1:colcon.colcon_core.package_discovery:discover_packages(path) check parameters
[24.040s] Level 1:colcon.colcon_core.package_discovery:discover_packages(recursive) discover
[24.041s] INFO:colcon.colcon_core.package_discovery:Crawling recursively for packages in '/home/ed/ros2_ws'
[24.042s] Level 1:colcon.colcon_core.package_identification:_identify(/home/ed/ros2_ws) by extensions ['ignore', 'ignore_ament_install']
[24.044s] Level 1:colcon.colcon_core.package_identification:_identify(/home/ed/ros2_ws) by extension 'ignore'
[24.046s] Level 1:colcon.colcon_core.package_identification:_identify(/home/ed/ros2_ws) by extension 'ignore_ament_install'
[24.048s] Level 1:colcon.colcon_core.package_identification:_identify(/home/ed/ros2_ws) by extensions ['colcon_pkg']
[24.050s] Level 1:colcon.colcon_core.package_identification:_identify(/home/ed/ros2_ws) by extension 'colcon_pkg'
[24.052s] Level 1:colcon.colcon_core.package_identification:_identify(/home/ed/ros2_ws) by extensions ['colcon_meta']
[24.053s] Level 1:colcon.colcon_core.package_identification:_identify(/home/ed/ros2_ws) by extension 'colcon_meta'
[24.055s] Level 1:colcon.colcon_core.package_identification:_identify(/home/ed/ros2_ws) by extensions ['ros']
[24.056s] Level 1:colcon.colcon_core.package_identification:_identify(/home/ed/ros2_ws) by extension 'ros'
[24.221s] Level 1:colcon.colcon_core.package_identification:_identify(/home/ed/ros2_ws) by extensions ['cmake', 'python']
[24.223s] Level 1:colcon.colcon_core.package_identification:_identify(/home/ed/ros2_ws) by extension 'cmake'
[24.224s] Level 1:colcon.colcon_core.package_identification:_identify(/home/ed/ros2_ws) by extension 'python'
[24.226s] Level 1:colcon.colcon_core.package_identification:_identify(/home/ed/ros2_ws) by extensions ['python_setup_py']
[24.227s] Level 1:colcon.colcon_core.package_identification:_identify(/home/ed/ros2_ws) by extension 'python_setup_py'
[24.230s] Level 1:colcon.colcon_core.package_identification:_identify(/home/ed/ros2_ws/build) by extensions ['ignore', 'ignore_ament_install']
[24.232s] Level 1:colcon.colcon_core.package_identification:_identify(/home/ed/ros2_ws/build) by extension 'ignore'
[24.235s] Level 1:colcon.colcon_core.package_identification:_identify(/home/ed/ros2_ws/build) ignored
[24.239s] Level 1:colcon.colcon_core.package_identification:_identify(/home/ed/ros2_ws/install) by extensions ['ignore', 'ignore_ament_install']
[24.241s] Level 1:colcon.colcon_core.package_identification:_identify(/home/ed/ros2_ws/install) by extension 'ignore'
[24.242s] Level 1:colcon.colcon_core.package_identification:_identify(/home/ed/ros2_ws/install) ignored
[24.244s] Level 1:colcon.colcon_core.package_identification:_identify(/home/ed/ros2_ws/log) by extensions ['ignore', 'ignore_ament_install']
[24.245s] Level 1:colcon.colcon_core.package_identification:_identify(/home/ed/ros2_ws/log) by extension 'ignore'
[24.246s] Level 1:colcon.colcon_core.package_identification:_identify(/home/ed/ros2_ws/log) ignored
[24.248s] Level 1:colcon.colcon_core.package_identification:_identify(/home/ed/ros2_ws/src) by extensions ['ignore', 'ignore_ament_install']
[24.249s] Level 1:colcon.colcon_core.package_identification:_identify(/home/ed/ros2_ws/src) by extension 'ignore'
[24.250s] Level 1:colcon.colcon_core.package_identification:_identify(/home/ed/ros2_ws/src) by extension 'ignore_ament_install'
[24.252s] Level 1:colcon.colcon_core.package_identification:_identify(/home/ed/ros2_ws/src) by extensions ['colcon_pkg']
[24.254s] Level 1:colcon.colcon_core.package_identification:_identify(/home/ed/ros2_ws/src) by extension 'colcon_pkg'
[24.255s] Level 1:colcon.colcon_core.package_identification:_identify(/home/ed/ros2_ws/src) by extensions ['colcon_meta']
[24.256s] Level 1:colcon.colcon_core.package_identification:_identify(/home/ed/ros2_ws/src) by extension 'colcon_meta'
[24.257s] Level 1:colcon.colcon_core.package_identification:_identify(/home/ed/ros2_ws/src) by extensions ['ros']
[24.258s] Level 1:colcon.colcon_core.package_identification:_identify(/home/ed/ros2_ws/src) by extension 'ros'
[24.260s] Level 1:colcon.colcon_core.package_identification:_identify(/home/ed/ros2_ws/src) by extensions ['cmake', 'python']
[24.261s] Level 1:colcon.colcon_core.package_identification:_identify(/home/ed/ros2_ws/src) by extension 'cmake'
[24.262s] Level 1:colcon.colcon_core.package_identification:_identify(/home/ed/ros2_ws/src) by extension 'python'
[24.264s] Level 1:colcon.colcon_core.package_identification:_identify(/home/ed/ros2_ws/src) by extensions ['python_setup_py']
[24.265s] Level 1:colcon.colcon_core.package_identification:_identify(/home/ed/ros2_ws/src) by extension 'python_setup_py'
[24.268s] Level 1:colcon.colcon_core.package_identification:_identify(/home/ed/ros2_ws/src/build) by extensions ['ignore', 'ignore_ament_install']
[24.271s] Level 1:colcon.colcon_core.package_identification:_identify(/home/ed/ros2_ws/src/build) by extension 'ignore'
[24.272s] Level 1:colcon.colcon_core.package_identification:_identify(/home/ed/ros2_ws/src/build) ignored
[24.274s] Level 1:colcon.colcon_core.package_identification:_identify(/home/ed/ros2_ws/src/install) by extensions ['ignore', 'ignore_ament_install']
[24.275s] Level 1:colcon.colcon_core.package_identification:_identify(/home/ed/ros2_ws/src/install) by extension 'ignore'
[24.276s] Level 1:colcon.colcon_core.package_identification:_identify(/home/ed/ros2_ws/src/install) ignored
[24.279s] Level 1:colcon.colcon_core.package_identification:_identify(/home/ed/ros2_ws/src/log) by extensions ['ignore', 'ignore_ament_install']
[24.280s] Level 1:colcon.colcon_core.package_identification:_identify(/home/ed/ros2_ws/src/log) by extension 'ignore'
[24.282s] Level 1:colcon.colcon_core.package_identification:_identify(/home/ed/ros2_ws/src/log) ignored
[24.287s] Level 1:colcon.colcon_core.package_identification:_identify(/home/ed/ros2_ws/src/ros2_v4l2_camera) by extensions ['ignore', 'ignore_ament_install']
[24.289s] Level 1:colcon.colcon_core.package_identification:_identify(/home/ed/ros2_ws/src/ros2_v4l2_camera) by extension 'ignore'
[24.290s] Level 1:colcon.colcon_core.package_identification:_identify(/home/ed/ros2_ws/src/ros2_v4l2_camera) by extension 'ignore_ament_install'
[24.291s] Level 1:colcon.colcon_core.package_identification:_identify(/home/ed/ros2_ws/src/ros2_v4l2_camera) by extensions ['colcon_pkg']
[24.292s] Level 1:colcon.colcon_core.package_identification:_identify(/home/ed/ros2_ws/src/ros2_v4l2_camera) by extension 'colcon_pkg'
[24.293s] Level 1:colcon.colcon_core.package_identification:_identify(/home/ed/ros2_ws/src/ros2_v4l2_camera) by extensions ['colcon_meta']
[24.294s] Level 1:colcon.colcon_core.package_identification:_identify(/home/ed/ros2_ws/src/ros2_v4l2_camera) by extension 'colcon_meta'
[24.295s] Level 1:colcon.colcon_core.package_identification:_identify(/home/ed/ros2_ws/src/ros2_v4l2_camera) by extensions ['ros']
[24.296s] Level 1:colcon.colcon_core.package_identification:_identify(/home/ed/ros2_ws/src/ros2_v4l2_camera) by extension 'ros'
[24.328s] DEBUG:colcon.colcon_core.package_identification:Package '/home/ed/ros2_ws/src/ros2_v4l2_camera' with type 'ros.ament_cmake' and name 'v4l2_camera'
[24.330s] Level 1:colcon.colcon_core.package_identification:_identify(/home/ed/ros2_ws/src/smartcart_controller) by extensions ['ignore', 'ignore_ament_install']
[24.334s] Level 1:colcon.colcon_core.package_identification:_identify(/home/ed/ros2_ws/src/smartcart_controller) by extension 'ignore'
[24.336s] Level 1:colcon.colcon_core.package_identification:_identify(/home/ed/ros2_ws/src/smartcart_controller) by extension 'ignore_ament_install'
[24.339s] Level 1:colcon.colcon_core.package_identification:_identify(/home/ed/ros2_ws/src/smartcart_controller) by extensions ['colcon_pkg']
[24.340s] Level 1:colcon.colcon_core.package_identification:_identify(/home/ed/ros2_ws/src/smartcart_controller) by extension 'colcon_pkg'
[24.341s] Level 1:colcon.colcon_core.package_identification:_identify(/home/ed/ros2_ws/src/smartcart_controller) by extensions ['colcon_meta']
[24.342s] Level 1:colcon.colcon_core.package_identification:_identify(/home/ed/ros2_ws/src/smartcart_controller) by extension 'colcon_meta'
[24.343s] Level 1:colcon.colcon_core.package_identification:_identify(/home/ed/ros2_ws/src/smartcart_controller) by extensions ['ros']
[24.344s] Level 1:colcon.colcon_core.package_identification:_identify(/home/ed/ros2_ws/src/smartcart_controller) by extension 'ros'
[24.349s] DEBUG:colcon.colcon_core.package_identification:Package '/home/ed/ros2_ws/src/smartcart_controller' with type 'ros.ament_python' and name 'smartcart_controller'
[24.352s] Level 1:colcon.colcon_core.package_identification:_identify(/home/ed/ros2_ws/src/test) by extensions ['ignore', 'ignore_ament_install']
[24.355s] Level 1:colcon.colcon_core.package_identification:_identify(/home/ed/ros2_ws/src/test) by extension 'ignore'
[24.356s] Level 1:colcon.colcon_core.package_identification:_identify(/home/ed/ros2_ws/src/test) by extension 'ignore_ament_install'
[24.357s] Level 1:colcon.colcon_core.package_identification:_identify(/home/ed/ros2_ws/src/test) by extensions ['colcon_pkg']
[24.358s] Level 1:colcon.colcon_core.package_identification:_identify(/home/ed/ros2_ws/src/test) by extension 'colcon_pkg'
[24.359s] Level 1:colcon.colcon_core.package_identification:_identify(/home/ed/ros2_ws/src/test) by extensions ['colcon_meta']
[24.359s] Level 1:colcon.colcon_core.package_identification:_identify(/home/ed/ros2_ws/src/test) by extension 'colcon_meta'
[24.360s] Level 1:colcon.colcon_core.package_identification:_identify(/home/ed/ros2_ws/src/test) by extensions ['ros']
[24.361s] Level 1:colcon.colcon_core.package_identification:_identify(/home/ed/ros2_ws/src/test) by extension 'ros'
[24.364s] Level 1:colcon.colcon_core.package_identification:_identify(/home/ed/ros2_ws/src/test) by extensions ['cmake', 'python']
[24.365s] Level 1:colcon.colcon_core.package_identification:_identify(/home/ed/ros2_ws/src/test) by extension 'cmake'
[24.367s] Level 1:colcon.colcon_core.package_identification:_identify(/home/ed/ros2_ws/src/test) by extension 'python'
[24.368s] Level 1:colcon.colcon_core.package_identification:_identify(/home/ed/ros2_ws/src/test) by extensions ['python_setup_py']
[24.370s] Level 1:colcon.colcon_core.package_identification:_identify(/home/ed/ros2_ws/src/test) by extension 'python_setup_py'
[24.371s] Level 1:colcon.colcon_core.package_discovery:discover_packages(recursive) using defaults
