[21.809s] DEBUG:colcon:Command line arguments: ['/usr/bin/colcon', 'list', '-p', '--base-paths', '/home/ed/ros2_ws']
[21.810s] DEBUG:colcon:Parsed command line arguments: Namespace(log_base=None, log_level=None, verb_name='list', build_base='build', ignore_user_meta=False, metas=['./colcon.meta'], base_paths=['/home/ed/ros2_ws'], packages_ignore=None, packages_ignore_regex=None, paths=None, packages_up_to=None, packages_up_to_regex=None, packages_above=None, packages_above_and_dependencies=None, packages_above_depth=None, packages_select_by_dep=None, packages_skip_by_dep=None, packages_skip_up_to=None, packages_select_build_failed=False, packages_skip_build_finished=False, packages_select_test_failures=False, packages_skip_test_passed=False, packages_select=None, packages_skip=None, packages_select_regex=None, packages_skip_regex=None, packages_start=None, packages_end=None, allow_overriding=[], topological_order=False, names_only=False, paths_only=True, topological_graph=False, topological_graph_dot=False, topological_graph_density=False, topological_graph_legend=False, topological_graph_dot_cluster=False, topological_graph_dot_include_skipped=False, verb_parser=<colcon_defaults.argument_parser.defaults.DefaultArgumentsDecorator object at 0xffff95992560>, verb_extension=<colcon_package_information.verb.list.ListVerb object at 0xffff9593dc00>, main=<bound method ListVerb.main of <colcon_package_information.verb.list.ListVerb object at 0xffff9593dc00>>)
[22.296s] Level 1:colcon.colcon_core.package_discovery:discover_packages(colcon_meta) check parameters
[22.296s] Level 1:colcon.colcon_core.package_discovery:discover_packages(recursive) check parameters
[22.296s] Level 1:colcon.colcon_core.package_discovery:discover_packages(ignore) check parameters
[22.297s] Level 1:colcon.colcon_core.package_discovery:discover_packages(path) check parameters
[22.297s] Level 1:colcon.colcon_core.package_discovery:discover_packages(recursive) discover
[22.297s] INFO:colcon.colcon_core.package_discovery:Crawling recursively for packages in '/home/ed/ros2_ws'
[22.298s] Level 1:colcon.colcon_core.package_identification:_identify(/home/ed/ros2_ws) by extensions ['ignore', 'ignore_ament_install']
[22.299s] Level 1:colcon.colcon_core.package_identification:_identify(/home/ed/ros2_ws) by extension 'ignore'
[22.299s] Level 1:colcon.colcon_core.package_identification:_identify(/home/ed/ros2_ws) by extension 'ignore_ament_install'
[22.300s] Level 1:colcon.colcon_core.package_identification:_identify(/home/ed/ros2_ws) by extensions ['colcon_pkg']
[22.300s] Level 1:colcon.colcon_core.package_identification:_identify(/home/ed/ros2_ws) by extension 'colcon_pkg'
[22.301s] Level 1:colcon.colcon_core.package_identification:_identify(/home/ed/ros2_ws) by extensions ['colcon_meta']
[22.301s] Level 1:colcon.colcon_core.package_identification:_identify(/home/ed/ros2_ws) by extension 'colcon_meta'
[22.302s] Level 1:colcon.colcon_core.package_identification:_identify(/home/ed/ros2_ws) by extensions ['ros']
[22.302s] Level 1:colcon.colcon_core.package_identification:_identify(/home/ed/ros2_ws) by extension 'ros'
[22.392s] Level 1:colcon.colcon_core.package_identification:_identify(/home/ed/ros2_ws) by extensions ['cmake', 'python']
[22.392s] Level 1:colcon.colcon_core.package_identification:_identify(/home/ed/ros2_ws) by extension 'cmake'
[22.392s] Level 1:colcon.colcon_core.package_identification:_identify(/home/ed/ros2_ws) by extension 'python'
[22.393s] Level 1:colcon.colcon_core.package_identification:_identify(/home/ed/ros2_ws) by extensions ['python_setup_py']
[22.393s] Level 1:colcon.colcon_core.package_identification:_identify(/home/ed/ros2_ws) by extension 'python_setup_py'
[22.395s] Level 1:colcon.colcon_core.package_identification:_identify(/home/ed/ros2_ws/build) by extensions ['ignore', 'ignore_ament_install']
[22.396s] Level 1:colcon.colcon_core.package_identification:_identify(/home/ed/ros2_ws/build) by extension 'ignore'
[22.396s] Level 1:colcon.colcon_core.package_identification:_identify(/home/ed/ros2_ws/build) ignored
[22.398s] Level 1:colcon.colcon_core.package_identification:_identify(/home/ed/ros2_ws/install) by extensions ['ignore', 'ignore_ament_install']
[22.398s] Level 1:colcon.colcon_core.package_identification:_identify(/home/ed/ros2_ws/install) by extension 'ignore'
[22.399s] Level 1:colcon.colcon_core.package_identification:_identify(/home/ed/ros2_ws/install) ignored
[22.400s] Level 1:colcon.colcon_core.package_identification:_identify(/home/ed/ros2_ws/log) by extensions ['ignore', 'ignore_ament_install']
[22.401s] Level 1:colcon.colcon_core.package_identification:_identify(/home/ed/ros2_ws/log) by extension 'ignore'
[22.401s] Level 1:colcon.colcon_core.package_identification:_identify(/home/ed/ros2_ws/log) ignored
[22.402s] Level 1:colcon.colcon_core.package_identification:_identify(/home/ed/ros2_ws/src) by extensions ['ignore', 'ignore_ament_install']
[22.402s] Level 1:colcon.colcon_core.package_identification:_identify(/home/ed/ros2_ws/src) by extension 'ignore'
[22.403s] Level 1:colcon.colcon_core.package_identification:_identify(/home/ed/ros2_ws/src) by extension 'ignore_ament_install'
[22.403s] Level 1:colcon.colcon_core.package_identification:_identify(/home/ed/ros2_ws/src) by extensions ['colcon_pkg']
[22.403s] Level 1:colcon.colcon_core.package_identification:_identify(/home/ed/ros2_ws/src) by extension 'colcon_pkg'
[22.404s] Level 1:colcon.colcon_core.package_identification:_identify(/home/ed/ros2_ws/src) by extensions ['colcon_meta']
[22.404s] Level 1:colcon.colcon_core.package_identification:_identify(/home/ed/ros2_ws/src) by extension 'colcon_meta'
[22.404s] Level 1:colcon.colcon_core.package_identification:_identify(/home/ed/ros2_ws/src) by extensions ['ros']
[22.405s] Level 1:colcon.colcon_core.package_identification:_identify(/home/ed/ros2_ws/src) by extension 'ros'
[22.405s] Level 1:colcon.colcon_core.package_identification:_identify(/home/ed/ros2_ws/src) by extensions ['cmake', 'python']
[22.406s] Level 1:colcon.colcon_core.package_identification:_identify(/home/ed/ros2_ws/src) by extension 'cmake'
[22.406s] Level 1:colcon.colcon_core.package_identification:_identify(/home/ed/ros2_ws/src) by extension 'python'
[22.407s] Level 1:colcon.colcon_core.package_identification:_identify(/home/ed/ros2_ws/src) by extensions ['python_setup_py']
[22.407s] Level 1:colcon.colcon_core.package_identification:_identify(/home/ed/ros2_ws/src) by extension 'python_setup_py'
[22.408s] Level 1:colcon.colcon_core.package_identification:_identify(/home/ed/ros2_ws/src/smartcart_controller) by extensions ['ignore', 'ignore_ament_install']
[22.409s] Level 1:colcon.colcon_core.package_identification:_identify(/home/ed/ros2_ws/src/smartcart_controller) by extension 'ignore'
[22.410s] Level 1:colcon.colcon_core.package_identification:_identify(/home/ed/ros2_ws/src/smartcart_controller) by extension 'ignore_ament_install'
[22.411s] Level 1:colcon.colcon_core.package_identification:_identify(/home/ed/ros2_ws/src/smartcart_controller) by extensions ['colcon_pkg']
[22.411s] Level 1:colcon.colcon_core.package_identification:_identify(/home/ed/ros2_ws/src/smartcart_controller) by extension 'colcon_pkg'
[22.411s] Level 1:colcon.colcon_core.package_identification:_identify(/home/ed/ros2_ws/src/smartcart_controller) by extensions ['colcon_meta']
[22.412s] Level 1:colcon.colcon_core.package_identification:_identify(/home/ed/ros2_ws/src/smartcart_controller) by extension 'colcon_meta'
[22.412s] Level 1:colcon.colcon_core.package_identification:_identify(/home/ed/ros2_ws/src/smartcart_controller) by extensions ['ros']
[22.413s] Level 1:colcon.colcon_core.package_identification:_identify(/home/ed/ros2_ws/src/smartcart_controller) by extension 'ros'
[22.450s] DEBUG:colcon.colcon_core.package_identification:Package '/home/ed/ros2_ws/src/smartcart_controller' with type 'ros.ament_python' and name 'smartcart_controller'
[22.451s] Level 1:colcon.colcon_core.package_discovery:discover_packages(recursive) using defaults
