[5.294s] DEBUG:colcon:Command line arguments: ['/usr/bin/colcon', 'build']
[5.295s] DEBUG:colcon:Parsed command line arguments: Namespace(log_base=None, log_level=None, verb_name='build', build_base='build', install_base='install', merge_install=False, symlink_install=False, test_result_base=None, continue_on_error=False, executor='parallel', parallel_workers=4, event_handlers=None, ignore_user_meta=False, metas=['./colcon.meta'], base_paths=['.'], packages_ignore=None, packages_ignore_regex=None, paths=None, packages_up_to=None, packages_up_to_regex=None, packages_above=None, packages_above_and_dependencies=None, packages_above_depth=None, packages_select_by_dep=None, packages_skip_by_dep=None, packages_skip_up_to=None, packages_select_build_failed=False, packages_skip_build_finished=False, packages_select_test_failures=False, packages_skip_test_passed=False, packages_select=None, packages_skip=None, packages_select_regex=None, packages_skip_regex=None, packages_start=None, packages_end=None, allow_overriding=[], cmake_args=None, cmake_target=None, cmake_target_skip_unavailable=False, cmake_clean_cache=False, cmake_clean_first=False, cmake_force_configure=False, ament_cmake_args=None, catkin_cmake_args=None, catkin_skip_building_tests=False, verb_parser=<colcon_defaults.argument_parser.defaults.DefaultArgumentsDecorator object at 0xffff837b3e50>, verb_extension=<colcon_core.verb.build.BuildVerb object at 0xffff83c6d0f0>, main=<bound method BuildVerb.main of <colcon_core.verb.build.BuildVerb object at 0xffff83c6d0f0>>)
[5.525s] Level 1:colcon.colcon_core.package_discovery:discover_packages(colcon_meta) check parameters
[5.526s] Level 1:colcon.colcon_core.package_discovery:discover_packages(recursive) check parameters
[5.526s] Level 1:colcon.colcon_core.package_discovery:discover_packages(ignore) check parameters
[5.526s] Level 1:colcon.colcon_core.package_discovery:discover_packages(path) check parameters
[5.526s] Level 1:colcon.colcon_core.package_discovery:discover_packages(colcon_meta) discover
[5.527s] Level 1:colcon.colcon_core.package_discovery:discover_packages(recursive) discover
[5.527s] INFO:colcon.colcon_core.package_discovery:Crawling recursively for packages in '/home/ed/ros2_ws'
[5.527s] Level 1:colcon.colcon_core.package_identification:_identify(.) by extensions ['ignore', 'ignore_ament_install']
[5.528s] Level 1:colcon.colcon_core.package_identification:_identify(.) by extension 'ignore'
[5.528s] Level 1:colcon.colcon_core.package_identification:_identify(.) by extension 'ignore_ament_install'
[5.528s] Level 1:colcon.colcon_core.package_identification:_identify(.) by extensions ['colcon_pkg']
[5.528s] Level 1:colcon.colcon_core.package_identification:_identify(.) by extension 'colcon_pkg'
[5.528s] Level 1:colcon.colcon_core.package_identification:_identify(.) by extensions ['colcon_meta']
[5.529s] Level 1:colcon.colcon_core.package_identification:_identify(.) by extension 'colcon_meta'
[5.529s] Level 1:colcon.colcon_core.package_identification:_identify(.) by extensions ['ros']
[5.529s] Level 1:colcon.colcon_core.package_identification:_identify(.) by extension 'ros'
[5.575s] Level 1:colcon.colcon_core.package_identification:_identify(.) by extensions ['cmake', 'python']
[5.575s] Level 1:colcon.colcon_core.package_identification:_identify(.) by extension 'cmake'
[5.575s] Level 1:colcon.colcon_core.package_identification:_identify(.) by extension 'python'
[5.575s] Level 1:colcon.colcon_core.package_identification:_identify(.) by extensions ['python_setup_py']
[5.575s] Level 1:colcon.colcon_core.package_identification:_identify(.) by extension 'python_setup_py'
[5.576s] Level 1:colcon.colcon_core.package_identification:_identify(build) by extensions ['ignore', 'ignore_ament_install']
[5.576s] Level 1:colcon.colcon_core.package_identification:_identify(build) by extension 'ignore'
[5.576s] Level 1:colcon.colcon_core.package_identification:_identify(build) ignored
[5.577s] Level 1:colcon.colcon_core.package_identification:_identify(install) by extensions ['ignore', 'ignore_ament_install']
[5.577s] Level 1:colcon.colcon_core.package_identification:_identify(install) by extension 'ignore'
[5.578s] Level 1:colcon.colcon_core.package_identification:_identify(install) ignored
[5.578s] Level 1:colcon.colcon_core.package_identification:_identify(log) by extensions ['ignore', 'ignore_ament_install']
[5.579s] Level 1:colcon.colcon_core.package_identification:_identify(log) by extension 'ignore'
[5.579s] Level 1:colcon.colcon_core.package_identification:_identify(log) ignored
[5.579s] Level 1:colcon.colcon_core.package_identification:_identify(src) by extensions ['ignore', 'ignore_ament_install']
[5.580s] Level 1:colcon.colcon_core.package_identification:_identify(src) by extension 'ignore'
[5.580s] Level 1:colcon.colcon_core.package_identification:_identify(src) by extension 'ignore_ament_install'
[5.580s] Level 1:colcon.colcon_core.package_identification:_identify(src) by extensions ['colcon_pkg']
[5.580s] Level 1:colcon.colcon_core.package_identification:_identify(src) by extension 'colcon_pkg'
[5.580s] Level 1:colcon.colcon_core.package_identification:_identify(src) by extensions ['colcon_meta']
[5.580s] Level 1:colcon.colcon_core.package_identification:_identify(src) by extension 'colcon_meta'
[5.581s] Level 1:colcon.colcon_core.package_identification:_identify(src) by extensions ['ros']
[5.581s] Level 1:colcon.colcon_core.package_identification:_identify(src) by extension 'ros'
[5.581s] Level 1:colcon.colcon_core.package_identification:_identify(src) by extensions ['cmake', 'python']
[5.581s] Level 1:colcon.colcon_core.package_identification:_identify(src) by extension 'cmake'
[5.581s] Level 1:colcon.colcon_core.package_identification:_identify(src) by extension 'python'
[5.582s] Level 1:colcon.colcon_core.package_identification:_identify(src) by extensions ['python_setup_py']
[5.582s] Level 1:colcon.colcon_core.package_identification:_identify(src) by extension 'python_setup_py'
[5.582s] Level 1:colcon.colcon_core.package_identification:_identify(src/build) by extensions ['ignore', 'ignore_ament_install']
[5.582s] Level 1:colcon.colcon_core.package_identification:_identify(src/build) by extension 'ignore'
[5.583s] Level 1:colcon.colcon_core.package_identification:_identify(src/build) ignored
[5.583s] Level 1:colcon.colcon_core.package_identification:_identify(src/install) by extensions ['ignore', 'ignore_ament_install']
[5.583s] Level 1:colcon.colcon_core.package_identification:_identify(src/install) by extension 'ignore'
[5.584s] Level 1:colcon.colcon_core.package_identification:_identify(src/install) ignored
[5.584s] Level 1:colcon.colcon_core.package_identification:_identify(src/log) by extensions ['ignore', 'ignore_ament_install']
[5.584s] Level 1:colcon.colcon_core.package_identification:_identify(src/log) by extension 'ignore'
[5.585s] Level 1:colcon.colcon_core.package_identification:_identify(src/log) ignored
[5.585s] Level 1:colcon.colcon_core.package_identification:_identify(src/opencv_tools) by extensions ['ignore', 'ignore_ament_install']
[5.585s] Level 1:colcon.colcon_core.package_identification:_identify(src/opencv_tools) by extension 'ignore'
[5.586s] Level 1:colcon.colcon_core.package_identification:_identify(src/opencv_tools) by extension 'ignore_ament_install'
[5.586s] Level 1:colcon.colcon_core.package_identification:_identify(src/opencv_tools) by extensions ['colcon_pkg']
[5.586s] Level 1:colcon.colcon_core.package_identification:_identify(src/opencv_tools) by extension 'colcon_pkg'
[5.586s] Level 1:colcon.colcon_core.package_identification:_identify(src/opencv_tools) by extensions ['colcon_meta']
[5.586s] Level 1:colcon.colcon_core.package_identification:_identify(src/opencv_tools) by extension 'colcon_meta'
[5.586s] Level 1:colcon.colcon_core.package_identification:_identify(src/opencv_tools) by extensions ['ros']
[5.586s] Level 1:colcon.colcon_core.package_identification:_identify(src/opencv_tools) by extension 'ros'
[5.600s] DEBUG:colcon.colcon_core.package_identification:Package 'src/opencv_tools' with type 'ros.ament_python' and name 'opencv_tools'
[5.601s] Level 1:colcon.colcon_core.package_identification:_identify(src/smartcart_controller) by extensions ['ignore', 'ignore_ament_install']
[5.601s] Level 1:colcon.colcon_core.package_identification:_identify(src/smartcart_controller) by extension 'ignore'
[5.602s] Level 1:colcon.colcon_core.package_identification:_identify(src/smartcart_controller) by extension 'ignore_ament_install'
[5.602s] Level 1:colcon.colcon_core.package_identification:_identify(src/smartcart_controller) by extensions ['colcon_pkg']
[5.602s] Level 1:colcon.colcon_core.package_identification:_identify(src/smartcart_controller) by extension 'colcon_pkg'
[5.602s] Level 1:colcon.colcon_core.package_identification:_identify(src/smartcart_controller) by extensions ['colcon_meta']
[5.602s] Level 1:colcon.colcon_core.package_identification:_identify(src/smartcart_controller) by extension 'colcon_meta'
[5.602s] Level 1:colcon.colcon_core.package_identification:_identify(src/smartcart_controller) by extensions ['ros']
[5.603s] Level 1:colcon.colcon_core.package_identification:_identify(src/smartcart_controller) by extension 'ros'
[5.605s] DEBUG:colcon.colcon_core.package_identification:Package 'src/smartcart_controller' with type 'ros.ament_python' and name 'smartcart_controller'
[5.605s] Level 1:colcon.colcon_core.package_identification:_identify(src/test) by extensions ['ignore', 'ignore_ament_install']
[5.606s] Level 1:colcon.colcon_core.package_identification:_identify(src/test) by extension 'ignore'
[5.606s] Level 1:colcon.colcon_core.package_identification:_identify(src/test) by extension 'ignore_ament_install'
[5.606s] Level 1:colcon.colcon_core.package_identification:_identify(src/test) by extensions ['colcon_pkg']
[5.606s] Level 1:colcon.colcon_core.package_identification:_identify(src/test) by extension 'colcon_pkg'
[5.607s] Level 1:colcon.colcon_core.package_identification:_identify(src/test) by extensions ['colcon_meta']
[5.607s] Level 1:colcon.colcon_core.package_identification:_identify(src/test) by extension 'colcon_meta'
[5.607s] Level 1:colcon.colcon_core.package_identification:_identify(src/test) by extensions ['ros']
[5.607s] Level 1:colcon.colcon_core.package_identification:_identify(src/test) by extension 'ros'
[5.607s] Level 1:colcon.colcon_core.package_identification:_identify(src/test) by extensions ['cmake', 'python']
[5.607s] Level 1:colcon.colcon_core.package_identification:_identify(src/test) by extension 'cmake'
[5.608s] Level 1:colcon.colcon_core.package_identification:_identify(src/test) by extension 'python'
[5.608s] Level 1:colcon.colcon_core.package_identification:_identify(src/test) by extensions ['python_setup_py']
[5.608s] Level 1:colcon.colcon_core.package_identification:_identify(src/test) by extension 'python_setup_py'
[5.608s] Level 1:colcon.colcon_core.package_discovery:discover_packages(recursive) using defaults
[5.608s] Level 1:colcon.colcon_core.package_discovery:discover_packages(ignore) discover
[5.608s] Level 1:colcon.colcon_core.package_discovery:discover_packages(ignore) using defaults
[5.608s] Level 1:colcon.colcon_core.package_discovery:discover_packages(path) discover
[5.609s] Level 1:colcon.colcon_core.package_discovery:discover_packages(path) using defaults
[6.072s] Level 1:colcon.colcon_core.package_discovery:discover_packages(prefix_path) check parameters
[6.072s] Level 1:colcon.colcon_core.package_discovery:discover_packages(prefix_path) discover
[6.226s] DEBUG:colcon.colcon_installed_package_information.package_discovery:Found 2 installed packages in /home/ed/ros2_workspace/install
[6.300s] DEBUG:colcon.colcon_installed_package_information.package_discovery:Found 3 installed packages in /home/ed/ros2_ws/install
[6.415s] DEBUG:colcon.colcon_installed_package_information.package_discovery:Found 3 installed packages in /home/ed/ros2_ws/src/install
[6.498s] DEBUG:colcon.colcon_installed_package_information.package_discovery:Found 277 installed packages in /opt/ros/humble
[6.505s] Level 1:colcon.colcon_core.package_discovery:discover_packages(prefix_path) using defaults
[6.939s] Level 5:colcon.colcon_core.verb:set package 'opencv_tools' build argument 'cmake_args' from command line to 'None'
[6.940s] Level 5:colcon.colcon_core.verb:set package 'opencv_tools' build argument 'cmake_target' from command line to 'None'
[6.940s] Level 5:colcon.colcon_core.verb:set package 'opencv_tools' build argument 'cmake_target_skip_unavailable' from command line to 'False'
[6.940s] Level 5:colcon.colcon_core.verb:set package 'opencv_tools' build argument 'cmake_clean_cache' from command line to 'False'
[6.940s] Level 5:colcon.colcon_core.verb:set package 'opencv_tools' build argument 'cmake_clean_first' from command line to 'False'
[6.940s] Level 5:colcon.colcon_core.verb:set package 'opencv_tools' build argument 'cmake_force_configure' from command line to 'False'
[6.940s] Level 5:colcon.colcon_core.verb:set package 'opencv_tools' build argument 'ament_cmake_args' from command line to 'None'
[6.941s] Level 5:colcon.colcon_core.verb:set package 'opencv_tools' build argument 'catkin_cmake_args' from command line to 'None'
[6.941s] Level 5:colcon.colcon_core.verb:set package 'opencv_tools' build argument 'catkin_skip_building_tests' from command line to 'False'
[6.941s] DEBUG:colcon.colcon_core.verb:Building package 'opencv_tools' with the following arguments: {'ament_cmake_args': None, 'build_base': '/home/ed/ros2_ws/build/opencv_tools', 'catkin_cmake_args': None, 'catkin_skip_building_tests': False, 'cmake_args': None, 'cmake_clean_cache': False, 'cmake_clean_first': False, 'cmake_force_configure': False, 'cmake_target': None, 'cmake_target_skip_unavailable': False, 'install_base': '/home/ed/ros2_ws/install/opencv_tools', 'merge_install': False, 'path': '/home/ed/ros2_ws/src/opencv_tools', 'symlink_install': False, 'test_result_base': None}
[7.015s] Level 5:colcon.colcon_core.verb:set package 'smartcart_controller' build argument 'cmake_args' from command line to 'None'
[7.016s] Level 5:colcon.colcon_core.verb:set package 'smartcart_controller' build argument 'cmake_target' from command line to 'None'
[7.016s] Level 5:colcon.colcon_core.verb:set package 'smartcart_controller' build argument 'cmake_target_skip_unavailable' from command line to 'False'
[7.016s] Level 5:colcon.colcon_core.verb:set package 'smartcart_controller' build argument 'cmake_clean_cache' from command line to 'False'
[7.016s] Level 5:colcon.colcon_core.verb:set package 'smartcart_controller' build argument 'cmake_clean_first' from command line to 'False'
[7.016s] Level 5:colcon.colcon_core.verb:set package 'smartcart_controller' build argument 'cmake_force_configure' from command line to 'False'
[7.016s] Level 5:colcon.colcon_core.verb:set package 'smartcart_controller' build argument 'ament_cmake_args' from command line to 'None'
[7.016s] Level 5:colcon.colcon_core.verb:set package 'smartcart_controller' build argument 'catkin_cmake_args' from command line to 'None'
[7.016s] Level 5:colcon.colcon_core.verb:set package 'smartcart_controller' build argument 'catkin_skip_building_tests' from command line to 'False'
[7.017s] DEBUG:colcon.colcon_core.verb:Building package 'smartcart_controller' with the following arguments: {'ament_cmake_args': None, 'build_base': '/home/ed/ros2_ws/build/smartcart_controller', 'catkin_cmake_args': None, 'catkin_skip_building_tests': False, 'cmake_args': None, 'cmake_clean_cache': False, 'cmake_clean_first': False, 'cmake_force_configure': False, 'cmake_target': None, 'cmake_target_skip_unavailable': False, 'install_base': '/home/ed/ros2_ws/install/smartcart_controller', 'merge_install': False, 'path': '/home/ed/ros2_ws/src/smartcart_controller', 'symlink_install': False, 'test_result_base': None}
[7.091s] INFO:colcon.colcon_core.executor:Executing jobs using 'parallel' executor
[7.168s] DEBUG:colcon.colcon_parallel_executor.executor.parallel:run_until_complete
[7.169s] INFO:colcon.colcon_ros.task.ament_python.build:Building ROS package in '/home/ed/ros2_ws/src/opencv_tools' with build type 'ament_python'
[7.170s] Level 1:colcon.colcon_core.shell:create_environment_hook('opencv_tools', 'ament_prefix_path')
[7.361s] INFO:colcon.colcon_core.plugin_system:Skipping extension 'colcon_core.shell.bat': Not used on non-Windows systems
[7.363s] INFO:colcon.colcon_core.shell:Creating environment hook '/home/ed/ros2_ws/install/opencv_tools/share/opencv_tools/hook/ament_prefix_path.ps1'
[7.372s] INFO:colcon.colcon_core.shell:Creating environment descriptor '/home/ed/ros2_ws/install/opencv_tools/share/opencv_tools/hook/ament_prefix_path.dsv'
[7.380s] INFO:colcon.colcon_core.shell:Creating environment hook '/home/ed/ros2_ws/install/opencv_tools/share/opencv_tools/hook/ament_prefix_path.sh'
[7.563s] INFO:colcon.colcon_core.shell:Skip shell extension 'powershell' for command environment: Not usable outside of PowerShell
[7.564s] DEBUG:colcon.colcon_core.shell:Skip shell extension 'dsv' for command environment
[8.195s] INFO:colcon.colcon_ros.task.ament_python.build:Building ROS package in '/home/ed/ros2_ws/src/smartcart_controller' with build type 'ament_python'
[8.196s] Level 1:colcon.colcon_core.shell:create_environment_hook('smartcart_controller', 'ament_prefix_path')
[8.443s] INFO:colcon.colcon_core.shell:Creating environment hook '/home/ed/ros2_ws/install/smartcart_controller/share/smartcart_controller/hook/ament_prefix_path.ps1'
[8.449s] INFO:colcon.colcon_core.shell:Creating environment descriptor '/home/ed/ros2_ws/install/smartcart_controller/share/smartcart_controller/hook/ament_prefix_path.dsv'
[8.452s] INFO:colcon.colcon_core.shell:Creating environment hook '/home/ed/ros2_ws/install/smartcart_controller/share/smartcart_controller/hook/ament_prefix_path.sh'
[8.607s] INFO:colcon.colcon_core.shell:Skip shell extension 'powershell' for command environment: Not usable outside of PowerShell
[8.607s] DEBUG:colcon.colcon_core.shell:Skip shell extension 'dsv' for command environment
[11.402s] INFO:colcon.colcon_core.task.python.build:Building Python package in '/home/ed/ros2_ws/src/opencv_tools'
[11.520s] INFO:colcon.colcon_core.shell:Skip shell extension 'powershell' for command environment: Not usable outside of PowerShell
[11.521s] DEBUG:colcon.colcon_core.shell:Skip shell extension 'dsv' for command environment
[14.167s] INFO:colcon.colcon_core.task.python.build:Building Python package in '/home/ed/ros2_ws/src/smartcart_controller'
[14.313s] INFO:colcon.colcon_core.shell:Skip shell extension 'powershell' for command environment: Not usable outside of PowerShell
[14.313s] DEBUG:colcon.colcon_core.shell:Skip shell extension 'dsv' for command environment
[18.455s] DEBUG:colcon.colcon_core.event_handler.log_command:Invoking command in '/home/ed/ros2_ws/src/smartcart_controller': PYTHONPATH=/home/ed/ros2_ws/build/smartcart_controller/prefix_override:/home/ed/ros2_ws/install/smartcart_controller/lib/python3.10/site-packages:${PYTHONPATH} /usr/bin/python3 setup.py egg_info --egg-base ../../build/smartcart_controller build --build-base /home/ed/ros2_ws/build/smartcart_controller/build install --record /home/ed/ros2_ws/build/smartcart_controller/install.log --single-version-externally-managed
[18.531s] DEBUG:colcon.colcon_core.event_handler.log_command:Invoking command in '/home/ed/ros2_ws/src/opencv_tools': PYTHONPATH=/home/ed/ros2_ws/build/opencv_tools/prefix_override:/home/ed/ros2_ws/install/opencv_tools/lib/python3.10/site-packages:${PYTHONPATH} /usr/bin/python3 setup.py egg_info --egg-base ../../build/opencv_tools build --build-base /home/ed/ros2_ws/build/opencv_tools/build install --record /home/ed/ros2_ws/build/opencv_tools/install.log --single-version-externally-managed
[21.505s] DEBUG:colcon.colcon_core.event_handler.log_command:Invoked command in '/home/ed/ros2_ws/src/smartcart_controller' returned '0': PYTHONPATH=/home/ed/ros2_ws/build/smartcart_controller/prefix_override:/home/ed/ros2_ws/install/smartcart_controller/lib/python3.10/site-packages:${PYTHONPATH} /usr/bin/python3 setup.py egg_info --egg-base ../../build/smartcart_controller build --build-base /home/ed/ros2_ws/build/smartcart_controller/build install --record /home/ed/ros2_ws/build/smartcart_controller/install.log --single-version-externally-managed
[21.720s] Level 1:colcon.colcon_core.environment:checking '/home/ed/ros2_ws/install/smartcart_controller' for CMake module files
[21.723s] Level 1:colcon.colcon_core.environment:checking '/home/ed/ros2_ws/install/smartcart_controller' for CMake config files
[21.726s] Level 1:colcon.colcon_core.environment:checking '/home/ed/ros2_ws/install/smartcart_controller/lib'
[21.727s] Level 1:colcon.colcon_core.environment:checking '/home/ed/ros2_ws/install/smartcart_controller/bin'
[21.728s] Level 1:colcon.colcon_core.environment:checking '/home/ed/ros2_ws/install/smartcart_controller/lib/pkgconfig/smartcart_controller.pc'
[21.729s] Level 1:colcon.colcon_core.environment:checking '/home/ed/ros2_ws/install/smartcart_controller/lib/python3.10/site-packages'
[21.729s] Level 1:colcon.colcon_core.shell:create_environment_hook('smartcart_controller', 'pythonpath')
[21.842s] INFO:colcon.colcon_core.shell:Creating environment hook '/home/ed/ros2_ws/install/smartcart_controller/share/smartcart_controller/hook/pythonpath.ps1'
[21.845s] INFO:colcon.colcon_core.shell:Creating environment descriptor '/home/ed/ros2_ws/install/smartcart_controller/share/smartcart_controller/hook/pythonpath.dsv'
[21.847s] INFO:colcon.colcon_core.shell:Creating environment hook '/home/ed/ros2_ws/install/smartcart_controller/share/smartcart_controller/hook/pythonpath.sh'
[21.849s] Level 1:colcon.colcon_core.environment:checking '/home/ed/ros2_ws/install/smartcart_controller/bin'
[21.850s] Level 1:colcon.colcon_core.environment:create_environment_scripts_only(smartcart_controller)
[21.997s] INFO:colcon.colcon_core.shell:Creating package script '/home/ed/ros2_ws/install/smartcart_controller/share/smartcart_controller/package.ps1'
[22.004s] INFO:colcon.colcon_core.shell:Creating package descriptor '/home/ed/ros2_ws/install/smartcart_controller/share/smartcart_controller/package.dsv'
[22.008s] INFO:colcon.colcon_core.shell:Creating package script '/home/ed/ros2_ws/install/smartcart_controller/share/smartcart_controller/package.sh'
[22.014s] INFO:colcon.colcon_core.shell:Creating package script '/home/ed/ros2_ws/install/smartcart_controller/share/smartcart_controller/package.bash'
[22.018s] INFO:colcon.colcon_core.shell:Creating package script '/home/ed/ros2_ws/install/smartcart_controller/share/smartcart_controller/package.zsh'
[22.022s] Level 1:colcon.colcon_core.environment:create_file_with_runtime_dependencies(/home/ed/ros2_ws/install/smartcart_controller/share/colcon-core/packages/smartcart_controller)
[22.029s] DEBUG:colcon.colcon_core.event_handler.log_command:Invoked command in '/home/ed/ros2_ws/src/opencv_tools' returned '0': PYTHONPATH=/home/ed/ros2_ws/build/opencv_tools/prefix_override:/home/ed/ros2_ws/install/opencv_tools/lib/python3.10/site-packages:${PYTHONPATH} /usr/bin/python3 setup.py egg_info --egg-base ../../build/opencv_tools build --build-base /home/ed/ros2_ws/build/opencv_tools/build install --record /home/ed/ros2_ws/build/opencv_tools/install.log --single-version-externally-managed
[22.243s] Level 1:colcon.colcon_core.environment:checking '/home/ed/ros2_ws/install/opencv_tools' for CMake module files
[22.246s] Level 1:colcon.colcon_core.environment:checking '/home/ed/ros2_ws/install/opencv_tools' for CMake config files
[22.255s] Level 1:colcon.colcon_core.environment:checking '/home/ed/ros2_ws/install/opencv_tools/lib'
[22.257s] Level 1:colcon.colcon_core.environment:checking '/home/ed/ros2_ws/install/opencv_tools/bin'
[22.259s] Level 1:colcon.colcon_core.environment:checking '/home/ed/ros2_ws/install/opencv_tools/lib/pkgconfig/opencv_tools.pc'
[22.261s] Level 1:colcon.colcon_core.environment:checking '/home/ed/ros2_ws/install/opencv_tools/lib/python3.10/site-packages'
[22.262s] Level 1:colcon.colcon_core.shell:create_environment_hook('opencv_tools', 'pythonpath')
[22.426s] INFO:colcon.colcon_core.shell:Creating environment hook '/home/ed/ros2_ws/install/opencv_tools/share/opencv_tools/hook/pythonpath.ps1'
[22.428s] INFO:colcon.colcon_core.shell:Creating environment descriptor '/home/ed/ros2_ws/install/opencv_tools/share/opencv_tools/hook/pythonpath.dsv'
[22.430s] INFO:colcon.colcon_core.shell:Creating environment hook '/home/ed/ros2_ws/install/opencv_tools/share/opencv_tools/hook/pythonpath.sh'
[22.433s] Level 1:colcon.colcon_core.environment:checking '/home/ed/ros2_ws/install/opencv_tools/bin'
[22.433s] Level 1:colcon.colcon_core.environment:create_environment_scripts_only(opencv_tools)
[22.546s] INFO:colcon.colcon_core.shell:Creating package script '/home/ed/ros2_ws/install/opencv_tools/share/opencv_tools/package.ps1'
[22.548s] INFO:colcon.colcon_core.shell:Creating package descriptor '/home/ed/ros2_ws/install/opencv_tools/share/opencv_tools/package.dsv'
[22.550s] INFO:colcon.colcon_core.shell:Creating package script '/home/ed/ros2_ws/install/opencv_tools/share/opencv_tools/package.sh'
[22.552s] INFO:colcon.colcon_core.shell:Creating package script '/home/ed/ros2_ws/install/opencv_tools/share/opencv_tools/package.bash'
[22.554s] INFO:colcon.colcon_core.shell:Creating package script '/home/ed/ros2_ws/install/opencv_tools/share/opencv_tools/package.zsh'
[22.557s] Level 1:colcon.colcon_core.environment:create_file_with_runtime_dependencies(/home/ed/ros2_ws/install/opencv_tools/share/colcon-core/packages/opencv_tools)
[22.558s] DEBUG:colcon.colcon_parallel_executor.executor.parallel:closing loop
[22.560s] DEBUG:colcon.colcon_parallel_executor.executor.parallel:loop closed
[22.560s] DEBUG:colcon.colcon_parallel_executor.executor.parallel:run_until_complete finished with '0'
[22.561s] DEBUG:colcon.colcon_core.event_reactor:joining thread
[22.806s] INFO:colcon.colcon_core.plugin_system:Skipping extension 'colcon_notification.desktop_notification.terminal_notifier': Not used on non-Darwin systems
[22.806s] INFO:colcon.colcon_core.plugin_system:Skipping extension 'colcon_notification.desktop_notification.win32': Not used on non-Windows systems
[22.806s] INFO:colcon.colcon_notification.desktop_notification:Sending desktop notification using 'notify2'
[22.866s] DEBUG:colcon.colcon_core.event_reactor:joined thread
[22.984s] INFO:colcon.colcon_core.shell:Creating prefix script '/home/ed/ros2_ws/install/local_setup.ps1'
[22.990s] INFO:colcon.colcon_core.shell:Creating prefix util module '/home/ed/ros2_ws/install/_local_setup_util_ps1.py'
[22.998s] INFO:colcon.colcon_core.shell:Creating prefix chain script '/home/ed/ros2_ws/install/setup.ps1'
[23.109s] INFO:colcon.colcon_core.shell:Creating prefix script '/home/ed/ros2_ws/install/local_setup.sh'
[23.112s] INFO:colcon.colcon_core.shell:Creating prefix util module '/home/ed/ros2_ws/install/_local_setup_util_sh.py'
[23.114s] INFO:colcon.colcon_core.shell:Creating prefix chain script '/home/ed/ros2_ws/install/setup.sh'
[23.193s] INFO:colcon.colcon_core.shell:Creating prefix script '/home/ed/ros2_ws/install/local_setup.bash'
[23.195s] INFO:colcon.colcon_core.shell:Creating prefix chain script '/home/ed/ros2_ws/install/setup.bash'
[23.274s] INFO:colcon.colcon_core.shell:Creating prefix script '/home/ed/ros2_ws/install/local_setup.zsh'
[23.276s] INFO:colcon.colcon_core.shell:Creating prefix chain script '/home/ed/ros2_ws/install/setup.zsh'
