[6.496s] Invoking command in '/home/ed/ros2_ws/src/smartcart_controller': PYTHONPATH=/home/ed/ros2_ws/build/smartcart_controller/prefix_override:/home/ed/ros2_ws/install/smartcart_controller/lib/python3.10/site-packages:${PYTHONPATH} /usr/bin/python3 setup.py egg_info --egg-base ../../build/smartcart_controller build --build-base /home/ed/ros2_ws/build/smartcart_controller/build install --record /home/ed/ros2_ws/build/smartcart_controller/install.log --single-version-externally-managed
[7.968s] running egg_info
[7.971s] writing ../../build/smartcart_controller/smartcart_controller.egg-info/PKG-INFO
[7.972s] writing dependency_links to ../../build/smartcart_controller/smartcart_controller.egg-info/dependency_links.txt
[7.973s] writing entry points to ../../build/smartcart_controller/smartcart_controller.egg-info/entry_points.txt
[7.974s] writing requirements to ../../build/smartcart_controller/smartcart_controller.egg-info/requires.txt
[7.977s] writing top-level names to ../../build/smartcart_controller/smartcart_controller.egg-info/top_level.txt
[7.985s] reading manifest file '../../build/smartcart_controller/smartcart_controller.egg-info/SOURCES.txt'
[7.989s] writing manifest file '../../build/smartcart_controller/smartcart_controller.egg-info/SOURCES.txt'
[7.990s] running build
[7.991s] running build_py
[7.994s] running install
[7.995s] running install_lib
[8.000s] running install_data
[8.004s] running install_egg_info
[8.021s] removing '/home/ed/ros2_ws/install/smartcart_controller/lib/python3.10/site-packages/smartcart_controller-0.0.0-py3.10.egg-info' (and everything under it)
[8.026s] Copying ../../build/smartcart_controller/smartcart_controller.egg-info to /home/ed/ros2_ws/install/smartcart_controller/lib/python3.10/site-packages/smartcart_controller-0.0.0-py3.10.egg-info
[8.027s] running install_scripts
[8.124s] Installing test_node script to /home/ed/ros2_ws/install/smartcart_controller/lib/smartcart_controller
[8.128s] writing list of installed files to '/home/ed/ros2_ws/build/smartcart_controller/install.log'
[8.621s] Invoked command in '/home/ed/ros2_ws/src/smartcart_controller' returned '0': PYTHONPATH=/home/ed/ros2_ws/build/smartcart_controller/prefix_override:/home/ed/ros2_ws/install/smartcart_controller/lib/python3.10/site-packages:${PYTHONPATH} /usr/bin/python3 setup.py egg_info --egg-base ../../build/smartcart_controller build --build-base /home/ed/ros2_ws/build/smartcart_controller/build install --record /home/ed/ros2_ws/build/smartcart_controller/install.log --single-version-externally-managed
