/home/ed/ros2_ws/src/install/opencv_tools/lib/python3.10/site-packages/opencv_tools/framerate.py
/home/ed/ros2_ws/src/install/opencv_tools/lib/python3.10/site-packages/opencv_tools/webcam.py
/home/ed/ros2_ws/src/install/opencv_tools/lib/python3.10/site-packages/opencv_tools/interpreter.py
/home/ed/ros2_ws/src/install/opencv_tools/lib/python3.10/site-packages/opencv_tools/tracker.py
/home/ed/ros2_ws/src/install/opencv_tools/lib/python3.10/site-packages/opencv_tools/basic_image_subscriber.py
/home/ed/ros2_ws/src/install/opencv_tools/lib/python3.10/site-packages/opencv_tools/videostream.py
/home/ed/ros2_ws/src/install/opencv_tools/lib/python3.10/site-packages/opencv_tools/__init__.py
/home/ed/ros2_ws/src/install/opencv_tools/lib/python3.10/site-packages/opencv_tools/motor_controller.py
/home/ed/ros2_ws/src/install/opencv_tools/lib/python3.10/site-packages/opencv_tools/img_publisher_test.py
/home/ed/ros2_ws/src/install/opencv_tools/lib/python3.10/site-packages/opencv_tools/utilities.py
/home/ed/ros2_ws/src/install/opencv_tools/lib/python3.10/site-packages/opencv_tools/basic_image_publisher.py
/home/ed/ros2_ws/src/install/opencv_tools/lib/python3.10/site-packages/opencv_tools/tensor_image_publisher.py
/home/ed/ros2_ws/src/install/opencv_tools/lib/python3.10/site-packages/opencv_tools/__pycache__/framerate.cpython-310.pyc
/home/ed/ros2_ws/src/install/opencv_tools/lib/python3.10/site-packages/opencv_tools/__pycache__/webcam.cpython-310.pyc
/home/ed/ros2_ws/src/install/opencv_tools/lib/python3.10/site-packages/opencv_tools/__pycache__/interpreter.cpython-310.pyc
/home/ed/ros2_ws/src/install/opencv_tools/lib/python3.10/site-packages/opencv_tools/__pycache__/tracker.cpython-310.pyc
/home/ed/ros2_ws/src/install/opencv_tools/lib/python3.10/site-packages/opencv_tools/__pycache__/basic_image_subscriber.cpython-310.pyc
/home/ed/ros2_ws/src/install/opencv_tools/lib/python3.10/site-packages/opencv_tools/__pycache__/videostream.cpython-310.pyc
/home/ed/ros2_ws/src/install/opencv_tools/lib/python3.10/site-packages/opencv_tools/__pycache__/__init__.cpython-310.pyc
/home/ed/ros2_ws/src/install/opencv_tools/lib/python3.10/site-packages/opencv_tools/__pycache__/motor_controller.cpython-310.pyc
/home/ed/ros2_ws/src/install/opencv_tools/lib/python3.10/site-packages/opencv_tools/__pycache__/img_publisher_test.cpython-310.pyc
/home/ed/ros2_ws/src/install/opencv_tools/lib/python3.10/site-packages/opencv_tools/__pycache__/utilities.cpython-310.pyc
/home/ed/ros2_ws/src/install/opencv_tools/lib/python3.10/site-packages/opencv_tools/__pycache__/basic_image_publisher.cpython-310.pyc
/home/ed/ros2_ws/src/install/opencv_tools/lib/python3.10/site-packages/opencv_tools/__pycache__/tensor_image_publisher.cpython-310.pyc
/home/ed/ros2_ws/src/install/opencv_tools/share/ament_index/resource_index/packages/opencv_tools
/home/ed/ros2_ws/src/install/opencv_tools/share/opencv_tools/package.xml
/home/ed/ros2_ws/src/install/opencv_tools/lib/python3.10/site-packages/opencv_tools-0.0.0-py3.10.egg-info/dependency_links.txt
/home/ed/ros2_ws/src/install/opencv_tools/lib/python3.10/site-packages/opencv_tools-0.0.0-py3.10.egg-info/SOURCES.txt
/home/ed/ros2_ws/src/install/opencv_tools/lib/python3.10/site-packages/opencv_tools-0.0.0-py3.10.egg-info/entry_points.txt
/home/ed/ros2_ws/src/install/opencv_tools/lib/python3.10/site-packages/opencv_tools-0.0.0-py3.10.egg-info/top_level.txt
/home/ed/ros2_ws/src/install/opencv_tools/lib/python3.10/site-packages/opencv_tools-0.0.0-py3.10.egg-info/requires.txt
/home/ed/ros2_ws/src/install/opencv_tools/lib/python3.10/site-packages/opencv_tools-0.0.0-py3.10.egg-info/PKG-INFO
/home/ed/ros2_ws/src/install/opencv_tools/lib/python3.10/site-packages/opencv_tools-0.0.0-py3.10.egg-info/zip-safe
/home/ed/ros2_ws/src/install/opencv_tools/lib/opencv_tools/img_publisher
/home/ed/ros2_ws/src/install/opencv_tools/lib/opencv_tools/img_subscriber
/home/ed/ros2_ws/src/install/opencv_tools/lib/opencv_tools/tensor_img_publisher
