[11.397s] Invoking command in '/home/ed/ros2_ws/src/opencv_tools': PYTHONPATH=/home/ed/ros2_ws/build/opencv_tools/prefix_override:/home/ed/ros2_ws/install/opencv_tools/lib/python3.10/site-packages:${PYTHONPATH} /usr/bin/python3 setup.py egg_info --egg-base ../../build/opencv_tools build --build-base /home/ed/ros2_ws/build/opencv_tools/build install --record /home/ed/ros2_ws/build/opencv_tools/install.log --single-version-externally-managed
[13.859s] running egg_info
[13.864s] writing ../../build/opencv_tools/opencv_tools.egg-info/PKG-INFO
[13.868s] writing dependency_links to ../../build/opencv_tools/opencv_tools.egg-info/dependency_links.txt
[13.870s] writing entry points to ../../build/opencv_tools/opencv_tools.egg-info/entry_points.txt
[13.878s] writing requirements to ../../build/opencv_tools/opencv_tools.egg-info/requires.txt
[13.879s] writing top-level names to ../../build/opencv_tools/opencv_tools.egg-info/top_level.txt
[13.898s] reading manifest file '../../build/opencv_tools/opencv_tools.egg-info/SOURCES.txt'
[13.906s] writing manifest file '../../build/opencv_tools/opencv_tools.egg-info/SOURCES.txt'
[13.908s] running build
[13.909s] running build_py
[13.912s] copying opencv_tools/framerate.py -> /home/ed/ros2_ws/build/opencv_tools/build/lib/opencv_tools
[13.914s] copying opencv_tools/webcam.py -> /home/ed/ros2_ws/build/opencv_tools/build/lib/opencv_tools
[13.916s] copying opencv_tools/interpreter.py -> /home/ed/ros2_ws/build/opencv_tools/build/lib/opencv_tools
[13.920s] copying opencv_tools/tracker.py -> /home/ed/ros2_ws/build/opencv_tools/build/lib/opencv_tools
[13.922s] copying opencv_tools/videostream.py -> /home/ed/ros2_ws/build/opencv_tools/build/lib/opencv_tools
[13.925s] copying opencv_tools/motor_controller.py -> /home/ed/ros2_ws/build/opencv_tools/build/lib/opencv_tools
[13.928s] copying opencv_tools/img_publisher_test.py -> /home/ed/ros2_ws/build/opencv_tools/build/lib/opencv_tools
[13.936s] copying opencv_tools/utilities.py -> /home/ed/ros2_ws/build/opencv_tools/build/lib/opencv_tools
[13.942s] copying opencv_tools/basic_image_publisher.py -> /home/ed/ros2_ws/build/opencv_tools/build/lib/opencv_tools
[13.943s] copying opencv_tools/tensor_image_publisher.py -> /home/ed/ros2_ws/build/opencv_tools/build/lib/opencv_tools
[13.945s] running install
[13.946s] running install_lib
[13.958s] copying /home/ed/ros2_ws/build/opencv_tools/build/lib/opencv_tools/framerate.py -> /home/ed/ros2_ws/install/opencv_tools/lib/python3.10/site-packages/opencv_tools
[13.965s] copying /home/ed/ros2_ws/build/opencv_tools/build/lib/opencv_tools/webcam.py -> /home/ed/ros2_ws/install/opencv_tools/lib/python3.10/site-packages/opencv_tools
[13.966s] copying /home/ed/ros2_ws/build/opencv_tools/build/lib/opencv_tools/interpreter.py -> /home/ed/ros2_ws/install/opencv_tools/lib/python3.10/site-packages/opencv_tools
[13.980s] copying /home/ed/ros2_ws/build/opencv_tools/build/lib/opencv_tools/tracker.py -> /home/ed/ros2_ws/install/opencv_tools/lib/python3.10/site-packages/opencv_tools
[13.982s] copying /home/ed/ros2_ws/build/opencv_tools/build/lib/opencv_tools/videostream.py -> /home/ed/ros2_ws/install/opencv_tools/lib/python3.10/site-packages/opencv_tools
[13.983s] copying /home/ed/ros2_ws/build/opencv_tools/build/lib/opencv_tools/motor_controller.py -> /home/ed/ros2_ws/install/opencv_tools/lib/python3.10/site-packages/opencv_tools
[13.984s] copying /home/ed/ros2_ws/build/opencv_tools/build/lib/opencv_tools/img_publisher_test.py -> /home/ed/ros2_ws/install/opencv_tools/lib/python3.10/site-packages/opencv_tools
[13.984s] copying /home/ed/ros2_ws/build/opencv_tools/build/lib/opencv_tools/utilities.py -> /home/ed/ros2_ws/install/opencv_tools/lib/python3.10/site-packages/opencv_tools
[13.989s] copying /home/ed/ros2_ws/build/opencv_tools/build/lib/opencv_tools/basic_image_publisher.py -> /home/ed/ros2_ws/install/opencv_tools/lib/python3.10/site-packages/opencv_tools
[13.996s] copying /home/ed/ros2_ws/build/opencv_tools/build/lib/opencv_tools/tensor_image_publisher.py -> /home/ed/ros2_ws/install/opencv_tools/lib/python3.10/site-packages/opencv_tools
[13.998s] byte-compiling /home/ed/ros2_ws/install/opencv_tools/lib/python3.10/site-packages/opencv_tools/framerate.py to framerate.cpython-310.pyc
[13.999s] byte-compiling /home/ed/ros2_ws/install/opencv_tools/lib/python3.10/site-packages/opencv_tools/webcam.py to webcam.cpython-310.pyc
[14.006s] byte-compiling /home/ed/ros2_ws/install/opencv_tools/lib/python3.10/site-packages/opencv_tools/interpreter.py to interpreter.cpython-310.pyc
[14.010s] byte-compiling /home/ed/ros2_ws/install/opencv_tools/lib/python3.10/site-packages/opencv_tools/tracker.py to tracker.cpython-310.pyc
[14.013s] byte-compiling /home/ed/ros2_ws/install/opencv_tools/lib/python3.10/site-packages/opencv_tools/videostream.py to videostream.cpython-310.pyc
[14.019s] byte-compiling /home/ed/ros2_ws/install/opencv_tools/lib/python3.10/site-packages/opencv_tools/motor_controller.py to motor_controller.cpython-310.pyc
[14.022s]   File "/home/ed/ros2_ws/install/opencv_tools/lib/python3.10/site-packages/opencv_tools/motor_controller.py", line 4
[14.028s]     MAXPWM = 
[14.029s]              ^
[14.030s] SyntaxError: invalid syntax
[14.031s] 
[14.032s] byte-compiling /home/ed/ros2_ws/install/opencv_tools/lib/python3.10/site-packages/opencv_tools/img_publisher_test.py to img_publisher_test.cpython-310.pyc
[14.038s] byte-compiling /home/ed/ros2_ws/install/opencv_tools/lib/python3.10/site-packages/opencv_tools/utilities.py to utilities.cpython-310.pyc
[14.042s] byte-compiling /home/ed/ros2_ws/install/opencv_tools/lib/python3.10/site-packages/opencv_tools/basic_image_publisher.py to basic_image_publisher.cpython-310.pyc
[14.043s] byte-compiling /home/ed/ros2_ws/install/opencv_tools/lib/python3.10/site-packages/opencv_tools/tensor_image_publisher.py to tensor_image_publisher.cpython-310.pyc
[14.057s] running install_data
[14.064s] running install_egg_info
[14.085s] removing '/home/ed/ros2_ws/install/opencv_tools/lib/python3.10/site-packages/opencv_tools-0.0.0-py3.10.egg-info' (and everything under it)
[14.091s] Copying ../../build/opencv_tools/opencv_tools.egg-info to /home/ed/ros2_ws/install/opencv_tools/lib/python3.10/site-packages/opencv_tools-0.0.0-py3.10.egg-info
[14.113s] running install_scripts
[14.377s] Installing img_publisher script to /home/ed/ros2_ws/install/opencv_tools/lib/opencv_tools
[14.380s] Installing img_subscriber script to /home/ed/ros2_ws/install/opencv_tools/lib/opencv_tools
[14.381s] Installing tensor_img_publisher script to /home/ed/ros2_ws/install/opencv_tools/lib/opencv_tools
[14.386s] writing list of installed files to '/home/ed/ros2_ws/build/opencv_tools/install.log'
[15.334s] Invoked command in '/home/ed/ros2_ws/src/opencv_tools' returned '0': PYTHONPATH=/home/ed/ros2_ws/build/opencv_tools/prefix_override:/home/ed/ros2_ws/install/opencv_tools/lib/python3.10/site-packages:${PYTHONPATH} /usr/bin/python3 setup.py egg_info --egg-base ../../build/opencv_tools build --build-base /home/ed/ros2_ws/build/opencv_tools/build install --record /home/ed/ros2_ws/build/opencv_tools/install.log --single-version-externally-managed
