[7.117s] Invoking command in '/home/ed/ros2_ws/build/opencv_tools': PYTHONPATH=/home/ed/ros2_ws/build/opencv_tools/prefix_override:/home/ed/ros2_ws/install/opencv_tools/lib/python3.10/site-packages:${PYTHONPATH} /usr/bin/python3 setup.py develop --uninstall --editable --build-directory /home/ed/ros2_ws/build/opencv_tools/build
[8.864s] running develop
[10.181s] Removing /home/ed/ros2_ws/install/opencv_tools/lib/python3.10/site-packages/opencv-tools.egg-link (link to .)
[10.509s] Invoked command in '/home/ed/ros2_ws/build/opencv_tools' returned '0': PYTHONPATH=/home/ed/ros2_ws/build/opencv_tools/prefix_override:/home/ed/ros2_ws/install/opencv_tools/lib/python3.10/site-packages:${PYTHONPATH} /usr/bin/python3 setup.py develop --uninstall --editable --build-directory /home/ed/ros2_ws/build/opencv_tools/build
[10.511s] Invoking command in '/home/ed/ros2_ws/src/opencv_tools': PYTHONPATH=/home/ed/ros2_ws/build/opencv_tools/prefix_override:/home/ed/ros2_ws/install/opencv_tools/lib/python3.10/site-packages:${PYTHONPATH} /usr/bin/python3 setup.py egg_info --egg-base ../../build/opencv_tools build --build-base /home/ed/ros2_ws/build/opencv_tools/build install --record /home/ed/ros2_ws/build/opencv_tools/install.log --single-version-externally-managed
[12.291s] running egg_info
[12.294s] writing ../../build/opencv_tools/opencv_tools.egg-info/PKG-INFO
[12.295s] writing dependency_links to ../../build/opencv_tools/opencv_tools.egg-info/dependency_links.txt
[12.296s] writing entry points to ../../build/opencv_tools/opencv_tools.egg-info/entry_points.txt
[12.297s] writing requirements to ../../build/opencv_tools/opencv_tools.egg-info/requires.txt
[12.298s] writing top-level names to ../../build/opencv_tools/opencv_tools.egg-info/top_level.txt
[12.310s] reading manifest file '../../build/opencv_tools/opencv_tools.egg-info/SOURCES.txt'
[12.315s] writing manifest file '../../build/opencv_tools/opencv_tools.egg-info/SOURCES.txt'
[12.316s] running build
[12.316s] running build_py
[12.320s] copying opencv_tools/tensor_image_publisher.py -> /home/ed/ros2_ws/build/opencv_tools/build/lib/opencv_tools
[12.322s] running install
[12.323s] running install_lib
[12.329s] creating /home/ed/ros2_ws/install/opencv_tools/lib/python3.10/site-packages/opencv_tools
[12.330s] copying /home/ed/ros2_ws/build/opencv_tools/build/lib/opencv_tools/framerate.py -> /home/ed/ros2_ws/install/opencv_tools/lib/python3.10/site-packages/opencv_tools
[12.331s] copying /home/ed/ros2_ws/build/opencv_tools/build/lib/opencv_tools/webcam.py -> /home/ed/ros2_ws/install/opencv_tools/lib/python3.10/site-packages/opencv_tools
[12.332s] copying /home/ed/ros2_ws/build/opencv_tools/build/lib/opencv_tools/interpreter.py -> /home/ed/ros2_ws/install/opencv_tools/lib/python3.10/site-packages/opencv_tools
[12.334s] copying /home/ed/ros2_ws/build/opencv_tools/build/lib/opencv_tools/tracker.py -> /home/ed/ros2_ws/install/opencv_tools/lib/python3.10/site-packages/opencv_tools
[12.336s] copying /home/ed/ros2_ws/build/opencv_tools/build/lib/opencv_tools/basic_image_subscriber.py -> /home/ed/ros2_ws/install/opencv_tools/lib/python3.10/site-packages/opencv_tools
[12.337s] copying /home/ed/ros2_ws/build/opencv_tools/build/lib/opencv_tools/videostream.py -> /home/ed/ros2_ws/install/opencv_tools/lib/python3.10/site-packages/opencv_tools
[12.340s] copying /home/ed/ros2_ws/build/opencv_tools/build/lib/opencv_tools/__init__.py -> /home/ed/ros2_ws/install/opencv_tools/lib/python3.10/site-packages/opencv_tools
[12.340s] copying /home/ed/ros2_ws/build/opencv_tools/build/lib/opencv_tools/motor_controller.py -> /home/ed/ros2_ws/install/opencv_tools/lib/python3.10/site-packages/opencv_tools
[12.342s] copying /home/ed/ros2_ws/build/opencv_tools/build/lib/opencv_tools/img_publisher_test.py -> /home/ed/ros2_ws/install/opencv_tools/lib/python3.10/site-packages/opencv_tools
[12.345s] copying /home/ed/ros2_ws/build/opencv_tools/build/lib/opencv_tools/utilities.py -> /home/ed/ros2_ws/install/opencv_tools/lib/python3.10/site-packages/opencv_tools
[12.347s] copying /home/ed/ros2_ws/build/opencv_tools/build/lib/opencv_tools/basic_image_publisher.py -> /home/ed/ros2_ws/install/opencv_tools/lib/python3.10/site-packages/opencv_tools
[12.348s] copying /home/ed/ros2_ws/build/opencv_tools/build/lib/opencv_tools/tensor_image_publisher.py -> /home/ed/ros2_ws/install/opencv_tools/lib/python3.10/site-packages/opencv_tools
[12.352s] byte-compiling /home/ed/ros2_ws/install/opencv_tools/lib/python3.10/site-packages/opencv_tools/framerate.py to framerate.cpython-310.pyc
[12.354s] byte-compiling /home/ed/ros2_ws/install/opencv_tools/lib/python3.10/site-packages/opencv_tools/webcam.py to webcam.cpython-310.pyc
[12.360s] byte-compiling /home/ed/ros2_ws/install/opencv_tools/lib/python3.10/site-packages/opencv_tools/interpreter.py to interpreter.cpython-310.pyc
[12.364s] byte-compiling /home/ed/ros2_ws/install/opencv_tools/lib/python3.10/site-packages/opencv_tools/tracker.py to tracker.cpython-310.pyc
[12.371s] byte-compiling /home/ed/ros2_ws/install/opencv_tools/lib/python3.10/site-packages/opencv_tools/basic_image_subscriber.py to basic_image_subscriber.cpython-310.pyc
[12.373s] byte-compiling /home/ed/ros2_ws/install/opencv_tools/lib/python3.10/site-packages/opencv_tools/videostream.py to videostream.cpython-310.pyc
[12.373s] byte-compiling /home/ed/ros2_ws/install/opencv_tools/lib/python3.10/site-packages/opencv_tools/__init__.py to __init__.cpython-310.pyc
[12.376s] byte-compiling /home/ed/ros2_ws/install/opencv_tools/lib/python3.10/site-packages/opencv_tools/motor_controller.py to motor_controller.cpython-310.pyc
[12.378s] byte-compiling /home/ed/ros2_ws/install/opencv_tools/lib/python3.10/site-packages/opencv_tools/img_publisher_test.py to img_publisher_test.cpython-310.pyc
[12.381s] byte-compiling /home/ed/ros2_ws/install/opencv_tools/lib/python3.10/site-packages/opencv_tools/utilities.py to utilities.cpython-310.pyc
[12.384s] byte-compiling /home/ed/ros2_ws/install/opencv_tools/lib/python3.10/site-packages/opencv_tools/basic_image_publisher.py to basic_image_publisher.cpython-310.pyc
[12.387s] byte-compiling /home/ed/ros2_ws/install/opencv_tools/lib/python3.10/site-packages/opencv_tools/tensor_image_publisher.py to tensor_image_publisher.cpython-310.pyc
[12.394s] running install_data
[12.396s] running install_egg_info
[12.408s] Copying ../../build/opencv_tools/opencv_tools.egg-info to /home/ed/ros2_ws/install/opencv_tools/lib/python3.10/site-packages/opencv_tools-0.0.0-py3.10.egg-info
[12.414s] running install_scripts
[12.532s] Installing img_publisher script to /home/ed/ros2_ws/install/opencv_tools/lib/opencv_tools
[12.534s] Installing img_subscriber script to /home/ed/ros2_ws/install/opencv_tools/lib/opencv_tools
[12.535s] Installing tensor_img_publisher script to /home/ed/ros2_ws/install/opencv_tools/lib/opencv_tools
[12.538s] writing list of installed files to '/home/ed/ros2_ws/build/opencv_tools/install.log'
[13.033s] Invoked command in '/home/ed/ros2_ws/src/opencv_tools' returned '0': PYTHONPATH=/home/ed/ros2_ws/build/opencv_tools/prefix_override:/home/ed/ros2_ws/install/opencv_tools/lib/python3.10/site-packages:${PYTHONPATH} /usr/bin/python3 setup.py egg_info --egg-base ../../build/opencv_tools build --build-base /home/ed/ros2_ws/build/opencv_tools/build install --record /home/ed/ros2_ws/build/opencv_tools/install.log --single-version-externally-managed
