[7.192s] Invoking command in '/home/ed/ros2_ws/src/opencv_tools': PYTHONPATH=/home/ed/ros2_ws/build/opencv_tools/prefix_override:/home/ed/ros2_ws/install/opencv_tools/lib/python3.10/site-packages:${PYTHONPATH} /usr/bin/python3 setup.py egg_info --egg-base ../../build/opencv_tools build --build-base /home/ed/ros2_ws/build/opencv_tools/build install --record /home/ed/ros2_ws/build/opencv_tools/install.log --single-version-externally-managed
[9.457s] running egg_info
[9.464s] writing ../../build/opencv_tools/opencv_tools.egg-info/PKG-INFO
[9.468s] writing dependency_links to ../../build/opencv_tools/opencv_tools.egg-info/dependency_links.txt
[9.472s] writing entry points to ../../build/opencv_tools/opencv_tools.egg-info/entry_points.txt
[9.476s] writing requirements to ../../build/opencv_tools/opencv_tools.egg-info/requires.txt
[9.479s] writing top-level names to ../../build/opencv_tools/opencv_tools.egg-info/top_level.txt
[9.493s] reading manifest file '../../build/opencv_tools/opencv_tools.egg-info/SOURCES.txt'
[9.503s] writing manifest file '../../build/opencv_tools/opencv_tools.egg-info/SOURCES.txt'
[9.506s] running build
[9.508s] running build_py
[9.511s] copying opencv_tools/basic_image_subscriber.py -> /home/ed/ros2_ws/build/opencv_tools/build/lib/opencv_tools
[9.515s] copying opencv_tools/basic_image_publisher.py -> /home/ed/ros2_ws/build/opencv_tools/build/lib/opencv_tools
[9.520s] running install
[9.523s] running install_lib
[9.530s] copying /home/ed/ros2_ws/build/opencv_tools/build/lib/opencv_tools/basic_image_subscriber.py -> /home/ed/ros2_ws/install/opencv_tools/lib/python3.10/site-packages/opencv_tools
[9.534s] copying /home/ed/ros2_ws/build/opencv_tools/build/lib/opencv_tools/basic_image_publisher.py -> /home/ed/ros2_ws/install/opencv_tools/lib/python3.10/site-packages/opencv_tools
[9.541s] byte-compiling /home/ed/ros2_ws/install/opencv_tools/lib/python3.10/site-packages/opencv_tools/basic_image_subscriber.py to basic_image_subscriber.cpython-310.pyc
[9.555s] byte-compiling /home/ed/ros2_ws/install/opencv_tools/lib/python3.10/site-packages/opencv_tools/basic_image_publisher.py to basic_image_publisher.cpython-310.pyc
[9.561s] running install_data
[9.564s] running install_egg_info
[9.575s] removing '/home/ed/ros2_ws/install/opencv_tools/lib/python3.10/site-packages/opencv_tools-0.0.0-py3.10.egg-info' (and everything under it)
[9.578s] Copying ../../build/opencv_tools/opencv_tools.egg-info to /home/ed/ros2_ws/install/opencv_tools/lib/python3.10/site-packages/opencv_tools-0.0.0-py3.10.egg-info
[9.589s] running install_scripts
[9.716s] Installing img_publisher script to /home/ed/ros2_ws/install/opencv_tools/lib/opencv_tools
[9.717s] Installing img_subscriber script to /home/ed/ros2_ws/install/opencv_tools/lib/opencv_tools
[9.720s] writing list of installed files to '/home/ed/ros2_ws/build/opencv_tools/install.log'
[10.016s] Invoked command in '/home/ed/ros2_ws/src/opencv_tools' returned '0': PYTHONPATH=/home/ed/ros2_ws/build/opencv_tools/prefix_override:/home/ed/ros2_ws/install/opencv_tools/lib/python3.10/site-packages:${PYTHONPATH} /usr/bin/python3 setup.py egg_info --egg-base ../../build/opencv_tools build --build-base /home/ed/ros2_ws/build/opencv_tools/build install --record /home/ed/ros2_ws/build/opencv_tools/install.log --single-version-externally-managed
