running egg_info
creating ../../build/smartcart_controller/smartcart_controller.egg-info
writing ../../build/smartcart_controller/smartcart_controller.egg-info/PKG-INFO
writing dependency_links to ../../build/smartcart_controller/smartcart_controller.egg-info/dependency_links.txt
writing entry points to ../../build/smartcart_controller/smartcart_controller.egg-info/entry_points.txt
writing requirements to ../../build/smartcart_controller/smartcart_controller.egg-info/requires.txt
writing top-level names to ../../build/smartcart_controller/smartcart_controller.egg-info/top_level.txt
writing manifest file '../../build/smartcart_controller/smartcart_controller.egg-info/SOURCES.txt'
reading manifest file '../../build/smartcart_controller/smartcart_controller.egg-info/SOURCES.txt'
writing manifest file '../../build/smartcart_controller/smartcart_controller.egg-info/SOURCES.txt'
running build
running build_py
creating /home/ed/ros2_ws/build/smartcart_controller/build
creating /home/ed/ros2_ws/build/smartcart_controller/build/lib
creating /home/ed/ros2_ws/build/smartcart_controller/build/lib/smartcart_controller
copying smartcart_controller/__init__.py -> /home/ed/ros2_ws/build/smartcart_controller/build/lib/smartcart_controller
running install
running install_lib
creating /home/ed/ros2_ws/install/smartcart_controller/lib/python3.10/site-packages/smartcart_controller
copying /home/ed/ros2_ws/build/smartcart_controller/build/lib/smartcart_controller/__init__.py -> /home/ed/ros2_ws/install/smartcart_controller/lib/python3.10/site-packages/smartcart_controller
byte-compiling /home/ed/ros2_ws/install/smartcart_controller/lib/python3.10/site-packages/smartcart_controller/__init__.py to __init__.cpython-310.pyc
running install_data
creating /home/ed/ros2_ws/install/smartcart_controller/share/ament_index
creating /home/ed/ros2_ws/install/smartcart_controller/share/ament_index/resource_index
creating /home/ed/ros2_ws/install/smartcart_controller/share/ament_index/resource_index/packages
copying resource/smartcart_controller -> /home/ed/ros2_ws/install/smartcart_controller/share/ament_index/resource_index/packages
copying package.xml -> /home/ed/ros2_ws/install/smartcart_controller/share/smartcart_controller
running install_egg_info
Copying ../../build/smartcart_controller/smartcart_controller.egg-info to /home/ed/ros2_ws/install/smartcart_controller/lib/python3.10/site-packages/smartcart_controller-0.0.0-py3.10.egg-info
running install_scripts
writing list of installed files to '/home/ed/ros2_ws/build/smartcart_controller/install.log'
