[4.082s] Invoking command in '/home/ed/ros2_ws/src/smartcart_controller': PYTHONPATH=/home/ed/ros2_ws/build/smartcart_controller/prefix_override:/home/ed/ros2_ws/install/smartcart_controller/lib/python3.10/site-packages:${PYTHONPATH} /usr/bin/python3 setup.py egg_info --egg-base ../../build/smartcart_controller build --build-base /home/ed/ros2_ws/build/smartcart_controller/build install --record /home/ed/ros2_ws/build/smartcart_controller/install.log --single-version-externally-managed
[5.322s] running egg_info
[5.325s] creating ../../build/smartcart_controller/smartcart_controller.egg-info
[5.325s] writing ../../build/smartcart_controller/smartcart_controller.egg-info/PKG-INFO
[5.327s] writing dependency_links to ../../build/smartcart_controller/smartcart_controller.egg-info/dependency_links.txt
[5.327s] writing entry points to ../../build/smartcart_controller/smartcart_controller.egg-info/entry_points.txt
[5.328s] writing requirements to ../../build/smartcart_controller/smartcart_controller.egg-info/requires.txt
[5.328s] writing top-level names to ../../build/smartcart_controller/smartcart_controller.egg-info/top_level.txt
[5.329s] writing manifest file '../../build/smartcart_controller/smartcart_controller.egg-info/SOURCES.txt'
[5.337s] reading manifest file '../../build/smartcart_controller/smartcart_controller.egg-info/SOURCES.txt'
[5.341s] writing manifest file '../../build/smartcart_controller/smartcart_controller.egg-info/SOURCES.txt'
[5.341s] running build
[5.342s] running build_py
[5.343s] creating /home/ed/ros2_ws/build/smartcart_controller/build
[5.343s] creating /home/ed/ros2_ws/build/smartcart_controller/build/lib
[5.344s] creating /home/ed/ros2_ws/build/smartcart_controller/build/lib/smartcart_controller
[5.344s] copying smartcart_controller/__init__.py -> /home/ed/ros2_ws/build/smartcart_controller/build/lib/smartcart_controller
[5.345s] running install
[5.346s] /usr/lib/python3/dist-packages/setuptools/command/install.py:34: SetuptoolsDeprecationWarning: setup.py install is deprecated. Use build and pip and other standards-based tools.
[5.347s]   warnings.warn(
[5.348s] running install_lib
[5.351s] creating /home/ed/ros2_ws/install/smartcart_controller/lib/python3.10/site-packages/smartcart_controller
[5.352s] copying /home/ed/ros2_ws/build/smartcart_controller/build/lib/smartcart_controller/__init__.py -> /home/ed/ros2_ws/install/smartcart_controller/lib/python3.10/site-packages/smartcart_controller
[5.355s] byte-compiling /home/ed/ros2_ws/install/smartcart_controller/lib/python3.10/site-packages/smartcart_controller/__init__.py to __init__.cpython-310.pyc
[5.356s] running install_data
[5.360s] creating /home/ed/ros2_ws/install/smartcart_controller/share/ament_index
[5.360s] creating /home/ed/ros2_ws/install/smartcart_controller/share/ament_index/resource_index
[5.361s] creating /home/ed/ros2_ws/install/smartcart_controller/share/ament_index/resource_index/packages
[5.361s] copying resource/smartcart_controller -> /home/ed/ros2_ws/install/smartcart_controller/share/ament_index/resource_index/packages
[5.362s] copying package.xml -> /home/ed/ros2_ws/install/smartcart_controller/share/smartcart_controller
[5.362s] running install_egg_info
[5.369s] Copying ../../build/smartcart_controller/smartcart_controller.egg-info to /home/ed/ros2_ws/install/smartcart_controller/lib/python3.10/site-packages/smartcart_controller-0.0.0-py3.10.egg-info
[5.378s] running install_scripts
[5.470s] writing list of installed files to '/home/ed/ros2_ws/build/smartcart_controller/install.log'
[5.599s] Invoked command in '/home/ed/ros2_ws/src/smartcart_controller' returned '0': PYTHONPATH=/home/ed/ros2_ws/build/smartcart_controller/prefix_override:/home/ed/ros2_ws/install/smartcart_controller/lib/python3.10/site-packages:${PYTHONPATH} /usr/bin/python3 setup.py egg_info --egg-base ../../build/smartcart_controller build --build-base /home/ed/ros2_ws/build/smartcart_controller/build install --record /home/ed/ros2_ws/build/smartcart_controller/install.log --single-version-externally-managed
